TN:
SF:src\features\scanner\index.ts
FN:4,(anonymous_4)
FN:5,(anonymous_5)
FN:6,(anonymous_6)
FN:9,(anonymous_7)
FNF:4
FNH:0
FNDA:0,(anonymous_4)
FNDA:0,(anonymous_5)
FNDA:0,(anonymous_6)
FNDA:0,(anonymous_7)
DA:4,0
DA:5,0
DA:6,0
DA:9,0
DA:13,0
DA:14,0
LF:6
LH:0
BRF:0
BRH:0
end_of_record
TN:
SF:src\features\scanner\__tests__\helpers\index.ts
FNF:0
FNH:0
DA:5,0
DA:6,0
DA:7,0
LF:3
LH:0
BRF:0
BRH:0
end_of_record
TN:
SF:src\features\scanner\__tests__\helpers\mockData.ts
FNF:0
FNH:0
DA:1,0
DA:7,0
DA:19,0
DA:38,0
DA:44,0
LF:5
LH:0
BRF:0
BRH:0
end_of_record
TN:
SF:src\features\scanner\__tests__\helpers\mockServices.ts
FN:39,(anonymous_0)
FN:40,(anonymous_1)
FN:43,(anonymous_2)
FN:44,(anonymous_3)
FN:47,(anonymous_4)
FN:52,(anonymous_5)
FN:53,(anonymous_6)
FN:56,(anonymous_7)
FNF:8
FNH:0
FNDA:0,(anonymous_0)
FNDA:0,(anonymous_1)
FNDA:0,(anonymous_2)
FNDA:0,(anonymous_3)
FNDA:0,(anonymous_4)
FNDA:0,(anonymous_5)
FNDA:0,(anonymous_6)
FNDA:0,(anonymous_7)
DA:5,0
DA:14,0
DA:20,0
DA:27,0
DA:33,0
DA:39,0
DA:41,0
DA:43,0
DA:44,0
DA:47,0
DA:48,0
DA:49,0
DA:52,0
DA:53,0
DA:56,0
DA:57,0
LF:16
LH:0
BRDA:40,0,0,0
BRDA:41,1,0,0
BRDA:41,1,1,0
BRF:3
BRH:0
end_of_record
TN:
SF:src\features\scanner\__tests__\helpers\testSetup.ts
FN:7,(anonymous_0)
FN:9,(anonymous_1)
FN:10,(anonymous_2)
FN:22,(anonymous_3)
FN:31,(anonymous_4)
FN:32,(anonymous_5)
FN:33,(anonymous_6)
FN:49,(anonymous_7)
FN:58,(anonymous_8)
FN:62,(anonymous_9)
FNF:10
FNH:0
FNDA:0,(anonymous_0)
FNDA:0,(anonymous_1)
FNDA:0,(anonymous_2)
FNDA:0,(anonymous_3)
FNDA:0,(anonymous_4)
FNDA:0,(anonymous_5)
FNDA:0,(anonymous_6)
FNDA:0,(anonymous_7)
FNDA:0,(anonymous_8)
FNDA:0,(anonymous_9)
DA:5,0
DA:7,0
DA:9,0
DA:11,0
DA:20,0
DA:22,0
DA:31,0
DA:32,0
DA:33,0
DA:37,0
DA:38,0
DA:41,0
DA:42,0
DA:46,0
DA:49,0
DA:51,0
DA:52,0
DA:54,0
DA:55,0
DA:58,0
DA:59,0
DA:62,0
DA:63,0
DA:64,0
LF:24
LH:0
BRDA:20,0,0,0
BRDA:20,0,1,0
BRDA:41,1,0,0
BRDA:51,2,0,0
BRDA:58,3,0,0
BRDA:58,4,0,0
BRDA:62,5,0,0
BRDA:62,6,0,0
BRDA:62,7,0,0
BRF:9
BRH:0
end_of_record
TN:
SF:src\features\scanner\services\batchProcessingService.ts
FN:66,(anonymous_0)
FN:84,(anonymous_1)
FN:90,(anonymous_2)
FN:100,(anonymous_3)
FN:159,(anonymous_4)
FN:166,(anonymous_5)
FN:191,(anonymous_6)
FN:203,(anonymous_7)
FN:218,(anonymous_8)
FN:225,(anonymous_9)
FN:238,(anonymous_10)
FN:248,(anonymous_11)
FN:258,(anonymous_12)
FN:263,(anonymous_13)
FN:272,(anonymous_14)
FN:304,(anonymous_15)
FN:369,(anonymous_16)
FN:455,(anonymous_17)
FN:475,(anonymous_18)
FN:485,(anonymous_19)
FN:486,(anonymous_20)
FN:487,(anonymous_21)
FN:489,(anonymous_22)
FN:490,(anonymous_23)
FN:491,(anonymous_24)
FN:494,(anonymous_25)
FN:495,(anonymous_26)
FN:512,(anonymous_27)
FN:532,(anonymous_28)
FNF:29
FNH:26
FNDA:4,(anonymous_0)
FNDA:58,(anonymous_1)
FNDA:77,(anonymous_2)
FNDA:46,(anonymous_3)
FNDA:34,(anonymous_4)
FNDA:1,(anonymous_5)
FNDA:0,(anonymous_6)
FNDA:0,(anonymous_7)
FNDA:3,(anonymous_8)
FNDA:2,(anonymous_9)
FNDA:42,(anonymous_10)
FNDA:0,(anonymous_11)
FNDA:4,(anonymous_12)
FNDA:11,(anonymous_13)
FNDA:65,(anonymous_14)
FNDA:65,(anonymous_15)
FNDA:65,(anonymous_16)
FNDA:127,(anonymous_17)
FNDA:3,(anonymous_18)
FNDA:3,(anonymous_19)
FNDA:3,(anonymous_20)
FNDA:3,(anonymous_21)
FNDA:3,(anonymous_22)
FNDA:3,(anonymous_23)
FNDA:3,(anonymous_24)
FNDA:3,(anonymous_25)
FNDA:3,(anonymous_26)
FNDA:2,(anonymous_27)
FNDA:114,(anonymous_28)
DA:3,4
DA:4,4
DA:5,4
DA:6,4
DA:7,4
DA:66,4
DA:67,4
DA:68,4
DA:69,4
DA:70,4
DA:71,4
DA:72,4
DA:75,4
DA:77,58
DA:78,58
DA:79,58
DA:80,58
DA:81,58
DA:82,58
DA:85,58
DA:86,58
DA:87,58
DA:91,77
DA:92,58
DA:94,77
DA:104,46
DA:106,46
DA:115,46
DA:132,46
DA:133,46
DA:135,46
DA:141,46
DA:149,46
DA:150,38
DA:153,46
DA:160,34
DA:167,1
DA:168,1
DA:170,1
DA:171,1
DA:172,1
DA:173,1
DA:177,0
DA:178,0
DA:179,0
DA:180,0
DA:181,0
DA:182,0
DA:185,0
DA:192,0
DA:193,0
DA:195,0
DA:196,0
DA:197,0
DA:204,0
DA:205,0
DA:207,0
DA:208,0
DA:211,0
DA:212,0
DA:219,3
DA:226,2
DA:227,2
DA:228,3
DA:229,2
DA:230,2
DA:234,2
DA:235,2
DA:239,42
DA:241,42
DA:242,42
DA:243,42
DA:245,42
DA:246,0
DA:248,0
DA:249,0
DA:252,42
DA:253,42
DA:255,35
DA:256,35
DA:258,4
DA:264,11
DA:265,11
DA:267,11
DA:272,11
DA:273,65
DA:274,0
DA:275,0
DA:277,65
DA:280,11
DA:282,9
DA:283,9
DA:284,8
DA:285,1
DA:287,7
DA:291,9
DA:299,9
DA:300,0
DA:305,65
DA:306,65
DA:307,65
DA:309,65
DA:310,65
DA:311,0
DA:314,65
DA:316,55
DA:317,55
DA:319,55
DA:320,4
DA:323,55
DA:330,7
DA:332,7
DA:338,7
DA:346,7
DA:347,7
DA:349,7
DA:350,7
DA:353,7
DA:364,62
DA:365,62
DA:370,65
DA:371,65
DA:372,65
DA:373,65
DA:375,65
DA:377,65
DA:378,65
DA:381,65
DA:382,65
DA:383,55
DA:384,55
DA:386,55
DA:387,22
DA:388,22
DA:401,43
DA:402,33
DA:403,33
DA:404,33
DA:405,33
DA:406,30
DA:407,30
DA:408,30
DA:410,30
DA:417,0
DA:422,0
DA:425,10
DA:429,40
DA:430,40
DA:431,33
DA:434,33
DA:435,30
DA:436,30
DA:439,33
DA:441,33
DA:443,33
DA:456,127
DA:457,127
DA:460,127
DA:461,62
DA:462,62
DA:463,62
DA:464,62
DA:467,127
DA:468,8
DA:484,3
DA:485,3
DA:486,3
DA:487,3
DA:489,3
DA:490,3
DA:491,3
DA:494,3
DA:495,3
DA:498,3
DA:513,2
DA:514,2
DA:516,1
DA:534,114
DA:535,44
DA:536,4
DA:540,114
DA:541,114
DA:542,114
DA:545,114
DA:547,114
DA:554,4
LF:186
LH:159
BRDA:66,0,0,4
BRDA:66,0,1,4
BRDA:91,1,0,58
BRDA:102,2,0,21
BRDA:149,3,0,38
BRDA:160,4,0,34
BRDA:160,4,1,3
BRDA:168,5,0,0
BRDA:170,6,0,1
BRDA:178,7,0,0
BRDA:193,8,0,0
BRDA:193,9,0,0
BRDA:193,9,1,0
BRDA:205,10,0,0
BRDA:205,11,0,0
BRDA:205,11,1,0
BRDA:228,12,0,2
BRDA:228,13,0,3
BRDA:228,13,1,2
BRDA:239,14,0,0
BRDA:239,15,0,42
BRDA:239,15,1,42
BRDA:245,16,0,0
BRDA:245,17,0,42
BRDA:245,17,1,42
BRDA:256,18,0,4
BRDA:273,19,0,0
BRDA:283,20,0,8
BRDA:284,21,0,1
BRDA:284,21,1,7
BRDA:296,22,0,9
BRDA:296,22,1,0
BRDA:299,23,0,0
BRDA:310,24,0,0
BRDA:319,25,0,4
BRDA:330,26,0,7
BRDA:330,26,1,0
BRDA:349,27,0,7
BRDA:382,28,0,55
BRDA:386,29,0,22
BRDA:401,30,0,33
BRDA:401,30,1,10
BRDA:419,31,0,0
BRDA:419,31,1,0
BRDA:434,32,0,30
BRDA:434,33,0,33
BRDA:434,33,1,30
BRDA:450,34,0,30
BRDA:450,34,1,3
BRDA:460,35,0,62
BRDA:460,36,0,127
BRDA:460,36,1,62
BRDA:467,37,0,8
BRDA:487,38,0,3
BRDA:487,38,1,2
BRDA:504,39,0,2
BRDA:504,39,1,1
BRDA:505,40,0,2
BRDA:505,40,1,1
BRDA:514,41,0,1
BRDA:525,42,0,0
BRDA:525,42,1,1
BRDA:525,43,0,1
BRDA:525,43,1,0
BRDA:535,44,0,4
BRF:65
BRH:46
end_of_record
TN:
SF:src\features\scanner\services\cameraService.ts
FN:4,(anonymous_0)
FN:7,(anonymous_1)
FN:22,(anonymous_2)
FN:38,(anonymous_3)
FN:40,(anonymous_4)
FN:45,(anonymous_5)
FN:55,(anonymous_6)
FN:56,(anonymous_7)
FN:70,(anonymous_8)
FN:81,(anonymous_9)
FN:85,(anonymous_10)
FN:90,(anonymous_11)
FNF:12
FNH:0
FNDA:0,(anonymous_0)
FNDA:0,(anonymous_1)
FNDA:0,(anonymous_2)
FNDA:0,(anonymous_3)
FNDA:0,(anonymous_4)
FNDA:0,(anonymous_5)
FNDA:0,(anonymous_6)
FNDA:0,(anonymous_7)
FNDA:0,(anonymous_8)
FNDA:0,(anonymous_9)
FNDA:0,(anonymous_10)
FNDA:0,(anonymous_11)
DA:4,4
DA:5,0
DA:8,0
DA:9,0
DA:10,0
DA:11,0
DA:14,0
DA:15,0
DA:17,0
DA:18,0
DA:23,0
DA:24,0
DA:31,0
DA:33,0
DA:34,0
DA:39,0
DA:40,0
DA:41,0
DA:46,0
DA:47,0
DA:51,0
DA:52,0
DA:53,0
DA:55,0
DA:56,0
DA:57,0
DA:58,0
DA:60,0
DA:61,0
DA:62,0
DA:65,0
DA:66,0
DA:68,0
DA:70,0
DA:71,0
DA:72,0
DA:74,0
DA:82,0
DA:86,0
DA:87,0
DA:89,0
DA:90,0
DA:91,0
DA:94,0
DA:95,0
DA:97,0
DA:98,0
LF:47
LH:1
BRDA:10,0,0,0
BRDA:39,1,0,0
BRDA:46,2,0,0
BRDA:60,3,0,0
BRDA:71,4,0,0
BRDA:71,4,1,0
BRDA:82,5,0,0
BRDA:82,5,1,0
BRDA:87,6,0,0
BRF:9
BRH:0
end_of_record
TN:
SF:src\features\scanner\services\documentAccessTrackingService.ts
FN:18,(anonymous_0)
FN:25,(anonymous_1)
FN:63,(anonymous_2)
FN:120,(anonymous_3)
FN:146,(anonymous_4)
FN:200,(anonymous_5)
FN:210,(anonymous_6)
FN:244,(anonymous_7)
FN:250,(anonymous_8)
FN:257,(anonymous_9)
FN:263,(anonymous_10)
FN:265,(anonymous_11)
FN:290,(anonymous_12)
FN:329,(anonymous_13)
FN:360,(anonymous_14)
FN:425,(anonymous_15)
FN:469,(anonymous_16)
FN:497,(anonymous_17)
FN:523,(anonymous_18)
FN:533,(anonymous_19)
FN:534,(anonymous_20)
FN:537,(anonymous_21)
FN:557,(anonymous_22)
FN:572,(anonymous_23)
FN:588,(anonymous_24)
FN:602,(anonymous_25)
FN:609,(anonymous_26)
FNF:27
FNH:1
FNDA:4,(anonymous_0)
FNDA:0,(anonymous_1)
FNDA:0,(anonymous_2)
FNDA:0,(anonymous_3)
FNDA:0,(anonymous_4)
FNDA:0,(anonymous_5)
FNDA:0,(anonymous_6)
FNDA:0,(anonymous_7)
FNDA:0,(anonymous_8)
FNDA:0,(anonymous_9)
FNDA:0,(anonymous_10)
FNDA:0,(anonymous_11)
FNDA:0,(anonymous_12)
FNDA:0,(anonymous_13)
FNDA:0,(anonymous_14)
FNDA:0,(anonymous_15)
FNDA:0,(anonymous_16)
FNDA:0,(anonymous_17)
FNDA:0,(anonymous_18)
FNDA:0,(anonymous_19)
FNDA:0,(anonymous_20)
FNDA:0,(anonymous_21)
FNDA:0,(anonymous_22)
FNDA:0,(anonymous_23)
FNDA:0,(anonymous_24)
FNDA:0,(anonymous_25)
FNDA:0,(anonymous_26)
DA:2,4
DA:3,4
DA:4,4
DA:18,4
DA:19,4
DA:20,4
DA:26,0
DA:27,0
DA:40,0
DA:44,0
DA:45,0
DA:46,0
DA:50,0
DA:53,0
DA:56,0
DA:78,0
DA:80,0
DA:87,0
DA:88,0
DA:91,0
DA:98,0
DA:99,0
DA:102,0
DA:103,0
DA:109,0
DA:110,0
DA:111,0
DA:113,0
DA:115,0
DA:116,0
DA:117,0
DA:120,0
DA:132,0
DA:138,0
DA:139,0
DA:155,0
DA:157,0
DA:164,0
DA:165,0
DA:169,0
DA:174,0
DA:175,0
DA:180,0
DA:182,0
DA:183,0
DA:184,0
DA:188,0
DA:190,0
DA:192,0
DA:193,0
DA:201,0
DA:202,0
DA:203,0
DA:205,0
DA:206,0
DA:207,0
DA:208,0
DA:210,0
DA:211,0
DA:212,0
DA:215,0
DA:217,0
DA:218,0
DA:220,0
DA:221,0
DA:223,0
DA:224,0
DA:226,0
DA:227,0
DA:231,0
DA:232,0
DA:238,0
DA:239,0
DA:243,0
DA:244,0
DA:250,0
DA:254,0
DA:255,0
DA:258,0
DA:262,0
DA:263,0
DA:265,0
DA:277,0
DA:295,0
DA:296,0
DA:302,0
DA:303,0
DA:304,0
DA:308,0
DA:319,0
DA:321,0
DA:322,0
DA:336,0
DA:337,0
DA:345,0
DA:346,0
DA:347,0
DA:350,0
DA:352,0
DA:353,0
DA:361,0
DA:363,0
DA:369,0
DA:370,0
DA:374,0
DA:375,0
DA:376,0
DA:379,0
DA:383,0
DA:388,0
DA:389,0
DA:393,0
DA:413,0
DA:414,0
DA:418,0
DA:426,0
DA:428,0
DA:434,0
DA:435,0
DA:436,0
DA:439,0
DA:446,0
DA:449,0
DA:450,0
DA:453,0
DA:462,0
DA:479,0
DA:480,0
DA:481,0
DA:482,0
DA:484,0
DA:485,0
DA:488,0
DA:493,0
DA:494,0
DA:497,0
DA:498,0
DA:499,0
DA:508,0
DA:515,0
DA:516,0
DA:520,0
DA:521,0
DA:523,0
DA:524,0
DA:525,0
DA:527,0
DA:528,0
DA:532,0
DA:533,0
DA:534,0
DA:537,0
DA:540,0
DA:547,0
DA:549,0
DA:550,0
DA:558,0
DA:560,0
DA:562,0
DA:564,0
DA:566,0
DA:568,0
DA:573,0
DA:574,0
DA:576,0
DA:578,0
DA:580,0
DA:582,0
DA:584,0
DA:589,0
DA:591,0
DA:593,0
DA:596,0
DA:598,0
DA:603,0
DA:610,0
DA:611,0
DA:612,0
DA:614,0
DA:619,0
DA:620,0
DA:622,0
DA:625,0
DA:631,4
LF:184
LH:7
BRDA:31,0,0,0
BRDA:31,0,1,0
BRDA:32,1,0,0
BRDA:32,1,1,0
BRDA:34,2,0,0
BRDA:34,2,1,0
BRDA:35,3,0,0
BRDA:35,3,1,0
BRDA:37,4,0,0
BRDA:37,4,1,0
BRDA:44,5,0,0
BRDA:66,6,0,0
BRDA:87,7,0,0
BRDA:87,8,0,0
BRDA:87,8,1,0
BRDA:98,9,0,0
BRDA:102,10,0,0
BRDA:109,11,0,0
BRDA:109,11,1,0
BRDA:110,12,0,0
BRDA:110,12,1,0
BRDA:115,13,0,0
BRDA:120,14,0,0
BRDA:120,14,1,0
BRDA:123,15,0,0
BRDA:123,15,1,0
BRDA:123,15,2,0
BRDA:124,16,0,0
BRDA:124,16,1,0
BRDA:135,17,0,0
BRDA:135,17,1,0
BRDA:164,18,0,0
BRDA:164,19,0,0
BRDA:164,19,1,0
BRDA:174,20,0,0
BRDA:182,21,0,0
BRDA:188,22,0,0
BRDA:188,22,1,0
BRDA:211,23,0,0
BRDA:211,23,1,0
BRDA:211,23,2,0
BRDA:215,24,0,0
BRDA:215,24,1,0
BRDA:215,24,2,0
BRDA:215,24,3,0
BRDA:231,25,0,0
BRDA:231,25,1,0
BRDA:239,26,0,0
BRDA:239,26,1,0
BRDA:268,27,0,0
BRDA:268,27,1,0
BRDA:268,27,2,0
BRDA:269,28,0,0
BRDA:269,28,1,0
BRDA:302,29,0,0
BRDA:302,30,0,0
BRDA:302,30,1,0
BRDA:308,31,0,0
BRDA:308,31,1,0
BRDA:345,32,0,0
BRDA:369,33,0,0
BRDA:369,34,0,0
BRDA:369,34,1,0
BRDA:375,35,0,0
BRDA:375,36,0,0
BRDA:375,36,1,0
BRDA:383,37,0,0
BRDA:383,37,1,0
BRDA:383,37,2,0
BRDA:383,37,3,0
BRDA:383,37,4,0
BRDA:383,37,5,0
BRDA:388,38,0,0
BRDA:413,39,0,0
BRDA:434,40,0,0
BRDA:440,41,0,0
BRDA:440,41,1,0
BRDA:446,42,0,0
BRDA:446,42,1,0
BRDA:449,43,0,0
BRDA:493,44,0,0
BRDA:497,45,0,0
BRDA:497,45,1,0
BRDA:498,46,0,0
BRDA:515,47,0,0
BRDA:523,48,0,0
BRDA:523,48,1,0
BRDA:524,49,0,0
BRDA:524,49,1,0
BRDA:527,50,0,0
BRDA:534,51,0,0
BRDA:534,51,1,0
BRDA:541,52,0,0
BRDA:541,52,1,0
BRDA:558,53,0,0
BRDA:558,53,1,0
BRDA:558,53,2,0
BRDA:558,53,3,0
BRDA:558,53,4,0
BRDA:573,54,0,0
BRDA:573,54,1,0
BRDA:574,55,0,0
BRDA:574,55,1,0
BRDA:574,55,2,0
BRDA:574,55,3,0
BRDA:574,55,4,0
BRDA:589,56,0,0
BRDA:589,56,1,0
BRDA:589,56,2,0
BRDA:589,56,3,0
BRDA:589,56,4,0
BRDA:619,57,0,0
BRDA:619,57,1,0
BRF:113
BRH:0
end_of_record
TN:
SF:src\features\scanner\services\documentSearchService.ts
FN:44,(anonymous_0)
FN:51,(anonymous_1)
FN:89,(anonymous_2)
FN:135,(anonymous_3)
FN:144,(anonymous_4)
FN:145,(anonymous_5)
FN:187,(anonymous_6)
FN:196,(anonymous_7)
FN:207,(anonymous_8)
FN:211,(anonymous_9)
FN:217,(anonymous_10)
FN:218,(anonymous_11)
FN:222,(anonymous_12)
FN:223,(anonymous_13)
FN:237,(anonymous_14)
FN:254,(anonymous_15)
FN:259,(anonymous_16)
FN:282,(anonymous_17)
FN:300,(anonymous_18)
FN:302,(anonymous_19)
FN:307,(anonymous_20)
FN:309,(anonymous_21)
FN:319,(anonymous_22)
FN:321,(anonymous_23)
FN:339,(anonymous_24)
FN:353,(anonymous_25)
FN:366,(anonymous_26)
FN:390,(anonymous_27)
FN:395,(anonymous_28)
FN:396,(anonymous_29)
FN:401,(anonymous_30)
FN:407,(anonymous_31)
FN:408,(anonymous_32)
FN:424,(anonymous_33)
FN:442,(anonymous_34)
FN:453,(anonymous_35)
FN:457,(anonymous_36)
FN:474,(anonymous_37)
FN:493,(anonymous_38)
FN:497,(anonymous_39)
FN:540,(anonymous_40)
FN:555,(anonymous_41)
FNF:42
FNH:1
FNDA:4,(anonymous_0)
FNDA:0,(anonymous_1)
FNDA:0,(anonymous_2)
FNDA:0,(anonymous_3)
FNDA:0,(anonymous_4)
FNDA:0,(anonymous_5)
FNDA:0,(anonymous_6)
FNDA:0,(anonymous_7)
FNDA:0,(anonymous_8)
FNDA:0,(anonymous_9)
FNDA:0,(anonymous_10)
FNDA:0,(anonymous_11)
FNDA:0,(anonymous_12)
FNDA:0,(anonymous_13)
FNDA:0,(anonymous_14)
FNDA:0,(anonymous_15)
FNDA:0,(anonymous_16)
FNDA:0,(anonymous_17)
FNDA:0,(anonymous_18)
FNDA:0,(anonymous_19)
FNDA:0,(anonymous_20)
FNDA:0,(anonymous_21)
FNDA:0,(anonymous_22)
FNDA:0,(anonymous_23)
FNDA:0,(anonymous_24)
FNDA:0,(anonymous_25)
FNDA:0,(anonymous_26)
FNDA:0,(anonymous_27)
FNDA:0,(anonymous_28)
FNDA:0,(anonymous_29)
FNDA:0,(anonymous_30)
FNDA:0,(anonymous_31)
FNDA:0,(anonymous_32)
FNDA:0,(anonymous_33)
FNDA:0,(anonymous_34)
FNDA:0,(anonymous_35)
FNDA:0,(anonymous_36)
FNDA:0,(anonymous_37)
FNDA:0,(anonymous_38)
FNDA:0,(anonymous_39)
FNDA:0,(anonymous_40)
FNDA:0,(anonymous_41)
DA:2,4
DA:3,4
DA:44,4
DA:45,4
DA:46,4
DA:60,0
DA:62,0
DA:64,0
DA:67,0
DA:70,0
DA:73,0
DA:75,0
DA:81,0
DA:82,0
DA:102,0
DA:105,0
DA:111,0
DA:112,0
DA:114,0
DA:115,0
DA:117,0
DA:118,0
DA:120,0
DA:121,0
DA:123,0
DA:124,0
DA:130,0
DA:131,0
DA:133,0
DA:135,0
DA:137,0
DA:142,0
DA:144,0
DA:145,0
DA:146,0
DA:151,0
DA:152,0
DA:153,0
DA:154,0
DA:157,0
DA:161,0
DA:163,0
DA:165,0
DA:166,0
DA:167,0
DA:171,0
DA:173,0
DA:174,0
DA:175,0
DA:176,0
DA:178,0
DA:186,0
DA:187,0
DA:190,0
DA:200,0
DA:201,0
DA:204,0
DA:205,0
DA:207,0
DA:208,0
DA:209,0
DA:211,0
DA:212,0
DA:216,0
DA:217,0
DA:218,0
DA:221,0
DA:222,0
DA:223,0
DA:226,0
DA:241,0
DA:243,0
DA:245,0
DA:252,0
DA:253,0
DA:255,0
DA:259,0
DA:265,0
DA:269,0
DA:270,0
DA:273,0
DA:276,0
DA:286,0
DA:288,0
DA:290,0
DA:296,0
DA:297,0
DA:298,0
DA:300,0
DA:301,0
DA:302,0
DA:306,0
DA:307,0
DA:310,0
DA:318,0
DA:319,0
DA:322,0
DA:330,0
DA:333,0
DA:340,0
DA:343,0
DA:345,0
DA:346,0
DA:354,0
DA:356,0
DA:358,0
DA:359,0
DA:371,0
DA:372,0
DA:373,0
DA:375,0
DA:382,0
DA:383,0
DA:386,0
DA:389,0
DA:390,0
DA:391,0
DA:394,0
DA:395,0
DA:396,0
DA:400,0
DA:401,0
DA:402,0
DA:403,0
DA:406,0
DA:407,0
DA:408,0
DA:410,0
DA:416,0
DA:417,0
DA:425,0
DA:426,0
DA:434,0
DA:443,0
DA:454,0
DA:455,0
DA:457,0
DA:459,0
DA:460,0
DA:464,0
DA:465,0
DA:469,0
DA:470,0
DA:474,0
DA:475,0
DA:479,0
DA:480,0
DA:485,0
DA:487,0
DA:494,0
DA:495,0
DA:497,0
DA:499,0
DA:500,0
DA:501,0
DA:510,0
DA:511,0
DA:512,0
DA:513,0
DA:523,0
DA:524,0
DA:525,0
DA:534,0
DA:541,0
DA:542,0
DA:544,0
DA:546,0
DA:547,0
DA:549,0
DA:556,0
DA:593,4
DA:594,4
LF:172
LH:7
BRDA:54,0,0,0
BRDA:82,1,0,0
BRDA:82,1,1,0
BRDA:95,2,0,0
BRDA:96,3,0,0
BRDA:97,4,0,0
BRDA:98,5,0,0
BRDA:99,6,0,0
BRDA:100,7,0,0
BRDA:101,8,0,0
BRDA:111,9,0,0
BRDA:114,10,0,0
BRDA:117,11,0,0
BRDA:120,12,0,0
BRDA:120,13,0,0
BRDA:120,13,1,0
BRDA:123,14,0,0
BRDA:130,15,0,0
BRDA:133,16,0,0
BRDA:133,17,0,0
BRDA:133,17,1,0
BRDA:133,17,2,0
BRDA:142,18,0,0
BRDA:151,19,0,0
BRDA:151,19,1,0
BRDA:153,20,0,0
BRDA:153,20,1,0
BRDA:165,21,0,0
BRDA:173,22,0,0
BRDA:173,22,1,0
BRDA:176,23,0,0
BRDA:176,23,1,0
BRDA:186,24,0,0
BRDA:187,25,0,0
BRDA:187,25,1,0
BRDA:209,26,0,0
BRDA:209,26,1,0
BRDA:212,27,0,0
BRDA:212,27,1,0
BRDA:252,28,0,0
BRDA:255,29,0,0
BRDA:255,29,1,0
BRDA:296,30,0,0
BRDA:366,31,0,0
BRDA:382,32,0,0
BRDA:391,33,0,0
BRDA:391,33,1,0
BRDA:403,34,0,0
BRDA:403,34,1,0
BRDA:459,35,0,0
BRDA:464,36,0,0
BRDA:469,37,0,0
BRDA:474,38,0,0
BRDA:479,39,0,0
BRDA:485,40,0,0
BRDA:485,40,1,0
BRDA:500,41,0,0
BRDA:510,42,0,0
BRDA:512,43,0,0
BRDA:524,44,0,0
BRDA:540,45,0,0
BRDA:546,46,0,0
BRDA:547,47,0,0
BRDA:561,48,0,0
BRDA:561,48,1,0
BRDA:577,49,0,0
BRDA:577,49,1,0
BRDA:587,50,0,0
BRDA:587,50,1,0
BRF:69
BRH:0
end_of_record
TN:
SF:src\features\scanner\services\documentSharingService.ts
FN:62,(anonymous_0)
FN:69,(anonymous_1)
FN:122,(anonymous_2)
FN:123,(anonymous_3)
FN:138,(anonymous_4)
FN:139,(anonymous_5)
FN:156,(anonymous_6)
FN:179,(anonymous_7)
FN:202,(anonymous_8)
FN:262,(anonymous_9)
FN:312,(anonymous_10)
FN:329,(anonymous_11)
FN:331,(anonymous_12)
FN:348,(anonymous_13)
FN:374,(anonymous_14)
FN:437,(anonymous_15)
FN:453,(anonymous_16)
FN:484,(anonymous_17)
FN:508,(anonymous_18)
FN:541,(anonymous_19)
FN:569,(anonymous_20)
FN:586,(anonymous_21)
FN:598,(anonymous_22)
FN:605,(anonymous_23)
FN:613,(anonymous_24)
FN:622,(anonymous_25)
FN:665,(anonymous_26)
FNF:27
FNH:1
FNDA:4,(anonymous_0)
FNDA:0,(anonymous_1)
FNDA:0,(anonymous_2)
FNDA:0,(anonymous_3)
FNDA:0,(anonymous_4)
FNDA:0,(anonymous_5)
FNDA:0,(anonymous_6)
FNDA:0,(anonymous_7)
FNDA:0,(anonymous_8)
FNDA:0,(anonymous_9)
FNDA:0,(anonymous_10)
FNDA:0,(anonymous_11)
FNDA:0,(anonymous_12)
FNDA:0,(anonymous_13)
FNDA:0,(anonymous_14)
FNDA:0,(anonymous_15)
FNDA:0,(anonymous_16)
FNDA:0,(anonymous_17)
FNDA:0,(anonymous_18)
FNDA:0,(anonymous_19)
FNDA:0,(anonymous_20)
FNDA:0,(anonymous_21)
FNDA:0,(anonymous_22)
FNDA:0,(anonymous_23)
FNDA:0,(anonymous_24)
FNDA:0,(anonymous_25)
FNDA:0,(anonymous_26)
DA:2,4
DA:3,4
DA:4,4
DA:10,4
DA:62,4
DA:63,4
DA:64,4
DA:70,0
DA:72,0
DA:73,0
DA:74,0
DA:78,0
DA:81,0
DA:82,0
DA:83,0
DA:85,0
DA:99,0
DA:102,0
DA:103,0
DA:104,0
DA:109,0
DA:114,0
DA:115,0
DA:116,0
DA:120,0
DA:122,0
DA:123,0
DA:134,0
DA:137,0
DA:138,0
DA:139,0
DA:142,0
DA:148,0
DA:149,0
DA:157,0
DA:158,0
DA:165,0
DA:166,0
DA:169,0
DA:171,0
DA:172,0
DA:180,0
DA:181,0
DA:189,0
DA:190,0
DA:191,0
DA:194,0
DA:195,0
DA:207,0
DA:209,0
DA:215,0
DA:217,0
DA:218,0
DA:251,0
DA:254,0
DA:263,0
DA:265,0
DA:272,0
DA:273,0
DA:277,0
DA:285,0
DA:286,0
DA:287,0
DA:291,0
DA:294,0
DA:300,0
DA:302,0
DA:304,0
DA:305,0
DA:313,0
DA:315,0
DA:321,0
DA:322,0
DA:323,0
DA:326,0
DA:329,0
DA:331,0
DA:339,0
DA:341,0
DA:349,0
DA:350,0
DA:365,0
DA:367,0
DA:379,0
DA:381,0
DA:388,0
DA:389,0
DA:393,0
DA:394,0
DA:398,0
DA:399,0
DA:403,0
DA:409,0
DA:410,0
DA:413,0
DA:416,0
DA:419,0
DA:427,0
DA:429,0
DA:430,0
DA:438,0
DA:440,0
DA:442,0
DA:444,0
DA:446,0
DA:458,0
DA:459,0
DA:469,0
DA:473,0
DA:474,0
DA:477,0
DA:489,0
DA:491,0
DA:492,0
DA:493,0
DA:496,0
DA:503,0
DA:504,0
DA:505,0
DA:508,0
DA:531,0
DA:533,0
DA:534,0
DA:546,0
DA:548,0
DA:549,0
DA:550,0
DA:554,0
DA:564,0
DA:565,0
DA:566,0
DA:569,0
DA:576,0
DA:578,0
DA:579,0
DA:587,0
DA:588,0
DA:589,0
DA:590,0
DA:592,0
DA:599,0
DA:606,0
DA:607,0
DA:614,0
DA:615,0
DA:616,0
DA:628,0
DA:630,0
DA:636,0
DA:637,0
DA:638,0
DA:641,0
DA:648,0
DA:650,0
DA:658,0
DA:666,0
DA:707,4
LF:157
LH:8
BRDA:73,0,0,0
BRDA:92,1,0,0
BRDA:92,1,1,0
BRDA:93,2,0,0
BRDA:93,2,1,0
BRDA:102,3,0,0
BRDA:102,4,0,0
BRDA:102,4,1,0
BRDA:114,5,0,0
BRDA:165,6,0,0
BRDA:165,7,0,0
BRDA:165,7,1,0
BRDA:189,8,0,0
BRDA:215,9,0,0
BRDA:215,9,1,0
BRDA:215,9,2,0
BRDA:272,10,0,0
BRDA:272,11,0,0
BRDA:272,11,1,0
BRDA:285,12,0,0
BRDA:321,13,0,0
BRDA:328,14,0,0
BRDA:328,14,1,0
BRDA:354,15,0,0
BRDA:354,15,1,0
BRDA:388,16,0,0
BRDA:388,17,0,0
BRDA:388,17,1,0
BRDA:393,18,0,0
BRDA:393,19,0,0
BRDA:393,19,1,0
BRDA:398,20,0,0
BRDA:409,21,0,0
BRDA:409,22,0,0
BRDA:409,22,1,0
BRDA:438,23,0,0
BRDA:438,23,1,0
BRDA:438,23,2,0
BRDA:438,23,3,0
BRDA:442,24,0,0
BRDA:442,24,1,0
BRDA:461,25,0,0
BRDA:461,25,1,0
BRDA:462,26,0,0
BRDA:462,26,1,0
BRDA:463,27,0,0
BRDA:463,27,1,0
BRDA:473,28,0,0
BRDA:492,29,0,0
BRDA:503,30,0,0
BRDA:512,31,0,0
BRDA:512,31,1,0
BRDA:512,31,2,0
BRDA:517,32,0,0
BRDA:517,32,1,0
BRDA:519,33,0,0
BRDA:519,33,1,0
BRDA:524,34,0,0
BRDA:524,34,1,0
BRDA:549,35,0,0
BRDA:564,36,0,0
BRDA:570,37,0,0
BRDA:570,37,1,0
BRDA:614,38,0,0
BRDA:615,39,0,0
BRDA:636,40,0,0
BRDA:648,41,0,0
BRDA:648,41,1,0
BRDA:671,42,0,0
BRDA:671,42,1,0
BRDA:687,43,0,0
BRDA:687,43,1,0
BRDA:696,44,0,0
BRDA:696,44,1,0
BRDA:701,45,0,0
BRDA:701,45,1,0
BRF:76
BRH:0
end_of_record
TN:
SF:src\features\scanner\services\documentStorageService.ts
FN:17,(anonymous_0)
FN:24,(anonymous_1)
FN:28,(anonymous_2)
FN:50,(anonymous_3)
FN:106,(anonymous_4)
FN:165,(anonymous_5)
FN:191,(anonymous_6)
FN:256,(anonymous_7)
FN:305,(anonymous_8)
FN:354,(anonymous_9)
FN:380,(anonymous_10)
FN:423,(anonymous_11)
FN:440,(anonymous_12)
FN:456,(anonymous_13)
FN:457,(anonymous_14)
FN:478,(anonymous_15)
FN:515,(anonymous_16)
FN:518,(anonymous_17)
FN:532,(anonymous_18)
FN:557,(anonymous_19)
FN:590,(anonymous_20)
FN:616,(anonymous_21)
FN:623,(anonymous_22)
FN:628,(anonymous_23)
FNF:24
FNH:14
FNDA:66,(anonymous_0)
FNDA:66,(anonymous_1)
FNDA:54,(anonymous_2)
FNDA:5,(anonymous_3)
FNDA:13,(anonymous_4)
FNDA:3,(anonymous_5)
FNDA:7,(anonymous_6)
FNDA:10,(anonymous_7)
FNDA:9,(anonymous_8)
FNDA:0,(anonymous_9)
FNDA:0,(anonymous_10)
FNDA:0,(anonymous_11)
FNDA:0,(anonymous_12)
FNDA:0,(anonymous_13)
FNDA:0,(anonymous_14)
FNDA:2,(anonymous_15)
FNDA:3,(anonymous_16)
FNDA:12,(anonymous_17)
FNDA:4,(anonymous_18)
FNDA:0,(anonymous_19)
FNDA:0,(anonymous_20)
FNDA:0,(anonymous_21)
FNDA:1,(anonymous_22)
FNDA:0,(anonymous_23)
DA:2,4
DA:3,4
DA:12,4
DA:13,66
DA:14,66
DA:15,66
DA:18,66
DA:25,66
DA:27,66
DA:28,54
DA:30,27
DA:31,0
DA:38,27
DA:39,0
DA:46,39
DA:51,5
DA:52,5
DA:53,5
DA:56,5
DA:85,5
DA:91,5
DA:92,1
DA:93,1
DA:97,4
DA:99,4
DA:101,1
DA:102,1
DA:107,13
DA:108,13
DA:114,13
DA:115,3
DA:116,3
DA:119,10
DA:120,0
DA:124,10
DA:158,10
DA:160,3
DA:161,3
DA:166,3
DA:168,3
DA:171,2
DA:174,2
DA:179,2
DA:180,1
DA:181,1
DA:184,1
DA:186,1
DA:187,1
DA:192,7
DA:193,7
DA:196,7
DA:201,7
DA:202,7
DA:203,7
DA:204,7
DA:205,7
DA:206,7
DA:207,7
DA:208,7
DA:209,7
DA:210,7
DA:211,7
DA:212,7
DA:213,7
DA:216,7
DA:217,0
DA:218,0
DA:219,0
DA:220,0
DA:222,7
DA:223,0
DA:224,0
DA:226,7
DA:227,0
DA:228,0
DA:232,7
DA:239,7
DA:240,1
DA:241,1
DA:244,6
DA:245,0
DA:249,6
DA:251,1
DA:252,1
DA:257,10
DA:258,10
DA:261,10
DA:262,1
DA:265,10
DA:266,1
DA:269,10
DA:270,1
DA:273,10
DA:274,1
DA:277,10
DA:278,1
DA:283,10
DA:284,1
DA:285,1
DA:289,10
DA:290,10
DA:291,10
DA:293,10
DA:297,10
DA:299,10
DA:300,1
DA:301,1
DA:305,9
DA:339,9
DA:346,1
DA:347,1
DA:355,0
DA:356,0
DA:358,0
DA:365,0
DA:366,0
DA:367,0
DA:370,0
DA:372,0
DA:373,0
DA:381,0
DA:383,0
DA:387,0
DA:388,0
DA:389,0
DA:393,0
DA:400,0
DA:401,0
DA:402,0
DA:406,0
DA:409,0
DA:413,0
DA:415,0
DA:416,0
DA:424,0
DA:425,0
DA:429,0
DA:430,0
DA:433,0
DA:441,0
DA:442,0
DA:449,0
DA:450,0
DA:451,0
DA:454,0
DA:455,0
DA:456,0
DA:457,0
DA:459,0
DA:460,0
DA:464,0
DA:465,0
DA:467,0
DA:471,0
DA:479,2
DA:480,2
DA:483,2
DA:484,1
DA:485,1
DA:488,2
DA:489,1
DA:490,1
DA:493,2
DA:494,1
DA:495,1
DA:498,2
DA:499,0
DA:503,0
DA:504,0
DA:508,0
DA:516,3
DA:517,3
DA:518,12
DA:519,3
DA:520,0
DA:522,3
DA:524,0
DA:525,0
DA:533,4
DA:534,4
DA:542,4
DA:543,4
DA:545,4
DA:549,0
DA:564,0
DA:565,0
DA:569,0
DA:570,0
DA:573,0
DA:575,0
DA:576,0
DA:577,0
DA:580,0
DA:588,0
DA:590,0
DA:592,0
DA:595,0
DA:598,0
DA:601,0
DA:602,0
DA:606,0
DA:608,0
DA:609,0
DA:617,0
DA:624,1
DA:629,0
DA:630,0
DA:635,0
DA:636,0
DA:639,0
LF:210
LH:122
BRDA:28,0,0,27
BRDA:28,0,1,0
BRDA:30,1,0,0
BRDA:38,2,0,0
BRDA:52,3,0,5
BRDA:52,3,1,1
BRDA:59,4,0,5
BRDA:59,4,1,0
BRDA:62,5,0,5
BRDA:62,5,1,1
BRDA:63,6,0,5
BRDA:63,6,1,1
BRDA:71,7,0,5
BRDA:71,7,1,1
BRDA:72,8,0,5
BRDA:72,8,1,1
BRDA:77,9,0,5
BRDA:77,9,1,5
BRDA:79,10,0,5
BRDA:79,10,1,0
BRDA:91,11,0,1
BRDA:114,12,0,3
BRDA:119,13,0,0
BRDA:129,14,0,10
BRDA:129,14,1,3
BRDA:145,15,0,1
BRDA:145,15,1,9
BRDA:155,16,0,10
BRDA:155,16,1,9
BRDA:179,17,0,1
BRDA:201,18,0,3
BRDA:202,19,0,0
BRDA:203,20,0,1
BRDA:204,21,0,0
BRDA:205,22,0,0
BRDA:206,23,0,0
BRDA:207,24,0,0
BRDA:208,25,0,0
BRDA:209,26,0,0
BRDA:210,27,0,0
BRDA:211,28,0,0
BRDA:212,29,0,0
BRDA:213,30,0,4
BRDA:216,31,0,0
BRDA:222,32,0,0
BRDA:226,33,0,0
BRDA:239,34,0,1
BRDA:244,35,0,0
BRDA:256,36,0,0
BRDA:261,37,0,1
BRDA:265,38,0,1
BRDA:269,39,0,1
BRDA:273,40,0,1
BRDA:273,41,0,10
BRDA:273,41,1,1
BRDA:277,42,0,1
BRDA:283,43,0,1
BRDA:289,44,0,10
BRDA:289,44,1,9
BRDA:290,45,0,10
BRDA:290,45,1,9
BRDA:299,46,0,1
BRDA:305,47,0,9
BRDA:305,47,1,0
BRDA:310,48,0,9
BRDA:310,48,1,0
BRDA:326,49,0,9
BRDA:326,49,1,0
BRDA:334,50,0,9
BRDA:334,50,1,9
BRDA:336,51,0,9
BRDA:336,51,1,0
BRDA:341,52,0,9
BRDA:341,52,1,1
BRDA:365,53,0,0
BRDA:387,54,0,0
BRDA:400,55,0,0
BRDA:429,56,0,0
BRDA:449,57,0,0
BRDA:455,58,0,0
BRDA:455,58,1,0
BRDA:459,59,0,0
BRDA:464,60,0,0
BRDA:464,60,1,0
BRDA:483,61,0,1
BRDA:485,62,0,0
BRDA:488,63,0,1
BRDA:490,64,0,0
BRDA:493,65,0,1
BRDA:495,66,0,0
BRDA:498,67,0,0
BRDA:503,68,0,0
BRDA:519,69,0,0
BRDA:519,70,0,3
BRDA:519,70,1,0
BRDA:569,71,0,0
BRDA:575,72,0,0
BRDA:581,73,0,0
BRDA:581,73,1,0
BRDA:592,74,0,0
BRDA:592,74,1,0
BRDA:592,75,0,0
BRDA:592,75,1,0
BRDA:592,76,0,0
BRDA:592,76,1,0
BRDA:595,77,0,0
BRDA:595,77,1,0
BRDA:598,78,0,0
BRDA:598,78,1,0
BRDA:601,79,0,0
BRDA:616,80,0,0
BRDA:635,81,0,0
BRF:112
BRH:53
end_of_record
TN:
SF:src\features\scanner\services\documentTaggingService.ts
FN:33,(anonymous_0)
FN:40,(anonymous_1)
FN:63,(anonymous_2)
FN:76,(anonymous_3)
FN:93,(anonymous_4)
FN:164,(anonymous_5)
FN:175,(anonymous_6)
FN:187,(anonymous_7)
FN:196,(anonymous_8)
FN:198,(anonymous_9)
FN:208,(anonymous_10)
FN:219,(anonymous_11)
FN:242,(anonymous_12)
FN:258,(anonymous_13)
FN:268,(anonymous_14)
FN:270,(anonymous_15)
FN:272,(anonymous_16)
FN:296,(anonymous_17)
FN:323,(anonymous_18)
FN:340,(anonymous_19)
FN:355,(anonymous_20)
FN:375,(anonymous_21)
FN:381,(anonymous_22)
FN:392,(anonymous_23)
FN:403,(anonymous_24)
FN:418,(anonymous_25)
FN:435,(anonymous_26)
FNF:27
FNH:1
FNDA:4,(anonymous_0)
FNDA:0,(anonymous_1)
FNDA:0,(anonymous_2)
FNDA:0,(anonymous_3)
FNDA:0,(anonymous_4)
FNDA:0,(anonymous_5)
FNDA:0,(anonymous_6)
FNDA:0,(anonymous_7)
FNDA:0,(anonymous_8)
FNDA:0,(anonymous_9)
FNDA:0,(anonymous_10)
FNDA:0,(anonymous_11)
FNDA:0,(anonymous_12)
FNDA:0,(anonymous_13)
FNDA:0,(anonymous_14)
FNDA:0,(anonymous_15)
FNDA:0,(anonymous_16)
FNDA:0,(anonymous_17)
FNDA:0,(anonymous_18)
FNDA:0,(anonymous_19)
FNDA:0,(anonymous_20)
FNDA:0,(anonymous_21)
FNDA:0,(anonymous_22)
FNDA:0,(anonymous_23)
FNDA:0,(anonymous_24)
FNDA:0,(anonymous_25)
FNDA:0,(anonymous_26)
DA:2,4
DA:3,4
DA:33,4
DA:34,4
DA:35,4
DA:41,0
DA:42,0
DA:48,0
DA:49,0
DA:50,0
DA:53,0
DA:55,0
DA:56,0
DA:64,0
DA:65,0
DA:71,0
DA:72,0
DA:73,0
DA:76,0
DA:85,0
DA:86,0
DA:94,0
DA:95,0
DA:98,0
DA:105,0
DA:106,0
DA:107,0
DA:110,0
DA:112,0
DA:123,0
DA:124,0
DA:125,0
DA:128,0
DA:131,0
DA:142,0
DA:148,0
DA:149,0
DA:150,0
DA:153,0
DA:156,0
DA:157,0
DA:170,0
DA:171,0
DA:174,0
DA:175,0
DA:176,0
DA:177,0
DA:186,0
DA:187,0
DA:188,0
DA:189,0
DA:194,0
DA:195,0
DA:196,0
DA:198,0
DA:204,0
DA:207,0
DA:208,0
DA:211,0
DA:212,0
DA:220,0
DA:221,0
DA:226,0
DA:227,0
DA:228,0
DA:231,0
DA:233,0
DA:235,0
DA:243,0
DA:244,0
DA:247,0
DA:248,0
DA:251,0
DA:263,0
DA:264,0
DA:266,0
DA:267,0
DA:268,0
DA:270,0
DA:272,0
DA:273,0
DA:274,0
DA:275,0
DA:278,0
DA:284,0
DA:285,0
DA:297,0
DA:298,0
DA:305,0
DA:306,0
DA:307,0
DA:310,0
DA:311,0
DA:313,0
DA:315,0
DA:316,0
DA:324,0
DA:341,0
DA:356,0
DA:369,0
DA:376,0
DA:377,0
DA:380,0
DA:381,0
DA:382,0
DA:383,0
DA:391,0
DA:392,0
DA:393,0
DA:394,0
DA:402,0
DA:403,0
DA:404,0
DA:405,0
DA:412,0
DA:419,0
DA:424,0
DA:425,0
DA:426,0
DA:429,0
DA:436,0
DA:478,4
DA:479,4
LF:123
LH:7
BRDA:48,0,0,0
BRDA:53,1,0,0
BRDA:53,1,1,0
BRDA:63,2,0,0
BRDA:71,3,0,0
BRDA:76,4,0,0
BRDA:76,4,1,0
BRDA:105,5,0,0
BRDA:105,6,0,0
BRDA:105,6,1,0
BRDA:110,7,0,0
BRDA:110,7,1,0
BRDA:123,8,0,0
BRDA:133,9,0,0
BRDA:133,9,1,0
BRDA:148,10,0,0
BRDA:168,11,0,0
BRDA:176,12,0,0
BRDA:188,13,0,0
BRDA:196,14,0,0
BRDA:196,14,1,0
BRDA:226,15,0,0
BRDA:231,16,0,0
BRDA:231,16,1,0
BRDA:247,17,0,0
BRDA:273,18,0,0
BRDA:273,18,1,0
BRDA:274,19,0,0
BRDA:274,19,1,0
BRDA:296,20,0,0
BRDA:305,21,0,0
BRDA:310,22,0,0
BRDA:310,22,1,0
BRDA:369,23,0,0
BRDA:369,23,1,0
BRDA:382,24,0,0
BRDA:393,25,0,0
BRDA:404,26,0,0
BRF:38
BRH:0
end_of_record
TN:
SF:src\features\scanner\services\errorRecoveryService.ts
FN:6,(anonymous_0)
FN:20,(anonymous_1)
FN:57,(anonymous_2)
FN:61,(anonymous_3)
FN:68,(anonymous_4)
FN:187,(anonymous_5)
FN:255,(anonymous_6)
FN:262,(anonymous_7)
FN:326,(anonymous_8)
FN:394,(anonymous_9)
FN:405,(anonymous_10)
FN:415,(anonymous_11)
FN:429,(anonymous_12)
FN:436,(anonymous_13)
FN:437,(anonymous_14)
FN:449,(anonymous_15)
FN:467,(anonymous_16)
FN:471,(anonymous_17)
FN:497,(anonymous_18)
FN:545,(anonymous_19)
FN:547,(anonymous_20)
FN:549,(anonymous_21)
FN:555,(anonymous_22)
FN:563,(anonymous_23)
FN:572,(anonymous_24)
FNF:25
FNH:0
FNDA:0,(anonymous_0)
FNDA:0,(anonymous_1)
FNDA:0,(anonymous_2)
FNDA:0,(anonymous_3)
FNDA:0,(anonymous_4)
FNDA:0,(anonymous_5)
FNDA:0,(anonymous_6)
FNDA:0,(anonymous_7)
FNDA:0,(anonymous_8)
FNDA:0,(anonymous_9)
FNDA:0,(anonymous_10)
FNDA:0,(anonymous_11)
FNDA:0,(anonymous_12)
FNDA:0,(anonymous_13)
FNDA:0,(anonymous_14)
FNDA:0,(anonymous_15)
FNDA:0,(anonymous_16)
FNDA:0,(anonymous_17)
FNDA:0,(anonymous_18)
FNDA:0,(anonymous_19)
FNDA:0,(anonymous_20)
FNDA:0,(anonymous_21)
FNDA:0,(anonymous_22)
FNDA:0,(anonymous_23)
FNDA:0,(anonymous_24)
DA:3,0
DA:4,0
DA:6,0
DA:7,0
DA:8,0
DA:9,0
DA:10,0
DA:11,0
DA:12,0
DA:13,0
DA:14,0
DA:15,0
DA:16,0
DA:17,0
DA:20,0
DA:21,0
DA:22,0
DA:23,0
DA:24,0
DA:25,0
DA:26,0
DA:27,0
DA:28,0
DA:29,0
DA:30,0
DA:52,0
DA:54,0
DA:55,0
DA:58,0
DA:62,0
DA:63,0
DA:65,0
DA:69,0
DA:71,0
DA:81,0
DA:91,0
DA:101,0
DA:111,0
DA:121,0
DA:131,0
DA:141,0
DA:151,0
DA:161,0
DA:171,0
DA:181,0
DA:188,0
DA:191,0
DA:192,0
DA:193,0
DA:195,0
DA:197,0
DA:199,0
DA:202,0
DA:204,0
DA:209,0
DA:210,0
DA:213,0
DA:214,0
DA:217,0
DA:218,0
DA:221,0
DA:222,0
DA:225,0
DA:226,0
DA:229,0
DA:230,0
DA:233,0
DA:234,0
DA:237,0
DA:238,0
DA:241,0
DA:242,0
DA:245,0
DA:246,0
DA:249,0
DA:256,0
DA:266,0
DA:267,0
DA:269,0
DA:270,0
DA:278,0
DA:279,0
DA:281,0
DA:282,0
DA:283,0
DA:292,0
DA:295,0
DA:298,0
DA:299,0
DA:300,0
DA:302,0
DA:304,0
DA:305,0
DA:308,0
DA:309,0
DA:314,0
DA:332,0
DA:334,0
DA:343,0
DA:346,0
DA:349,0
DA:352,0
DA:361,0
DA:370,0
DA:379,0
DA:382,0
DA:385,0
DA:396,0
DA:406,0
DA:416,0
DA:430,0
DA:432,0
DA:433,0
DA:434,0
DA:436,0
DA:437,0
DA:442,0
DA:443,0
DA:444,0
DA:445,0
DA:446,0
DA:449,0
DA:451,0
DA:458,0
DA:468,0
DA:469,0
DA:470,0
DA:471,0
DA:473,0
DA:481,0
DA:488,0
DA:503,0
DA:512,0
DA:515,0
DA:528,0
DA:529,0
DA:530,0
DA:546,0
DA:547,0
DA:549,0
DA:556,0
DA:557,0
DA:564,0
DA:565,0
DA:566,0
DA:573,0
DA:574,0
DA:575,0
DA:579,0
LF:149
LH:0
BRDA:6,0,0,0
BRDA:6,0,1,0
BRDA:20,1,0,0
BRDA:20,1,1,0
BRDA:62,2,0,0
BRDA:191,3,0,0
BRDA:193,4,0,0
BRDA:193,4,1,0
BRDA:193,4,2,0
BRDA:193,4,3,0
BRDA:193,4,4,0
BRDA:193,4,5,0
BRDA:209,5,0,0
BRDA:209,6,0,0
BRDA:209,6,1,0
BRDA:209,6,2,0
BRDA:213,7,0,0
BRDA:213,8,0,0
BRDA:213,8,1,0
BRDA:213,8,2,0
BRDA:217,9,0,0
BRDA:217,10,0,0
BRDA:217,10,1,0
BRDA:217,10,2,0
BRDA:221,11,0,0
BRDA:221,12,0,0
BRDA:221,12,1,0
BRDA:221,12,2,0
BRDA:225,13,0,0
BRDA:225,14,0,0
BRDA:225,14,1,0
BRDA:225,14,2,0
BRDA:229,15,0,0
BRDA:229,16,0,0
BRDA:229,16,1,0
BRDA:229,16,2,0
BRDA:233,17,0,0
BRDA:233,18,0,0
BRDA:233,18,1,0
BRDA:233,18,2,0
BRDA:237,19,0,0
BRDA:237,20,0,0
BRDA:237,20,1,0
BRDA:241,21,0,0
BRDA:241,22,0,0
BRDA:241,22,1,0
BRDA:245,23,0,0
BRDA:245,24,0,0
BRDA:245,24,1,0
BRDA:256,25,0,0
BRDA:256,25,1,0
BRDA:264,26,0,0
BRDA:269,27,0,0
BRDA:269,28,0,0
BRDA:269,28,1,0
BRDA:278,29,0,0
BRDA:278,29,1,0
BRDA:279,30,0,0
BRDA:279,30,1,0
BRDA:281,31,0,0
BRDA:302,32,0,0
BRDA:332,33,0,0
BRDA:332,33,1,0
BRDA:332,33,2,0
BRDA:332,33,3,0
BRDA:332,33,4,0
BRDA:332,33,5,0
BRDA:332,33,6,0
BRDA:332,33,7,0
BRDA:332,33,8,0
BRDA:332,33,9,0
BRDA:432,34,0,0
BRDA:436,35,0,0
BRDA:436,35,1,0
BRDA:445,36,0,0
BRDA:445,37,0,0
BRDA:445,37,1,0
BRDA:445,37,2,0
BRDA:469,38,0,0
BRDA:528,39,0,0
BRDA:529,40,0,0
BRDA:529,40,1,0
BRDA:529,41,0,0
BRDA:529,41,1,0
BRDA:557,42,0,0
BRDA:557,42,1,0
BRDA:566,43,0,0
BRDA:566,43,1,0
BRDA:575,44,0,0
BRDA:575,44,1,0
BRF:90
BRH:0
end_of_record
TN:
SF:src\features\scanner\services\fallbackOCRService.ts
FN:24,(anonymous_0)
FN:33,(anonymous_1)
FN:44,(anonymous_2)
FN:49,(anonymous_3)
FN:53,(anonymous_4)
FN:58,(anonymous_5)
FN:62,(anonymous_6)
FN:68,(anonymous_7)
FN:125,(anonymous_8)
FN:135,(anonymous_9)
FN:156,(anonymous_10)
FN:196,(anonymous_11)
FN:293,(anonymous_12)
FN:298,(anonymous_13)
FN:299,(anonymous_14)
FN:309,(anonymous_15)
FN:318,(anonymous_16)
FN:323,(anonymous_17)
FN:327,(anonymous_18)
FN:340,(anonymous_19)
FNF:20
FNH:2
FNDA:4,(anonymous_0)
FNDA:97,(anonymous_1)
FNDA:0,(anonymous_2)
FNDA:0,(anonymous_3)
FNDA:0,(anonymous_4)
FNDA:0,(anonymous_5)
FNDA:0,(anonymous_6)
FNDA:0,(anonymous_7)
FNDA:0,(anonymous_8)
FNDA:0,(anonymous_9)
FNDA:0,(anonymous_10)
FNDA:0,(anonymous_11)
FNDA:0,(anonymous_12)
FNDA:0,(anonymous_13)
FNDA:0,(anonymous_14)
FNDA:0,(anonymous_15)
FNDA:0,(anonymous_16)
FNDA:0,(anonymous_17)
FNDA:0,(anonymous_18)
FNDA:0,(anonymous_19)
DA:8,4
DA:9,4
DA:24,4
DA:25,4
DA:26,4
DA:27,4
DA:28,4
DA:29,4
DA:30,4
DA:33,4
DA:34,97
DA:44,0
DA:49,0
DA:53,0
DA:58,0
DA:62,0
DA:73,0
DA:74,0
DA:76,0
DA:77,0
DA:78,0
DA:80,0
DA:81,0
DA:83,0
DA:84,0
DA:87,0
DA:88,0
DA:89,0
DA:97,0
DA:99,0
DA:102,0
DA:110,0
DA:111,0
DA:114,0
DA:115,0
DA:119,0
DA:120,0
DA:123,0
DA:124,0
DA:125,0
DA:132,0
DA:136,0
DA:137,0
DA:140,0
DA:141,0
DA:142,0
DA:147,0
DA:148,0
DA:149,0
DA:153,0
DA:162,0
DA:164,0
DA:165,0
DA:166,0
DA:169,0
DA:180,0
DA:183,0
DA:184,0
DA:187,0
DA:208,0
DA:209,0
DA:210,0
DA:212,0
DA:216,0
DA:224,0
DA:229,0
DA:237,0
DA:241,0
DA:249,0
DA:256,0
DA:257,0
DA:258,0
DA:259,0
DA:265,0
DA:267,0
DA:268,0
DA:272,0
DA:278,0
DA:287,0
DA:294,0
DA:295,0
DA:296,0
DA:298,0
DA:299,0
DA:301,0
DA:302,0
DA:303,0
DA:305,0
DA:308,0
DA:309,0
DA:310,0
DA:311,0
DA:313,0
DA:318,0
DA:319,0
DA:324,0
DA:328,0
DA:330,0
DA:331,0
DA:332,0
DA:333,0
DA:337,0
DA:345,0
DA:346,0
DA:348,0
DA:349,0
DA:352,0
DA:353,0
DA:354,0
DA:355,0
DA:356,0
DA:357,0
DA:361,0
LF:113
LH:11
BRDA:24,0,0,4
BRDA:24,0,1,4
BRDA:44,1,0,0
BRDA:44,1,1,0
BRDA:49,2,0,0
BRDA:49,2,1,0
BRDA:53,3,0,0
BRDA:53,3,1,0
BRDA:83,4,0,0
BRDA:83,5,0,0
BRDA:83,5,1,0
BRDA:110,6,0,0
BRDA:114,7,0,0
BRDA:119,8,0,0
BRDA:119,8,1,0
BRDA:120,9,0,0
BRDA:120,9,1,0
BRDA:123,10,0,0
BRDA:132,11,0,0
BRDA:132,11,1,0
BRDA:141,12,0,0
BRDA:148,13,0,0
BRDA:170,14,0,0
BRDA:170,14,1,0
BRDA:171,15,0,0
BRDA:171,15,1,0
BRDA:183,16,0,0
BRDA:183,17,0,0
BRDA:183,17,1,0
BRDA:183,17,2,0
BRDA:189,18,0,0
BRDA:189,18,1,0
BRDA:209,19,0,0
BRDA:210,20,0,0
BRDA:210,20,1,0
BRDA:210,20,2,0
BRDA:210,20,3,0
BRDA:210,20,4,0
BRDA:210,20,5,0
BRDA:214,21,0,0
BRDA:214,21,1,0
BRDA:227,22,0,0
BRDA:227,22,1,0
BRDA:239,23,0,0
BRDA:239,23,1,0
BRDA:239,24,0,0
BRDA:239,24,1,0
BRDA:257,25,0,0
BRDA:267,26,0,0
BRDA:267,27,0,0
BRDA:267,27,1,0
BRDA:267,27,2,0
BRDA:310,28,0,0
BRDA:310,28,1,0
BRDA:332,29,0,0
BRDA:332,30,0,0
BRDA:332,30,1,0
BRDA:348,31,0,0
BRDA:354,32,0,0
BRDA:354,32,1,0
BRDA:355,33,0,0
BRDA:355,33,1,0
BRDA:356,34,0,0
BRDA:362,35,0,0
BRDA:362,35,1,0
BRF:65
BRH:2
end_of_record
TN:
SF:src\features\scanner\services\fileUploadService.ts
FN:4,(anonymous_0)
FN:8,(anonymous_1)
FN:22,(anonymous_2)
FN:45,(anonymous_3)
FN:62,(anonymous_4)
FN:63,(anonymous_5)
FN:66,(anonymous_6)
FN:74,(anonymous_7)
FN:79,(anonymous_8)
FN:91,(anonymous_9)
FN:95,(anonymous_10)
FN:99,(anonymous_11)
FNF:12
FNH:0
FNDA:0,(anonymous_0)
FNDA:0,(anonymous_1)
FNDA:0,(anonymous_2)
FNDA:0,(anonymous_3)
FNDA:0,(anonymous_4)
FNDA:0,(anonymous_5)
FNDA:0,(anonymous_6)
FNDA:0,(anonymous_7)
FNDA:0,(anonymous_8)
FNDA:0,(anonymous_9)
FNDA:0,(anonymous_10)
FNDA:0,(anonymous_11)
DA:4,4
DA:5,0
DA:6,0
DA:10,0
DA:11,0
DA:15,0
DA:16,0
DA:19,0
DA:23,0
DA:25,0
DA:26,0
DA:27,0
DA:28,0
DA:30,0
DA:42,0
DA:46,0
DA:47,0
DA:50,0
DA:52,0
DA:63,0
DA:64,0
DA:66,0
DA:67,0
DA:68,0
DA:70,0
DA:74,0
DA:75,0
DA:80,0
DA:81,0
DA:84,0
DA:85,0
DA:88,0
DA:92,0
DA:96,0
DA:100,0
LF:35
LH:1
BRDA:10,0,0,0
BRDA:15,1,0,0
BRDA:37,2,0,0
BRDA:37,2,1,0
BRDA:46,3,0,0
BRDA:67,4,0,0
BRDA:67,4,1,0
BRDA:80,5,0,0
BRDA:84,6,0,0
BRF:9
BRH:0
end_of_record
TN:
SF:src\features\scanner\services\imageOptimizationService.ts
FN:33,(anonymous_0)
FN:42,(anonymous_1)
FN:52,(anonymous_2)
FN:133,(anonymous_3)
FN:154,(anonymous_4)
FN:173,(anonymous_5)
FN:195,(anonymous_6)
FN:222,(anonymous_7)
FN:223,(anonymous_8)
FN:225,(anonymous_9)
FN:226,(anonymous_10)
FN:231,(anonymous_11)
FN:259,(anonymous_12)
FN:298,(anonymous_13)
FN:319,(anonymous_14)
FN:320,(anonymous_15)
FN:322,(anonymous_16)
FN:335,(anonymous_17)
FN:364,(anonymous_18)
FN:419,(anonymous_19)
FNF:20
FNH:12
FNDA:3,(anonymous_0)
FNDA:58,(anonymous_1)
FNDA:33,(anonymous_2)
FNDA:0,(anonymous_3)
FNDA:0,(anonymous_4)
FNDA:0,(anonymous_5)
FNDA:0,(anonymous_6)
FNDA:33,(anonymous_7)
FNDA:33,(anonymous_8)
FNDA:30,(anonymous_9)
FNDA:0,(anonymous_10)
FNDA:30,(anonymous_11)
FNDA:30,(anonymous_12)
FNDA:30,(anonymous_13)
FNDA:30,(anonymous_14)
FNDA:30,(anonymous_15)
FNDA:30,(anonymous_16)
FNDA:0,(anonymous_17)
FNDA:0,(anonymous_18)
FNDA:0,(anonymous_19)
DA:2,4
DA:3,4
DA:28,4
DA:30,3
DA:31,3
DA:34,3
DA:35,3
DA:36,3
DA:37,0
DA:39,3
DA:43,58
DA:44,3
DA:46,58
DA:56,33
DA:58,33
DA:68,33
DA:70,33
DA:72,33
DA:73,30
DA:76,30
DA:82,30
DA:88,30
DA:89,30
DA:91,30
DA:104,30
DA:111,30
DA:113,0
DA:114,0
DA:116,0
DA:126,0
DA:137,0
DA:148,0
DA:158,0
DA:167,0
DA:177,0
DA:179,0
DA:180,0
DA:181,0
DA:182,0
DA:184,0
DA:189,0
DA:204,0
DA:205,0
DA:211,0
DA:212,0
DA:213,0
DA:215,0
DA:223,33
DA:224,33
DA:225,33
DA:226,33
DA:227,33
DA:235,30
DA:237,30
DA:239,30
DA:241,30
DA:242,30
DA:243,30
DA:245,30
DA:246,30
DA:248,0
DA:249,0
DA:253,30
DA:254,30
DA:256,30
DA:264,30
DA:265,30
DA:268,30
DA:269,30
DA:272,30
DA:273,30
DA:276,30
DA:277,30
DA:280,30
DA:281,30
DA:285,30
DA:288,30
DA:289,0
DA:293,30
DA:295,30
DA:300,30
DA:301,30
DA:304,30
DA:305,30
DA:307,30
DA:309,30
DA:310,30
DA:311,30
DA:316,30
DA:320,30
DA:321,30
DA:323,30
DA:324,30
DA:326,0
DA:340,0
DA:341,0
DA:342,0
DA:343,0
DA:345,0
DA:346,0
DA:347,0
DA:348,0
DA:351,0
DA:358,0
DA:369,0
DA:370,0
DA:371,0
DA:374,0
DA:375,0
DA:378,0
DA:379,0
DA:380,0
DA:381,0
DA:382,0
DA:383,0
DA:384,0
DA:385,0
DA:386,0
DA:387,0
DA:391,0
DA:392,0
DA:393,0
DA:394,0
DA:398,0
DA:399,0
DA:400,0
DA:404,0
DA:407,0
DA:409,0
DA:421,0
DA:422,0
DA:426,4
LF:132
LH:69
BRDA:36,0,0,0
BRDA:43,1,0,3
BRDA:54,2,0,33
BRDA:113,3,0,0
BRDA:113,3,1,0
BRDA:116,4,0,0
BRDA:116,4,1,0
BRDA:135,5,0,0
BRDA:156,6,0,0
BRDA:175,7,0,0
BRDA:197,8,0,0
BRDA:212,9,0,0
BRDA:212,9,1,0
BRDA:235,10,0,0
BRDA:235,11,0,0
BRDA:235,12,0,0
BRDA:239,13,0,30
BRDA:239,13,1,0
BRDA:253,14,0,30
BRDA:253,14,1,0
BRDA:254,15,0,30
BRDA:254,15,1,0
BRDA:265,16,0,0
BRDA:265,17,0,0
BRDA:280,18,0,30
BRDA:288,19,0,0
BRDA:288,20,0,30
BRDA:288,20,1,30
BRDA:323,21,0,30
BRDA:323,21,1,0
BRDA:345,22,0,0
BRDA:345,22,1,0
BRDA:345,22,2,0
BRDA:378,23,0,0
BRDA:378,23,1,0
BRDA:383,24,0,0
BRDA:391,25,0,0
BRDA:398,26,0,0
BRDA:398,27,0,0
BRDA:398,27,1,0
BRF:40
BRH:9
end_of_record
TN:
SF:src\features\scanner\services\imageProcessingService.ts
FN:10,(anonymous_0)
FN:24,(anonymous_1)
FN:70,(anonymous_2)
FN:82,(anonymous_3)
FN:102,(anonymous_4)
FN:108,(anonymous_5)
FN:133,(anonymous_6)
FN:157,(anonymous_7)
FN:173,(anonymous_8)
FN:210,(anonymous_9)
FN:233,(anonymous_10)
FN:254,(anonymous_11)
FN:270,(anonymous_12)
FN:271,(anonymous_13)
FN:312,(anonymous_14)
FN:313,(anonymous_15)
FN:355,(anonymous_16)
FN:358,(anonymous_17)
FN:367,(anonymous_18)
FN:455,(anonymous_19)
FN:456,(anonymous_20)
FN:458,(anonymous_21)
FN:473,(anonymous_22)
FN:478,(anonymous_23)
FN:483,(anonymous_24)
FN:485,(anonymous_25)
FN:495,(anonymous_26)
FN:519,(anonymous_27)
FN:546,(anonymous_28)
FN:582,(anonymous_29)
FN:608,(anonymous_30)
FN:639,(anonymous_31)
FNF:32
FNH:15
FNDA:39,(anonymous_0)
FNDA:4,(anonymous_1)
FNDA:0,(anonymous_2)
FNDA:5,(anonymous_3)
FNDA:4,(anonymous_4)
FNDA:0,(anonymous_5)
FNDA:0,(anonymous_6)
FNDA:0,(anonymous_7)
FNDA:0,(anonymous_8)
FNDA:0,(anonymous_9)
FNDA:0,(anonymous_10)
FNDA:0,(anonymous_11)
FNDA:0,(anonymous_12)
FNDA:0,(anonymous_13)
FNDA:0,(anonymous_14)
FNDA:0,(anonymous_15)
FNDA:0,(anonymous_16)
FNDA:0,(anonymous_17)
FNDA:1,(anonymous_18)
FNDA:9,(anonymous_19)
FNDA:9,(anonymous_20)
FNDA:8,(anonymous_21)
FNDA:1,(anonymous_22)
FNDA:8,(anonymous_23)
FNDA:8,(anonymous_24)
FNDA:8,(anonymous_25)
FNDA:0,(anonymous_26)
FNDA:4,(anonymous_27)
FNDA:4,(anonymous_28)
FNDA:4,(anonymous_29)
FNDA:0,(anonymous_30)
FNDA:0,(anonymous_31)
DA:10,4
DA:12,39
DA:28,4
DA:29,4
DA:30,4
DA:33,4
DA:42,4
DA:45,4
DA:48,4
DA:49,0
DA:57,4
DA:75,0
DA:76,0
DA:83,5
DA:84,4
DA:86,4
DA:87,0
DA:91,4
DA:92,4
DA:94,4
DA:97,4
DA:102,4
DA:120,0
DA:123,0
DA:125,0
DA:134,0
DA:135,0
DA:137,0
DA:138,0
DA:142,0
DA:143,0
DA:145,0
DA:147,0
DA:149,0
DA:159,0
DA:160,0
DA:163,0
DA:165,0
DA:174,0
DA:175,0
DA:177,0
DA:178,0
DA:182,0
DA:183,0
DA:184,0
DA:185,0
DA:187,0
DA:188,0
DA:191,0
DA:192,0
DA:193,0
DA:195,0
DA:196,0
DA:197,0
DA:201,0
DA:207,0
DA:211,0
DA:212,0
DA:214,0
DA:215,0
DA:218,0
DA:219,0
DA:221,0
DA:223,0
DA:224,0
DA:225,0
DA:226,0
DA:229,0
DA:230,0
DA:234,0
DA:235,0
DA:237,0
DA:238,0
DA:241,0
DA:242,0
DA:244,0
DA:245,0
DA:246,0
DA:247,0
DA:250,0
DA:251,0
DA:256,0
DA:257,0
DA:259,0
DA:260,0
DA:263,0
DA:264,0
DA:266,0
DA:267,0
DA:271,0
DA:272,0
DA:274,0
DA:275,0
DA:276,0
DA:279,0
DA:280,0
DA:281,0
DA:283,0
DA:284,0
DA:287,0
DA:288,0
DA:289,0
DA:293,0
DA:296,0
DA:297,0
DA:301,0
DA:305,0
DA:306,0
DA:313,0
DA:316,0
DA:318,0
DA:319,0
DA:321,0
DA:323,0
DA:324,0
DA:325,0
DA:328,0
DA:329,0
DA:331,0
DA:332,0
DA:335,0
DA:336,0
DA:339,0
DA:345,0
DA:346,0
DA:349,0
DA:356,0
DA:358,0
DA:389,1
DA:394,1
DA:395,0
DA:398,1
DA:399,1
DA:400,1
DA:402,0
DA:407,1
DA:408,0
DA:409,0
DA:413,1
DA:419,1
DA:421,1
DA:422,3
DA:423,3
DA:425,3
DA:427,3
DA:428,3
DA:431,3
DA:433,3
DA:443,1
DA:444,0
DA:447,1
DA:456,9
DA:457,9
DA:458,9
DA:459,8
DA:460,8
DA:461,8
DA:463,8
DA:464,8
DA:465,0
DA:466,0
DA:469,8
DA:470,8
DA:473,9
DA:474,9
DA:483,8
DA:484,8
DA:485,8
DA:486,8
DA:487,8
DA:489,0
DA:496,0
DA:499,0
DA:501,0
DA:502,0
DA:503,0
DA:504,0
DA:507,0
DA:508,0
DA:509,0
DA:510,0
DA:513,0
DA:520,4
DA:523,4
DA:525,4
DA:528,4
DA:529,4
DA:530,4
DA:534,4
DA:535,4
DA:536,4
DA:540,4
DA:553,4
DA:554,0
DA:557,4
DA:559,4
DA:560,4
DA:563,4
DA:564,0
DA:565,0
DA:568,4
DA:569,0
DA:570,0
DA:573,4
DA:587,4
DA:588,4
DA:589,4
DA:591,4
DA:592,4
DA:593,0
DA:597,4
DA:598,4
DA:600,4
DA:602,4
DA:614,0
DA:615,0
DA:618,0
DA:619,0
DA:620,0
DA:624,0
DA:625,0
DA:626,0
DA:627,0
DA:629,0
DA:630,0
DA:633,0
DA:641,0
DA:642,0
DA:645,0
DA:646,0
DA:649,0
DA:650,0
DA:653,0
LF:233
LH:79
BRDA:26,0,0,0
BRDA:48,1,0,0
BRDA:48,2,0,4
BRDA:48,2,1,4
BRDA:73,3,0,0
BRDA:86,4,0,0
BRDA:110,5,0,0
BRDA:117,6,0,0
BRDA:118,7,0,0
BRDA:119,8,0,0
BRDA:137,9,0,0
BRDA:177,10,0,0
BRDA:196,11,0,0
BRDA:214,12,0,0
BRDA:237,13,0,0
BRDA:259,14,0,0
BRDA:287,15,0,0
BRDA:296,16,0,0
BRDA:331,17,0,0
BRDA:369,18,0,0
BRDA:386,19,0,0
BRDA:387,20,0,0
BRDA:388,21,0,1
BRDA:394,22,0,0
BRDA:394,22,1,1
BRDA:399,23,0,1
BRDA:399,23,1,0
BRDA:407,24,0,0
BRDA:427,25,0,3
BRDA:443,26,0,0
BRDA:443,27,0,1
BRDA:443,27,1,0
BRDA:464,28,0,0
BRDA:480,29,0,4
BRDA:481,30,0,4
BRDA:486,31,0,8
BRDA:486,31,1,0
BRDA:530,32,0,0
BRDA:530,32,1,4
BRDA:553,33,0,0
BRDA:563,34,0,0
BRDA:568,35,0,0
BRDA:592,36,0,0
BRDA:618,37,0,0
BRDA:618,37,1,0
BRDA:624,38,0,0
BRDA:641,39,0,0
BRDA:645,40,0,0
BRDA:649,41,0,0
BRDA:653,42,0,0
BRDA:653,42,1,0
BRF:51
BRH:11
end_of_record
TN:
SF:src\features\scanner\services\index.ts
FN:2,(anonymous_4)
FN:3,(anonymous_5)
FN:4,(anonymous_6)
FN:5,(anonymous_7)
FN:6,(anonymous_8)
FN:7,(anonymous_9)
FN:8,(anonymous_10)
FN:8,(anonymous_11)
FN:9,(anonymous_12)
FN:9,(anonymous_13)
FN:10,(anonymous_14)
FN:10,(anonymous_15)
FN:11,(anonymous_16)
FN:11,(anonymous_17)
FN:12,(anonymous_18)
FN:13,(anonymous_19)
FN:13,(anonymous_20)
FN:14,(anonymous_21)
FN:15,(anonymous_22)
FN:16,(anonymous_23)
FN:17,(anonymous_24)
FNF:21
FNH:21
FNDA:1,(anonymous_4)
FNDA:1,(anonymous_5)
FNDA:40,(anonymous_6)
FNDA:65,(anonymous_7)
FNDA:1,(anonymous_8)
FNDA:67,(anonymous_9)
FNDA:1,(anonymous_10)
FNDA:1,(anonymous_11)
FNDA:1,(anonymous_12)
FNDA:1,(anonymous_13)
FNDA:1,(anonymous_14)
FNDA:1,(anonymous_15)
FNDA:1,(anonymous_16)
FNDA:1,(anonymous_17)
FNDA:1,(anonymous_18)
FNDA:1,(anonymous_19)
FNDA:1,(anonymous_20)
FNDA:61,(anonymous_21)
FNDA:1,(anonymous_22)
FNDA:61,(anonymous_23)
FNDA:61,(anonymous_24)
DA:2,5
DA:3,5
DA:4,44
DA:5,69
DA:6,5
DA:7,71
DA:8,5
DA:9,5
DA:10,5
DA:11,5
DA:12,5
DA:13,5
DA:14,65
DA:15,5
DA:16,65
DA:17,65
DA:18,4
LF:17
LH:17
BRF:0
BRH:0
end_of_record
TN:
SF:src\features\scanner\services\ocrProviderFactory.ts
FN:40,(anonymous_0)
FN:61,(anonymous_1)
FN:65,(anonymous_2)
FN:66,(anonymous_3)
FN:72,(anonymous_4)
FN:86,(anonymous_5)
FN:96,(anonymous_6)
FN:109,(anonymous_7)
FN:122,(anonymous_8)
FN:173,(anonymous_9)
FN:183,(anonymous_10)
FN:187,(anonymous_11)
FN:191,(anonymous_12)
FN:200,(anonymous_13)
FN:201,(anonymous_14)
FN:203,(anonymous_15)
FN:212,(anonymous_16)
FN:224,(anonymous_17)
FN:230,(anonymous_18)
FN:235,(anonymous_19)
FN:253,(anonymous_20)
FN:257,(anonymous_21)
FN:270,(anonymous_22)
FN:271,(anonymous_23)
FN:284,(anonymous_24)
FN:413,(anonymous_25)
FN:426,(anonymous_26)
FN:427,(anonymous_27)
FN:444,(anonymous_28)
FN:453,(anonymous_29)
FN:458,(anonymous_30)
FN:474,(anonymous_31)
FN:490,(anonymous_32)
FN:491,(anonymous_33)
FN:493,(anonymous_34)
FN:499,(anonymous_35)
FN:535,(anonymous_36)
FN:537,(anonymous_37)
FN:543,(anonymous_38)
FN:562,(anonymous_39)
FN:576,(anonymous_40)
FN:584,(anonymous_41)
FN:603,(anonymous_42)
FN:614,(anonymous_43)
FN:625,(anonymous_44)
FN:629,(anonymous_45)
FN:638,(anonymous_46)
FN:651,(anonymous_47)
FN:655,(anonymous_48)
FN:668,(anonymous_49)
FN:669,(anonymous_50)
FN:682,(anonymous_51)
FN:813,(anonymous_52)
FN:826,(anonymous_53)
FN:827,(anonymous_54)
FN:844,(anonymous_55)
FN:853,(anonymous_56)
FN:858,(anonymous_57)
FN:874,(anonymous_58)
FN:888,(anonymous_59)
FN:894,(anonymous_60)
FN:895,(anonymous_61)
FN:897,(anonymous_62)
FN:903,(anonymous_63)
FN:950,(anonymous_64)
FN:952,(anonymous_65)
FN:958,(anonymous_66)
FN:958,(anonymous_67)
FN:961,(anonymous_68)
FN:964,(anonymous_69)
FN:967,(anonymous_70)
FN:970,(anonymous_71)
FN:977,(anonymous_72)
FN:979,(anonymous_73)
FN:996,(anonymous_74)
FN:1010,(anonymous_75)
FN:1018,(anonymous_76)
FN:1037,(anonymous_77)
FN:1048,(anonymous_78)
FN:1059,(anonymous_79)
FN:1063,(anonymous_80)
FN:1072,(anonymous_81)
FN:1082,(anonymous_82)
FN:1087,(anonymous_83)
FN:1096,(anonymous_84)
FN:1102,(anonymous_85)
FN:1106,(anonymous_86)
FN:1139,(anonymous_87)
FN:1163,(anonymous_88)
FN:1170,(anonymous_89)
FN:1180,(anonymous_90)
FN:1181,(anonymous_91)
FN:1213,(anonymous_92)
FN:1225,(anonymous_93)
FN:1249,(anonymous_94)
FN:1276,(anonymous_95)
FN:1280,(anonymous_96)
FN:1282,(anonymous_97)
FNF:98
FNH:24
FNDA:106,(anonymous_0)
FNDA:0,(anonymous_1)
FNDA:99,(anonymous_2)
FNDA:297,(anonymous_3)
FNDA:2,(anonymous_4)
FNDA:1,(anonymous_5)
FNDA:115,(anonymous_6)
FNDA:315,(anonymous_7)
FNDA:105,(anonymous_8)
FNDA:315,(anonymous_9)
FNDA:315,(anonymous_10)
FNDA:228,(anonymous_11)
FNDA:0,(anonymous_12)
FNDA:0,(anonymous_13)
FNDA:0,(anonymous_14)
FNDA:0,(anonymous_15)
FNDA:2,(anonymous_16)
FNDA:0,(anonymous_17)
FNDA:0,(anonymous_18)
FNDA:0,(anonymous_19)
FNDA:105,(anonymous_20)
FNDA:0,(anonymous_21)
FNDA:0,(anonymous_22)
FNDA:0,(anonymous_23)
FNDA:0,(anonymous_24)
FNDA:0,(anonymous_25)
FNDA:0,(anonymous_26)
FNDA:0,(anonymous_27)
FNDA:0,(anonymous_28)
FNDA:0,(anonymous_29)
FNDA:0,(anonymous_30)
FNDA:0,(anonymous_31)
FNDA:0,(anonymous_32)
FNDA:0,(anonymous_33)
FNDA:0,(anonymous_34)
FNDA:0,(anonymous_35)
FNDA:0,(anonymous_36)
FNDA:0,(anonymous_37)
FNDA:0,(anonymous_38)
FNDA:0,(anonymous_39)
FNDA:0,(anonymous_40)
FNDA:0,(anonymous_41)
FNDA:0,(anonymous_42)
FNDA:0,(anonymous_43)
FNDA:0,(anonymous_44)
FNDA:1,(anonymous_45)
FNDA:100,(anonymous_46)
FNDA:105,(anonymous_47)
FNDA:0,(anonymous_48)
FNDA:0,(anonymous_49)
FNDA:0,(anonymous_50)
FNDA:0,(anonymous_51)
FNDA:0,(anonymous_52)
FNDA:0,(anonymous_53)
FNDA:0,(anonymous_54)
FNDA:0,(anonymous_55)
FNDA:0,(anonymous_56)
FNDA:0,(anonymous_57)
FNDA:0,(anonymous_58)
FNDA:0,(anonymous_59)
FNDA:0,(anonymous_60)
FNDA:0,(anonymous_61)
FNDA:0,(anonymous_62)
FNDA:0,(anonymous_63)
FNDA:0,(anonymous_64)
FNDA:0,(anonymous_65)
FNDA:0,(anonymous_66)
FNDA:0,(anonymous_67)
FNDA:0,(anonymous_68)
FNDA:0,(anonymous_69)
FNDA:0,(anonymous_70)
FNDA:0,(anonymous_71)
FNDA:0,(anonymous_72)
FNDA:0,(anonymous_73)
FNDA:0,(anonymous_74)
FNDA:0,(anonymous_75)
FNDA:0,(anonymous_76)
FNDA:0,(anonymous_77)
FNDA:0,(anonymous_78)
FNDA:0,(anonymous_79)
FNDA:1,(anonymous_80)
FNDA:100,(anonymous_81)
FNDA:105,(anonymous_82)
FNDA:105,(anonymous_83)
FNDA:2,(anonymous_84)
FNDA:0,(anonymous_85)
FNDA:0,(anonymous_86)
FNDA:0,(anonymous_87)
FNDA:0,(anonymous_88)
FNDA:0,(anonymous_89)
FNDA:0,(anonymous_90)
FNDA:0,(anonymous_91)
FNDA:0,(anonymous_92)
FNDA:0,(anonymous_93)
FNDA:0,(anonymous_94)
FNDA:99,(anonymous_95)
FNDA:2,(anonymous_96)
FNDA:4,(anonymous_97)
DA:10,5
DA:11,5
DA:36,5
DA:37,5
DA:38,5
DA:41,106
DA:42,1
DA:46,105
DA:48,105
DA:49,315
DA:50,315
DA:51,315
DA:52,315
DA:54,0
DA:58,105
DA:62,0
DA:66,99
DA:67,297
DA:68,297
DA:73,2
DA:75,2
DA:76,1
DA:83,1
DA:87,1
DA:89,1
DA:90,3
DA:93,1
DA:97,115
DA:98,228
DA:99,228
DA:101,0
DA:105,115
DA:106,115
DA:110,315
DA:112,105
DA:114,105
DA:116,105
DA:118,0
DA:123,105
DA:126,105
DA:127,105
DA:128,105
DA:141,105
DA:142,105
DA:143,105
DA:156,105
DA:161,105
DA:166,5
DA:167,315
DA:168,315
DA:169,315
DA:170,315
DA:171,315
DA:174,315
DA:177,315
DA:192,0
DA:201,0
DA:202,0
DA:203,0
DA:204,0
DA:205,0
DA:207,0
DA:208,0
DA:213,2
DA:214,0
DA:217,2
DA:218,2
DA:219,2
DA:221,2
DA:227,0
DA:231,0
DA:232,0
DA:236,0
DA:247,105
DA:248,105
DA:249,105
DA:250,105
DA:251,105
DA:254,105
DA:258,0
DA:259,0
DA:263,0
DA:265,0
DA:266,0
DA:270,0
DA:271,0
DA:272,0
DA:273,0
DA:274,0
DA:276,0
DA:280,0
DA:285,0
DA:287,0
DA:289,0
DA:290,0
DA:293,0
DA:317,0
DA:329,0
DA:330,0
DA:331,0
DA:333,0
DA:341,0
DA:342,0
DA:349,0
DA:350,0
DA:352,0
DA:353,0
DA:355,0
DA:358,0
DA:366,0
DA:368,0
DA:371,0
DA:372,0
DA:379,0
DA:382,0
DA:383,0
DA:386,0
DA:387,0
DA:389,0
DA:397,0
DA:398,0
DA:400,0
DA:401,0
DA:405,0
DA:406,0
DA:409,0
DA:415,0
DA:417,0
DA:418,0
DA:422,0
DA:423,0
DA:424,0
DA:426,0
DA:427,0
DA:429,0
DA:430,0
DA:432,0
DA:433,0
DA:434,0
DA:435,0
DA:438,0
DA:439,0
DA:442,0
DA:444,0
DA:445,0
DA:446,0
DA:448,0
DA:453,0
DA:454,0
DA:459,0
DA:461,0
DA:462,0
DA:465,0
DA:466,0
DA:469,0
DA:471,0
DA:476,0
DA:477,0
DA:479,0
DA:480,0
DA:481,0
DA:482,0
DA:483,0
DA:484,0
DA:487,0
DA:491,0
DA:493,0
DA:500,0
DA:501,0
DA:504,0
DA:506,0
DA:507,0
DA:510,0
DA:511,0
DA:512,0
DA:514,0
DA:515,0
DA:516,0
DA:517,0
DA:520,0
DA:525,0
DA:526,0
DA:527,0
DA:528,0
DA:532,0
DA:536,0
DA:537,0
DA:539,0
DA:543,0
DA:548,0
DA:549,0
DA:552,0
DA:558,0
DA:564,0
DA:565,0
DA:567,0
DA:568,0
DA:571,0
DA:572,0
DA:577,0
DA:578,0
DA:579,0
DA:580,0
DA:585,0
DA:586,0
DA:589,0
DA:591,0
DA:592,0
DA:593,0
DA:594,0
DA:595,0
DA:601,0
DA:602,0
DA:603,0
DA:605,0
DA:611,0
DA:615,0
DA:616,0
DA:619,0
DA:620,0
DA:622,0
DA:626,0
DA:630,1
DA:639,100
DA:645,105
DA:646,105
DA:647,105
DA:648,105
DA:649,105
DA:652,105
DA:656,0
DA:657,0
DA:661,0
DA:663,0
DA:664,0
DA:668,0
DA:669,0
DA:670,0
DA:671,0
DA:672,0
DA:674,0
DA:678,0
DA:683,0
DA:685,0
DA:687,0
DA:688,0
DA:691,0
DA:717,0
DA:729,0
DA:730,0
DA:731,0
DA:733,0
DA:741,0
DA:742,0
DA:749,0
DA:750,0
DA:752,0
DA:753,0
DA:755,0
DA:758,0
DA:766,0
DA:768,0
DA:771,0
DA:772,0
DA:779,0
DA:782,0
DA:783,0
DA:786,0
DA:787,0
DA:789,0
DA:797,0
DA:798,0
DA:800,0
DA:801,0
DA:805,0
DA:806,0
DA:809,0
DA:815,0
DA:817,0
DA:818,0
DA:822,0
DA:823,0
DA:824,0
DA:826,0
DA:827,0
DA:829,0
DA:830,0
DA:832,0
DA:833,0
DA:834,0
DA:835,0
DA:838,0
DA:839,0
DA:842,0
DA:844,0
DA:845,0
DA:846,0
DA:848,0
DA:853,0
DA:854,0
DA:859,0
DA:861,0
DA:862,0
DA:865,0
DA:866,0
DA:869,0
DA:871,0
DA:876,0
DA:877,0
DA:878,0
DA:880,0
DA:882,0
DA:883,0
DA:884,0
DA:887,0
DA:888,0
DA:889,0
DA:891,0
DA:895,0
DA:897,0
DA:904,0
DA:905,0
DA:908,0
DA:909,0
DA:911,0
DA:912,0
DA:915,0
DA:920,0
DA:921,0
DA:922,0
DA:923,0
DA:925,0
DA:926,0
DA:928,0
DA:929,0
DA:930,0
DA:931,0
DA:934,0
DA:935,0
DA:940,0
DA:941,0
DA:942,0
DA:943,0
DA:947,0
DA:951,0
DA:952,0
DA:956,0
DA:958,0
DA:959,0
DA:961,0
DA:964,0
DA:967,0
DA:970,0
DA:972,0
DA:973,0
DA:977,0
DA:979,0
DA:980,0
DA:981,0
DA:983,0
DA:986,0
DA:992,0
DA:998,0
DA:999,0
DA:1001,0
DA:1002,0
DA:1005,0
DA:1006,0
DA:1011,0
DA:1012,0
DA:1013,0
DA:1014,0
DA:1019,0
DA:1020,0
DA:1023,0
DA:1025,0
DA:1026,0
DA:1027,0
DA:1028,0
DA:1029,0
DA:1035,0
DA:1036,0
DA:1037,0
DA:1039,0
DA:1045,0
DA:1049,0
DA:1050,0
DA:1053,0
DA:1054,0
DA:1056,0
DA:1060,0
DA:1064,1
DA:1073,100
DA:1079,105
DA:1083,105
DA:1084,105
DA:1089,105
DA:1099,2
DA:1105,0
DA:1106,0
DA:1108,0
DA:1109,0
DA:1110,0
DA:1111,0
DA:1112,0
DA:1113,0
DA:1114,0
DA:1115,0
DA:1123,0
DA:1124,0
DA:1130,0
DA:1131,0
DA:1132,0
DA:1136,0
DA:1145,0
DA:1146,0
DA:1147,0
DA:1152,0
DA:1153,0
DA:1156,0
DA:1157,0
DA:1158,0
DA:1162,0
DA:1163,0
DA:1167,0
DA:1171,0
DA:1176,0
DA:1177,0
DA:1178,0
DA:1180,0
DA:1181,0
DA:1182,0
DA:1183,0
DA:1184,0
DA:1187,0
DA:1188,0
DA:1190,0
DA:1191,0
DA:1201,0
DA:1213,0
DA:1214,0
DA:1217,0
DA:1220,0
DA:1221,0
DA:1226,0
DA:1227,0
DA:1228,0
DA:1230,0
DA:1231,0
DA:1232,0
DA:1233,0
DA:1234,0
DA:1237,0
DA:1238,0
DA:1240,0
DA:1241,0
DA:1246,0
DA:1250,0
DA:1252,0
DA:1253,0
DA:1256,0
DA:1257,0
DA:1258,0
DA:1259,0
DA:1260,0
DA:1261,0
DA:1262,0
DA:1264,0
DA:1277,99
DA:1281,2
DA:1282,4
DA:1284,2
LF:472
LH:81
BRDA:41,0,0,1
BRDA:62,1,0,0
BRDA:62,1,1,0
BRDA:68,2,0,297
BRDA:68,2,1,0
BRDA:75,3,0,1
BRDA:110,4,0,105
BRDA:110,4,1,105
BRDA:110,4,2,105
BRDA:110,4,3,0
BRDA:127,5,0,105
BRDA:142,6,0,105
BRDA:195,7,0,0
BRDA:195,7,1,0
BRDA:213,8,0,0
BRDA:235,9,0,0
BRDA:258,10,0,0
BRDA:265,11,0,0
BRDA:325,12,0,0
BRDA:325,12,1,0
BRDA:329,13,0,0
BRDA:331,14,0,0
BRDA:331,14,1,0
BRDA:341,15,0,0
BRDA:349,16,0,0
BRDA:360,17,0,0
BRDA:360,17,1,0
BRDA:361,18,0,0
BRDA:361,18,1,0
BRDA:371,19,0,0
BRDA:371,20,0,0
BRDA:371,20,1,0
BRDA:371,20,2,0
BRDA:379,21,0,0
BRDA:379,21,1,0
BRDA:387,22,0,0
BRDA:387,22,1,0
BRDA:397,23,0,0
BRDA:397,23,1,0
BRDA:400,24,0,0
BRDA:400,25,0,0
BRDA:400,25,1,0
BRDA:405,26,0,0
BRDA:405,27,0,0
BRDA:405,27,1,0
BRDA:405,27,2,0
BRDA:417,28,0,0
BRDA:417,29,0,0
BRDA:417,29,1,0
BRDA:417,29,2,0
BRDA:432,30,0,0
BRDA:432,31,0,0
BRDA:432,31,1,0
BRDA:445,32,0,0
BRDA:445,32,1,0
BRDA:461,33,0,0
BRDA:465,34,0,0
BRDA:477,35,0,0
BRDA:477,35,1,0
BRDA:479,36,0,0
BRDA:479,36,1,0
BRDA:479,37,0,0
BRDA:479,37,1,0
BRDA:481,38,0,0
BRDA:481,38,1,0
BRDA:481,39,0,0
BRDA:481,39,1,0
BRDA:483,40,0,0
BRDA:510,41,0,0
BRDA:510,41,1,0
BRDA:510,42,0,0
BRDA:510,42,1,0
BRDA:512,43,0,0
BRDA:514,44,0,0
BRDA:516,45,0,0
BRDA:525,46,0,0
BRDA:527,47,0,0
BRDA:539,48,0,0
BRDA:539,48,1,0
BRDA:548,49,0,0
BRDA:548,50,0,0
BRDA:548,50,1,0
BRDA:567,51,0,0
BRDA:571,52,0,0
BRDA:578,53,0,0
BRDA:585,54,0,0
BRDA:585,55,0,0
BRDA:585,55,1,0
BRDA:593,56,0,0
BRDA:602,57,0,0
BRDA:605,58,0,0
BRDA:605,58,1,0
BRDA:615,59,0,0
BRDA:633,60,0,1
BRDA:633,60,1,1
BRDA:639,61,0,100
BRDA:639,61,1,100
BRDA:656,62,0,0
BRDA:663,63,0,0
BRDA:725,64,0,0
BRDA:725,64,1,0
BRDA:729,65,0,0
BRDA:731,66,0,0
BRDA:731,66,1,0
BRDA:741,67,0,0
BRDA:741,68,0,0
BRDA:741,68,1,0
BRDA:749,69,0,0
BRDA:760,70,0,0
BRDA:760,70,1,0
BRDA:760,70,2,0
BRDA:761,71,0,0
BRDA:761,71,1,0
BRDA:771,72,0,0
BRDA:771,73,0,0
BRDA:771,73,1,0
BRDA:779,74,0,0
BRDA:779,74,1,0
BRDA:787,75,0,0
BRDA:787,75,1,0
BRDA:797,76,0,0
BRDA:797,76,1,0
BRDA:800,77,0,0
BRDA:800,78,0,0
BRDA:800,78,1,0
BRDA:805,79,0,0
BRDA:805,80,0,0
BRDA:805,80,1,0
BRDA:805,80,2,0
BRDA:817,81,0,0
BRDA:817,82,0,0
BRDA:817,82,1,0
BRDA:817,82,2,0
BRDA:832,83,0,0
BRDA:832,84,0,0
BRDA:832,84,1,0
BRDA:845,85,0,0
BRDA:845,85,1,0
BRDA:861,86,0,0
BRDA:865,87,0,0
BRDA:877,88,0,0
BRDA:877,88,1,0
BRDA:882,89,0,0
BRDA:883,90,0,0
BRDA:884,91,0,0
BRDA:889,92,0,0
BRDA:915,93,0,0
BRDA:915,93,1,0
BRDA:915,93,2,0
BRDA:915,93,3,0
BRDA:915,93,4,0
BRDA:920,94,0,0
BRDA:920,94,1,0
BRDA:920,95,0,0
BRDA:920,95,1,0
BRDA:923,96,0,0
BRDA:923,96,1,0
BRDA:923,97,0,0
BRDA:923,97,1,0
BRDA:926,98,0,0
BRDA:928,99,0,0
BRDA:930,100,0,0
BRDA:940,101,0,0
BRDA:942,102,0,0
BRDA:956,103,0,0
BRDA:956,103,1,0
BRDA:959,104,0,0
BRDA:959,104,1,0
BRDA:972,105,0,0
BRDA:1001,106,0,0
BRDA:1005,107,0,0
BRDA:1012,108,0,0
BRDA:1019,109,0,0
BRDA:1019,110,0,0
BRDA:1019,110,1,0
BRDA:1027,111,0,0
BRDA:1036,112,0,0
BRDA:1039,113,0,0
BRDA:1039,113,1,0
BRDA:1049,114,0,0
BRDA:1067,115,0,1
BRDA:1067,115,1,1
BRDA:1073,116,0,100
BRDA:1073,116,1,100
BRDA:1109,117,0,0
BRDA:1109,118,0,0
BRDA:1109,118,1,0
BRDA:1112,119,0,0
BRDA:1112,120,0,0
BRDA:1112,120,1,0
BRDA:1114,121,0,0
BRDA:1118,122,0,0
BRDA:1118,122,1,0
BRDA:1131,123,0,0
BRDA:1131,124,0,0
BRDA:1131,124,1,0
BRDA:1143,125,0,0
BRDA:1152,126,0,0
BRDA:1152,127,0,0
BRDA:1152,127,1,0
BRDA:1156,128,0,0
BRDA:1190,129,0,0
BRDA:1190,129,1,0
BRDA:1238,130,0,0
BRDA:1238,130,1,0
BRDA:1240,131,0,0
BRDA:1252,132,0,0
BRDA:1287,133,0,0
BRDA:1287,133,1,2
BRF:209
BRH:17
end_of_record
TN:
SF:src\features\scanner\services\ocrResultHandler.ts
FN:13,(anonymous_0)
FN:40,(anonymous_1)
FN:59,(anonymous_2)
FN:74,(anonymous_3)
FN:79,(anonymous_4)
FN:94,(anonymous_5)
FN:99,(anonymous_6)
FN:107,(anonymous_7)
FN:117,(anonymous_8)
FN:133,(anonymous_9)
FN:145,(anonymous_10)
FN:150,(anonymous_11)
FN:155,(anonymous_12)
FN:160,(anonymous_13)
FN:160,(anonymous_14)
FN:187,(anonymous_15)
FN:211,(anonymous_16)
FN:224,(anonymous_17)
FN:225,(anonymous_18)
FN:252,(anonymous_19)
FN:254,(anonymous_20)
FN:261,(anonymous_21)
FN:263,(anonymous_22)
FN:267,(anonymous_23)
FN:269,(anonymous_24)
FN:277,(anonymous_25)
FN:297,(anonymous_26)
FN:308,(anonymous_27)
FN:309,(anonymous_28)
FN:330,(anonymous_29)
FN:331,(anonymous_30)
FN:339,(anonymous_31)
FN:346,(anonymous_32)
FN:379,(anonymous_33)
FN:410,(anonymous_34)
FN:425,(anonymous_35)
FN:449,(anonymous_36)
FN:453,(anonymous_37)
FN:467,(anonymous_38)
FN:471,(anonymous_39)
FN:490,(anonymous_40)
FN:509,(anonymous_41)
FN:537,(anonymous_42)
FN:548,(anonymous_43)
FN:567,(anonymous_44)
FN:584,(anonymous_45)
FN:591,(anonymous_46)
FN:603,(anonymous_47)
FN:617,(anonymous_48)
FN:667,(anonymous_49)
FN:681,(anonymous_50)
FN:682,(anonymous_51)
FN:721,(anonymous_52)
FN:763,(anonymous_53)
FN:766,(anonymous_54)
FN:770,(anonymous_55)
FN:773,(anonymous_56)
FN:821,(anonymous_57)
FN:939,(anonymous_58)
FN:944,(anonymous_59)
FN:947,(anonymous_60)
FN:981,(anonymous_61)
FN:1006,(anonymous_62)
FN:1032,(anonymous_63)
FNF:64
FNH:0
FNDA:0,(anonymous_0)
FNDA:0,(anonymous_1)
FNDA:0,(anonymous_2)
FNDA:0,(anonymous_3)
FNDA:0,(anonymous_4)
FNDA:0,(anonymous_5)
FNDA:0,(anonymous_6)
FNDA:0,(anonymous_7)
FNDA:0,(anonymous_8)
FNDA:0,(anonymous_9)
FNDA:0,(anonymous_10)
FNDA:0,(anonymous_11)
FNDA:0,(anonymous_12)
FNDA:0,(anonymous_13)
FNDA:0,(anonymous_14)
FNDA:0,(anonymous_15)
FNDA:0,(anonymous_16)
FNDA:0,(anonymous_17)
FNDA:0,(anonymous_18)
FNDA:0,(anonymous_19)
FNDA:0,(anonymous_20)
FNDA:0,(anonymous_21)
FNDA:0,(anonymous_22)
FNDA:0,(anonymous_23)
FNDA:0,(anonymous_24)
FNDA:0,(anonymous_25)
FNDA:0,(anonymous_26)
FNDA:0,(anonymous_27)
FNDA:0,(anonymous_28)
FNDA:0,(anonymous_29)
FNDA:0,(anonymous_30)
FNDA:0,(anonymous_31)
FNDA:0,(anonymous_32)
FNDA:0,(anonymous_33)
FNDA:0,(anonymous_34)
FNDA:0,(anonymous_35)
FNDA:0,(anonymous_36)
FNDA:0,(anonymous_37)
FNDA:0,(anonymous_38)
FNDA:0,(anonymous_39)
FNDA:0,(anonymous_40)
FNDA:0,(anonymous_41)
FNDA:0,(anonymous_42)
FNDA:0,(anonymous_43)
FNDA:0,(anonymous_44)
FNDA:0,(anonymous_45)
FNDA:0,(anonymous_46)
FNDA:0,(anonymous_47)
FNDA:0,(anonymous_48)
FNDA:0,(anonymous_49)
FNDA:0,(anonymous_50)
FNDA:0,(anonymous_51)
FNDA:0,(anonymous_52)
FNDA:0,(anonymous_53)
FNDA:0,(anonymous_54)
FNDA:0,(anonymous_55)
FNDA:0,(anonymous_56)
FNDA:0,(anonymous_57)
FNDA:0,(anonymous_58)
FNDA:0,(anonymous_59)
FNDA:0,(anonymous_60)
FNDA:0,(anonymous_61)
FNDA:0,(anonymous_62)
FNDA:0,(anonymous_63)
DA:10,4
DA:12,4
DA:14,0
DA:15,0
DA:18,0
DA:21,0
DA:24,0
DA:27,0
DA:28,0
DA:32,0
DA:35,0
DA:37,0
DA:41,0
DA:44,0
DA:48,0
DA:52,0
DA:55,0
DA:60,0
DA:76,0
DA:79,0
DA:80,0
DA:81,0
DA:83,0
DA:87,0
DA:90,0
DA:93,0
DA:94,0
DA:96,0
DA:100,0
DA:108,0
DA:109,0
DA:112,0
DA:113,0
DA:117,0
DA:118,0
DA:121,0
DA:124,0
DA:127,0
DA:130,0
DA:133,0
DA:135,0
DA:145,0
DA:150,0
DA:156,0
DA:157,0
DA:160,0
DA:162,0
DA:163,0
DA:166,0
DA:167,0
DA:171,0
DA:174,0
DA:175,0
DA:179,0
DA:180,0
DA:184,0
DA:188,0
DA:189,0
DA:192,0
DA:193,0
DA:194,0
DA:196,0
DA:197,0
DA:198,0
DA:199,0
DA:200,0
DA:201,0
DA:205,0
DA:213,0
DA:214,0
DA:216,0
DA:217,0
DA:220,0
DA:221,0
DA:225,0
DA:227,0
DA:228,0
DA:231,0
DA:232,0
DA:235,0
DA:236,0
DA:237,0
DA:238,0
DA:240,0
DA:249,0
DA:254,0
DA:255,0
DA:258,0
DA:262,0
DA:263,0
DA:268,0
DA:270,0
DA:271,0
DA:272,0
DA:278,0
DA:279,0
DA:282,0
DA:283,0
DA:285,0
DA:286,0
DA:287,0
DA:288,0
DA:290,0
DA:291,0
DA:294,0
DA:298,0
DA:299,0
DA:300,0
DA:301,0
DA:302,0
DA:303,0
DA:304,0
DA:309,0
DA:311,0
DA:312,0
DA:316,0
DA:318,0
DA:319,0
DA:320,0
DA:322,0
DA:323,0
DA:327,0
DA:331,0
DA:333,0
DA:334,0
DA:339,0
DA:340,0
DA:343,0
DA:347,0
DA:348,0
DA:349,0
DA:352,0
DA:355,0
DA:358,0
DA:361,0
DA:364,0
DA:367,0
DA:370,0
DA:371,0
DA:372,0
DA:373,0
DA:376,0
DA:380,0
DA:383,0
DA:384,0
DA:388,0
DA:389,0
DA:393,0
DA:394,0
DA:398,0
DA:399,0
DA:403,0
DA:404,0
DA:407,0
DA:411,0
DA:413,0
DA:415,0
DA:417,0
DA:419,0
DA:421,0
DA:426,0
DA:429,0
DA:430,0
DA:431,0
DA:435,0
DA:436,0
DA:437,0
DA:441,0
DA:442,0
DA:443,0
DA:446,0
DA:450,0
DA:453,0
DA:454,0
DA:455,0
DA:459,0
DA:460,0
DA:461,0
DA:464,0
DA:468,0
DA:471,0
DA:472,0
DA:473,0
DA:477,0
DA:478,0
DA:482,0
DA:483,0
DA:484,0
DA:487,0
DA:491,0
DA:494,0
DA:495,0
DA:496,0
DA:500,0
DA:501,0
DA:502,0
DA:503,0
DA:506,0
DA:510,0
DA:513,0
DA:516,0
DA:517,0
DA:518,0
DA:522,0
DA:523,0
DA:525,0
DA:534,0
DA:538,0
DA:549,0
DA:550,0
DA:558,0
DA:561,0
DA:562,0
DA:564,0
DA:568,0
DA:570,0
DA:571,0
DA:574,0
DA:575,0
DA:578,0
DA:579,0
DA:582,0
DA:583,0
DA:584,0
DA:586,0
DA:589,0
DA:590,0
DA:591,0
DA:593,0
DA:596,0
DA:597,0
DA:600,0
DA:604,0
DA:605,0
DA:607,0
DA:618,0
DA:621,0
DA:622,0
DA:623,0
DA:624,0
DA:627,0
DA:628,0
DA:631,0
DA:634,0
DA:637,0
DA:638,0
DA:641,0
DA:643,0
DA:644,0
DA:646,0
DA:647,0
DA:649,0
DA:650,0
DA:654,0
DA:655,0
DA:659,0
DA:660,0
DA:664,0
DA:669,0
DA:672,0
DA:678,0
DA:682,0
DA:684,0
DA:685,0
DA:688,0
DA:690,0
DA:691,0
DA:694,0
DA:695,0
DA:699,0
DA:700,0
DA:704,0
DA:705,0
DA:711,0
DA:714,0
DA:715,0
DA:718,0
DA:723,0
DA:741,0
DA:743,0
DA:745,0
DA:747,0
DA:748,0
DA:749,0
DA:751,0
DA:752,0
DA:757,0
DA:758,0
DA:762,0
DA:763,0
DA:765,0
DA:766,0
DA:770,0
DA:775,0
DA:792,0
DA:794,0
DA:796,0
DA:798,0
DA:799,0
DA:800,0
DA:802,0
DA:803,0
DA:808,0
DA:809,0
DA:814,0
DA:815,0
DA:817,0
DA:822,0
DA:825,0
DA:827,0
DA:828,0
DA:836,0
DA:842,0
DA:844,0
DA:845,0
DA:853,0
DA:855,0
DA:857,0
DA:858,0
DA:866,0
DA:868,0
DA:869,0
DA:877,0
DA:879,0
DA:880,0
DA:888,0
DA:890,0
DA:891,0
DA:892,0
DA:900,0
DA:902,0
DA:904,0
DA:905,0
DA:906,0
DA:915,0
DA:917,0
DA:918,0
DA:927,0
DA:928,0
DA:929,0
DA:930,0
DA:931,0
DA:932,0
DA:936,0
DA:940,0
DA:944,0
DA:948,0
DA:951,0
DA:960,0
DA:962,0
DA:963,0
DA:964,0
DA:967,0
DA:968,0
DA:974,0
DA:975,0
DA:978,0
DA:983,0
DA:984,0
DA:988,0
DA:989,0
DA:993,0
DA:994,0
DA:997,0
DA:999,0
DA:1002,0
DA:1008,0
DA:1019,0
DA:1020,0
DA:1021,0
DA:1022,0
DA:1023,0
DA:1024,0
DA:1025,0
DA:1033,0
DA:1034,0
DA:1035,0
LF:377
LH:2
BRDA:14,0,0,0
BRDA:27,1,0,0
BRDA:41,2,0,0
BRDA:41,2,1,0
BRDA:41,2,2,0
BRDA:41,2,3,0
BRDA:80,3,0,0
BRDA:80,4,0,0
BRDA:80,4,1,0
BRDA:108,5,0,0
BRDA:112,6,0,0
BRDA:140,7,0,0
BRDA:140,7,1,0
BRDA:141,8,0,0
BRDA:141,8,1,0
BRDA:156,9,0,0
BRDA:160,10,0,0
BRDA:160,10,1,0
BRDA:162,11,0,0
BRDA:166,12,0,0
BRDA:174,13,0,0
BRDA:179,14,0,0
BRDA:188,15,0,0
BRDA:207,16,0,0
BRDA:207,16,1,0
BRDA:213,17,0,0
BRDA:213,17,1,0
BRDA:214,18,0,0
BRDA:214,18,1,0
BRDA:216,19,0,0
BRDA:237,20,0,0
BRDA:237,20,1,0
BRDA:255,21,0,0
BRDA:255,21,1,0
BRDA:278,22,0,0
BRDA:279,23,0,0
BRDA:294,24,0,0
BRDA:294,24,1,0
BRDA:298,25,0,0
BRDA:298,25,1,0
BRDA:298,25,2,0
BRDA:298,25,3,0
BRDA:298,25,4,0
BRDA:298,25,5,0
BRDA:309,26,0,0
BRDA:309,26,1,0
BRDA:311,27,0,0
BRDA:322,28,0,0
BRDA:322,29,0,0
BRDA:322,29,1,0
BRDA:322,30,0,0
BRDA:322,30,1,0
BRDA:322,31,0,0
BRDA:322,31,1,0
BRDA:331,32,0,0
BRDA:331,32,1,0
BRDA:333,33,0,0
BRDA:340,34,0,0
BRDA:340,34,1,0
BRDA:343,35,0,0
BRDA:343,35,1,0
BRDA:352,36,0,0
BRDA:352,36,1,0
BRDA:371,37,0,0
BRDA:383,38,0,0
BRDA:383,39,0,0
BRDA:383,39,1,0
BRDA:383,39,2,0
BRDA:388,40,0,0
BRDA:388,41,0,0
BRDA:388,41,1,0
BRDA:388,41,2,0
BRDA:393,42,0,0
BRDA:393,43,0,0
BRDA:393,43,1,0
BRDA:393,43,2,0
BRDA:398,44,0,0
BRDA:398,45,0,0
BRDA:398,45,1,0
BRDA:398,45,2,0
BRDA:398,45,3,0
BRDA:403,46,0,0
BRDA:403,47,0,0
BRDA:403,47,1,0
BRDA:403,47,2,0
BRDA:411,48,0,0
BRDA:411,48,1,0
BRDA:411,48,2,0
BRDA:411,48,3,0
BRDA:411,48,4,0
BRDA:430,49,0,0
BRDA:436,50,0,0
BRDA:442,51,0,0
BRDA:454,52,0,0
BRDA:460,53,0,0
BRDA:472,54,0,0
BRDA:477,55,0,0
BRDA:483,56,0,0
BRDA:495,57,0,0
BRDA:501,58,0,0
BRDA:517,59,0,0
BRDA:570,60,0,0
BRDA:574,61,0,0
BRDA:578,62,0,0
BRDA:582,63,0,0
BRDA:582,64,0,0
BRDA:582,64,1,0
BRDA:589,65,0,0
BRDA:589,66,0,0
BRDA:589,66,1,0
BRDA:596,67,0,0
BRDA:612,68,0,0
BRDA:612,68,1,0
BRDA:622,69,0,0
BRDA:622,69,1,0
BRDA:627,70,0,0
BRDA:628,71,0,0
BRDA:631,72,0,0
BRDA:634,73,0,0
BRDA:637,74,0,0
BRDA:638,75,0,0
BRDA:641,76,0,0
BRDA:641,76,1,0
BRDA:641,76,2,0
BRDA:654,77,0,0
BRDA:659,78,0,0
BRDA:681,79,0,0
BRDA:684,80,0,0
BRDA:688,81,0,0
BRDA:694,82,0,0
BRDA:694,83,0,0
BRDA:694,83,1,0
BRDA:694,83,2,0
BRDA:699,84,0,0
BRDA:699,85,0,0
BRDA:699,85,1,0
BRDA:699,85,2,0
BRDA:704,86,0,0
BRDA:704,87,0,0
BRDA:704,87,1,0
BRDA:705,88,0,0
BRDA:705,88,1,0
BRDA:714,89,0,0
BRDA:721,90,0,0
BRDA:723,91,0,0
BRDA:723,91,1,0
BRDA:745,92,0,0
BRDA:745,92,1,0
BRDA:751,93,0,0
BRDA:751,94,0,0
BRDA:751,94,1,0
BRDA:751,94,2,0
BRDA:757,95,0,0
BRDA:765,96,0,0
BRDA:766,97,0,0
BRDA:766,97,1,0
BRDA:770,98,0,0
BRDA:770,98,1,0
BRDA:773,99,0,0
BRDA:775,100,0,0
BRDA:775,100,1,0
BRDA:796,101,0,0
BRDA:796,101,1,0
BRDA:802,102,0,0
BRDA:802,103,0,0
BRDA:802,103,1,0
BRDA:802,103,2,0
BRDA:808,104,0,0
BRDA:814,105,0,0
BRDA:814,105,1,0
BRDA:821,106,0,0
BRDA:853,107,0,0
BRDA:905,108,0,0
BRDA:931,109,0,0
BRDA:931,110,0,0
BRDA:931,110,1,0
BRDA:947,111,0,0
BRDA:951,112,0,0
BRDA:951,112,1,0
BRDA:967,113,0,0
BRDA:974,114,0,0
BRDA:983,115,0,0
BRDA:983,116,0,0
BRDA:983,116,1,0
BRDA:988,117,0,0
BRDA:988,118,0,0
BRDA:988,118,1,0
BRDA:993,119,0,0
BRDA:997,120,0,0
BRDA:997,120,1,0
BRDA:1002,121,0,0
BRDA:1002,121,1,0
BRDA:1020,122,0,0
BRDA:1023,123,0,0
BRDA:1033,124,0,0
BRDA:1034,125,0,0
BRF:196
BRH:0
end_of_record
TN:
SF:src\features\scanner\services\ocrService.ts
FN:23,(anonymous_0)
FN:30,(anonymous_1)
FN:50,(anonymous_2)
FN:71,(anonymous_3)
FN:122,(anonymous_4)
FN:124,(anonymous_5)
FN:127,(anonymous_6)
FN:155,(anonymous_7)
FN:185,(anonymous_8)
FN:186,(anonymous_9)
FN:231,(anonymous_10)
FN:235,(anonymous_11)
FN:245,(anonymous_12)
FN:249,(anonymous_13)
FN:253,(anonymous_14)
FN:258,(anonymous_15)
FN:266,(anonymous_16)
FNF:17
FNH:4
FNDA:113,(anonymous_0)
FNDA:97,(anonymous_1)
FNDA:0,(anonymous_2)
FNDA:0,(anonymous_3)
FNDA:0,(anonymous_4)
FNDA:0,(anonymous_5)
FNDA:0,(anonymous_6)
FNDA:0,(anonymous_7)
FNDA:0,(anonymous_8)
FNDA:0,(anonymous_9)
FNDA:97,(anonymous_10)
FNDA:0,(anonymous_11)
FNDA:0,(anonymous_12)
FNDA:0,(anonymous_13)
FNDA:114,(anonymous_14)
FNDA:0,(anonymous_15)
FNDA:0,(anonymous_16)
DA:9,6
DA:10,6
DA:11,6
DA:12,6
DA:13,6
DA:14,6
DA:16,6
DA:17,113
DA:18,113
DA:19,113
DA:20,113
DA:21,113
DA:24,113
DA:25,113
DA:26,97
DA:27,97
DA:31,97
DA:32,0
DA:35,97
DA:36,97
DA:37,97
DA:40,97
DA:41,97
DA:42,0
DA:45,0
DA:46,0
DA:51,0
DA:54,0
DA:55,0
DA:57,0
DA:58,0
DA:62,0
DA:65,0
DA:68,0
DA:69,0
DA:73,0
DA:81,0
DA:82,0
DA:85,0
DA:87,0
DA:90,0
DA:93,0
DA:95,0
DA:102,0
DA:104,0
DA:107,0
DA:123,0
DA:124,0
DA:129,0
DA:131,0
DA:132,0
DA:133,0
DA:134,0
DA:136,0
DA:141,0
DA:161,0
DA:163,0
DA:164,0
DA:172,0
DA:173,0
DA:181,0
DA:183,0
DA:185,0
DA:186,0
DA:187,0
DA:197,0
DA:198,0
DA:200,0
DA:203,0
DA:214,0
DA:217,0
DA:218,0
DA:222,0
DA:232,97
DA:236,0
DA:238,0
DA:239,0
DA:241,0
DA:246,0
DA:250,0
DA:254,114
DA:255,114
DA:263,0
DA:267,0
LF:84
LH:25
BRDA:31,0,0,0
BRDA:41,1,0,0
BRDA:41,2,0,97
BRDA:41,2,1,97
BRDA:57,3,0,0
BRDA:65,4,0,0
BRDA:65,4,1,0
BRDA:78,5,0,0
BRDA:78,5,1,0
BRDA:98,6,0,0
BRDA:98,6,1,0
BRDA:99,7,0,0
BRDA:99,7,1,0
BRDA:114,8,0,0
BRDA:114,8,1,0
BRDA:159,9,0,0
BRDA:163,10,0,0
BRDA:172,11,0,0
BRDA:204,12,0,0
BRDA:204,12,1,0
BRDA:205,13,0,0
BRDA:205,13,1,0
BRDA:217,14,0,0
BRDA:217,15,0,0
BRDA:217,15,1,0
BRDA:217,15,2,0
BRDA:224,16,0,0
BRDA:224,16,1,0
BRDA:238,17,0,0
BRDA:238,17,1,0
BRF:30
BRH:2
end_of_record
TN:
SF:src\features\scanner\services\rateLimitingService.ts
FN:77,(anonymous_0)
FN:84,(anonymous_1)
FN:91,(anonymous_2)
FN:156,(anonymous_3)
FN:231,(anonymous_4)
FN:237,(anonymous_5)
FN:245,(anonymous_6)
FN:258,(anonymous_7)
FN:269,(anonymous_8)
FN:295,(anonymous_9)
FN:335,(anonymous_10)
FN:369,(anonymous_11)
FN:374,(anonymous_12)
FN:379,(anonymous_13)
FN:389,(anonymous_14)
FN:394,(anonymous_15)
FN:407,(anonymous_16)
FN:419,(anonymous_17)
FN:469,(anonymous_18)
FN:484,(anonymous_19)
FN:503,(anonymous_20)
FN:530,(anonymous_21)
FN:540,(anonymous_22)
FN:548,(anonymous_23)
FN:569,(anonymous_24)
FN:576,(anonymous_25)
FN:584,(anonymous_26)
FN:618,(anonymous_27)
FN:627,(anonymous_28)
FN:634,(anonymous_29)
FN:636,(anonymous_30)
FN:646,(anonymous_31)
FN:652,(anonymous_32)
FN:659,(anonymous_33)
FN:665,(anonymous_34)
FN:671,(anonymous_35)
FN:688,(anonymous_36)
FN:700,(anonymous_37)
FN:713,(anonymous_38)
FN:736,(anonymous_39)
FNF:40
FNH:38
FNDA:55,(anonymous_0)
FNDA:171,(anonymous_1)
FNDA:55,(anonymous_2)
FNDA:73,(anonymous_3)
FNDA:10,(anonymous_4)
FNDA:10,(anonymous_5)
FNDA:6,(anonymous_6)
FNDA:2,(anonymous_7)
FNDA:2,(anonymous_8)
FNDA:445,(anonymous_9)
FNDA:4,(anonymous_10)
FNDA:3,(anonymous_11)
FNDA:0,(anonymous_12)
FNDA:0,(anonymous_13)
FNDA:224,(anonymous_14)
FNDA:4,(anonymous_15)
FNDA:96,(anonymous_16)
FNDA:83,(anonymous_17)
FNDA:52,(anonymous_18)
FNDA:214,(anonymous_19)
FNDA:1,(anonymous_20)
FNDA:81,(anonymous_21)
FNDA:18,(anonymous_22)
FNDA:444,(anonymous_23)
FNDA:34,(anonymous_24)
FNDA:33,(anonymous_25)
FNDA:8,(anonymous_26)
FNDA:9,(anonymous_27)
FNDA:17,(anonymous_28)
FNDA:2,(anonymous_29)
FNDA:2,(anonymous_30)
FNDA:55,(anonymous_31)
FNDA:4,(anonymous_32)
FNDA:55,(anonymous_33)
FNDA:11,(anonymous_34)
FNDA:55,(anonymous_35)
FNDA:127,(anonymous_36)
FNDA:1,(anonymous_37)
FNDA:2,(anonymous_38)
FNDA:74,(anonymous_39)
DA:2,5
DA:3,5
DA:4,5
DA:65,5
DA:67,55
DA:68,55
DA:69,55
DA:70,55
DA:71,55
DA:72,55
DA:74,55
DA:75,55
DA:78,55
DA:79,55
DA:80,55
DA:81,55
DA:85,171
DA:86,55
DA:88,171
DA:93,55
DA:101,55
DA:109,55
DA:117,55
DA:125,55
DA:133,55
DA:141,55
DA:142,165
DA:149,165
DA:157,73
DA:158,73
DA:160,72
DA:161,0
DA:165,72
DA:168,72
DA:169,72
DA:170,2
DA:174,70
DA:176,70
DA:178,52
DA:179,52
DA:181,52
DA:187,52
DA:199,18
DA:201,18
DA:207,18
DA:214,18
DA:237,10
DA:238,10
DA:240,10
DA:246,6
DA:247,6
DA:248,5
DA:250,1
DA:257,10
DA:258,10
DA:259,2
DA:260,2
DA:265,10
DA:266,10
DA:269,10
DA:270,2
DA:271,1
DA:273,1
DA:276,10
DA:278,10
DA:286,10
DA:287,8
DA:296,445
DA:298,445
DA:299,33
DA:300,33
DA:301,1
DA:304,32
DA:305,32
DA:306,32
DA:308,32
DA:323,32
DA:327,444
DA:329,444
DA:336,4
DA:338,4
DA:339,12
DA:341,12
DA:342,12
DA:344,12
DA:345,11
DA:347,11
DA:359,1
DA:363,4
DA:370,3
DA:372,3
DA:373,9
DA:374,9
DA:376,9
DA:379,0
DA:383,3
DA:390,224
DA:391,224
DA:394,224
DA:395,4
DA:396,4
DA:398,4
DA:401,224
DA:403,224
DA:404,224
DA:408,96
DA:409,96
DA:411,96
DA:412,96
DA:413,96
DA:415,96
DA:416,96
DA:420,83
DA:421,83
DA:423,83
DA:424,0
DA:428,83
DA:429,1
DA:443,82
DA:444,1
DA:457,81
DA:470,52
DA:471,52
DA:472,52
DA:473,52
DA:475,52
DA:478,52
DA:479,52
DA:480,1
DA:485,214
DA:486,214
DA:488,214
DA:490,214
DA:491,214
DA:492,214
DA:494,214
DA:495,0
DA:496,214
DA:497,3
DA:500,211
DA:504,1
DA:506,1
DA:515,1
DA:531,81
DA:532,81
DA:534,81
DA:535,81
DA:537,81
DA:541,18
DA:542,18
DA:544,18
DA:545,18
DA:549,444
DA:550,444
DA:552,444
DA:555,444
DA:556,2
DA:557,2
DA:558,2
DA:562,444
DA:563,1
DA:564,1
DA:565,1
DA:570,34
DA:571,34
DA:572,34
DA:573,34
DA:577,33
DA:578,33
DA:579,33
DA:580,33
DA:581,33
DA:585,8
DA:587,8
DA:589,8
DA:590,9
DA:591,27
DA:593,9
DA:594,9
DA:596,9
DA:597,7
DA:599,7
DA:600,6
DA:603,6
DA:610,6
DA:613,1
DA:618,9
DA:620,9
DA:624,3
DA:628,17
DA:629,33
DA:631,8
DA:635,2
DA:636,2
DA:638,2
DA:639,2
DA:640,2
DA:641,2
DA:648,55
DA:649,0
DA:650,0
DA:652,55
DA:653,4
DA:654,12
DA:661,55
DA:662,0
DA:663,0
DA:665,55
DA:666,11
DA:667,0
DA:672,55
DA:673,55
DA:674,55
DA:675,1
DA:677,1
DA:678,1
DA:681,1
DA:684,0
DA:689,127
DA:690,127
DA:691,127
DA:693,16
DA:701,1
DA:702,1
DA:703,1
DA:704,1
DA:706,1
DA:707,1
DA:714,2
DA:715,2
DA:716,1
DA:717,1
DA:720,1
DA:721,1
DA:722,1
DA:723,1
DA:724,1
DA:725,1
DA:729,1
DA:738,74
DA:739,222
DA:743,74
DA:744,54
DA:745,54
DA:747,74
DA:748,54
DA:749,54
DA:752,74
DA:753,74
DA:757,5
LF:250
LH:240
BRDA:85,0,0,55
BRDA:143,1,0,165
BRDA:143,1,1,0
BRDA:144,2,0,165
BRDA:144,2,1,0
BRDA:145,3,0,165
BRDA:145,3,1,0
BRDA:160,4,0,0
BRDA:169,5,0,2
BRDA:176,6,0,52
BRDA:176,6,1,18
BRDA:234,7,0,4
BRDA:235,8,0,6
BRDA:257,9,0,10
BRDA:265,10,0,10
BRDA:265,10,1,0
BRDA:270,11,0,1
BRDA:286,12,0,8
BRDA:298,13,0,33
BRDA:300,14,0,1
BRDA:348,15,0,11
BRDA:348,15,1,11
BRDA:351,16,0,0
BRDA:351,16,1,11
BRDA:378,17,0,0
BRDA:378,17,1,9
BRDA:379,18,0,0
BRDA:379,18,1,9
BRDA:390,19,0,224
BRDA:390,19,1,0
BRDA:395,20,0,4
BRDA:409,21,0,0
BRDA:423,22,0,0
BRDA:428,23,0,1
BRDA:443,24,0,1
BRDA:479,25,0,1
BRDA:488,26,0,0
BRDA:494,27,0,0
BRDA:494,27,1,214
BRDA:496,28,0,3
BRDA:532,29,0,0
BRDA:542,30,0,0
BRDA:550,31,0,0
BRDA:555,32,0,2
BRDA:562,33,0,1
BRDA:585,34,0,0
BRDA:591,35,0,18
BRDA:596,36,0,7
BRDA:599,37,0,6
BRDA:620,38,0,9
BRDA:620,38,1,0
BRDA:629,39,0,9
BRDA:635,40,0,2
BRDA:635,40,1,0
BRDA:638,41,0,2
BRDA:640,42,0,2
BRDA:648,43,0,0
BRDA:661,44,0,0
BRDA:666,45,0,0
BRDA:666,46,0,11
BRDA:666,46,1,5
BRDA:674,47,0,1
BRDA:715,48,0,1
BRDA:720,49,0,1
BRDA:720,50,0,1
BRDA:720,50,1,0
BRDA:722,51,0,1
BRDA:723,52,0,1
BRDA:723,52,1,0
BRDA:724,53,0,1
BRDA:724,53,1,0
BRDA:743,54,0,54
BRDA:747,55,0,54
BRF:73
BRH:48
end_of_record
TN:
SF:src\features\scanner\services\resultCacheService.ts
FN:51,(anonymous_0)
FN:56,(anonymous_1)
FN:66,(anonymous_2)
FN:75,(anonymous_3)
FN:82,(anonymous_4)
FN:91,(anonymous_5)
FN:127,(anonymous_6)
FN:146,(anonymous_7)
FN:177,(anonymous_8)
FN:196,(anonymous_9)
FN:227,(anonymous_10)
FN:246,(anonymous_11)
FN:261,(anonymous_12)
FN:272,(anonymous_13)
FN:282,(anonymous_14)
FN:304,(anonymous_15)
FN:306,(anonymous_16)
FN:314,(anonymous_17)
FN:315,(anonymous_18)
FN:316,(anonymous_19)
FN:323,(anonymous_20)
FN:325,(anonymous_21)
FN:330,(anonymous_22)
FN:334,(anonymous_23)
FN:349,(anonymous_24)
FN:372,(anonymous_25)
FN:373,(anonymous_26)
FN:387,(anonymous_27)
FN:389,(anonymous_28)
FN:408,(anonymous_29)
FN:410,(anonymous_30)
FN:426,(anonymous_31)
FN:437,(anonymous_32)
FN:462,(anonymous_33)
FN:481,(anonymous_34)
FN:489,(anonymous_35)
FN:491,(anonymous_36)
FN:499,(anonymous_37)
FN:507,(anonymous_38)
FN:518,(anonymous_39)
FNF:40
FNH:38
FNDA:64,(anonymous_0)
FNDA:237,(anonymous_1)
FNDA:91,(anonymous_2)
FNDA:2,(anonymous_3)
FNDA:1,(anonymous_4)
FNDA:62,(anonymous_5)
FNDA:64,(anonymous_6)
FNDA:2,(anonymous_7)
FNDA:2,(anonymous_8)
FNDA:2,(anonymous_9)
FNDA:1,(anonymous_10)
FNDA:21,(anonymous_11)
FNDA:1,(anonymous_12)
FNDA:2,(anonymous_13)
FNDA:4,(anonymous_14)
FNDA:5,(anonymous_15)
FNDA:6,(anonymous_16)
FNDA:6,(anonymous_17)
FNDA:6,(anonymous_18)
FNDA:6,(anonymous_19)
FNDA:1,(anonymous_20)
FNDA:2,(anonymous_21)
FNDA:1,(anonymous_22)
FNDA:65,(anonymous_23)
FNDA:67,(anonymous_24)
FNDA:65,(anonymous_25)
FNDA:13,(anonymous_26)
FNDA:3,(anonymous_27)
FNDA:0,(anonymous_28)
FNDA:2,(anonymous_29)
FNDA:2,(anonymous_30)
FNDA:5,(anonymous_31)
FNDA:64,(anonymous_32)
FNDA:147,(anonymous_33)
FNDA:3,(anonymous_34)
FNDA:64,(anonymous_35)
FNDA:0,(anonymous_36)
FNDA:1,(anonymous_37)
FNDA:1,(anonymous_38)
FNDA:80,(anonymous_39)
DA:3,5
DA:4,5
DA:34,5
DA:36,64
DA:37,64
DA:43,64
DA:52,64
DA:53,64
DA:57,237
DA:58,64
DA:60,237
DA:67,91
DA:68,91
DA:69,91
DA:76,2
DA:83,1
DA:84,1
DA:85,1
DA:96,62
DA:97,62
DA:98,62
DA:99,61
DA:101,61
DA:111,61
DA:113,61
DA:115,1
DA:116,1
DA:128,64
DA:129,64
DA:130,63
DA:131,29
DA:132,29
DA:134,34
DA:135,34
DA:138,1
DA:139,1
DA:151,2
DA:152,2
DA:153,2
DA:154,2
DA:156,2
DA:166,2
DA:168,2
DA:170,0
DA:178,2
DA:179,2
DA:180,2
DA:181,1
DA:182,1
DA:184,1
DA:185,1
DA:188,0
DA:189,0
DA:201,2
DA:202,2
DA:203,2
DA:204,2
DA:206,2
DA:216,2
DA:218,2
DA:220,0
DA:228,1
DA:229,1
DA:230,1
DA:231,1
DA:232,1
DA:234,0
DA:235,0
DA:238,0
DA:239,0
DA:247,21
DA:248,21
DA:250,14
DA:251,1
DA:252,1
DA:255,13
DA:262,1
DA:263,1
DA:264,1
DA:266,1
DA:273,2
DA:274,2
DA:275,2
DA:276,2
DA:283,4
DA:284,4
DA:286,4
DA:287,5
DA:288,1
DA:289,1
DA:293,4
DA:294,1
DA:295,1
DA:298,4
DA:305,5
DA:306,6
DA:307,5
DA:309,5
DA:314,6
DA:315,6
DA:316,6
DA:324,1
DA:325,2
DA:330,1
DA:340,65
DA:342,65
DA:344,65
DA:345,65
DA:350,67
DA:352,66
DA:353,34
DA:354,34
DA:358,32
DA:359,1
DA:360,1
DA:361,1
DA:365,31
DA:366,31
DA:367,31
DA:369,31
DA:373,65
DA:374,65
DA:377,65
DA:378,3
DA:382,65
DA:383,2
DA:388,3
DA:391,0
DA:392,0
DA:393,0
DA:396,3
DA:397,3
DA:398,3
DA:400,3
DA:401,3
DA:402,3
DA:405,3
DA:409,2
DA:412,2
DA:413,2
DA:414,1
DA:417,2
DA:418,2
DA:419,2
DA:420,2
DA:423,2
DA:427,5
DA:428,5
DA:429,5
DA:430,139
DA:431,139
DA:432,139
DA:434,5
DA:438,64
DA:440,64
DA:441,64
DA:442,64
DA:443,2
DA:444,1
DA:446,1
DA:447,1
DA:449,1
DA:450,1
DA:454,1
DA:457,1
DA:458,1
DA:463,147
DA:465,147
DA:466,147
DA:467,147
DA:469,3
DA:471,3
DA:472,3
DA:473,3
DA:474,3
DA:476,2
DA:482,3
DA:483,3
DA:485,0
DA:491,64
DA:492,0
DA:501,1
DA:508,1
DA:519,80
DA:520,80
DA:524,5
LF:186
LH:173
BRDA:57,0,0,64
BRDA:68,1,0,4
BRDA:68,1,1,87
BRDA:76,2,0,2
BRDA:76,2,1,1
BRDA:84,3,0,1
BRDA:84,3,1,0
BRDA:94,4,0,47
BRDA:116,5,0,1
BRDA:116,5,1,0
BRDA:130,6,0,29
BRDA:130,6,1,34
BRDA:149,7,0,2
BRDA:180,8,0,1
BRDA:180,8,1,1
BRDA:199,9,0,2
BRDA:230,10,0,1
BRDA:230,10,1,0
BRDA:248,11,0,7
BRDA:250,12,0,1
BRDA:263,13,0,1
BRDA:287,14,0,1
BRDA:293,15,0,1
BRDA:312,16,0,3
BRDA:312,16,1,2
BRDA:313,17,0,3
BRDA:313,17,1,2
BRDA:314,18,0,4
BRDA:314,18,1,1
BRDA:315,19,0,4
BRDA:315,19,1,1
BRDA:316,20,0,4
BRDA:316,20,1,1
BRDA:323,21,0,0
BRDA:344,22,0,65
BRDA:352,23,0,34
BRDA:358,24,0,1
BRDA:377,25,0,3
BRDA:382,26,0,2
BRDA:392,27,0,0
BRDA:398,28,0,0
BRDA:413,29,0,1
BRDA:417,30,0,4
BRDA:417,30,1,2
BRDA:438,31,0,0
BRDA:442,32,0,2
BRDA:449,33,0,1
BRDA:463,34,0,0
BRF:48
BRH:40
end_of_record
