TN:
SF:src\features\analytics\index.ts
FNF:0
FNH:0
LF:0
LH:0
BRF:0
BRH:0
end_of_record
TN:
SF:src\features\analytics\components\AdvancedFinancialAnalytics.jsx
FN:43,(anonymous_0)
FN:48,(anonymous_1)
FN:55,(anonymous_2)
FN:60,(anonymous_3)
FN:74,(anonymous_4)
FN:79,(anonymous_5)
FN:81,(anonymous_6)
FN:85,(anonymous_7)
FN:93,(anonymous_8)
FN:101,(anonymous_9)
FN:116,(anonymous_10)
FN:120,(anonymous_11)
FN:125,(anonymous_12)
FN:142,(anonymous_13)
FN:145,(anonymous_14)
FN:177,(anonymous_15)
FN:251,(anonymous_16)
FN:270,(anonymous_17)
FN:273,(anonymous_18)
FN:297,(anonymous_19)
FNF:20
FNH:0
FNDA:0,(anonymous_0)
FNDA:0,(anonymous_1)
FNDA:0,(anonymous_2)
FNDA:0,(anonymous_3)
FNDA:0,(anonymous_4)
FNDA:0,(anonymous_5)
FNDA:0,(anonymous_6)
FNDA:0,(anonymous_7)
FNDA:0,(anonymous_8)
FNDA:0,(anonymous_9)
FNDA:0,(anonymous_10)
FNDA:0,(anonymous_11)
FNDA:0,(anonymous_12)
FNDA:0,(anonymous_13)
FNDA:0,(anonymous_14)
FNDA:0,(anonymous_15)
FNDA:0,(anonymous_16)
FNDA:0,(anonymous_17)
FNDA:0,(anonymous_18)
FNDA:0,(anonymous_19)
DA:30,0
DA:43,0
DA:44,0
DA:45,0
DA:46,0
DA:48,0
DA:49,0
DA:55,0
DA:56,0
DA:57,0
DA:60,0
DA:61,0
DA:74,0
DA:75,0
DA:76,0
DA:79,0
DA:80,0
DA:81,0
DA:85,0
DA:93,0
DA:101,0
DA:109,0
DA:116,0
DA:120,0
DA:122,0
DA:125,0
DA:127,0
DA:128,0
DA:129,0
DA:141,0
DA:142,0
DA:145,0
DA:164,0
DA:177,0
DA:181,0
DA:184,0
DA:219,0
DA:237,0
DA:251,0
DA:271,0
DA:273,0
DA:298,0
LF:42
LH:0
BRDA:52,0,0,0
BRDA:52,0,1,0
BRDA:56,1,0,0
BRDA:56,1,1,0
BRDA:57,2,0,0
BRDA:57,2,1,0
BRDA:76,3,0,0
BRDA:76,3,1,0
BRDA:76,4,0,0
BRDA:76,4,1,0
BRDA:125,5,0,0
BRDA:127,6,0,0
BRDA:127,6,1,0
BRDA:128,7,0,0
BRDA:128,7,1,0
BRDA:128,8,0,0
BRDA:128,8,1,0
BRDA:128,8,2,0
BRDA:142,9,0,0
BRDA:142,9,1,0
BRDA:145,10,0,0
BRDA:145,10,1,0
BRDA:172,11,0,0
BRDA:172,11,1,0
BRDA:275,12,0,0
BRDA:275,12,1,0
BRDA:291,13,0,0
BRDA:291,13,1,0
BRDA:312,14,0,0
BRDA:312,14,1,0
BRDA:321,15,0,0
BRDA:321,15,1,0
BRF:32
BRH:0
end_of_record
TN:
SF:src\features\analytics\components\AdvancedTimePeriodSelector.jsx
FN:10,(anonymous_0)
FN:41,(anonymous_1)
FN:61,(anonymous_2)
FN:70,(anonymous_3)
FN:80,(anonymous_4)
FN:91,(anonymous_5)
FN:102,(anonymous_6)
FN:113,(anonymous_7)
FN:124,(anonymous_8)
FN:136,(anonymous_9)
FN:147,(anonymous_10)
FN:158,(anonymous_11)
FN:169,(anonymous_12)
FN:179,(anonymous_13)
FN:184,(anonymous_14)
FN:185,(anonymous_15)
FN:211,(anonymous_16)
FN:225,(anonymous_17)
FN:226,(anonymous_18)
FN:231,(anonymous_19)
FN:261,(anonymous_20)
FN:278,(anonymous_21)
FN:281,(anonymous_22)
FN:304,(anonymous_23)
FN:316,(anonymous_24)
FN:328,(anonymous_25)
FN:353,(anonymous_26)
FNF:27
FNH:0
FNDA:0,(anonymous_0)
FNDA:0,(anonymous_1)
FNDA:0,(anonymous_2)
FNDA:0,(anonymous_3)
FNDA:0,(anonymous_4)
FNDA:0,(anonymous_5)
FNDA:0,(anonymous_6)
FNDA:0,(anonymous_7)
FNDA:0,(anonymous_8)
FNDA:0,(anonymous_9)
FNDA:0,(anonymous_10)
FNDA:0,(anonymous_11)
FNDA:0,(anonymous_12)
FNDA:0,(anonymous_13)
FNDA:0,(anonymous_14)
FNDA:0,(anonymous_15)
FNDA:0,(anonymous_16)
FNDA:0,(anonymous_17)
FNDA:0,(anonymous_18)
FNDA:0,(anonymous_19)
FNDA:0,(anonymous_20)
FNDA:0,(anonymous_21)
FNDA:0,(anonymous_22)
FNDA:0,(anonymous_23)
FNDA:0,(anonymous_24)
FNDA:0,(anonymous_25)
FNDA:0,(anonymous_26)
DA:10,0
DA:20,0
DA:21,0
DA:22,0
DA:25,0
DA:30,0
DA:32,0
DA:41,0
DA:42,0
DA:43,0
DA:56,0
DA:62,0
DA:63,0
DA:71,0
DA:72,0
DA:73,0
DA:81,0
DA:82,0
DA:83,0
DA:84,0
DA:92,0
DA:93,0
DA:94,0
DA:95,0
DA:103,0
DA:104,0
DA:105,0
DA:106,0
DA:114,0
DA:115,0
DA:116,0
DA:117,0
DA:125,0
DA:126,0
DA:127,0
DA:128,0
DA:129,0
DA:137,0
DA:138,0
DA:139,0
DA:140,0
DA:148,0
DA:149,0
DA:150,0
DA:151,0
DA:159,0
DA:160,0
DA:161,0
DA:162,0
DA:170,0
DA:171,0
DA:172,0
DA:179,0
DA:184,0
DA:185,0
DA:186,0
DA:187,0
DA:189,0
DA:194,0
DA:195,0
DA:198,0
DA:207,0
DA:211,0
DA:212,0
DA:213,0
DA:215,0
DA:220,0
DA:221,0
DA:225,0
DA:226,0
DA:227,0
DA:231,0
DA:232,0
DA:233,0
DA:234,0
DA:236,0
DA:237,0
DA:244,0
DA:254,0
DA:261,0
DA:279,0
DA:281,0
DA:304,0
DA:316,0
DA:328,0
DA:354,0
DA:355,0
LF:87
LH:0
BRDA:15,0,0,0
BRDA:17,1,0,0
BRDA:30,2,0,0
BRDA:30,2,1,0
BRDA:42,3,0,0
BRDA:42,3,1,0
BRDA:42,4,0,0
BRDA:42,4,1,0
BRDA:42,4,2,0
BRDA:186,5,0,0
BRDA:186,5,1,0
BRDA:227,6,0,0
BRDA:227,6,1,0
BRDA:236,7,0,0
BRDA:236,7,1,0
BRDA:275,8,0,0
BRDA:275,8,1,0
BRDA:286,9,0,0
BRDA:286,9,1,0
BRDA:297,10,0,0
BRDA:297,10,1,0
BRDA:313,11,0,0
BRDA:313,11,1,0
BRDA:313,11,2,0
BRDA:336,12,0,0
BRDA:336,12,1,0
BRDA:344,13,0,0
BRDA:344,13,1,0
BRDA:350,14,0,0
BRDA:350,14,1,0
BRDA:350,14,2,0
BRF:31
BRH:0
end_of_record
TN:
SF:src\features\analytics\components\AdvancedVisualizations.jsx
FN:39,(anonymous_0)
FN:44,(anonymous_1)
FN:66,(anonymous_2)
FN:69,(anonymous_3)
FN:71,(anonymous_4)
FN:76,(anonymous_5)
FN:81,(anonymous_6)
FN:92,(anonymous_7)
FN:95,(anonymous_8)
FN:103,(anonymous_9)
FN:111,(anonymous_10)
FN:138,(anonymous_11)
FN:143,(anonymous_12)
FN:151,(anonymous_13)
FN:168,(anonymous_14)
FN:181,(anonymous_15)
FN:185,(anonymous_16)
FN:210,(anonymous_17)
FN:233,(anonymous_18)
FN:245,(anonymous_19)
FN:249,(anonymous_20)
FN:273,(anonymous_21)
FN:281,(anonymous_22)
FN:289,(anonymous_23)
FN:292,(anonymous_24)
FN:316,(anonymous_25)
FN:338,(anonymous_26)
FN:383,(anonymous_27)
FN:388,(anonymous_28)
FNF:29
FNH:0
FNDA:0,(anonymous_0)
FNDA:0,(anonymous_1)
FNDA:0,(anonymous_2)
FNDA:0,(anonymous_3)
FNDA:0,(anonymous_4)
FNDA:0,(anonymous_5)
FNDA:0,(anonymous_6)
FNDA:0,(anonymous_7)
FNDA:0,(anonymous_8)
FNDA:0,(anonymous_9)
FNDA:0,(anonymous_10)
FNDA:0,(anonymous_11)
FNDA:0,(anonymous_12)
FNDA:0,(anonymous_13)
FNDA:0,(anonymous_14)
FNDA:0,(anonymous_15)
FNDA:0,(anonymous_16)
FNDA:0,(anonymous_17)
FNDA:0,(anonymous_18)
FNDA:0,(anonymous_19)
FNDA:0,(anonymous_20)
FNDA:0,(anonymous_21)
FNDA:0,(anonymous_22)
FNDA:0,(anonymous_23)
FNDA:0,(anonymous_24)
FNDA:0,(anonymous_25)
FNDA:0,(anonymous_26)
FNDA:0,(anonymous_27)
FNDA:0,(anonymous_28)
DA:26,0
DA:39,0
DA:40,0
DA:41,0
DA:44,0
DA:45,0
DA:59,0
DA:62,0
DA:66,0
DA:67,0
DA:69,0
DA:71,0
DA:76,0
DA:77,0
DA:79,0
DA:81,0
DA:92,0
DA:93,0
DA:95,0
DA:103,0
DA:104,0
DA:105,0
DA:107,0
DA:111,0
DA:112,0
DA:113,0
DA:114,0
DA:116,0
DA:138,0
DA:139,0
DA:144,0
DA:152,0
DA:169,0
DA:181,0
DA:182,0
DA:186,0
DA:210,0
DA:211,0
DA:234,0
DA:245,0
DA:246,0
DA:250,0
DA:273,0
DA:274,0
DA:282,0
DA:290,0
DA:293,0
DA:316,0
DA:317,0
DA:339,0
DA:358,0
DA:379,0
DA:384,0
DA:385,0
DA:388,0
LF:55
LH:0
BRDA:97,0,0,0
BRDA:97,0,1,0
BRDA:98,1,0,0
BRDA:98,1,1,0
BRDA:157,2,0,0
BRDA:157,2,1,0
BRDA:262,3,0,0
BRDA:262,3,1,0
BRDA:298,4,0,0
BRDA:298,4,1,0
BRDA:301,5,0,0
BRDA:301,5,1,0
BRDA:390,6,0,0
BRDA:390,6,1,0
BRF:14
BRH:0
end_of_record
TN:
SF:src\features\analytics\components\AnalyticsDashboard.jsx
FN:56,(anonymous_0)
FN:83,(anonymous_1)
FN:89,(anonymous_2)
FN:113,(anonymous_3)
FN:117,(anonymous_4)
FN:119,(anonymous_5)
FN:125,(anonymous_6)
FN:129,(anonymous_7)
FN:135,(anonymous_8)
FN:174,(anonymous_9)
FN:180,(anonymous_10)
FN:189,(anonymous_11)
FN:279,(anonymous_12)
FN:300,(anonymous_13)
FN:304,(anonymous_14)
FN:311,(anonymous_15)
FN:347,(anonymous_16)
FN:379,(anonymous_17)
FN:388,(anonymous_18)
FN:419,(anonymous_19)
FN:513,(anonymous_20)
FN:524,(anonymous_21)
FN:527,(anonymous_22)
FN:542,(anonymous_23)
FN:543,(anonymous_24)
FN:555,(anonymous_25)
FN:556,(anonymous_26)
FN:563,(anonymous_27)
FN:590,(anonymous_28)
FN:608,(anonymous_29)
FN:619,(anonymous_30)
FN:632,(anonymous_31)
FN:681,(anonymous_32)
FNF:33
FNH:0
FNDA:0,(anonymous_0)
FNDA:0,(anonymous_1)
FNDA:0,(anonymous_2)
FNDA:0,(anonymous_3)
FNDA:0,(anonymous_4)
FNDA:0,(anonymous_5)
FNDA:0,(anonymous_6)
FNDA:0,(anonymous_7)
FNDA:0,(anonymous_8)
FNDA:0,(anonymous_9)
FNDA:0,(anonymous_10)
FNDA:0,(anonymous_11)
FNDA:0,(anonymous_12)
FNDA:0,(anonymous_13)
FNDA:0,(anonymous_14)
FNDA:0,(anonymous_15)
FNDA:0,(anonymous_16)
FNDA:0,(anonymous_17)
FNDA:0,(anonymous_18)
FNDA:0,(anonymous_19)
FNDA:0,(anonymous_20)
FNDA:0,(anonymous_21)
FNDA:0,(anonymous_22)
FNDA:0,(anonymous_23)
FNDA:0,(anonymous_24)
FNDA:0,(anonymous_25)
FNDA:0,(anonymous_26)
FNDA:0,(anonymous_27)
FNDA:0,(anonymous_28)
FNDA:0,(anonymous_29)
FNDA:0,(anonymous_30)
FNDA:0,(anonymous_31)
FNDA:0,(anonymous_32)
DA:43,0
DA:56,0
DA:57,0
DA:59,0
DA:60,0
DA:61,0
DA:62,0
DA:63,0
DA:64,0
DA:65,0
DA:66,0
DA:69,0
DA:70,0
DA:71,0
DA:72,0
DA:74,0
DA:78,0
DA:79,0
DA:80,0
DA:83,0
DA:84,0
DA:85,0
DA:89,0
DA:90,0
DA:91,0
DA:92,0
DA:93,0
DA:100,0
DA:101,0
DA:102,0
DA:103,0
DA:105,0
DA:106,0
DA:108,0
DA:113,0
DA:114,0
DA:117,0
DA:118,0
DA:119,0
DA:120,0
DA:123,0
DA:125,0
DA:129,0
DA:130,0
DA:131,0
DA:135,0
DA:136,0
DA:137,0
DA:159,0
DA:163,0
DA:164,0
DA:174,0
DA:175,0
DA:176,0
DA:177,0
DA:180,0
DA:189,0
DA:190,0
DA:279,0
DA:280,0
DA:300,0
DA:304,0
DA:311,0
DA:348,0
DA:379,0
DA:388,0
DA:419,0
DA:420,0
DA:481,0
DA:513,0
DA:525,0
DA:527,0
DA:543,0
DA:556,0
DA:563,0
DA:590,0
DA:608,0
DA:619,0
DA:632,0
DA:682,0
LF:80
LH:0
BRDA:83,0,0,0
BRDA:83,1,0,0
BRDA:84,2,0,0
BRDA:84,2,1,0
BRDA:100,3,0,0
BRDA:100,3,1,0
BRDA:101,4,0,0
BRDA:101,4,1,0
BRDA:102,5,0,0
BRDA:102,5,1,0
BRDA:103,6,0,0
BRDA:103,6,1,0
BRDA:118,7,0,0
BRDA:118,7,1,0
BRDA:159,8,0,0
BRDA:159,8,1,0
BRDA:163,9,0,0
BRDA:163,9,1,0
BRDA:198,10,0,0
BRDA:198,10,1,0
BRDA:203,11,0,0
BRDA:203,11,1,0
BRDA:220,12,0,0
BRDA:220,12,1,0
BRDA:227,13,0,0
BRDA:227,13,1,0
BRDA:244,14,0,0
BRDA:244,14,1,0
BRDA:264,15,0,0
BRDA:264,15,1,0
BRDA:300,16,0,0
BRDA:300,16,1,0
BRDA:379,17,0,0
BRDA:379,17,1,0
BRDA:388,18,0,0
BRDA:388,18,1,0
BRDA:434,19,0,0
BRDA:434,19,1,0
BRDA:447,20,0,0
BRDA:447,20,1,0
BRDA:459,21,0,0
BRDA:459,21,1,0
BRDA:471,22,0,0
BRDA:471,22,1,0
BRDA:520,23,0,0
BRDA:520,23,1,0
BRDA:583,24,0,0
BRDA:583,24,1,0
BRDA:592,25,0,0
BRDA:592,25,1,0
BRDA:597,26,0,0
BRDA:597,26,1,0
BRDA:602,27,0,0
BRDA:602,27,1,0
BRDA:605,28,0,0
BRDA:605,28,1,0
BRDA:621,29,0,0
BRDA:621,29,1,0
BRDA:627,30,0,0
BRDA:627,30,1,0
BRDA:634,31,0,0
BRDA:634,31,1,0
BRDA:640,32,0,0
BRDA:640,32,1,0
BRDA:648,33,0,0
BRDA:648,33,1,0
BRDA:657,34,0,0
BRDA:657,34,1,0
BRDA:677,35,0,0
BRDA:677,35,1,0
BRDA:677,35,2,0
BRF:71
BRH:0
end_of_record
TN:
SF:src\features\analytics\components\ClientAnalyticsWidgets.jsx
FN:39,(anonymous_0)
FN:69,(anonymous_1)
FN:138,(anonymous_2)
FN:143,(anonymous_3)
FN:145,(anonymous_4)
FN:149,(anonymous_5)
FN:154,(anonymous_6)
FN:158,(anonymous_7)
FN:163,(anonymous_8)
FN:176,(anonymous_9)
FN:177,(anonymous_10)
FN:182,(anonymous_11)
FN:183,(anonymous_12)
FN:189,(anonymous_13)
FN:189,(anonymous_14)
FN:190,(anonymous_15)
FN:225,(anonymous_16)
FN:239,(anonymous_17)
FN:266,(anonymous_18)
FN:274,(anonymous_19)
FN:282,(anonymous_20)
FN:291,(anonymous_21)
FN:342,(anonymous_22)
FN:363,(anonymous_23)
FN:369,(anonymous_24)
FN:370,(anonymous_25)
FN:384,(anonymous_26)
FN:393,(anonymous_27)
FN:424,(anonymous_28)
FN:433,(anonymous_29)
FN:455,(anonymous_30)
FN:457,(anonymous_31)
FN:471,(anonymous_32)
FN:473,(anonymous_33)
FN:502,(anonymous_34)
FN:542,(anonymous_35)
FN:550,(anonymous_36)
FN:611,(anonymous_37)
FN:614,(anonymous_38)
FN:641,(anonymous_39)
FN:768,(anonymous_40)
FN:777,(anonymous_41)
FN:819,(anonymous_42)
FN:830,(anonymous_43)
FN:923,(anonymous_44)
FN:939,(anonymous_45)
FN:992,(anonymous_46)
FNF:47
FNH:0
FNDA:0,(anonymous_0)
FNDA:0,(anonymous_1)
FNDA:0,(anonymous_2)
FNDA:0,(anonymous_3)
FNDA:0,(anonymous_4)
FNDA:0,(anonymous_5)
FNDA:0,(anonymous_6)
FNDA:0,(anonymous_7)
FNDA:0,(anonymous_8)
FNDA:0,(anonymous_9)
FNDA:0,(anonymous_10)
FNDA:0,(anonymous_11)
FNDA:0,(anonymous_12)
FNDA:0,(anonymous_13)
FNDA:0,(anonymous_14)
FNDA:0,(anonymous_15)
FNDA:0,(anonymous_16)
FNDA:0,(anonymous_17)
FNDA:0,(anonymous_18)
FNDA:0,(anonymous_19)
FNDA:0,(anonymous_20)
FNDA:0,(anonymous_21)
FNDA:0,(anonymous_22)
FNDA:0,(anonymous_23)
FNDA:0,(anonymous_24)
FNDA:0,(anonymous_25)
FNDA:0,(anonymous_26)
FNDA:0,(anonymous_27)
FNDA:0,(anonymous_28)
FNDA:0,(anonymous_29)
FNDA:0,(anonymous_30)
FNDA:0,(anonymous_31)
FNDA:0,(anonymous_32)
FNDA:0,(anonymous_33)
FNDA:0,(anonymous_34)
FNDA:0,(anonymous_35)
FNDA:0,(anonymous_36)
FNDA:0,(anonymous_37)
FNDA:0,(anonymous_38)
FNDA:0,(anonymous_39)
FNDA:0,(anonymous_40)
FNDA:0,(anonymous_41)
FNDA:0,(anonymous_42)
FNDA:0,(anonymous_43)
FNDA:0,(anonymous_44)
FNDA:0,(anonymous_45)
FNDA:0,(anonymous_46)
DA:37,0
DA:39,0
DA:40,0
DA:41,0
DA:42,0
DA:45,0
DA:46,0
DA:47,0
DA:48,0
DA:49,0
DA:52,0
DA:53,0
DA:65,0
DA:66,0
DA:69,0
DA:70,0
DA:71,0
DA:72,0
DA:73,0
DA:76,0
DA:77,0
DA:79,0
DA:80,0
DA:82,0
DA:86,0
DA:91,0
DA:92,0
DA:94,0
DA:95,0
DA:98,0
DA:101,0
DA:104,0
DA:107,0
DA:110,0
DA:111,0
DA:112,0
DA:113,0
DA:115,0
DA:128,0
DA:131,0
DA:132,0
DA:134,0
DA:138,0
DA:139,0
DA:143,0
DA:144,0
DA:145,0
DA:146,0
DA:149,0
DA:154,0
DA:155,0
DA:158,0
DA:159,0
DA:163,0
DA:164,0
DA:165,0
DA:173,0
DA:174,0
DA:176,0
DA:177,0
DA:178,0
DA:179,0
DA:182,0
DA:183,0
DA:185,0
DA:187,0
DA:189,0
DA:190,0
DA:194,0
DA:195,0
DA:197,0
DA:225,0
DA:226,0
DA:238,0
DA:239,0
DA:240,0
DA:241,0
DA:242,0
DA:244,0
DA:245,0
DA:246,0
DA:247,0
DA:248,0
DA:249,0
DA:250,0
DA:251,0
DA:252,0
DA:253,0
DA:254,0
DA:255,0
DA:256,0
DA:257,0
DA:259,0
DA:263,0
DA:266,0
DA:267,0
DA:268,0
DA:270,0
DA:271,0
DA:272,0
DA:274,0
DA:275,0
DA:276,0
DA:279,0
DA:283,0
DA:288,0
DA:291,0
DA:292,0
DA:293,0
DA:296,0
DA:297,0
DA:298,0
DA:299,0
DA:300,0
DA:301,0
DA:302,0
DA:303,0
DA:304,0
DA:308,0
DA:309,0
DA:310,0
DA:311,0
DA:312,0
DA:313,0
DA:314,0
DA:315,0
DA:316,0
DA:317,0
DA:318,0
DA:319,0
DA:323,0
DA:324,0
DA:325,0
DA:326,0
DA:327,0
DA:328,0
DA:329,0
DA:330,0
DA:331,0
DA:332,0
DA:333,0
DA:334,0
DA:335,0
DA:336,0
DA:340,0
DA:341,0
DA:342,0
DA:343,0
DA:345,0
DA:346,0
DA:347,0
DA:348,0
DA:349,0
DA:350,0
DA:351,0
DA:352,0
DA:353,0
DA:354,0
DA:355,0
DA:356,0
DA:359,0
DA:363,0
DA:364,0
DA:365,0
DA:366,0
DA:367,0
DA:369,0
DA:370,0
DA:372,0
DA:375,0
DA:384,0
DA:385,0
DA:386,0
DA:393,0
DA:394,0
DA:395,0
DA:396,0
DA:397,0
DA:398,0
DA:401,0
DA:424,0
DA:425,0
DA:426,0
DA:433,0
DA:434,0
DA:435,0
DA:436,0
DA:438,0
DA:439,0
DA:440,0
DA:441,0
DA:443,0
DA:444,0
DA:446,0
DA:447,0
DA:448,0
DA:449,0
DA:452,0
DA:455,0
DA:457,0
DA:471,0
DA:472,0
DA:473,0
DA:475,0
DA:502,0
DA:503,0
DA:505,0
DA:507,0
DA:513,0
DA:515,0
DA:520,0
DA:522,0
DA:527,0
DA:529,0
DA:532,0
DA:533,0
DA:534,0
DA:536,0
DA:537,0
DA:542,0
DA:543,0
DA:550,0
DA:551,0
DA:554,0
DA:555,0
DA:565,0
DA:566,0
DA:587,0
DA:612,0
DA:614,0
DA:641,0
DA:768,0
DA:778,0
DA:819,0
DA:831,0
DA:924,0
DA:940,0
DA:993,0
LF:238
LH:0
BRDA:39,0,0,0
BRDA:70,1,0,0
BRDA:70,1,1,0
BRDA:70,2,0,0
BRDA:70,2,1,0
BRDA:80,3,0,0
BRDA:80,3,1,0
BRDA:82,4,0,0
BRDA:82,4,1,0
BRDA:91,5,0,0
BRDA:91,5,1,0
BRDA:92,6,0,0
BRDA:92,6,1,0
BRDA:94,7,0,0
BRDA:94,7,1,0
BRDA:95,8,0,0
BRDA:95,8,1,0
BRDA:118,9,0,0
BRDA:118,9,1,0
BRDA:119,10,0,0
BRDA:119,10,1,0
BRDA:144,11,0,0
BRDA:144,11,1,0
BRDA:159,12,0,0
BRDA:159,12,1,0
BRDA:164,13,0,0
BRDA:164,13,1,0
BRDA:164,14,0,0
BRDA:164,14,1,0
BRDA:179,15,0,0
BRDA:179,15,1,0
BRDA:185,16,0,0
BRDA:185,16,1,0
BRDA:185,17,0,0
BRDA:185,17,1,0
BRDA:185,18,0,0
BRDA:185,18,1,0
BRDA:189,19,0,0
BRDA:189,19,1,0
BRDA:238,20,0,0
BRDA:238,20,1,0
BRDA:240,21,0,0
BRDA:240,21,1,0
BRDA:241,22,0,0
BRDA:241,22,1,0
BRDA:242,23,0,0
BRDA:242,23,1,0
BRDA:244,24,0,0
BRDA:244,24,1,0
BRDA:244,25,0,0
BRDA:244,25,1,0
BRDA:244,25,2,0
BRDA:246,26,0,0
BRDA:246,26,1,0
BRDA:246,27,0,0
BRDA:246,27,1,0
BRDA:246,27,2,0
BRDA:248,28,0,0
BRDA:248,28,1,0
BRDA:248,29,0,0
BRDA:248,29,1,0
BRDA:250,30,0,0
BRDA:250,30,1,0
BRDA:250,31,0,0
BRDA:250,31,1,0
BRDA:252,32,0,0
BRDA:252,32,1,0
BRDA:252,33,0,0
BRDA:252,33,1,0
BRDA:254,34,0,0
BRDA:254,34,1,0
BRDA:254,35,0,0
BRDA:254,35,1,0
BRDA:256,36,0,0
BRDA:256,36,1,0
BRDA:276,37,0,0
BRDA:276,37,1,0
BRDA:296,38,0,0
BRDA:296,38,1,0
BRDA:299,39,0,0
BRDA:299,39,1,0
BRDA:302,40,0,0
BRDA:302,40,1,0
BRDA:308,41,0,0
BRDA:308,41,1,0
BRDA:311,42,0,0
BRDA:311,42,1,0
BRDA:314,43,0,0
BRDA:314,43,1,0
BRDA:317,44,0,0
BRDA:317,44,1,0
BRDA:323,45,0,0
BRDA:323,45,1,0
BRDA:324,46,0,0
BRDA:324,46,1,0
BRDA:325,47,0,0
BRDA:325,47,1,0
BRDA:328,48,0,0
BRDA:328,48,1,0
BRDA:331,49,0,0
BRDA:331,49,1,0
BRDA:334,50,0,0
BRDA:334,50,1,0
BRDA:340,51,0,0
BRDA:340,51,1,0
BRDA:341,52,0,0
BRDA:341,52,1,0
BRDA:343,53,0,0
BRDA:343,53,1,0
BRDA:345,54,0,0
BRDA:345,54,1,0
BRDA:348,55,0,0
BRDA:348,55,1,0
BRDA:351,56,0,0
BRDA:351,56,1,0
BRDA:354,57,0,0
BRDA:354,57,1,0
BRDA:372,58,0,0
BRDA:372,58,1,0
BRDA:376,59,0,0
BRDA:376,59,1,0
BRDA:385,60,0,0
BRDA:385,60,1,0
BRDA:394,61,0,0
BRDA:394,61,1,0
BRDA:395,62,0,0
BRDA:395,62,1,0
BRDA:396,63,0,0
BRDA:396,63,1,0
BRDA:397,64,0,0
BRDA:397,64,1,0
BRDA:425,65,0,0
BRDA:425,65,1,0
BRDA:434,66,0,0
BRDA:434,66,1,0
BRDA:435,67,0,0
BRDA:435,67,1,0
BRDA:436,68,0,0
BRDA:436,68,1,0
BRDA:439,69,0,0
BRDA:439,69,1,0
BRDA:440,70,0,0
BRDA:440,70,1,0
BRDA:441,71,0,0
BRDA:441,71,1,0
BRDA:443,72,0,0
BRDA:443,72,1,0
BRDA:444,73,0,0
BRDA:444,73,1,0
BRDA:446,74,0,0
BRDA:446,74,1,0
BRDA:447,75,0,0
BRDA:447,75,1,0
BRDA:448,76,0,0
BRDA:448,76,1,0
BRDA:455,77,0,0
BRDA:455,77,1,0
BRDA:458,78,0,0
BRDA:458,78,1,0
BRDA:459,79,0,0
BRDA:459,79,1,0
BRDA:472,80,0,0
BRDA:472,80,1,0
BRDA:502,81,0,0
BRDA:505,82,0,0
BRDA:505,82,1,0
BRDA:505,82,2,0
BRDA:505,82,3,0
BRDA:536,83,0,0
BRDA:536,83,1,0
BRDA:546,84,0,0
BRDA:546,84,1,0
BRDA:551,85,0,0
BRDA:551,85,1,0
BRDA:554,86,0,0
BRDA:554,86,1,0
BRDA:565,87,0,0
BRDA:565,87,1,0
BRDA:596,88,0,0
BRDA:596,88,1,0
BRDA:616,89,0,0
BRDA:616,89,1,0
BRDA:635,90,0,0
BRDA:635,90,1,0
BRDA:640,91,0,0
BRDA:640,91,1,0
BRDA:641,92,0,0
BRDA:641,92,1,0
BRDA:656,93,0,0
BRDA:656,93,1,0
BRDA:670,94,0,0
BRDA:670,94,1,0
BRDA:677,95,0,0
BRDA:677,95,1,0
BRDA:684,96,0,0
BRDA:684,96,1,0
BRDA:703,97,0,0
BRDA:703,97,1,0
BRDA:709,98,0,0
BRDA:709,98,1,0
BRDA:729,99,0,0
BRDA:729,99,1,0
BRDA:731,100,0,0
BRDA:731,100,1,0
BRDA:733,101,0,0
BRDA:733,101,1,0
BRDA:778,102,0,0
BRDA:778,102,1,0
BRDA:782,103,0,0
BRDA:782,103,1,0
BRDA:787,104,0,0
BRDA:787,104,1,0
BRDA:787,104,2,0
BRDA:790,105,0,0
BRDA:790,105,1,0
BRDA:796,106,0,0
BRDA:796,106,1,0
BRDA:799,107,0,0
BRDA:799,107,1,0
BRDA:810,108,0,0
BRDA:810,108,1,0
BRDA:810,108,2,0
BRDA:828,109,0,0
BRDA:828,109,1,0
BRDA:831,110,0,0
BRDA:831,110,1,0
BRDA:835,111,0,0
BRDA:835,111,1,0
BRDA:860,112,0,0
BRDA:860,112,1,0
BRDA:871,113,0,0
BRDA:871,113,1,0
BRDA:883,114,0,0
BRDA:883,114,1,0
BRDA:895,115,0,0
BRDA:895,115,1,0
BRDA:907,116,0,0
BRDA:907,116,1,0
BRDA:915,117,0,0
BRDA:915,117,1,0
BRDA:923,118,0,0
BRDA:923,118,1,0
BRDA:939,119,0,0
BRDA:939,119,1,0
BRDA:952,120,0,0
BRDA:952,120,1,0
BRDA:965,121,0,0
BRDA:965,121,1,0
BRDA:973,122,0,0
BRDA:973,122,1,0
BRDA:981,123,0,0
BRDA:981,123,1,0
BRDA:992,124,0,0
BRDA:992,124,1,0
BRF:254
BRH:0
end_of_record
TN:
SF:src\features\analytics\components\ComparativeAnalytics.jsx
FN:17,(anonymous_0)
FN:29,(anonymous_1)
FN:74,(anonymous_2)
FN:77,(anonymous_3)
FN:132,(anonymous_4)
FN:140,(anonymous_5)
FN:166,(anonymous_6)
FN:180,(anonymous_7)
FN:191,(anonymous_8)
FNF:9
FNH:0
FNDA:0,(anonymous_0)
FNDA:0,(anonymous_1)
FNDA:0,(anonymous_2)
FNDA:0,(anonymous_3)
FNDA:0,(anonymous_4)
FNDA:0,(anonymous_5)
FNDA:0,(anonymous_6)
FNDA:0,(anonymous_7)
FNDA:0,(anonymous_8)
DA:17,0
DA:22,0
DA:23,0
DA:24,0
DA:25,0
DA:26,0
DA:29,0
DA:30,0
DA:32,0
DA:33,0
DA:34,0
DA:38,0
DA:40,0
DA:41,0
DA:42,0
DA:43,0
DA:44,0
DA:47,0
DA:48,0
DA:49,0
DA:50,0
DA:51,0
DA:54,0
DA:55,0
DA:56,0
DA:57,0
DA:58,0
DA:61,0
DA:62,0
DA:63,0
DA:64,0
DA:67,0
DA:74,0
DA:75,0
DA:77,0
DA:78,0
DA:79,0
DA:81,0
DA:83,0
DA:112,0
DA:117,0
DA:122,0
DA:124,0
DA:128,0
DA:132,0
DA:133,0
DA:134,0
DA:135,0
DA:136,0
DA:140,0
DA:141,0
DA:142,0
DA:148,0
DA:149,0
DA:156,0
DA:166,0
DA:167,0
DA:169,0
DA:171,0
DA:173,0
DA:175,0
DA:180,0
DA:187,0
DA:188,0
DA:189,0
DA:191,0
DA:192,0
DA:193,0
DA:197,0
DA:198,0
DA:200,0
DA:204,0
DA:238,0
DA:239,0
DA:249,0
DA:250,0
DA:260,0
DA:261,0
DA:268,0
LF:79
LH:0
BRDA:19,0,0,0
BRDA:20,1,0,0
BRDA:30,2,0,0
BRDA:30,2,1,0
BRDA:38,3,0,0
BRDA:38,3,1,0
BRDA:38,3,2,0
BRDA:38,3,3,0
BRDA:75,4,0,0
BRDA:75,4,1,0
BRDA:75,5,0,0
BRDA:75,5,1,0
BRDA:92,6,0,0
BRDA:92,6,1,0
BRDA:101,7,0,0
BRDA:101,7,1,0
BRDA:113,8,0,0
BRDA:113,8,1,0
BRDA:114,9,0,0
BRDA:114,9,1,0
BRDA:118,10,0,0
BRDA:118,10,1,0
BRDA:119,11,0,0
BRDA:119,11,1,0
BRDA:133,12,0,0
BRDA:133,12,1,0
BRDA:133,13,0,0
BRDA:133,13,1,0
BRDA:141,14,0,0
BRDA:141,14,1,0
BRDA:148,15,0,0
BRDA:148,15,1,0
BRDA:167,16,0,0
BRDA:167,16,1,0
BRDA:167,16,2,0
BRDA:167,16,3,0
BRDA:184,17,0,0
BRDA:187,18,0,0
BRDA:187,18,1,0
BRDA:187,19,0,0
BRDA:187,19,1,0
BRDA:192,20,0,0
BRDA:192,20,1,0
BRDA:196,21,0,0
BRDA:196,21,1,0
BRDA:197,22,0,0
BRDA:197,22,1,0
BRDA:198,23,0,0
BRDA:198,23,1,0
BRDA:200,24,0,0
BRDA:200,24,1,0
BRDA:208,25,0,0
BRDA:208,25,1,0
BRDA:229,26,0,0
BRDA:229,26,1,0
BRDA:238,27,0,0
BRDA:238,27,1,0
BRDA:249,28,0,0
BRDA:249,28,1,0
BRDA:260,29,0,0
BRDA:260,29,1,0
BRDA:260,30,0,0
BRDA:260,30,1,0
BRF:63
BRH:0
end_of_record
TN:
SF:src\features\analytics\components\EnhancedKPICard.jsx
FN:5,(anonymous_0)
FN:17,(anonymous_1)
FN:24,(anonymous_2)
FN:43,(anonymous_3)
FN:50,(anonymous_4)
FN:58,(anonymous_5)
FN:65,(anonymous_6)
FN:72,(anonymous_7)
FN:80,(anonymous_8)
FN:156,(anonymous_9)
FNF:10
FNH:0
FNDA:0,(anonymous_0)
FNDA:0,(anonymous_1)
FNDA:0,(anonymous_2)
FNDA:0,(anonymous_3)
FNDA:0,(anonymous_4)
FNDA:0,(anonymous_5)
FNDA:0,(anonymous_6)
FNDA:0,(anonymous_7)
FNDA:0,(anonymous_8)
FNDA:0,(anonymous_9)
DA:5,0
DA:16,0
DA:17,0
DA:18,0
DA:24,0
DA:26,0
DA:27,0
DA:28,0
DA:29,0
DA:30,0
DA:31,0
DA:32,0
DA:38,0
DA:40,0
DA:43,0
DA:44,0
DA:45,0
DA:46,0
DA:47,0
DA:50,0
DA:51,0
DA:52,0
DA:53,0
DA:55,0
DA:58,0
DA:59,0
DA:60,0
DA:61,0
DA:62,0
DA:65,0
DA:66,0
DA:67,0
DA:68,0
DA:69,0
DA:72,0
DA:73,0
DA:74,0
DA:75,0
DA:76,0
DA:80,0
DA:81,0
DA:149,0
DA:152,0
DA:153,0
DA:156,0
DA:157,0
DA:159,0
DA:164,0
DA:166,0
DA:167,0
DA:175,0
DA:181,0
LF:52
LH:0
BRDA:10,0,0,0
BRDA:11,1,0,0
BRDA:12,2,0,0
BRDA:13,3,0,0
BRDA:14,4,0,0
BRDA:21,5,0,0
BRDA:21,5,1,0
BRDA:27,6,0,0
BRDA:27,6,1,0
BRDA:27,7,0,0
BRDA:27,7,1,0
BRDA:29,8,0,0
BRDA:29,8,1,0
BRDA:29,9,0,0
BRDA:29,9,1,0
BRDA:31,10,0,0
BRDA:31,10,1,0
BRDA:32,11,0,0
BRDA:32,11,1,0
BRDA:33,12,0,0
BRDA:33,12,1,0
BRDA:33,12,2,0
BRDA:38,13,0,0
BRDA:38,13,1,0
BRDA:38,14,0,0
BRDA:38,14,1,0
BRDA:40,15,0,0
BRDA:40,15,1,0
BRDA:44,16,0,0
BRDA:44,16,1,0
BRDA:45,17,0,0
BRDA:45,17,1,0
BRDA:46,18,0,0
BRDA:46,18,1,0
BRDA:46,19,0,0
BRDA:46,19,1,0
BRDA:47,20,0,0
BRDA:47,20,1,0
BRDA:51,21,0,0
BRDA:51,21,1,0
BRDA:52,22,0,0
BRDA:52,22,1,0
BRDA:52,23,0,0
BRDA:52,23,1,0
BRDA:52,23,2,0
BRDA:60,24,0,0
BRDA:60,24,1,0
BRDA:61,25,0,0
BRDA:61,25,1,0
BRDA:67,26,0,0
BRDA:67,26,1,0
BRDA:68,27,0,0
BRDA:68,27,1,0
BRDA:74,28,0,0
BRDA:74,28,1,0
BRDA:75,29,0,0
BRDA:75,29,1,0
BRDA:149,30,0,0
BRDA:149,30,1,0
BRDA:157,31,0,0
BRDA:157,31,1,0
BRDA:164,32,0,0
BRDA:164,32,1,0
BRDA:214,33,0,0
BRDA:214,33,1,0
BRDA:239,34,0,0
BRDA:239,34,1,0
BRDA:249,35,0,0
BRDA:249,35,1,0
BRDA:251,36,0,0
BRDA:251,36,1,0
BRF:71
BRH:0
end_of_record
TN:
SF:src\features\analytics\components\FinancialForecast.jsx
FN:47,(anonymous_0)
FN:92,(anonymous_1)
FN:131,(anonymous_2)
FN:136,(anonymous_3)
FN:139,(anonymous_4)
FN:144,(anonymous_5)
FN:193,(anonymous_6)
FN:220,(anonymous_7)
FN:223,(anonymous_8)
FN:224,(anonymous_9)
FN:229,(anonymous_10)
FN:243,(anonymous_11)
FN:256,(anonymous_12)
FN:257,(anonymous_13)
FN:260,(anonymous_14)
FN:261,(anonymous_15)
FN:262,(anonymous_16)
FN:286,(anonymous_17)
FN:287,(anonymous_18)
FN:288,(anonymous_19)
FN:302,(anonymous_20)
FN:305,(anonymous_21)
FN:308,(anonymous_22)
FN:309,(anonymous_23)
FN:312,(anonymous_24)
FN:313,(anonymous_25)
FN:314,(anonymous_26)
FN:318,(anonymous_27)
FN:320,(anonymous_28)
FN:323,(anonymous_29)
FN:331,(anonymous_30)
FN:340,(anonymous_31)
FN:345,(anonymous_32)
FN:347,(anonymous_33)
FN:353,(anonymous_34)
FN:384,(anonymous_35)
FN:385,(anonymous_36)
FN:430,(anonymous_37)
FN:440,(anonymous_38)
FN:510,(anonymous_39)
FN:525,(anonymous_40)
FN:537,(anonymous_41)
FN:567,(anonymous_42)
FN:570,(anonymous_43)
FNF:44
FNH:0
FNDA:0,(anonymous_0)
FNDA:0,(anonymous_1)
FNDA:0,(anonymous_2)
FNDA:0,(anonymous_3)
FNDA:0,(anonymous_4)
FNDA:0,(anonymous_5)
FNDA:0,(anonymous_6)
FNDA:0,(anonymous_7)
FNDA:0,(anonymous_8)
FNDA:0,(anonymous_9)
FNDA:0,(anonymous_10)
FNDA:0,(anonymous_11)
FNDA:0,(anonymous_12)
FNDA:0,(anonymous_13)
FNDA:0,(anonymous_14)
FNDA:0,(anonymous_15)
FNDA:0,(anonymous_16)
FNDA:0,(anonymous_17)
FNDA:0,(anonymous_18)
FNDA:0,(anonymous_19)
FNDA:0,(anonymous_20)
FNDA:0,(anonymous_21)
FNDA:0,(anonymous_22)
FNDA:0,(anonymous_23)
FNDA:0,(anonymous_24)
FNDA:0,(anonymous_25)
FNDA:0,(anonymous_26)
FNDA:0,(anonymous_27)
FNDA:0,(anonymous_28)
FNDA:0,(anonymous_29)
FNDA:0,(anonymous_30)
FNDA:0,(anonymous_31)
FNDA:0,(anonymous_32)
FNDA:0,(anonymous_33)
FNDA:0,(anonymous_34)
FNDA:0,(anonymous_35)
FNDA:0,(anonymous_36)
FNDA:0,(anonymous_37)
FNDA:0,(anonymous_38)
FNDA:0,(anonymous_39)
FNDA:0,(anonymous_40)
FNDA:0,(anonymous_41)
FNDA:0,(anonymous_42)
FNDA:0,(anonymous_43)
DA:35,0
DA:47,0
DA:48,0
DA:49,0
DA:50,0
DA:53,0
DA:54,0
DA:55,0
DA:85,0
DA:86,0
DA:87,0
DA:88,0
DA:89,0
DA:92,0
DA:93,0
DA:94,0
DA:95,0
DA:96,0
DA:99,0
DA:100,0
DA:102,0
DA:104,0
DA:107,0
DA:110,0
DA:112,0
DA:113,0
DA:116,0
DA:119,0
DA:121,0
DA:122,0
DA:124,0
DA:125,0
DA:127,0
DA:131,0
DA:132,0
DA:136,0
DA:137,0
DA:138,0
DA:139,0
DA:144,0
DA:145,0
DA:146,0
DA:149,0
DA:150,0
DA:153,0
DA:154,0
DA:155,0
DA:158,0
DA:161,0
DA:163,0
DA:193,0
DA:194,0
DA:195,0
DA:196,0
DA:197,0
DA:200,0
DA:201,0
DA:202,0
DA:203,0
DA:205,0
DA:208,0
DA:209,0
DA:210,0
DA:212,0
DA:213,0
DA:214,0
DA:217,0
DA:220,0
DA:221,0
DA:223,0
DA:224,0
DA:226,0
DA:229,0
DA:230,0
DA:231,0
DA:232,0
DA:234,0
DA:235,0
DA:236,0
DA:237,0
DA:240,0
DA:243,0
DA:244,0
DA:245,0
DA:246,0
DA:248,0
DA:249,0
DA:250,0
DA:253,0
DA:256,0
DA:257,0
DA:260,0
DA:261,0
DA:262,0
DA:264,0
DA:286,0
DA:287,0
DA:288,0
DA:289,0
DA:291,0
DA:292,0
DA:294,0
DA:302,0
DA:304,0
DA:305,0
DA:306,0
DA:308,0
DA:309,0
DA:312,0
DA:313,0
DA:314,0
DA:315,0
DA:318,0
DA:319,0
DA:320,0
DA:323,0
DA:324,0
DA:325,0
DA:327,0
DA:331,0
DA:332,0
DA:340,0
DA:341,0
DA:345,0
DA:346,0
DA:348,0
DA:349,0
DA:350,0
DA:354,0
DA:355,0
DA:356,0
DA:360,0
DA:384,0
DA:385,0
DA:386,0
DA:387,0
DA:388,0
DA:391,0
DA:419,0
DA:431,0
DA:440,0
DA:451,0
DA:452,0
DA:464,0
DA:465,0
DA:488,0
DA:510,0
DA:525,0
DA:537,0
DA:568,0
DA:570,0
LF:151
LH:0
BRDA:47,0,0,0
BRDA:93,1,0,0
BRDA:93,1,1,0
BRDA:93,2,0,0
BRDA:93,2,1,0
BRDA:104,3,0,0
BRDA:104,3,1,0
BRDA:107,4,0,0
BRDA:107,4,1,0
BRDA:112,5,0,0
BRDA:112,5,1,0
BRDA:137,6,0,0
BRDA:137,6,1,0
BRDA:177,7,0,0
BRDA:177,7,1,0
BRDA:208,8,0,0
BRDA:208,8,1,0
BRDA:221,9,0,0
BRDA:221,9,1,0
BRDA:226,10,0,0
BRDA:226,10,1,0
BRDA:231,11,0,0
BRDA:231,11,1,0
BRDA:245,12,0,0
BRDA:245,12,1,0
BRDA:257,13,0,0
BRDA:257,13,1,0
BRDA:292,14,0,0
BRDA:292,14,1,0
BRDA:297,15,0,0
BRDA:297,15,1,0
BRDA:325,16,0,0
BRDA:325,16,1,0
BRDA:396,17,0,0
BRDA:396,17,1,0
BRDA:403,18,0,0
BRDA:403,18,1,0
BRDA:410,19,0,0
BRDA:410,19,1,0
BRDA:451,20,0,0
BRDA:451,20,1,0
BRDA:464,21,0,0
BRDA:464,21,1,0
BRDA:497,22,0,0
BRDA:497,22,1,0
BRDA:539,23,0,0
BRDA:539,23,1,0
BRDA:545,24,0,0
BRDA:545,24,1,0
BRDA:555,25,0,0
BRDA:555,25,1,0
BRDA:572,26,0,0
BRDA:572,26,1,0
BRDA:618,27,0,0
BRDA:618,27,1,0
BRDA:636,28,0,0
BRDA:636,28,1,0
BRDA:638,29,0,0
BRDA:638,29,1,0
BRDA:642,30,0,0
BRDA:642,30,1,0
BRDA:642,30,2,0
BRF:62
BRH:0
end_of_record
TN:
SF:src\features\analytics\components\InteractiveFinancialCharts.jsx
FN:54,(anonymous_0)
FN:103,(anonymous_1)
FN:112,(anonymous_2)
FN:118,(anonymous_3)
FN:139,(anonymous_4)
FN:144,(anonymous_5)
FN:147,(anonymous_6)
FN:159,(anonymous_7)
FN:172,(anonymous_8)
FN:185,(anonymous_9)
FN:198,(anonymous_10)
FN:205,(anonymous_11)
FN:206,(anonymous_12)
FN:209,(anonymous_13)
FN:217,(anonymous_14)
FN:249,(anonymous_15)
FN:259,(anonymous_16)
FN:271,(anonymous_17)
FN:279,(anonymous_18)
FN:280,(anonymous_19)
FN:284,(anonymous_20)
FN:285,(anonymous_21)
FN:289,(anonymous_22)
FN:290,(anonymous_23)
FN:315,(anonymous_24)
FN:321,(anonymous_25)
FN:324,(anonymous_26)
FN:350,(anonymous_27)
FN:375,(anonymous_28)
FN:377,(anonymous_29)
FN:400,(anonymous_30)
FN:419,(anonymous_31)
FN:422,(anonymous_32)
FN:424,(anonymous_33)
FN:456,(anonymous_34)
FN:477,(anonymous_35)
FN:490,(anonymous_36)
FN:494,(anonymous_37)
FN:495,(anonymous_38)
FN:501,(anonymous_39)
FN:506,(anonymous_40)
FN:512,(anonymous_41)
FN:587,(anonymous_42)
FN:592,(anonymous_43)
FN:614,(anonymous_44)
FN:619,(anonymous_45)
FNF:46
FNH:0
FNDA:0,(anonymous_0)
FNDA:0,(anonymous_1)
FNDA:0,(anonymous_2)
FNDA:0,(anonymous_3)
FNDA:0,(anonymous_4)
FNDA:0,(anonymous_5)
FNDA:0,(anonymous_6)
FNDA:0,(anonymous_7)
FNDA:0,(anonymous_8)
FNDA:0,(anonymous_9)
FNDA:0,(anonymous_10)
FNDA:0,(anonymous_11)
FNDA:0,(anonymous_12)
FNDA:0,(anonymous_13)
FNDA:0,(anonymous_14)
FNDA:0,(anonymous_15)
FNDA:0,(anonymous_16)
FNDA:0,(anonymous_17)
FNDA:0,(anonymous_18)
FNDA:0,(anonymous_19)
FNDA:0,(anonymous_20)
FNDA:0,(anonymous_21)
FNDA:0,(anonymous_22)
FNDA:0,(anonymous_23)
FNDA:0,(anonymous_24)
FNDA:0,(anonymous_25)
FNDA:0,(anonymous_26)
FNDA:0,(anonymous_27)
FNDA:0,(anonymous_28)
FNDA:0,(anonymous_29)
FNDA:0,(anonymous_30)
FNDA:0,(anonymous_31)
FNDA:0,(anonymous_32)
FNDA:0,(anonymous_33)
FNDA:0,(anonymous_34)
FNDA:0,(anonymous_35)
FNDA:0,(anonymous_36)
FNDA:0,(anonymous_37)
FNDA:0,(anonymous_38)
FNDA:0,(anonymous_39)
FNDA:0,(anonymous_40)
FNDA:0,(anonymous_41)
FNDA:0,(anonymous_42)
FNDA:0,(anonymous_43)
FNDA:0,(anonymous_44)
FNDA:0,(anonymous_45)
DA:38,0
DA:54,0
DA:55,0
DA:58,0
DA:59,0
DA:60,0
DA:66,0
DA:67,0
DA:68,0
DA:74,0
DA:102,0
DA:104,0
DA:112,0
DA:113,0
DA:114,0
DA:118,0
DA:119,0
DA:120,0
DA:121,0
DA:127,0
DA:128,0
DA:130,0
DA:133,0
DA:135,0
DA:139,0
DA:140,0
DA:144,0
DA:145,0
DA:147,0
DA:148,0
DA:154,0
DA:156,0
DA:157,0
DA:159,0
DA:169,0
DA:170,0
DA:172,0
DA:182,0
DA:183,0
DA:185,0
DA:195,0
DA:198,0
DA:199,0
DA:201,0
DA:202,0
DA:205,0
DA:206,0
DA:207,0
DA:208,0
DA:209,0
DA:210,0
DA:214,0
DA:215,0
DA:217,0
DA:218,0
DA:224,0
DA:249,0
DA:259,0
DA:271,0
DA:272,0
DA:274,0
DA:275,0
DA:277,0
DA:279,0
DA:280,0
DA:284,0
DA:285,0
DA:286,0
DA:289,0
DA:290,0
DA:291,0
DA:294,0
DA:315,0
DA:316,0
DA:318,0
DA:320,0
DA:321,0
DA:324,0
DA:349,0
DA:351,0
DA:376,0
DA:377,0
DA:378,0
DA:379,0
DA:381,0
DA:401,0
DA:409,0
DA:410,0
DA:420,0
DA:421,0
DA:422,0
DA:423,0
DA:424,0
DA:425,0
DA:426,0
DA:436,0
DA:444,0
DA:445,0
DA:456,0
DA:466,0
DA:477,0
DA:490,0
DA:491,0
DA:494,0
DA:495,0
DA:501,0
DA:502,0
DA:506,0
DA:508,0
DA:512,0
DA:513,0
DA:514,0
DA:521,0
DA:523,0
DA:528,0
DA:533,0
DA:538,0
DA:546,0
DA:550,0
DA:588,0
DA:589,0
DA:592,0
DA:615,0
DA:619,0
LF:124
LH:0
BRDA:54,0,0,0
BRDA:54,1,0,0
BRDA:107,2,0,0
BRDA:107,2,1,0
BRDA:113,3,0,0
BRDA:113,3,1,0
BRDA:114,4,0,0
BRDA:114,4,1,0
BRDA:127,5,0,0
BRDA:127,5,1,0
BRDA:145,6,0,0
BRDA:145,6,1,0
BRDA:156,7,0,0
BRDA:156,7,1,0
BRDA:169,8,0,0
BRDA:169,8,1,0
BRDA:182,9,0,0
BRDA:182,9,1,0
BRDA:199,10,0,0
BRDA:199,10,1,0
BRDA:199,11,0,0
BRDA:199,11,1,0
BRDA:205,12,0,0
BRDA:272,13,0,0
BRDA:272,13,1,0
BRDA:272,14,0,0
BRDA:272,14,1,0
BRDA:286,15,0,0
BRDA:286,15,1,0
BRDA:291,16,0,0
BRDA:291,16,1,0
BRDA:316,17,0,0
BRDA:316,17,1,0
BRDA:376,18,0,0
BRDA:376,18,1,0
BRDA:381,19,0,0
BRDA:381,19,1,0
BRDA:386,20,0,0
BRDA:386,20,1,0
BRDA:409,21,0,0
BRDA:409,21,1,0
BRDA:421,22,0,0
BRDA:421,22,1,0
BRDA:421,23,0,0
BRDA:421,23,1,0
BRDA:444,24,0,0
BRDA:444,24,1,0
BRDA:513,25,0,0
BRDA:513,25,1,0
BRDA:521,26,0,0
BRDA:521,26,1,0
BRDA:521,26,2,0
BRDA:521,26,3,0
BRDA:521,26,4,0
BRDA:523,27,0,0
BRDA:523,27,1,0
BRDA:528,28,0,0
BRDA:528,28,1,0
BRDA:533,29,0,0
BRDA:533,29,1,0
BRDA:538,30,0,0
BRDA:538,30,1,0
BRDA:564,31,0,0
BRDA:564,31,1,0
BRDA:594,32,0,0
BRDA:594,32,1,0
BRDA:608,33,0,0
BRDA:608,33,1,0
BRF:68
BRH:0
end_of_record
TN:
SF:src\features\analytics\components\ReportsDashboard.jsx
FN:14,(anonymous_0)
FN:102,(anonymous_1)
FN:119,(anonymous_2)
FN:125,(anonymous_3)
FN:134,(anonymous_4)
FN:135,(anonymous_5)
FN:136,(anonymous_6)
FN:142,(anonymous_7)
FN:175,(anonymous_8)
FN:181,(anonymous_9)
FN:186,(anonymous_10)
FN:207,(anonymous_11)
FN:208,(anonymous_12)
FN:224,(anonymous_13)
FN:227,(anonymous_14)
FN:246,(anonymous_15)
FN:246,(anonymous_16)
FN:255,(anonymous_17)
FN:255,(anonymous_18)
FN:267,(anonymous_19)
FN:270,(anonymous_20)
FN:293,(anonymous_21)
FN:303,(anonymous_22)
FN:337,(anonymous_23)
FNF:24
FNH:0
FNDA:0,(anonymous_0)
FNDA:0,(anonymous_1)
FNDA:0,(anonymous_2)
FNDA:0,(anonymous_3)
FNDA:0,(anonymous_4)
FNDA:0,(anonymous_5)
FNDA:0,(anonymous_6)
FNDA:0,(anonymous_7)
FNDA:0,(anonymous_8)
FNDA:0,(anonymous_9)
FNDA:0,(anonymous_10)
FNDA:0,(anonymous_11)
FNDA:0,(anonymous_12)
FNDA:0,(anonymous_13)
FNDA:0,(anonymous_14)
FNDA:0,(anonymous_15)
FNDA:0,(anonymous_16)
FNDA:0,(anonymous_17)
FNDA:0,(anonymous_18)
FNDA:0,(anonymous_19)
FNDA:0,(anonymous_20)
FNDA:0,(anonymous_21)
FNDA:0,(anonymous_22)
FNDA:0,(anonymous_23)
DA:14,0
DA:15,0
DA:16,0
DA:17,0
DA:18,0
DA:19,0
DA:40,0
DA:95,0
DA:102,0
DA:103,0
DA:105,0
DA:107,0
DA:119,0
DA:121,0
DA:125,0
DA:126,0
DA:131,0
DA:134,0
DA:135,0
DA:136,0
DA:137,0
DA:142,0
DA:143,0
DA:175,0
DA:176,0
DA:182,0
DA:183,0
DA:186,0
DA:207,0
DA:209,0
DA:225,0
DA:227,0
DA:246,0
DA:255,0
DA:268,0
DA:270,0
DA:293,0
DA:294,0
DA:304,0
DA:337,0
DA:356,0
LF:41
LH:0
BRDA:103,0,0,0
BRDA:103,0,1,0
BRDA:108,1,0,0
BRDA:108,1,1,0
BRDA:109,2,0,0
BRDA:109,2,1,0
BRDA:110,3,0,0
BRDA:110,3,1,0
BRDA:112,4,0,0
BRDA:112,4,1,0
BRDA:113,5,0,0
BRDA:113,5,1,0
BRDA:137,6,0,0
BRDA:137,6,1,0
BRDA:188,7,0,0
BRDA:188,7,1,0
BRDA:202,8,0,0
BRDA:202,8,1,0
BRDA:229,9,0,0
BRDA:229,9,1,0
BRDA:239,10,0,0
BRDA:239,10,1,0
BRDA:312,11,0,0
BRDA:312,11,1,0
BRDA:339,12,0,0
BRDA:339,12,1,0
BRDA:344,13,0,0
BRDA:344,13,1,0
BRF:28
BRH:0
end_of_record
TN:
SF:src\features\analytics\hooks\useAnalytics.js
FN:9,(anonymous_0)
FN:23,(anonymous_1)
FN:66,(anonymous_2)
FN:71,(anonymous_3)
FN:76,(anonymous_4)
FN:80,(anonymous_5)
FNF:6
FNH:0
FNDA:0,(anonymous_0)
FNDA:0,(anonymous_1)
FNDA:0,(anonymous_2)
FNDA:0,(anonymous_3)
FNDA:0,(anonymous_4)
FNDA:0,(anonymous_5)
DA:9,0
DA:10,0
DA:16,0
DA:18,0
DA:19,0
DA:20,0
DA:21,0
DA:23,0
DA:24,0
DA:26,0
DA:27,0
DA:28,0
DA:32,0
DA:54,0
DA:55,0
DA:57,0
DA:59,0
DA:60,0
DA:62,0
DA:66,0
DA:67,0
DA:71,0
DA:72,0
DA:76,0
DA:77,0
DA:79,0
DA:80,0
DA:83,0
LF:28
LH:0
BRDA:9,0,0,0
BRDA:12,1,0,0
BRDA:13,2,0,0
BRDA:14,3,0,0
BRDA:15,4,0,0
BRDA:24,5,0,0
BRDA:24,5,1,0
BRDA:60,6,0,0
BRDA:60,6,1,0
BRDA:77,7,0,0
BRDA:77,7,1,0
BRF:11
BRH:0
end_of_record
TN:
SF:src\features\analytics\hooks\useChartAnalytics.js
FN:9,(anonymous_0)
FN:21,(anonymous_1)
FN:88,(anonymous_2)
FN:109,(anonymous_3)
FN:119,(anonymous_4)
FN:123,(anonymous_5)
FNF:6
FNH:0
FNDA:0,(anonymous_0)
FNDA:0,(anonymous_1)
FNDA:0,(anonymous_2)
FNDA:0,(anonymous_3)
FNDA:0,(anonymous_4)
FNDA:0,(anonymous_5)
DA:9,0
DA:10,0
DA:15,0
DA:17,0
DA:18,0
DA:19,0
DA:21,0
DA:22,0
DA:24,0
DA:25,0
DA:26,0
DA:30,0
DA:32,0
DA:34,0
DA:44,0
DA:46,0
DA:58,0
DA:60,0
DA:72,0
DA:74,0
DA:77,0
DA:78,0
DA:80,0
DA:81,0
DA:83,0
DA:88,0
DA:89,0
DA:91,0
DA:110,0
DA:119,0
DA:120,0
DA:123,0
DA:124,0
DA:127,0
LF:34
LH:0
BRDA:9,0,0,0
BRDA:9,1,0,0
BRDA:12,2,0,0
BRDA:13,3,0,0
BRDA:14,4,0,0
BRDA:22,5,0,0
BRDA:22,5,1,0
BRDA:32,6,0,0
BRDA:32,6,1,0
BRDA:32,6,2,0
BRDA:32,6,3,0
BRDA:81,7,0,0
BRDA:81,7,1,0
BRDA:89,8,0,0
BRDA:89,8,1,0
BRDA:105,9,0,0
BRDA:105,9,1,0
BRF:17
BRH:0
end_of_record
TN:
SF:src\features\analytics\hooks\useKPIMetrics.js
FN:9,(anonymous_0)
FN:46,(anonymous_1)
FN:98,(anonymous_2)
FN:102,(anonymous_3)
FNF:4
FNH:0
FNDA:0,(anonymous_0)
FNDA:0,(anonymous_1)
FNDA:0,(anonymous_2)
FNDA:0,(anonymous_3)
DA:9,0
DA:10,0
DA:11,0
DA:12,0
DA:13,0
DA:46,0
DA:47,0
DA:49,0
DA:50,0
DA:51,0
DA:55,0
DA:88,0
DA:89,0
DA:91,0
DA:92,0
DA:94,0
DA:98,0
DA:99,0
DA:102,0
DA:103,0
DA:106,0
LF:21
LH:0
BRDA:9,0,0,0
BRDA:47,1,0,0
BRDA:47,1,1,0
BRDA:92,2,0,0
BRDA:92,2,1,0
BRF:5
BRH:0
end_of_record
TN:
SF:src\features\analytics\services\index.ts
FN:5,(anonymous_0)
FN:6,(anonymous_1)
FN:10,(anonymous_2)
FN:11,(anonymous_3)
FN:15,(anonymous_4)
FN:16,(anonymous_5)
FNF:6
FNH:0
FNDA:0,(anonymous_0)
FNDA:0,(anonymous_1)
FNDA:0,(anonymous_2)
FNDA:0,(anonymous_3)
FNDA:0,(anonymous_4)
FNDA:0,(anonymous_5)
DA:4,0
DA:5,0
DA:6,0
DA:9,0
DA:10,0
DA:11,0
DA:14,0
DA:15,0
DA:16,0
LF:9
LH:0
BRF:0
BRH:0
end_of_record
TN:
SF:src\features\analytics\types\index.ts
FNF:0
FNH:0
LF:0
LH:0
BRF:0
BRH:0
end_of_record
TN:
SF:src\features\auth\index.ts
FNF:0
FNH:0
LF:0
LH:0
BRF:0
BRH:0
end_of_record
TN:
SF:src\features\auth\components\OrganizationProtectedRoute.tsx
FN:30,OrganizationProtectedRoute
FN:149,(anonymous_1)
FN:155,(anonymous_2)
FN:190,getUserPermissions
FNF:4
FNH:0
FNDA:0,OrganizationProtectedRoute
FNDA:0,(anonymous_1)
FNDA:0,(anonymous_2)
FNDA:0,getUserPermissions
DA:39,0
DA:40,0
DA:41,0
DA:52,0
DA:55,0
DA:56,0
DA:65,0
DA:66,0
DA:67,0
DA:73,0
DA:74,0
DA:76,0
DA:77,0
DA:78,0
DA:82,0
DA:84,0
DA:85,0
DA:86,0
DA:90,0
DA:91,0
DA:92,0
DA:96,0
DA:97,0
DA:98,0
DA:112,0
DA:113,0
DA:114,0
DA:126,0
DA:127,0
DA:128,0
DA:132,0
DA:145,0
DA:148,0
DA:149,0
DA:150,0
DA:153,0
DA:154,0
DA:155,0
DA:157,0
DA:162,0
DA:176,0
DA:183,0
DA:191,0
DA:207,0
LF:44
LH:0
BRDA:33,0,0,0
BRDA:34,1,0,0
BRDA:35,2,0,0
BRDA:36,3,0,0
BRDA:55,4,0,0
BRDA:55,4,1,0
BRDA:55,5,0,0
BRDA:55,5,1,0
BRDA:55,5,2,0
BRDA:65,6,0,0
BRDA:65,6,1,0
BRDA:65,7,0,0
BRDA:65,7,1,0
BRDA:76,8,0,0
BRDA:76,8,1,0
BRDA:76,9,0,0
BRDA:76,9,1,0
BRDA:82,10,0,0
BRDA:82,10,1,0
BRDA:84,11,0,0
BRDA:84,11,1,0
BRDA:90,12,0,0
BRDA:90,12,1,0
BRDA:96,13,0,0
BRDA:96,13,1,0
BRDA:96,14,0,0
BRDA:96,14,1,0
BRDA:112,15,0,0
BRDA:112,15,1,0
BRDA:112,16,0,0
BRDA:112,16,1,0
BRDA:126,17,0,0
BRDA:126,17,1,0
BRDA:126,18,0,0
BRDA:126,18,1,0
BRDA:136,19,0,0
BRDA:136,19,1,0
BRDA:145,20,0,0
BRDA:145,20,1,0
BRDA:153,21,0,0
BRDA:153,21,1,0
BRDA:207,22,0,0
BRDA:207,22,1,0
BRDA:207,23,0,0
BRDA:207,23,1,0
BRF:45
BRH:0
end_of_record
TN:
SF:src\features\auth\components\ProtectedRoute.tsx
FN:9,ProtectedRoute
FNF:1
FNH:0
FNDA:0,ProtectedRoute
DA:10,0
DA:13,0
DA:16,0
DA:17,0
DA:25,0
DA:26,0
DA:30,0
LF:7
LH:0
BRDA:16,0,0,0
BRDA:16,0,1,0
BRDA:25,1,0,0
BRDA:25,1,1,0
BRF:4
BRH:0
end_of_record
TN:
SF:src\features\auth\components\UnauthorizedAccess.tsx
FN:26,UnauthorizedAccess
FN:51,(anonymous_1)
FN:59,(anonymous_2)
FN:140,(anonymous_3)
FN:148,(anonymous_4)
FN:156,(anonymous_5)
FN:164,(anonymous_6)
FNF:7
FNH:0
FNDA:0,UnauthorizedAccess
FNDA:0,(anonymous_1)
FNDA:0,(anonymous_2)
FNDA:0,(anonymous_3)
FNDA:0,(anonymous_4)
FNDA:0,(anonymous_5)
FNDA:0,(anonymous_6)
DA:34,0
DA:35,0
DA:36,0
DA:39,0
DA:40,0
DA:42,0
DA:43,0
DA:45,0
DA:51,0
DA:52,0
DA:53,0
DA:55,0
DA:59,0
DA:60,0
DA:63,0
DA:140,0
DA:141,0
DA:148,0
DA:149,0
DA:156,0
DA:157,0
DA:164,0
DA:165,0
LF:23
LH:0
BRDA:30,0,0,0
BRDA:31,1,0,0
BRDA:42,2,0,0
BRDA:42,2,1,0
BRDA:42,2,2,0
BRDA:43,3,0,0
BRDA:43,3,1,0
BRDA:45,4,0,0
BRDA:45,4,1,0
BRDA:52,5,0,0
BRDA:52,5,1,0
BRDA:83,6,0,0
BRDA:83,6,1,0
BRDA:94,7,0,0
BRDA:94,7,1,0
BRDA:98,8,0,0
BRDA:98,8,1,0
BRDA:108,9,0,0
BRDA:108,9,1,0
BRF:19
BRH:0
end_of_record
TN:
SF:src\features\auth\components\withAuth.tsx
FN:40,withAuth
FN:54,(anonymous_1)
FN:171,(anonymous_2)
FN:175,(anonymous_3)
FN:176,(anonymous_4)
FN:181,(anonymous_5)
FN:232,getUserPermissions
FN:270,(anonymous_7)
FN:274,(anonymous_8)
FN:279,(anonymous_9)
FN:280,(anonymous_10)
FN:285,(anonymous_11)
FN:286,(anonymous_12)
FNF:13
FNH:0
FNDA:0,withAuth
FNDA:0,(anonymous_1)
FNDA:0,(anonymous_2)
FNDA:0,(anonymous_3)
FNDA:0,(anonymous_4)
FNDA:0,(anonymous_5)
FNDA:0,getUserPermissions
FNDA:0,(anonymous_7)
FNDA:0,(anonymous_8)
FNDA:0,(anonymous_9)
FNDA:0,(anonymous_10)
FNDA:0,(anonymous_11)
FNDA:0,(anonymous_12)
DA:52,0
DA:54,0
DA:55,0
DA:56,0
DA:57,0
DA:68,0
DA:70,0
DA:73,0
DA:74,0
DA:75,0
DA:77,0
DA:86,0
DA:87,0
DA:88,0
DA:98,0
DA:99,0
DA:101,0
DA:102,0
DA:106,0
DA:107,0
DA:108,0
DA:111,0
DA:112,0
DA:115,0
DA:116,0
DA:117,0
DA:119,0
DA:133,0
DA:134,0
DA:135,0
DA:136,0
DA:138,0
DA:150,0
DA:151,0
DA:152,0
DA:153,0
DA:154,0
DA:156,0
DA:169,0
DA:171,0
DA:172,0
DA:175,0
DA:176,0
DA:179,0
DA:180,0
DA:181,0
DA:183,0
DA:185,0
DA:186,0
DA:188,0
DA:201,0
DA:214,0
DA:221,0
DA:224,0
DA:226,0
DA:233,0
DA:262,0
DA:270,0
DA:271,0
DA:274,0
DA:275,0
DA:279,0
DA:280,0
DA:281,0
DA:285,0
DA:286,0
DA:287,0
LF:67
LH:0
BRDA:42,0,0,0
BRDA:46,1,0,0
BRDA:47,2,0,0
BRDA:48,3,0,0
BRDA:49,4,0,0
BRDA:70,5,0,0
BRDA:70,5,1,0
BRDA:70,5,2,0
BRDA:73,6,0,0
BRDA:73,6,1,0
BRDA:74,7,0,0
BRDA:74,7,1,0
BRDA:86,8,0,0
BRDA:86,8,1,0
BRDA:86,9,0,0
BRDA:86,9,1,0
BRDA:101,10,0,0
BRDA:101,10,1,0
BRDA:101,11,0,0
BRDA:101,11,1,0
BRDA:106,12,0,0
BRDA:106,12,1,0
BRDA:107,13,0,0
BRDA:107,13,1,0
BRDA:111,14,0,0
BRDA:111,14,1,0
BRDA:115,15,0,0
BRDA:115,15,1,0
BRDA:115,16,0,0
BRDA:115,16,1,0
BRDA:116,17,0,0
BRDA:116,17,1,0
BRDA:133,18,0,0
BRDA:133,18,1,0
BRDA:133,19,0,0
BRDA:133,19,1,0
BRDA:135,20,0,0
BRDA:135,20,1,0
BRDA:150,21,0,0
BRDA:150,21,1,0
BRDA:150,22,0,0
BRDA:150,22,1,0
BRDA:152,23,0,0
BRDA:152,23,1,0
BRDA:153,24,0,0
BRDA:153,24,1,0
BRDA:179,25,0,0
BRDA:179,25,1,0
BRDA:179,26,0,0
BRDA:179,26,1,0
BRDA:185,27,0,0
BRDA:185,27,1,0
BRDA:224,28,0,0
BRDA:224,28,1,0
BRDA:262,29,0,0
BRDA:262,29,1,0
BRDA:262,30,0,0
BRDA:262,30,1,0
BRF:58
BRH:0
end_of_record
TN:
SF:src\features\auth\hooks\useAuthGuard.ts
FN:39,useAuthGuard
FN:64,(anonymous_1)
FN:77,(anonymous_2)
FN:78,(anonymous_3)
FN:79,(anonymous_4)
FN:80,(anonymous_5)
FN:96,(anonymous_6)
FN:101,(anonymous_7)
FN:102,(anonymous_8)
FN:103,(anonymous_9)
FN:121,(anonymous_10)
FN:122,(anonymous_11)
FN:123,(anonymous_12)
FN:124,(anonymous_13)
FN:140,(anonymous_14)
FN:145,(anonymous_15)
FN:146,(anonymous_16)
FN:147,(anonymous_17)
FN:161,(anonymous_18)
FN:166,(anonymous_19)
FN:167,(anonymous_20)
FN:168,(anonymous_21)
FN:182,(anonymous_22)
FN:190,(anonymous_23)
FN:191,(anonymous_24)
FN:192,(anonymous_25)
FN:202,(anonymous_26)
FN:204,(anonymous_27)
FN:206,(anonymous_28)
FN:207,(anonymous_29)
FN:219,(anonymous_30)
FN:243,(anonymous_31)
FN:261,(anonymous_32)
FN:272,(anonymous_33)
FN:303,(anonymous_34)
FN:336,useAuthCheck
FN:343,useAdminGuard
FN:350,useOrgGuard
FN:357,useRoleGuard
FN:364,usePermissionGuard
FN:371,getUserPermissions
FNF:41
FNH:0
FNDA:0,useAuthGuard
FNDA:0,(anonymous_1)
FNDA:0,(anonymous_2)
FNDA:0,(anonymous_3)
FNDA:0,(anonymous_4)
FNDA:0,(anonymous_5)
FNDA:0,(anonymous_6)
FNDA:0,(anonymous_7)
FNDA:0,(anonymous_8)
FNDA:0,(anonymous_9)
FNDA:0,(anonymous_10)
FNDA:0,(anonymous_11)
FNDA:0,(anonymous_12)
FNDA:0,(anonymous_13)
FNDA:0,(anonymous_14)
FNDA:0,(anonymous_15)
FNDA:0,(anonymous_16)
FNDA:0,(anonymous_17)
FNDA:0,(anonymous_18)
FNDA:0,(anonymous_19)
FNDA:0,(anonymous_20)
FNDA:0,(anonymous_21)
FNDA:0,(anonymous_22)
FNDA:0,(anonymous_23)
FNDA:0,(anonymous_24)
FNDA:0,(anonymous_25)
FNDA:0,(anonymous_26)
FNDA:0,(anonymous_27)
FNDA:0,(anonymous_28)
FNDA:0,(anonymous_29)
FNDA:0,(anonymous_30)
FNDA:0,(anonymous_31)
FNDA:0,(anonymous_32)
FNDA:0,(anonymous_33)
FNDA:0,(anonymous_34)
FNDA:0,useAuthCheck
FNDA:0,useAdminGuard
FNDA:0,useOrgGuard
FNDA:0,useRoleGuard
FNDA:0,usePermissionGuard
FNDA:0,getUserPermissions
DA:46,0
DA:48,0
DA:49,0
DA:50,0
DA:51,0
DA:62,0
DA:64,0
DA:65,0
DA:68,0
DA:69,0
DA:78,0
DA:79,0
DA:80,0
DA:85,0
DA:87,0
DA:88,0
DA:97,0
DA:101,0
DA:102,0
DA:103,0
DA:109,0
DA:110,0
DA:112,0
DA:113,0
DA:121,0
DA:122,0
DA:123,0
DA:124,0
DA:130,0
DA:131,0
DA:132,0
DA:141,0
DA:145,0
DA:146,0
DA:147,0
DA:152,0
DA:153,0
DA:162,0
DA:166,0
DA:167,0
DA:168,0
DA:173,0
DA:174,0
DA:183,0
DA:190,0
DA:191,0
DA:192,0
DA:199,0
DA:200,0
DA:202,0
DA:204,0
DA:206,0
DA:207,0
DA:210,0
DA:211,0
DA:220,0
DA:234,0
DA:235,0
DA:244,0
DA:259,0
DA:260,0
DA:261,0
DA:264,0
DA:273,0
DA:288,0
DA:295,0
DA:330,0
DA:337,0
DA:344,0
DA:351,0
DA:358,0
DA:365,0
DA:372,0
DA:401,0
LF:74
LH:0
BRDA:39,0,0,0
BRDA:42,1,0,0
BRDA:43,2,0,0
BRDA:44,3,0,0
BRDA:45,4,0,0
BRDA:65,5,0,0
BRDA:65,5,1,0
BRDA:65,5,2,0
BRDA:68,6,0,0
BRDA:68,6,1,0
BRDA:85,7,0,0
BRDA:85,7,1,0
BRDA:87,8,0,0
BRDA:87,8,1,0
BRDA:112,9,0,0
BRDA:112,9,1,0
BRDA:112,10,0,0
BRDA:112,10,1,0
BRDA:130,11,0,0
BRDA:130,11,1,0
BRDA:131,12,0,0
BRDA:131,12,1,0
BRDA:152,13,0,0
BRDA:152,13,1,0
BRDA:173,14,0,0
BRDA:173,14,1,0
BRDA:173,15,0,0
BRDA:173,15,1,0
BRDA:210,16,0,0
BRDA:210,16,1,0
BRDA:210,17,0,0
BRDA:210,17,1,0
BRDA:234,18,0,0
BRDA:234,18,1,0
BRDA:234,19,0,0
BRDA:234,19,1,0
BRDA:246,20,0,0
BRDA:246,20,1,0
BRDA:254,21,0,0
BRDA:254,21,1,0
BRDA:259,22,0,0
BRDA:259,22,1,0
BRDA:259,23,0,0
BRDA:259,23,1,0
BRDA:401,24,0,0
BRDA:401,24,1,0
BRDA:401,25,0,0
BRDA:401,25,1,0
BRF:48
BRH:0
end_of_record
TN:
SF:src\features\auth\hooks\useClerkAuth.js
FN:8,useClerkAuth
FN:16,(anonymous_1)
FN:18,(anonymous_2)
FN:27,(anonymous_3)
FN:28,(anonymous_4)
FN:29,(anonymous_5)
FN:35,(anonymous_6)
FNF:7
FNH:0
FNDA:0,useClerkAuth
FNDA:0,(anonymous_1)
FNDA:0,(anonymous_2)
FNDA:0,(anonymous_3)
FNDA:0,(anonymous_4)
FNDA:0,(anonymous_5)
FNDA:0,(anonymous_6)
DA:9,0
DA:10,0
DA:16,0
DA:18,0
DA:27,0
DA:28,0
DA:29,0
DA:35,0
DA:38,0
LF:9
LH:0
BRDA:20,0,0,0
BRDA:20,0,1,0
BRDA:21,1,0,0
BRDA:21,1,1,0
BRDA:22,2,0,0
BRDA:22,2,1,0
BRDA:44,3,0,0
BRDA:44,3,1,0
BRDA:45,4,0,0
BRDA:45,4,1,0
BRF:10
BRH:0
end_of_record
TN:
SF:src\features\auth\services\authService.js
FN:21,(anonymous_0)
FN:80,(anonymous_1)
FN:109,(anonymous_2)
FN:129,(anonymous_3)
FN:156,(anonymous_4)
FN:186,(anonymous_5)
FN:206,(anonymous_6)
FN:230,(anonymous_7)
FN:252,(anonymous_8)
FN:267,(anonymous_9)
FN:293,(anonymous_10)
FN:303,(anonymous_11)
FN:342,(anonymous_12)
FN:345,(anonymous_13)
FN:358,(anonymous_14)
FNF:15
FNH:0
FNDA:0,(anonymous_0)
FNDA:0,(anonymous_1)
FNDA:0,(anonymous_2)
FNDA:0,(anonymous_3)
FNDA:0,(anonymous_4)
FNDA:0,(anonymous_5)
FNDA:0,(anonymous_6)
FNDA:0,(anonymous_7)
FNDA:0,(anonymous_8)
FNDA:0,(anonymous_9)
FNDA:0,(anonymous_10)
FNDA:0,(anonymous_11)
FNDA:0,(anonymous_12)
FNDA:0,(anonymous_13)
FNDA:0,(anonymous_14)
DA:22,0
DA:23,0
DA:26,0
DA:27,0
DA:31,0
DA:32,0
DA:36,0
DA:50,0
DA:52,0
DA:58,0
DA:61,0
DA:67,0
DA:70,0
DA:81,0
DA:82,0
DA:83,0
DA:86,0
DA:91,0
DA:93,0
DA:100,0
DA:101,0
DA:110,0
DA:111,0
DA:112,0
DA:114,0
DA:119,0
DA:120,0
DA:130,0
DA:131,0
DA:132,0
DA:135,0
DA:139,0
DA:141,0
DA:146,0
DA:147,0
DA:157,0
DA:158,0
DA:159,0
DA:162,0
DA:163,0
DA:166,0
DA:170,0
DA:172,0
DA:177,0
DA:178,0
DA:187,0
DA:188,0
DA:189,0
DA:191,0
DA:197,0
DA:198,0
DA:207,0
DA:208,0
DA:209,0
DA:211,0
DA:217,0
DA:218,0
DA:231,0
DA:232,0
DA:236,0
DA:238,0
DA:243,0
DA:244,0
DA:253,0
DA:254,0
DA:255,0
DA:257,0
DA:258,0
DA:268,0
DA:269,0
DA:270,0
DA:273,0
DA:279,0
DA:281,0
DA:283,0
DA:284,0
DA:294,0
DA:295,0
DA:304,0
DA:309,0
DA:310,0
DA:311,0
DA:314,0
DA:315,0
DA:316,0
DA:319,0
DA:320,0
DA:321,0
DA:324,0
DA:325,0
DA:326,0
DA:329,0
DA:330,0
DA:331,0
DA:334,0
DA:345,0
DA:346,0
DA:347,0
DA:351,0
DA:359,0
DA:360,0
LF:101
LH:0
BRDA:26,0,0,0
BRDA:26,0,1,0
BRDA:26,1,0,0
BRDA:26,1,1,0
BRDA:26,1,2,0
BRDA:26,1,3,0
BRDA:31,2,0,0
BRDA:31,2,1,0
BRDA:43,3,0,0
BRDA:43,3,1,0
BRDA:44,4,0,0
BRDA:44,4,1,0
BRDA:45,5,0,0
BRDA:45,5,1,0
BRDA:50,6,0,0
BRDA:50,6,1,0
BRDA:61,7,0,0
BRDA:61,7,1,0
BRDA:62,8,0,0
BRDA:62,8,1,0
BRDA:70,9,0,0
BRDA:70,9,1,0
BRDA:82,10,0,0
BRDA:82,10,1,0
BRDA:82,11,0,0
BRDA:82,11,1,0
BRDA:91,12,0,0
BRDA:91,12,1,0
BRDA:112,13,0,0
BRDA:112,13,1,0
BRDA:131,14,0,0
BRDA:131,14,1,0
BRDA:139,15,0,0
BRDA:139,15,1,0
BRDA:147,16,0,0
BRDA:147,16,1,0
BRDA:158,17,0,0
BRDA:158,17,1,0
BRDA:162,18,0,0
BRDA:162,18,1,0
BRDA:170,19,0,0
BRDA:170,19,1,0
BRDA:178,20,0,0
BRDA:178,20,1,0
BRDA:189,21,0,0
BRDA:189,21,1,0
BRDA:194,22,0,0
BRDA:194,22,1,0
BRDA:209,23,0,0
BRDA:209,23,1,0
BRDA:214,24,0,0
BRDA:214,24,1,0
BRDA:236,25,0,0
BRDA:236,25,1,0
BRDA:244,26,0,0
BRDA:244,26,1,0
BRDA:269,27,0,0
BRDA:269,27,1,0
BRDA:279,28,0,0
BRDA:279,28,1,0
BRDA:281,29,0,0
BRDA:281,29,1,0
BRDA:309,30,0,0
BRDA:309,30,1,0
BRDA:314,31,0,0
BRDA:314,31,1,0
BRDA:319,32,0,0
BRDA:319,32,1,0
BRDA:324,33,0,0
BRDA:324,33,1,0
BRDA:329,34,0,0
BRDA:329,34,1,0
BRDA:346,35,0,0
BRDA:346,35,1,0
BRDA:359,36,0,0
BRDA:359,36,1,0
BRDA:359,37,0,0
BRDA:359,37,1,0
BRF:78
BRH:0
end_of_record
TN:
SF:src\features\auth\services\clerkSupabaseIntegration.js
FN:10,(anonymous_0)
FN:18,(anonymous_1)
FN:46,(anonymous_2)
FN:72,(anonymous_3)
FN:100,(anonymous_4)
FN:130,(anonymous_5)
FN:144,(anonymous_6)
FN:151,(anonymous_7)
FN:162,(anonymous_8)
FN:166,(anonymous_9)
FN:173,(anonymous_10)
FN:177,(anonymous_11)
FN:194,(anonymous_12)
FN:197,(anonymous_13)
FNF:14
FNH:0
FNDA:0,(anonymous_0)
FNDA:0,(anonymous_1)
FNDA:0,(anonymous_2)
FNDA:0,(anonymous_3)
FNDA:0,(anonymous_4)
FNDA:0,(anonymous_5)
FNDA:0,(anonymous_6)
FNDA:0,(anonymous_7)
FNDA:0,(anonymous_8)
FNDA:0,(anonymous_9)
FNDA:0,(anonymous_10)
FNDA:0,(anonymous_11)
FNDA:0,(anonymous_12)
FNDA:0,(anonymous_13)
DA:11,0
DA:12,0
DA:19,0
DA:20,0
DA:21,0
DA:22,0
DA:25,0
DA:26,0
DA:29,0
DA:32,0
DA:34,0
DA:35,0
DA:36,0
DA:38,0
DA:39,0
DA:47,0
DA:49,0
DA:60,0
DA:61,0
DA:63,0
DA:65,0
DA:73,0
DA:74,0
DA:83,0
DA:87,0
DA:88,0
DA:90,0
DA:93,0
DA:101,0
DA:102,0
DA:105,0
DA:106,0
DA:107,0
DA:109,0
DA:112,0
DA:113,0
DA:120,0
DA:123,0
DA:131,0
DA:132,0
DA:135,0
DA:136,0
DA:138,0
DA:145,0
DA:152,0
DA:157,0
DA:162,0
DA:163,0
DA:164,0
DA:166,0
DA:167,0
DA:168,0
DA:170,0
DA:173,0
DA:174,0
DA:177,0
DA:178,0
DA:179,0
DA:182,0
DA:194,0
DA:195,0
DA:197,0
DA:199,0
DA:201,0
DA:202,0
DA:205,0
DA:209,0
LF:67
LH:0
BRDA:20,0,0,0
BRDA:20,0,1,0
BRDA:87,1,0,0
BRDA:87,1,1,0
BRDA:87,2,0,0
BRDA:87,2,1,0
BRDA:101,3,0,0
BRDA:101,3,1,0
BRDA:101,4,0,0
BRDA:101,4,1,0
BRDA:112,5,0,0
BRDA:112,5,1,0
BRDA:112,6,0,0
BRDA:112,6,1,0
BRDA:152,7,0,0
BRDA:152,7,1,0
BRDA:167,8,0,0
BRDA:167,8,1,0
BRDA:167,9,0,0
BRDA:167,9,1,0
BRF:20
BRH:0
end_of_record
TN:
SF:src\features\auth\services\securityService.js
FN:76,(anonymous_0)
FN:107,(anonymous_1)
FN:155,(anonymous_2)
FN:159,(anonymous_3)
FN:165,(anonymous_4)
FN:194,(anonymous_5)
FN:237,(anonymous_6)
FN:272,(anonymous_7)
FN:298,(anonymous_8)
FN:310,(anonymous_9)
FN:318,(anonymous_10)
FN:324,(anonymous_11)
FN:342,(anonymous_12)
FN:354,(anonymous_13)
FN:397,(anonymous_14)
FN:435,(anonymous_15)
FN:452,(anonymous_16)
FN:477,(anonymous_17)
FNF:18
FNH:0
FNDA:0,(anonymous_0)
FNDA:0,(anonymous_1)
FNDA:0,(anonymous_2)
FNDA:0,(anonymous_3)
FNDA:0,(anonymous_4)
FNDA:0,(anonymous_5)
FNDA:0,(anonymous_6)
FNDA:0,(anonymous_7)
FNDA:0,(anonymous_8)
FNDA:0,(anonymous_9)
FNDA:0,(anonymous_10)
FNDA:0,(anonymous_11)
FNDA:0,(anonymous_12)
FNDA:0,(anonymous_13)
FNDA:0,(anonymous_14)
FNDA:0,(anonymous_15)
FNDA:0,(anonymous_16)
FNDA:0,(anonymous_17)
DA:5,0
DA:13,0
DA:40,0
DA:77,0
DA:79,0
DA:92,0
DA:93,0
DA:95,0
DA:97,0
DA:100,0
DA:102,0
DA:103,0
DA:108,0
DA:110,0
DA:111,0
DA:115,0
DA:121,0
DA:122,0
DA:125,0
DA:127,0
DA:137,0
DA:140,0
DA:148,0
DA:150,0
DA:151,0
DA:156,0
DA:160,0
DA:161,0
DA:166,0
DA:175,0
DA:177,0
DA:188,0
DA:190,0
DA:195,0
DA:197,0
DA:203,0
DA:204,0
DA:207,0
DA:208,0
DA:211,0
DA:212,0
DA:215,0
DA:216,0
DA:219,0
DA:220,0
DA:223,0
DA:224,0
DA:227,0
DA:228,0
DA:229,0
DA:231,0
DA:232,0
DA:238,0
DA:240,0
DA:241,0
DA:242,0
DA:245,0
DA:252,0
DA:255,0
DA:256,0
DA:259,0
DA:265,0
DA:267,0
DA:268,0
DA:273,0
DA:274,0
DA:279,0
DA:282,0
DA:285,0
DA:291,0
DA:293,0
DA:294,0
DA:301,0
DA:303,0
DA:305,0
DA:306,0
DA:311,0
DA:312,0
DA:313,0
DA:315,0
DA:319,0
DA:320,0
DA:322,0
DA:324,0
DA:331,0
DA:335,0
DA:337,0
DA:338,0
DA:343,0
DA:344,0
DA:346,0
DA:348,0
DA:349,0
DA:355,0
DA:357,0
DA:363,0
DA:375,0
DA:381,0
DA:384,0
DA:390,0
DA:392,0
DA:393,0
DA:398,0
DA:400,0
DA:407,0
DA:409,0
DA:412,0
DA:413,0
DA:420,0
DA:427,0
DA:429,0
DA:430,0
DA:436,0
DA:438,0
DA:444,0
DA:445,0
DA:447,0
DA:448,0
DA:453,0
DA:454,0
DA:460,0
DA:463,0
DA:470,0
DA:472,0
DA:473,0
DA:478,0
DA:479,0
DA:484,0
DA:485,0
DA:488,0
DA:489,0
DA:492,0
DA:498,0
DA:500,0
DA:501,0
DA:506,0
LF:136
LH:0
BRDA:92,0,0,0
BRDA:92,0,1,0
BRDA:93,1,0,0
BRDA:93,1,1,0
BRDA:100,2,0,0
BRDA:100,2,1,0
BRDA:110,3,0,0
BRDA:110,3,1,0
BRDA:121,4,0,0
BRDA:121,4,1,0
BRDA:122,5,0,0
BRDA:122,5,1,0
BRDA:137,6,0,0
BRDA:137,6,1,0
BRDA:156,7,0,0
BRDA:156,7,1,0
BRDA:170,8,0,0
BRDA:171,9,0,0
BRDA:172,10,0,0
BRDA:173,11,0,0
BRDA:174,12,0,0
BRDA:188,13,0,0
BRDA:188,13,1,0
BRDA:194,14,0,0
BRDA:203,15,0,0
BRDA:203,15,1,0
BRDA:207,16,0,0
BRDA:207,16,1,0
BRDA:211,17,0,0
BRDA:211,17,1,0
BRDA:215,18,0,0
BRDA:215,18,1,0
BRDA:219,19,0,0
BRDA:219,19,1,0
BRDA:223,20,0,0
BRDA:223,20,1,0
BRDA:228,21,0,0
BRDA:228,21,1,0
BRDA:241,22,0,0
BRDA:241,22,1,0
BRDA:252,23,0,0
BRDA:252,23,1,0
BRDA:279,24,0,0
BRDA:279,24,1,0
BRDA:310,25,0,0
BRDA:322,26,0,0
BRDA:322,26,1,0
BRDA:335,27,0,0
BRDA:335,27,1,0
BRDA:346,28,0,0
BRDA:346,28,1,0
BRDA:368,29,0,0
BRDA:368,29,1,0
BRDA:369,30,0,0
BRDA:369,30,1,0
BRDA:370,31,0,0
BRDA:370,31,1,0
BRDA:381,32,0,0
BRDA:381,32,1,0
BRDA:407,33,0,0
BRDA:407,33,1,0
BRDA:412,34,0,0
BRDA:412,34,1,0
BRDA:444,35,0,0
BRDA:444,35,1,0
BRDA:445,36,0,0
BRDA:445,36,1,0
BRDA:460,37,0,0
BRDA:460,37,1,0
BRDA:477,38,0,0
BRDA:484,39,0,0
BRDA:484,39,1,0
BRDA:489,40,0,0
BRDA:489,40,1,0
BRF:74
BRH:0
end_of_record
TN:
SF:src\features\auth\types\index.ts
FNF:0
FNH:0
LF:0
LH:0
BRF:0
BRH:0
end_of_record
TN:
SF:src\features\calendar\index.ts
FNF:0
FNH:0
LF:0
LH:0
BRF:0
BRH:0
end_of_record
TN:
SF:src\features\calendar\components\Calendar.jsx
FN:25,(anonymous_0)
FN:32,(anonymous_1)
FN:121,(anonymous_2)
FN:127,(anonymous_3)
FN:140,(anonymous_4)
FN:145,(anonymous_5)
FN:151,(anonymous_6)
FN:221,(anonymous_7)
FN:222,(anonymous_8)
FN:253,(anonymous_9)
FN:262,(anonymous_10)
FN:288,(anonymous_11)
FN:306,(anonymous_12)
FN:323,(anonymous_13)
FN:345,(anonymous_14)
FN:352,(anonymous_15)
FN:358,(anonymous_16)
FN:380,(anonymous_17)
FN:383,(anonymous_18)
FN:402,(anonymous_19)
FN:411,(anonymous_20)
FN:431,(anonymous_21)
FN:457,(anonymous_22)
FNF:23
FNH:0
FNDA:0,(anonymous_0)
FNDA:0,(anonymous_1)
FNDA:0,(anonymous_2)
FNDA:0,(anonymous_3)
FNDA:0,(anonymous_4)
FNDA:0,(anonymous_5)
FNDA:0,(anonymous_6)
FNDA:0,(anonymous_7)
FNDA:0,(anonymous_8)
FNDA:0,(anonymous_9)
FNDA:0,(anonymous_10)
FNDA:0,(anonymous_11)
FNDA:0,(anonymous_12)
FNDA:0,(anonymous_13)
FNDA:0,(anonymous_14)
FNDA:0,(anonymous_15)
FNDA:0,(anonymous_16)
FNDA:0,(anonymous_17)
FNDA:0,(anonymous_18)
FNDA:0,(anonymous_19)
FNDA:0,(anonymous_20)
FNDA:0,(anonymous_21)
FNDA:0,(anonymous_22)
DA:25,0
DA:26,0
DA:27,0
DA:28,0
DA:29,0
DA:32,0
DA:33,0
DA:34,0
DA:38,0
DA:39,0
DA:49,0
DA:50,0
DA:51,0
DA:52,0
DA:53,0
DA:54,0
DA:56,0
DA:68,0
DA:121,0
DA:127,0
DA:140,0
DA:145,0
DA:151,0
DA:152,0
DA:153,0
DA:154,0
DA:155,0
DA:156,0
DA:157,0
DA:159,0
DA:162,0
DA:163,0
DA:164,0
DA:172,0
DA:173,0
DA:181,0
DA:182,0
DA:183,0
DA:190,0
DA:193,0
DA:194,0
DA:209,0
DA:210,0
DA:219,0
DA:221,0
DA:222,0
DA:223,0
DA:224,0
DA:225,0
DA:229,0
DA:254,0
DA:263,0
DA:264,0
DA:265,0
DA:289,0
DA:307,0
DA:324,0
DA:345,0
DA:352,0
DA:358,0
DA:381,0
DA:383,0
DA:403,0
DA:412,0
DA:432,0
DA:458,0
LF:66
LH:0
BRDA:32,0,0,0
BRDA:33,1,0,0
BRDA:33,1,1,0
BRDA:38,2,0,0
BRDA:38,2,1,0
BRDA:49,3,0,0
BRDA:49,3,1,0
BRDA:50,4,0,0
BRDA:50,4,1,0
BRDA:51,5,0,0
BRDA:51,5,1,0
BRDA:52,6,0,0
BRDA:52,6,1,0
BRDA:53,7,0,0
BRDA:53,7,1,0
BRDA:54,8,0,0
BRDA:54,8,1,0
BRDA:57,9,0,0
BRDA:57,9,1,0
BRDA:58,10,0,0
BRDA:58,10,1,0
BRDA:59,11,0,0
BRDA:59,11,1,0
BRDA:60,12,0,0
BRDA:60,12,1,0
BRDA:61,13,0,0
BRDA:61,13,1,0
BRDA:62,14,0,0
BRDA:62,14,1,0
BRDA:63,15,0,0
BRDA:63,15,1,0
BRDA:64,16,0,0
BRDA:64,16,1,0
BRDA:72,17,0,0
BRDA:72,17,1,0
BRDA:79,18,0,0
BRDA:79,18,1,0
BRDA:86,19,0,0
BRDA:86,19,1,0
BRDA:95,20,0,0
BRDA:95,20,1,0
BRDA:104,21,0,0
BRDA:104,21,1,0
BRDA:113,22,0,0
BRDA:113,22,1,0
BRDA:193,23,0,0
BRDA:193,23,1,0
BRDA:195,24,0,0
BRDA:195,24,1,0
BRDA:196,25,0,0
BRDA:196,25,1,0
BRDA:197,26,0,0
BRDA:197,26,1,0
BRDA:198,27,0,0
BRDA:198,27,1,0
BRDA:199,28,0,0
BRDA:199,28,1,0
BRDA:200,29,0,0
BRDA:200,29,1,0
BRDA:201,30,0,0
BRDA:201,30,1,0
BRDA:202,31,0,0
BRDA:202,31,1,0
BRDA:203,32,0,0
BRDA:203,32,1,0
BRDA:204,33,0,0
BRDA:204,33,1,0
BRDA:205,34,0,0
BRDA:205,34,1,0
BRDA:206,35,0,0
BRDA:206,35,1,0
BRDA:209,36,0,0
BRDA:209,36,1,0
BRDA:211,37,0,0
BRDA:211,37,1,0
BRDA:212,38,0,0
BRDA:212,38,1,0
BRDA:213,39,0,0
BRDA:213,39,1,0
BRDA:214,40,0,0
BRDA:214,40,1,0
BRDA:215,41,0,0
BRDA:215,41,1,0
BRDA:216,42,0,0
BRDA:216,42,1,0
BRDA:217,43,0,0
BRDA:217,43,1,0
BRDA:252,44,0,0
BRDA:252,44,1,0
BRDA:269,45,0,0
BRDA:269,45,1,0
BRDA:385,46,0,0
BRDA:385,46,1,0
BRDA:415,47,0,0
BRDA:415,47,1,0
BRDA:416,48,0,0
BRDA:416,48,1,0
BRDA:421,49,0,0
BRDA:421,49,1,0
BRDA:421,50,0,0
BRDA:421,50,1,0
BRDA:424,51,0,0
BRDA:424,51,1,0
BRDA:429,52,0,0
BRDA:429,52,1,0
BRDA:429,52,2,0
BRDA:437,53,0,0
BRDA:437,53,1,0
BRDA:470,54,0,0
BRDA:470,54,1,0
BRF:110
BRH:0
end_of_record
TN:
SF:src\features\calendar\components\EventModal.jsx
FN:16,(anonymous_0)
FN:36,(anonymous_1)
FN:43,(anonymous_2)
FN:84,(anonymous_3)
FN:93,(anonymous_4)
FN:95,(anonymous_5)
FN:101,(anonymous_6)
FN:120,(anonymous_7)
FN:279,(anonymous_8)
FN:296,(anonymous_9)
FN:319,(anonymous_10)
FNF:11
FNH:0
FNDA:0,(anonymous_0)
FNDA:0,(anonymous_1)
FNDA:0,(anonymous_2)
FNDA:0,(anonymous_3)
FNDA:0,(anonymous_4)
FNDA:0,(anonymous_5)
FNDA:0,(anonymous_6)
FNDA:0,(anonymous_7)
FNDA:0,(anonymous_8)
FNDA:0,(anonymous_9)
FNDA:0,(anonymous_10)
DA:16,0
DA:17,0
DA:18,0
DA:31,0
DA:32,0
DA:33,0
DA:36,0
DA:37,0
DA:38,0
DA:43,0
DA:44,0
DA:45,0
DA:47,0
DA:61,0
DA:67,0
DA:80,0
DA:84,0
DA:85,0
DA:86,0
DA:87,0
DA:89,0
DA:93,0
DA:94,0
DA:95,0
DA:101,0
DA:102,0
DA:103,0
DA:104,0
DA:107,0
DA:108,0
DA:109,0
DA:112,0
DA:113,0
DA:114,0
DA:117,0
DA:120,0
DA:121,0
DA:123,0
DA:124,0
DA:127,0
DA:128,0
DA:130,0
DA:133,0
DA:135,0
DA:138,0
DA:141,0
DA:142,0
DA:144,0
DA:145,0
DA:147,0
DA:151,0
DA:153,0
DA:280,0
DA:297,0
DA:320,0
LF:55
LH:0
BRDA:37,0,0,0
BRDA:37,0,1,0
BRDA:44,1,0,0
BRDA:44,1,1,0
BRDA:45,2,0,0
BRDA:45,2,1,0
BRDA:48,3,0,0
BRDA:48,3,1,0
BRDA:49,4,0,0
BRDA:49,4,1,0
BRDA:50,5,0,0
BRDA:50,5,1,0
BRDA:51,6,0,0
BRDA:51,6,1,0
BRDA:52,7,0,0
BRDA:52,7,1,0
BRDA:53,8,0,0
BRDA:53,8,1,0
BRDA:54,9,0,0
BRDA:54,9,1,0
BRDA:55,10,0,0
BRDA:55,10,1,0
BRDA:56,11,0,0
BRDA:56,11,1,0
BRDA:57,12,0,0
BRDA:57,12,1,0
BRDA:61,13,0,0
BRDA:61,13,1,0
BRDA:62,14,0,0
BRDA:62,14,1,0
BRDA:87,15,0,0
BRDA:87,15,1,0
BRDA:102,16,0,0
BRDA:102,16,1,0
BRDA:107,17,0,0
BRDA:107,17,1,0
BRDA:112,18,0,0
BRDA:112,18,1,0
BRDA:112,19,0,0
BRDA:112,19,1,0
BRDA:112,19,2,0
BRDA:123,20,0,0
BRDA:123,20,1,0
BRDA:133,21,0,0
BRDA:133,21,1,0
BRDA:145,22,0,0
BRDA:145,22,1,0
BRDA:151,23,0,0
BRDA:151,23,1,0
BRDA:159,24,0,0
BRDA:159,24,1,0
BRDA:172,25,0,0
BRDA:172,25,1,0
BRDA:360,26,0,0
BRDA:360,26,1,0
BRF:55
BRH:0
end_of_record
TN:
SF:src\features\calendar\services\eventInvitationService.js
FN:26,(anonymous_0)
FN:135,(anonymous_1)
FN:166,(anonymous_2)
FN:265,(anonymous_3)
FN:305,(anonymous_4)
FN:367,(anonymous_5)
FN:417,(anonymous_6)
FN:478,(anonymous_7)
FN:529,(anonymous_8)
FN:563,(anonymous_9)
FN:594,(anonymous_10)
FN:631,(anonymous_11)
FN:680,(anonymous_12)
FN:712,(anonymous_13)
FN:722,(anonymous_14)
FN:753,(anonymous_15)
FNF:16
FNH:0
FNDA:0,(anonymous_0)
FNDA:0,(anonymous_1)
FNDA:0,(anonymous_2)
FNDA:0,(anonymous_3)
FNDA:0,(anonymous_4)
FNDA:0,(anonymous_5)
FNDA:0,(anonymous_6)
FNDA:0,(anonymous_7)
FNDA:0,(anonymous_8)
FNDA:0,(anonymous_9)
FNDA:0,(anonymous_10)
FNDA:0,(anonymous_11)
FNDA:0,(anonymous_12)
FNDA:0,(anonymous_13)
FNDA:0,(anonymous_14)
FNDA:0,(anonymous_15)
DA:27,0
DA:31,0
DA:32,0
DA:33,0
DA:37,0
DA:49,0
DA:50,0
DA:53,0
DA:54,0
DA:56,0
DA:57,0
DA:59,0
DA:71,0
DA:77,0
DA:78,0
DA:82,0
DA:83,0
DA:84,0
DA:85,0
DA:89,0
DA:96,0
DA:102,0
DA:103,0
DA:110,0
DA:121,0
DA:122,0
DA:136,0
DA:138,0
DA:145,0
DA:167,0
DA:174,0
DA:178,0
DA:266,0
DA:267,0
DA:271,0
DA:306,0
DA:308,0
DA:320,0
DA:321,0
DA:325,0
DA:334,0
DA:341,0
DA:342,0
DA:346,0
DA:348,0
DA:354,0
DA:355,0
DA:368,0
DA:369,0
DA:384,0
DA:385,0
DA:388,0
DA:393,0
DA:394,0
DA:418,0
DA:420,0
DA:426,0
DA:427,0
DA:428,0
DA:431,0
DA:437,0
DA:465,0
DA:467,0
DA:479,0
DA:483,0
DA:484,0
DA:485,0
DA:488,0
DA:507,0
DA:508,0
DA:511,0
DA:516,0
DA:517,0
DA:530,0
DA:534,0
DA:535,0
DA:536,0
DA:539,0
DA:550,0
DA:551,0
DA:555,0
DA:563,0
DA:564,0
DA:567,0
DA:581,0
DA:582,0
DA:595,0
DA:596,0
DA:606,0
DA:607,0
DA:610,0
DA:615,0
DA:616,0
DA:632,0
DA:636,0
DA:637,0
DA:638,0
DA:641,0
DA:658,0
DA:659,0
DA:662,0
DA:667,0
DA:668,0
DA:681,0
DA:682,0
DA:688,0
DA:689,0
DA:692,0
DA:697,0
DA:698,0
DA:713,0
DA:714,0
DA:716,0
DA:717,0
DA:720,0
DA:722,0
DA:723,0
DA:726,0
DA:740,0
DA:741,0
DA:754,0
DA:758,0
DA:759,0
DA:760,0
DA:764,0
DA:776,0
DA:777,0
DA:780,0
DA:781,0
DA:783,0
DA:784,0
DA:785,0
DA:791,0
DA:799,0
DA:801,0
DA:802,0
DA:809,0
DA:820,0
DA:821,0
LF:139
LH:0
BRDA:26,0,0,0
BRDA:32,1,0,0
BRDA:32,1,1,0
BRDA:32,2,0,0
BRDA:32,2,1,0
BRDA:49,3,0,0
BRDA:49,3,1,0
BRDA:49,4,0,0
BRDA:49,4,1,0
BRDA:64,5,0,0
BRDA:64,5,1,0
BRDA:65,6,0,0
BRDA:65,6,1,0
BRDA:66,7,0,0
BRDA:66,7,1,0
BRDA:67,8,0,0
BRDA:67,8,1,0
BRDA:77,9,0,0
BRDA:77,9,1,0
BRDA:82,10,0,0
BRDA:82,10,1,0
BRDA:84,11,0,0
BRDA:84,11,1,0
BRDA:102,12,0,0
BRDA:102,12,1,0
BRDA:102,12,2,0
BRDA:135,13,0,0
BRDA:174,14,0,0
BRDA:174,14,1,0
BRDA:176,15,0,0
BRDA:176,15,1,0
BRDA:176,16,0,0
BRDA:176,16,1,0
BRDA:202,17,0,0
BRDA:202,17,1,0
BRDA:210,18,0,0
BRDA:210,18,1,0
BRDA:211,19,0,0
BRDA:211,19,1,0
BRDA:215,20,0,0
BRDA:215,20,1,0
BRDA:267,21,0,0
BRDA:267,21,1,0
BRDA:269,22,0,0
BRDA:269,22,1,0
BRDA:269,23,0,0
BRDA:269,23,1,0
BRDA:274,24,0,0
BRDA:274,24,1,0
BRDA:281,25,0,0
BRDA:281,25,1,0
BRDA:283,26,0,0
BRDA:283,26,1,0
BRDA:285,27,0,0
BRDA:285,27,1,0
BRDA:305,28,0,0
BRDA:320,29,0,0
BRDA:320,29,1,0
BRDA:320,30,0,0
BRDA:320,30,1,0
BRDA:328,31,0,0
BRDA:328,31,1,0
BRDA:329,32,0,0
BRDA:329,32,1,0
BRDA:330,33,0,0
BRDA:330,33,1,0
BRDA:331,34,0,0
BRDA:331,34,1,0
BRDA:341,35,0,0
BRDA:341,35,1,0
BRDA:384,36,0,0
BRDA:384,36,1,0
BRDA:384,37,0,0
BRDA:384,37,1,0
BRDA:426,38,0,0
BRDA:426,38,1,0
BRDA:426,39,0,0
BRDA:426,39,1,0
BRDA:445,40,0,0
BRDA:445,40,1,0
BRDA:446,41,0,0
BRDA:446,41,1,0
BRDA:447,42,0,0
BRDA:447,42,1,0
BRDA:448,43,0,0
BRDA:448,43,1,0
BRDA:458,44,0,0
BRDA:458,44,1,0
BRDA:459,45,0,0
BRDA:459,45,1,0
BRDA:460,46,0,0
BRDA:460,46,1,0
BRDA:461,47,0,0
BRDA:461,47,1,0
BRDA:484,48,0,0
BRDA:484,48,1,0
BRDA:484,49,0,0
BRDA:484,49,1,0
BRDA:507,50,0,0
BRDA:507,50,1,0
BRDA:535,51,0,0
BRDA:535,51,1,0
BRDA:535,52,0,0
BRDA:535,52,1,0
BRDA:550,53,0,0
BRDA:550,53,1,0
BRDA:606,54,0,0
BRDA:606,54,1,0
BRDA:637,55,0,0
BRDA:637,55,1,0
BRDA:637,56,0,0
BRDA:637,56,1,0
BRDA:647,57,0,0
BRDA:647,57,1,0
BRDA:649,58,0,0
BRDA:649,58,1,0
BRDA:649,58,2,0
BRDA:651,59,0,0
BRDA:651,59,1,0
BRDA:652,60,0,0
BRDA:652,60,1,0
BRDA:658,61,0,0
BRDA:658,61,1,0
BRDA:688,62,0,0
BRDA:688,62,1,0
BRDA:716,63,0,0
BRDA:716,63,1,0
BRDA:723,64,0,0
BRDA:723,64,1,0
BRDA:732,65,0,0
BRDA:732,65,1,0
BRDA:759,66,0,0
BRDA:759,66,1,0
BRDA:759,67,0,0
BRDA:759,67,1,0
BRDA:776,68,0,0
BRDA:776,68,1,0
BRDA:801,69,0,0
BRDA:801,69,1,0
BRDA:801,69,2,0
BRF:140
BRH:0
end_of_record
TN:
SF:src\features\calendar\services\eventService.js
FN:8,(anonymous_0)
FN:67,(anonymous_1)
FN:165,(anonymous_2)
FN:172,(anonymous_3)
FN:224,(anonymous_4)
FN:263,(anonymous_5)
FN:297,(anonymous_6)
FN:347,(anonymous_7)
FN:398,(anonymous_8)
FN:420,(anonymous_9)
FN:446,(anonymous_10)
FN:498,(anonymous_11)
FN:523,(anonymous_12)
FN:548,(anonymous_13)
FN:572,(anonymous_14)
FN:656,(anonymous_15)
FN:703,(anonymous_16)
FN:744,(anonymous_17)
FN:765,(anonymous_18)
FN:816,(anonymous_19)
FN:830,(anonymous_20)
FNF:21
FNH:0
FNDA:0,(anonymous_0)
FNDA:0,(anonymous_1)
FNDA:0,(anonymous_2)
FNDA:0,(anonymous_3)
FNDA:0,(anonymous_4)
FNDA:0,(anonymous_5)
FNDA:0,(anonymous_6)
FNDA:0,(anonymous_7)
FNDA:0,(anonymous_8)
FNDA:0,(anonymous_9)
FNDA:0,(anonymous_10)
FNDA:0,(anonymous_11)
FNDA:0,(anonymous_12)
FNDA:0,(anonymous_13)
FNDA:0,(anonymous_14)
FNDA:0,(anonymous_15)
FNDA:0,(anonymous_16)
FNDA:0,(anonymous_17)
FNDA:0,(anonymous_18)
FNDA:0,(anonymous_19)
FNDA:0,(anonymous_20)
DA:8,0
DA:10,0
DA:11,0
DA:16,0
DA:32,0
DA:42,0
DA:49,0
DA:56,0
DA:67,0
DA:68,0
DA:81,0
DA:84,0
DA:85,0
DA:87,0
DA:98,0
DA:101,0
DA:102,0
DA:104,0
DA:105,0
DA:109,0
DA:110,0
DA:114,0
DA:115,0
DA:119,0
DA:120,0
DA:124,0
DA:125,0
DA:129,0
DA:132,0
DA:133,0
DA:134,0
DA:136,0
DA:138,0
DA:139,0
DA:140,0
DA:143,0
DA:153,0
DA:154,0
DA:165,0
DA:166,0
DA:168,0
DA:169,0
DA:172,0
DA:173,0
DA:207,0
DA:208,0
DA:209,0
DA:212,0
DA:214,0
DA:215,0
DA:224,0
DA:225,0
DA:226,0
DA:246,0
DA:247,0
DA:248,0
DA:251,0
DA:253,0
DA:254,0
DA:263,0
DA:264,0
DA:266,0
DA:267,0
DA:271,0
DA:272,0
DA:273,0
DA:274,0
DA:279,0
DA:280,0
DA:284,0
DA:285,0
DA:289,0
DA:297,0
DA:298,0
DA:329,0
DA:330,0
DA:331,0
DA:334,0
DA:336,0
DA:337,0
DA:347,0
DA:348,0
DA:350,0
DA:351,0
DA:355,0
DA:356,0
DA:359,0
DA:364,0
DA:381,0
DA:382,0
DA:383,0
DA:386,0
DA:388,0
DA:389,0
DA:398,0
DA:399,0
DA:400,0
DA:402,0
DA:403,0
DA:404,0
DA:407,0
DA:409,0
DA:410,0
DA:420,0
DA:421,0
DA:423,0
DA:426,0
DA:427,0
DA:433,0
DA:435,0
DA:436,0
DA:446,0
DA:447,0
DA:448,0
DA:450,0
DA:451,0
DA:454,0
DA:455,0
DA:456,0
DA:457,0
DA:460,0
DA:462,0
DA:464,0
DA:465,0
DA:469,0
DA:475,0
DA:476,0
DA:478,0
DA:481,0
DA:484,0
DA:486,0
DA:487,0
DA:498,0
DA:499,0
DA:501,0
DA:503,0
DA:504,0
DA:506,0
DA:507,0
DA:509,0
DA:510,0
DA:512,0
DA:515,0
DA:523,0
DA:524,0
DA:525,0
DA:527,0
DA:529,0
DA:530,0
DA:532,0
DA:533,0
DA:536,0
DA:538,0
DA:539,0
DA:540,0
DA:544,0
DA:545,0
DA:546,0
DA:548,0
DA:550,0
DA:553,0
DA:556,0
DA:562,0
DA:563,0
DA:572,0
DA:573,0
DA:583,0
DA:585,0
DA:596,0
DA:597,0
DA:603,0
DA:604,0
DA:608,0
DA:609,0
DA:613,0
DA:614,0
DA:618,0
DA:619,0
DA:621,0
DA:622,0
DA:626,0
DA:627,0
DA:631,0
DA:636,0
DA:638,0
DA:639,0
DA:640,0
DA:643,0
DA:645,0
DA:646,0
DA:656,0
DA:657,0
DA:658,0
DA:660,0
DA:675,0
DA:676,0
DA:678,0
DA:679,0
DA:682,0
DA:684,0
DA:686,0
DA:687,0
DA:688,0
DA:691,0
DA:693,0
DA:694,0
DA:703,0
DA:704,0
DA:705,0
DA:706,0
DA:708,0
DA:727,0
DA:728,0
DA:729,0
DA:732,0
DA:734,0
DA:735,0
DA:744,0
DA:745,0
DA:754,0
DA:765,0
DA:771,0
DA:772,0
DA:773,0
DA:776,0
DA:783,0
DA:784,0
DA:787,0
DA:789,0
DA:790,0
DA:791,0
DA:795,0
DA:796,0
DA:797,0
DA:801,0
DA:803,0
DA:804,0
DA:816,0
DA:817,0
DA:818,0
DA:819,0
DA:820,0
DA:822,0
DA:830,0
DA:831,0
DA:840,0
DA:846,0
LF:247
LH:0
BRDA:10,0,0,0
BRDA:10,0,1,0
BRDA:10,1,0,0
BRDA:10,1,1,0
BRDA:67,2,0,0
BRDA:76,3,0,0
BRDA:77,4,0,0
BRDA:78,5,0,0
BRDA:79,6,0,0
BRDA:84,7,0,0
BRDA:84,7,1,0
BRDA:85,8,0,0
BRDA:85,8,1,0
BRDA:101,9,0,0
BRDA:101,9,1,0
BRDA:104,10,0,0
BRDA:104,10,1,0
BRDA:109,11,0,0
BRDA:109,11,1,0
BRDA:109,12,0,0
BRDA:109,12,1,0
BRDA:114,13,0,0
BRDA:114,13,1,0
BRDA:119,14,0,0
BRDA:119,14,1,0
BRDA:119,15,0,0
BRDA:119,15,1,0
BRDA:124,16,0,0
BRDA:124,16,1,0
BRDA:138,17,0,0
BRDA:138,17,1,0
BRDA:144,18,0,0
BRDA:144,18,1,0
BRDA:148,19,0,0
BRDA:148,19,1,0
BRDA:149,20,0,0
BRDA:149,20,1,0
BRDA:168,21,0,0
BRDA:168,21,1,0
BRDA:207,22,0,0
BRDA:207,22,1,0
BRDA:212,23,0,0
BRDA:212,23,1,0
BRDA:246,24,0,0
BRDA:246,24,1,0
BRDA:266,25,0,0
BRDA:266,25,1,0
BRDA:273,26,0,0
BRDA:273,26,1,0
BRDA:279,27,0,0
BRDA:279,27,1,0
BRDA:284,28,0,0
BRDA:284,28,1,0
BRDA:284,29,0,0
BRDA:284,29,1,0
BRDA:291,30,0,0
BRDA:291,30,1,0
BRDA:292,31,0,0
BRDA:292,31,1,0
BRDA:329,32,0,0
BRDA:329,32,1,0
BRDA:350,33,0,0
BRDA:350,33,1,0
BRDA:350,34,0,0
BRDA:350,34,1,0
BRDA:355,35,0,0
BRDA:355,35,1,0
BRDA:355,36,0,0
BRDA:355,36,1,0
BRDA:381,37,0,0
BRDA:381,37,1,0
BRDA:402,38,0,0
BRDA:402,38,1,0
BRDA:420,39,0,0
BRDA:430,40,0,0
BRDA:430,40,1,0
BRDA:448,41,0,0
BRDA:450,42,0,0
BRDA:450,42,1,0
BRDA:460,43,0,0
BRDA:460,43,1,0
BRDA:464,44,0,0
BRDA:464,44,1,0
BRDA:464,45,0,0
BRDA:464,45,1,0
BRDA:472,46,0,0
BRDA:472,46,1,0
BRDA:501,47,0,0
BRDA:501,47,1,0
BRDA:501,47,2,0
BRDA:501,47,3,0
BRDA:523,48,0,0
BRDA:529,49,0,0
BRDA:529,49,1,0
BRDA:532,50,0,0
BRDA:532,50,1,0
BRDA:538,51,0,0
BRDA:538,51,1,0
BRDA:550,52,0,0
BRDA:550,52,1,0
BRDA:553,53,0,0
BRDA:553,53,1,0
BRDA:572,54,0,0
BRDA:582,55,0,0
BRDA:596,56,0,0
BRDA:596,56,1,0
BRDA:603,57,0,0
BRDA:603,57,1,0
BRDA:603,58,0,0
BRDA:603,58,1,0
BRDA:608,59,0,0
BRDA:608,59,1,0
BRDA:608,60,0,0
BRDA:608,60,1,0
BRDA:613,61,0,0
BRDA:613,61,1,0
BRDA:618,62,0,0
BRDA:618,62,1,0
BRDA:621,63,0,0
BRDA:621,63,1,0
BRDA:626,64,0,0
BRDA:626,64,1,0
BRDA:638,65,0,0
BRDA:638,65,1,0
BRDA:643,66,0,0
BRDA:643,66,1,0
BRDA:656,67,0,0
BRDA:658,68,0,0
BRDA:675,69,0,0
BRDA:675,69,1,0
BRDA:678,70,0,0
BRDA:678,70,1,0
BRDA:686,71,0,0
BRDA:686,71,1,0
BRDA:691,72,0,0
BRDA:691,72,1,0
BRDA:703,73,0,0
BRDA:727,74,0,0
BRDA:727,74,1,0
BRDA:732,75,0,0
BRDA:732,75,1,0
BRDA:754,76,0,0
BRDA:754,76,1,0
BRDA:769,77,0,0
BRDA:772,78,0,0
BRDA:772,78,1,0
BRDA:772,79,0,0
BRDA:772,79,1,0
BRDA:783,80,0,0
BRDA:783,80,1,0
BRDA:789,81,0,0
BRDA:789,81,1,0
BRDA:796,82,0,0
BRDA:796,82,1,0
BRDA:822,83,0,0
BRDA:822,83,1,0
BRDA:848,84,0,0
BRDA:848,84,1,0
BRDA:849,85,0,0
BRDA:849,85,1,0
BRDA:852,86,0,0
BRDA:852,86,1,0
BRDA:852,87,0,0
BRDA:852,87,1,0
BRF:164
BRH:0
end_of_record
TN:
SF:src\features\calendar\services\recurringEventsService.js
FN:53,(anonymous_0)
FN:117,(anonymous_1)
FN:173,(anonymous_2)
FN:257,(anonymous_3)
FN:285,(anonymous_4)
FN:298,(anonymous_5)
FN:317,(anonymous_6)
FN:317,(anonymous_7)
FN:343,(anonymous_8)
FN:349,(anonymous_9)
FN:382,(anonymous_10)
FN:388,(anonymous_11)
FN:417,(anonymous_12)
FN:464,(anonymous_13)
FN:552,(anonymous_14)
FN:582,(anonymous_15)
FN:633,(anonymous_16)
FN:660,(anonymous_17)
FNF:18
FNH:0
FNDA:0,(anonymous_0)
FNDA:0,(anonymous_1)
FNDA:0,(anonymous_2)
FNDA:0,(anonymous_3)
FNDA:0,(anonymous_4)
FNDA:0,(anonymous_5)
FNDA:0,(anonymous_6)
FNDA:0,(anonymous_7)
FNDA:0,(anonymous_8)
FNDA:0,(anonymous_9)
FNDA:0,(anonymous_10)
FNDA:0,(anonymous_11)
FNDA:0,(anonymous_12)
FNDA:0,(anonymous_13)
FNDA:0,(anonymous_14)
FNDA:0,(anonymous_15)
FNDA:0,(anonymous_16)
FNDA:0,(anonymous_17)
DA:23,0
DA:31,0
DA:38,0
DA:53,0
DA:54,0
DA:66,0
DA:69,0
DA:70,0
DA:73,0
DA:74,0
DA:77,0
DA:78,0
DA:81,0
DA:98,0
DA:99,0
DA:100,0
DA:103,0
DA:105,0
DA:106,0
DA:117,0
DA:118,0
DA:119,0
DA:122,0
DA:125,0
DA:131,0
DA:134,0
DA:135,0
DA:136,0
DA:139,0
DA:141,0
DA:143,0
DA:146,0
DA:147,0
DA:148,0
DA:149,0
DA:154,0
DA:161,0
DA:162,0
DA:173,0
DA:174,0
DA:175,0
DA:177,0
DA:178,0
DA:179,0
DA:182,0
DA:183,0
DA:185,0
DA:186,0
DA:189,0
DA:191,0
DA:193,0
DA:194,0
DA:197,0
DA:201,0
DA:204,0
DA:205,0
DA:209,0
DA:210,0
DA:211,0
DA:212,0
DA:216,0
DA:217,0
DA:218,0
DA:219,0
DA:223,0
DA:234,0
DA:235,0
DA:237,0
DA:238,0
DA:240,0
DA:241,0
DA:244,0
DA:246,0
DA:247,0
DA:257,0
DA:258,0
DA:259,0
DA:261,0
DA:263,0
DA:266,0
DA:269,0
DA:272,0
DA:275,0
DA:285,0
DA:286,0
DA:287,0
DA:288,0
DA:298,0
DA:299,0
DA:301,0
DA:302,0
DA:303,0
DA:307,0
DA:317,0
DA:318,0
DA:321,0
DA:322,0
DA:323,0
DA:324,0
DA:325,0
DA:330,0
DA:331,0
DA:332,0
DA:333,0
DA:343,0
DA:344,0
DA:346,0
DA:348,0
DA:349,0
DA:352,0
DA:353,0
DA:354,0
DA:355,0
DA:360,0
DA:361,0
DA:362,0
DA:365,0
DA:367,0
DA:371,0
DA:372,0
DA:382,0
DA:383,0
DA:385,0
DA:387,0
DA:388,0
DA:391,0
DA:392,0
DA:393,0
DA:394,0
DA:399,0
DA:400,0
DA:401,0
DA:405,0
DA:406,0
DA:417,0
DA:418,0
DA:428,0
DA:429,0
DA:432,0
DA:434,0
DA:436,0
DA:438,0
DA:439,0
DA:443,0
DA:446,0
DA:447,0
DA:451,0
DA:454,0
DA:464,0
DA:465,0
DA:470,0
DA:473,0
DA:484,0
DA:485,0
DA:486,0
DA:489,0
DA:490,0
DA:494,0
DA:501,0
DA:502,0
DA:503,0
DA:506,0
DA:508,0
DA:509,0
DA:511,0
DA:512,0
DA:518,0
DA:520,0
DA:521,0
DA:524,0
DA:526,0
DA:527,0
DA:528,0
DA:531,0
DA:535,0
DA:541,0
DA:542,0
DA:552,0
DA:553,0
DA:554,0
DA:556,0
DA:558,0
DA:559,0
DA:562,0
DA:564,0
DA:565,0
DA:566,0
DA:569,0
DA:571,0
DA:572,0
DA:582,0
DA:583,0
DA:585,0
DA:591,0
DA:592,0
DA:593,0
DA:596,0
DA:597,0
DA:600,0
DA:607,0
DA:608,0
DA:609,0
DA:613,0
DA:619,0
DA:621,0
DA:622,0
DA:633,0
DA:634,0
DA:635,0
DA:643,0
DA:644,0
DA:645,0
DA:648,0
DA:650,0
DA:651,0
DA:660,0
DA:661,0
DA:663,0
DA:674,0
DA:675,0
DA:676,0
DA:680,0
DA:686,0
DA:687,0
DA:688,0
DA:691,0
DA:698,0
DA:699,0
LF:228
LH:0
BRDA:57,0,0,0
BRDA:58,1,0,0
BRDA:59,2,0,0
BRDA:60,3,0,0
BRDA:61,4,0,0
BRDA:62,5,0,0
BRDA:63,6,0,0
BRDA:64,7,0,0
BRDA:65,8,0,0
BRDA:69,9,0,0
BRDA:69,9,1,0
BRDA:73,10,0,0
BRDA:73,10,1,0
BRDA:73,11,0,0
BRDA:73,11,1,0
BRDA:73,11,2,0
BRDA:77,12,0,0
BRDA:77,12,1,0
BRDA:77,13,0,0
BRDA:77,13,1,0
BRDA:98,14,0,0
BRDA:98,14,1,0
BRDA:117,15,0,0
BRDA:119,16,0,0
BRDA:119,17,0,0
BRDA:119,18,0,0
BRDA:128,19,0,0
BRDA:128,19,1,0
BRDA:134,20,0,0
BRDA:134,20,1,0
BRDA:141,21,0,0
BRDA:141,21,1,0
BRDA:147,22,0,0
BRDA:147,22,1,0
BRDA:173,23,0,0
BRDA:175,24,0,0
BRDA:175,25,0,0
BRDA:175,26,0,0
BRDA:179,27,0,0
BRDA:179,27,1,0
BRDA:182,28,0,0
BRDA:182,28,1,0
BRDA:183,29,0,0
BRDA:183,29,1,0
BRDA:193,30,0,0
BRDA:193,30,1,0
BRDA:193,31,0,0
BRDA:193,31,1,0
BRDA:197,32,0,0
BRDA:197,32,1,0
BRDA:198,33,0,0
BRDA:198,33,1,0
BRDA:204,34,0,0
BRDA:204,34,1,0
BRDA:204,35,0,0
BRDA:204,35,1,0
BRDA:210,36,0,0
BRDA:210,36,1,0
BRDA:210,37,0,0
BRDA:210,37,1,0
BRDA:216,38,0,0
BRDA:216,38,1,0
BRDA:216,39,0,0
BRDA:216,39,1,0
BRDA:259,40,0,0
BRDA:259,40,1,0
BRDA:261,41,0,0
BRDA:261,41,1,0
BRDA:261,41,2,0
BRDA:261,41,3,0
BRDA:261,41,4,0
BRDA:299,42,0,0
BRDA:299,42,1,0
BRDA:299,43,0,0
BRDA:299,43,1,0
BRDA:322,44,0,0
BRDA:322,44,1,0
BRDA:346,45,0,0
BRDA:346,45,1,0
BRDA:346,46,0,0
BRDA:346,46,1,0
BRDA:353,47,0,0
BRDA:353,47,1,0
BRDA:365,48,0,0
BRDA:365,48,1,0
BRDA:365,49,0,0
BRDA:365,49,1,0
BRDA:385,50,0,0
BRDA:385,50,1,0
BRDA:385,51,0,0
BRDA:385,51,1,0
BRDA:392,52,0,0
BRDA:392,52,1,0
BRDA:434,53,0,0
BRDA:434,53,1,0
BRDA:464,54,0,0
BRDA:467,55,0,0
BRDA:468,56,0,0
BRDA:469,57,0,0
BRDA:484,58,0,0
BRDA:484,58,1,0
BRDA:489,59,0,0
BRDA:489,59,1,0
BRDA:501,60,0,0
BRDA:501,60,1,0
BRDA:508,61,0,0
BRDA:508,61,1,0
BRDA:509,62,0,0
BRDA:509,62,1,0
BRDA:520,63,0,0
BRDA:520,63,1,0
BRDA:526,64,0,0
BRDA:526,64,1,0
BRDA:531,65,0,0
BRDA:531,65,1,0
BRDA:552,66,0,0
BRDA:554,67,0,0
BRDA:558,68,0,0
BRDA:558,68,1,0
BRDA:564,69,0,0
BRDA:564,69,1,0
BRDA:569,70,0,0
BRDA:569,70,1,0
BRDA:591,71,0,0
BRDA:591,71,1,0
BRDA:596,72,0,0
BRDA:596,72,1,0
BRDA:607,73,0,0
BRDA:607,73,1,0
BRDA:643,74,0,0
BRDA:643,74,1,0
BRDA:648,75,0,0
BRDA:648,75,1,0
BRDA:674,76,0,0
BRDA:674,76,1,0
BRDA:686,77,0,0
BRDA:686,77,1,0
BRDA:694,78,0,0
BRDA:694,78,1,0
BRDA:695,79,0,0
BRDA:695,79,1,0
BRF:141
BRH:0
end_of_record
TN:
SF:src\features\calendar\types\index.ts
FNF:0
FNH:0
LF:0
LH:0
BRF:0
BRH:0
end_of_record
TN:
SF:src\features\clients\index.ts
FNF:0
FNH:0
LF:0
LH:0
BRF:0
BRH:0
end_of_record
TN:
SF:src\features\clients\components\ClientCard.jsx
FN:17,classNames
FN:21,ClientCard
FN:25,(anonymous_2)
FN:30,(anonymous_3)
FN:34,(anonymous_4)
FN:71,(anonymous_5)
FN:73,(anonymous_6)
FN:88,(anonymous_7)
FN:90,(anonymous_8)
FN:105,(anonymous_9)
FN:107,(anonymous_10)
FN:124,(anonymous_11)
FN:126,(anonymous_12)
FNF:13
FNH:0
FNDA:0,classNames
FNDA:0,ClientCard
FNDA:0,(anonymous_2)
FNDA:0,(anonymous_3)
FNDA:0,(anonymous_4)
FNDA:0,(anonymous_5)
FNDA:0,(anonymous_6)
FNDA:0,(anonymous_7)
FNDA:0,(anonymous_8)
FNDA:0,(anonymous_9)
FNDA:0,(anonymous_10)
FNDA:0,(anonymous_11)
FNDA:0,(anonymous_12)
DA:18,0
DA:22,0
DA:25,0
DA:26,0
DA:30,0
DA:31,0
DA:32,0
DA:34,0
DA:39,0
DA:40,0
DA:42,0
DA:72,0
DA:73,0
DA:89,0
DA:90,0
DA:106,0
DA:107,0
DA:125,0
DA:126,0
LF:19
LH:0
BRDA:26,0,0,0
BRDA:26,0,1,0
BRDA:26,0,2,0
BRDA:31,1,0,0
BRDA:31,1,1,0
BRDA:75,2,0,0
BRDA:75,2,1,0
BRDA:90,3,0,0
BRDA:90,3,1,0
BRDA:92,4,0,0
BRDA:92,4,1,0
BRDA:107,5,0,0
BRDA:107,5,1,0
BRDA:109,6,0,0
BRDA:109,6,1,0
BRDA:128,7,0,0
BRDA:128,7,1,0
BRDA:148,8,0,0
BRDA:148,8,1,0
BRDA:152,9,0,0
BRDA:152,9,1,0
BRDA:154,10,0,0
BRDA:154,10,1,0
BRDA:163,11,0,0
BRDA:163,11,1,0
BRDA:173,12,0,0
BRDA:173,12,1,0
BRDA:189,13,0,0
BRDA:189,13,1,0
BRF:29
BRH:0
end_of_record
TN:
SF:src\features\clients\components\ClientFilters.jsx
FN:26,(anonymous_0)
FN:54,(anonymous_1)
FN:55,(anonymous_2)
FN:74,(anonymous_3)
FN:79,(anonymous_4)
FN:103,(anonymous_5)
FN:106,(anonymous_6)
FN:135,(anonymous_7)
FN:138,(anonymous_8)
FNF:9
FNH:0
FNDA:0,(anonymous_0)
FNDA:0,(anonymous_1)
FNDA:0,(anonymous_2)
FNDA:0,(anonymous_3)
FNDA:0,(anonymous_4)
FNDA:0,(anonymous_5)
FNDA:0,(anonymous_6)
FNDA:0,(anonymous_7)
FNDA:0,(anonymous_8)
DA:26,0
DA:40,0
DA:47,0
DA:54,0
DA:55,0
DA:56,0
DA:59,0
DA:61,0
DA:74,0
DA:79,0
DA:104,0
DA:107,0
DA:108,0
DA:136,0
DA:139,0
DA:140,0
LF:16
LH:0
BRDA:56,0,0,0
BRDA:56,0,1,0
BRDA:59,1,0,0
BRDA:59,1,1,0
BRDA:59,1,2,0
BRDA:77,2,0,0
BRDA:77,2,1,0
BRDA:100,3,0,0
BRDA:100,3,1,0
BRDA:111,4,0,0
BRDA:111,4,1,0
BRDA:132,5,0,0
BRDA:132,5,1,0
BRDA:143,6,0,0
BRDA:143,6,1,0
BRDA:157,7,0,0
BRDA:157,7,1,0
BRDA:170,8,0,0
BRDA:170,8,1,0
BRDA:172,9,0,0
BRDA:172,9,1,0
BRDA:174,10,0,0
BRDA:174,10,1,0
BRDA:174,11,0,0
BRDA:174,11,1,0
BRDA:175,12,0,0
BRDA:175,12,1,0
BRF:27
BRH:0
end_of_record
TN:
SF:src\features\clients\components\ClientHistoryView.jsx
FN:20,ClientHistoryView
FN:28,(anonymous_1)
FN:34,(anonymous_2)
FN:96,(anonymous_3)
FN:105,(anonymous_4)
FN:114,(anonymous_5)
FN:122,(anonymous_6)
FN:124,(anonymous_7)
FN:154,(anonymous_8)
FN:304,(anonymous_9)
FN:305,(anonymous_10)
FN:305,(anonymous_11)
FN:307,(anonymous_12)
FN:315,(anonymous_13)
FN:318,(anonymous_14)
FN:349,(anonymous_15)
FNF:16
FNH:0
FNDA:0,ClientHistoryView
FNDA:0,(anonymous_1)
FNDA:0,(anonymous_2)
FNDA:0,(anonymous_3)
FNDA:0,(anonymous_4)
FNDA:0,(anonymous_5)
FNDA:0,(anonymous_6)
FNDA:0,(anonymous_7)
FNDA:0,(anonymous_8)
FNDA:0,(anonymous_9)
FNDA:0,(anonymous_10)
FNDA:0,(anonymous_11)
FNDA:0,(anonymous_12)
FNDA:0,(anonymous_13)
FNDA:0,(anonymous_14)
FNDA:0,(anonymous_15)
DA:21,0
DA:22,0
DA:23,0
DA:24,0
DA:25,0
DA:26,0
DA:28,0
DA:29,0
DA:30,0
DA:34,0
DA:35,0
DA:36,0
DA:37,0
DA:38,0
DA:39,0
DA:40,0
DA:42,0
DA:45,0
DA:46,0
DA:48,0
DA:52,0
DA:53,0
DA:62,0
DA:63,0
DA:93,0
DA:95,0
DA:96,0
DA:105,0
DA:114,0
DA:122,0
DA:124,0
DA:125,0
DA:151,0
DA:154,0
DA:155,0
DA:161,0
DA:168,0
DA:304,0
DA:305,0
DA:308,0
DA:316,0
DA:318,0
DA:350,0
DA:351,0
DA:353,0
LF:45
LH:0
BRDA:29,0,0,0
BRDA:29,0,1,0
BRDA:38,1,0,0
BRDA:38,1,1,0
BRDA:52,2,0,0
BRDA:52,2,1,0
BRDA:62,3,0,0
BRDA:62,3,1,0
BRDA:62,4,0,0
BRDA:62,4,1,0
BRDA:74,5,0,0
BRDA:74,5,1,0
BRDA:151,6,0,0
BRDA:151,6,1,0
BRDA:158,7,0,0
BRDA:158,7,1,0
BRDA:188,8,0,0
BRDA:188,8,1,0
BRDA:197,9,0,0
BRDA:197,9,1,0
BRDA:320,10,0,0
BRDA:320,10,1,0
BRDA:324,11,0,0
BRDA:324,11,1,0
BRDA:327,12,0,0
BRDA:327,12,1,0
BRDA:330,13,0,0
BRDA:330,13,1,0
BRDA:346,14,0,0
BRDA:346,14,1,0
BRDA:356,15,0,0
BRDA:356,15,1,0
BRDA:367,16,0,0
BRDA:367,16,1,0
BRDA:370,17,0,0
BRDA:370,17,1,0
BRDA:373,18,0,0
BRDA:373,18,1,0
BRDA:382,19,0,0
BRDA:382,19,1,0
BRDA:384,20,0,0
BRDA:384,20,1,0
BRDA:408,21,0,0
BRDA:408,21,1,0
BRF:44
BRH:0
end_of_record
TN:
SF:src\features\clients\components\ClientImportExport.jsx
FN:17,classNames
FN:21,ClientImportExport
FN:35,(anonymous_2)
FN:46,(anonymous_3)
FN:62,(anonymous_4)
FN:63,(anonymous_5)
FN:67,(anonymous_6)
FN:71,(anonymous_7)
FN:77,(anonymous_8)
FN:78,(anonymous_9)
FN:80,(anonymous_10)
FN:81,(anonymous_11)
FN:85,(anonymous_12)
FN:112,(anonymous_13)
FN:133,(anonymous_14)
FN:144,(anonymous_15)
FN:199,(anonymous_16)
FN:202,(anonymous_17)
FN:303,(anonymous_18)
FNF:19
FNH:0
FNDA:0,classNames
FNDA:0,ClientImportExport
FNDA:0,(anonymous_2)
FNDA:0,(anonymous_3)
FNDA:0,(anonymous_4)
FNDA:0,(anonymous_5)
FNDA:0,(anonymous_6)
FNDA:0,(anonymous_7)
FNDA:0,(anonymous_8)
FNDA:0,(anonymous_9)
FNDA:0,(anonymous_10)
FNDA:0,(anonymous_11)
FNDA:0,(anonymous_12)
FNDA:0,(anonymous_13)
FNDA:0,(anonymous_14)
FNDA:0,(anonymous_15)
FNDA:0,(anonymous_16)
FNDA:0,(anonymous_17)
FNDA:0,(anonymous_18)
DA:18,0
DA:22,0
DA:23,0
DA:24,0
DA:25,0
DA:26,0
DA:28,0
DA:29,0
DA:31,0
DA:35,0
DA:36,0
DA:38,0
DA:43,0
DA:45,0
DA:46,0
DA:48,0
DA:49,0
DA:50,0
DA:53,0
DA:54,0
DA:55,0
DA:58,0
DA:59,0
DA:62,0
DA:63,0
DA:64,0
DA:65,0
DA:67,0
DA:68,0
DA:69,0
DA:71,0
DA:72,0
DA:73,0
DA:74,0
DA:77,0
DA:78,0
DA:79,0
DA:80,0
DA:81,0
DA:82,0
DA:85,0
DA:86,0
DA:87,0
DA:88,0
DA:90,0
DA:91,0
DA:92,0
DA:93,0
DA:94,0
DA:95,0
DA:96,0
DA:97,0
DA:98,0
DA:99,0
DA:101,0
DA:104,0
DA:105,0
DA:106,0
DA:108,0
DA:112,0
DA:113,0
DA:114,0
DA:115,0
DA:116,0
DA:118,0
DA:119,0
DA:120,0
DA:121,0
DA:122,0
DA:123,0
DA:124,0
DA:125,0
DA:126,0
DA:128,0
DA:129,0
DA:133,0
DA:134,0
DA:135,0
DA:136,0
DA:137,0
DA:138,0
DA:139,0
DA:140,0
DA:141,0
DA:144,0
DA:145,0
DA:146,0
DA:147,0
DA:150,0
DA:152,0
DA:200,0
DA:203,0
DA:304,0
LF:93
LH:0
BRDA:21,0,0,0
BRDA:36,1,0,0
BRDA:36,1,1,0
BRDA:45,2,0,0
BRDA:45,2,1,0
BRDA:48,3,0,0
BRDA:48,3,1,0
BRDA:53,4,0,0
BRDA:53,4,1,0
BRDA:74,5,0,0
BRDA:74,5,1,0
BRDA:86,6,0,0
BRDA:86,6,1,0
BRDA:95,7,0,0
BRDA:95,7,1,0
BRDA:97,8,0,0
BRDA:97,8,1,0
BRDA:99,9,0,0
BRDA:99,9,1,0
BRDA:114,10,0,0
BRDA:114,10,1,0
BRDA:147,11,0,0
BRDA:147,11,1,0
BRDA:206,12,0,0
BRDA:206,12,1,0
BRDA:218,13,0,0
BRDA:218,13,1,0
BRDA:226,14,0,0
BRDA:226,14,1,0
BRDA:254,15,0,0
BRDA:254,15,1,0
BRDA:273,16,0,0
BRDA:273,16,1,0
BRDA:276,17,0,0
BRDA:276,17,1,0
BRDA:284,18,0,0
BRDA:284,18,1,0
BRDA:297,19,0,0
BRDA:297,19,1,0
BRDA:305,20,0,0
BRDA:305,20,1,0
BRF:41
BRH:0
end_of_record
TN:
SF:src\features\clients\components\ClientModal.jsx
FN:6,(anonymous_0)
FN:17,(anonymous_1)
FN:41,(anonymous_2)
FN:49,(anonymous_3)
FN:70,(anonymous_4)
FN:72,(anonymous_5)
FN:78,(anonymous_6)
FNF:7
FNH:0
FNDA:0,(anonymous_0)
FNDA:0,(anonymous_1)
FNDA:0,(anonymous_2)
FNDA:0,(anonymous_3)
FNDA:0,(anonymous_4)
FNDA:0,(anonymous_5)
FNDA:0,(anonymous_6)
DA:6,0
DA:7,0
DA:14,0
DA:17,0
DA:18,0
DA:38,0
DA:41,0
DA:42,0
DA:45,0
DA:49,0
DA:50,0
DA:51,0
DA:60,0
DA:70,0
DA:71,0
DA:72,0
DA:78,0
DA:79,0
DA:81,0
DA:82,0
DA:83,0
DA:86,0
DA:87,0
DA:88,0
DA:90,0
DA:92,0
DA:96,0
LF:27
LH:0
BRDA:17,0,0,0
BRDA:38,1,0,0
BRDA:38,1,1,0
BRDA:50,2,0,0
BRDA:50,2,1,0
BRDA:52,3,0,0
BRDA:52,3,1,0
BRDA:53,4,0,0
BRDA:53,4,1,0
BRDA:54,5,0,0
BRDA:54,5,1,0
BRDA:55,6,0,0
BRDA:55,6,1,0
BRDA:56,7,0,0
BRDA:56,7,1,0
BRDA:81,8,0,0
BRDA:81,8,1,0
BRDA:81,9,0,0
BRDA:81,9,1,0
BRDA:81,9,2,0
BRDA:125,10,0,0
BRDA:125,10,1,0
BRDA:244,11,0,0
BRDA:244,11,1,0
BRF:24
BRH:0
end_of_record
TN:
SF:src\features\clients\components\ClientPagination.jsx
FN:22,(anonymous_0)
FN:35,(anonymous_1)
FN:74,(anonymous_2)
FN:81,(anonymous_3)
[...]
FN:482,(anonymous_22)
FNF:23
FNH:0
FNDA:0,(anonymous_0)
FNDA:0,(anonymous_1)
FNDA:0,(anonymous_2)
FNDA:0,(anonymous_3)
FNDA:0,(anonymous_4)
FNDA:0,(anonymous_5)
FNDA:0,(anonymous_6)
FNDA:0,(anonymous_7)
FNDA:0,(anonymous_8)
FNDA:0,(anonymous_9)
FNDA:0,(anonymous_10)
FNDA:0,(anonymous_11)
FNDA:0,(anonymous_12)
FNDA:0,(anonymous_13)
FNDA:0,(anonymous_14)
FNDA:0,(anonymous_15)
FNDA:0,(anonymous_16)
FNDA:0,(anonymous_17)
FNDA:0,(anonymous_18)
FNDA:0,(anonymous_19)
FNDA:0,(anonymous_20)
FNDA:0,(anonymous_21)
FNDA:0,(anonymous_22)
DA:21,0
DA:22,0
DA:29,0
DA:31,0
DA:34,0
DA:36,0
DA:37,0
DA:47,0
DA:48,0
DA:55,0
DA:56,0
DA:59,0
DA:61,0
DA:62,0
DA:74,0
DA:76,0
DA:77,0
DA:78,0
DA:80,0
DA:81,0
DA:84,0
DA:85,0
DA:88,0
DA:95,0
DA:96,0
DA:99,0
DA:101,0
DA:102,0
DA:114,0
DA:115,0
DA:122,0
DA:123,0
DA:126,0
DA:128,0
DA:129,0
DA:139,0
DA:140,0
DA:147,0
DA:148,0
DA:151,0
DA:153,0
DA:154,0
DA:164,0
DA:165,0
DA:169,0
DA:170,0
DA:173,0
DA:175,0
DA:176,0
DA:186,0
DA:187,0
DA:193,0
DA:194,0
DA:197,0
DA:199,0
DA:200,0
DA:213,0
DA:214,0
DA:221,0
DA:222,0
DA:225,0
DA:227,0
DA:228,0
DA:239,0
DA:240,0
DA:245,0
DA:246,0
DA:249,0
DA:251,0
DA:252,0
DA:262,0
DA:263,0
DA:280,0
DA:281,0
DA:284,0
DA:286,0
DA:287,0
DA:299,0
DA:300,0
DA:306,0
DA:307,0
DA:309,0
DA:310,0
DA:312,0
DA:313,0
DA:315,0
DA:316,0
DA:319,0
DA:321,0
DA:322,0
DA:325,0
DA:327,0
DA:328,0
DA:337,0
DA:338,0
DA:342,0
DA:343,0
DA:347,0
DA:349,0
DA:350,0
DA:353,0
DA:354,0
DA:355,0
DA:360,0
DA:361,0
DA:362,0
DA:364,0
DA:365,0
DA:366,0
DA:368,0
DA:372,0
DA:374,0
DA:375,0
DA:388,0
DA:395,0
DA:396,0
DA:402,0
DA:403,0
DA:413,0
DA:414,0
DA:415,0
DA:421,0
DA:422,0
DA:435,0
DA:449,0
DA:459,0
DA:473,0
DA:483,0
DA:497,0
LF:129
LH:0
BRDA:29,0,0,0
BRDA:29,0,1,0
BRDA:29,1,0,0
BRDA:29,1,1,0
BRDA:55,2,0,0
BRDA:55,2,1,0
BRDA:55,3,0,0
BRDA:55,3,1,0
BRDA:84,4,0,0
BRDA:84,4,1,0
BRDA:95,5,0,0
BRDA:95,5,1,0
BRDA:122,6,0,0
BRDA:122,6,1,0
BRDA:122,7,0,0
BRDA:122,7,1,0
BRDA:147,8,0,0
BRDA:147,8,1,0
BRDA:147,9,0,0
BRDA:147,9,1,0
BRDA:169,10,0,0
BRDA:169,10,1,0
BRDA:193,11,0,0
BRDA:193,11,1,0
BRDA:221,12,0,0
BRDA:221,12,1,0
BRDA:221,13,0,0
BRDA:221,13,1,0
BRDA:245,14,0,0
BRDA:245,14,1,0
BRDA:280,15,0,0
BRDA:280,15,1,0
BRDA:298,16,0,0
BRDA:306,17,0,0
BRDA:306,17,1,0
BRDA:309,18,0,0
BRDA:309,18,1,0
BRDA:312,19,0,0
BRDA:312,19,1,0
BRDA:315,20,0,0
BRDA:315,20,1,0
BRDA:321,21,0,0
BRDA:321,21,1,0
BRDA:342,22,0,0
BRDA:342,22,1,0
BRDA:361,23,0,0
BRDA:361,23,1,0
BRDA:365,24,0,0
BRDA:365,24,1,0
BRF:49
BRH:0
end_of_record
TN:
SF:src\shared\styles\index.ts
FNF:0
FNH:0
DA:8,0
DA:17,0
DA:25,0
LF:3
LH:0
BRF:0
BRH:0
end_of_record
TN:
SF:src\shared\types\api.ts
FNF:0
FNH:0
LF:0
LH:0
BRF:0
BRH:0
end_of_record
TN:
SF:src\shared\types\components.ts
FNF:0
FNH:0
LF:0
LH:0
BRF:0
BRH:0
end_of_record
TN:
SF:src\shared\types\index.ts
FNF:0
FNH:0
LF:0
LH:0
BRF:0
BRH:0
end_of_record
TN:
SF:src\shared\types\utils.ts
FNF:0
FNH:0
LF:0
LH:0
BRF:0
BRH:0
end_of_record
TN:
SF:src\shared\utils\cn.js
FN:11,cn
FNF:1
FNH:0
FNDA:0,cn
DA:12,0
LF:1
LH:0
BRF:0
BRH:0
end_of_record
TN:
SF:src\shared\utils\config.ts
FNF:0
FNH:0
LF:0
LH:0
BRF:0
BRH:0
end_of_record
TN:
SF:src\shared\utils\formatters.js
FN:8,(anonymous_0)
FN:29,(anonymous_1)
FN:41,(anonymous_2)
FN:56,(anonymous_3)
FN:74,(anonymous_4)
FN:87,(anonymous_5)
FN:132,(anonymous_6)
FN:148,(anonymous_7)
FN:177,(anonymous_8)
FN:190,(anonymous_9)
FN:201,(anonymous_10)
FN:220,(anonymous_11)
FN:225,(anonymous_12)
FN:232,(anonymous_13)
FN:247,(anonymous_14)
FN:256,(anonymous_15)
FN:271,(anonymous_16)
FN:290,(anonymous_17)
FN:293,(anonymous_18)
FN:303,(anonymous_19)
FN:312,(anonymous_20)
FNF:21
FNH:0
FNDA:0,(anonymous_0)
FNDA:0,(anonymous_1)
FNDA:0,(anonymous_2)
FNDA:0,(anonymous_3)
FNDA:0,(anonymous_4)
FNDA:0,(anonymous_5)
FNDA:0,(anonymous_6)
FNDA:0,(anonymous_7)
FNDA:0,(anonymous_8)
FNDA:0,(anonymous_9)
FNDA:0,(anonymous_10)
FNDA:0,(anonymous_11)
FNDA:0,(anonymous_12)
FNDA:0,(anonymous_13)
FNDA:0,(anonymous_14)
FNDA:0,(anonymous_15)
FNDA:0,(anonymous_16)
FNDA:0,(anonymous_17)
FNDA:0,(anonymous_18)
FNDA:0,(anonymous_19)
FNDA:0,(anonymous_20)
DA:8,0
DA:9,0
DA:11,0
DA:12,0
DA:14,0
DA:15,0
DA:17,0
DA:18,0
DA:20,0
DA:21,0
DA:23,0
DA:29,0
DA:30,0
DA:32,0
DA:33,0
DA:35,0
DA:41,0
DA:42,0
DA:44,0
DA:45,0
DA:47,0
DA:56,0
DA:57,0
DA:59,0
DA:60,0
DA:62,0
DA:68,0
DA:74,0
DA:75,0
DA:87,0
DA:88,0
DA:90,0
DA:91,0
DA:93,0
DA:94,0
DA:96,0
DA:97,0
DA:100,0
DA:101,0
DA:102,0
DA:105,0
DA:106,0
DA:107,0
DA:110,0
DA:111,0
DA:112,0
DA:115,0
DA:116,0
DA:117,0
DA:120,0
DA:121,0
DA:122,0
DA:125,0
DA:126,0
DA:132,0
DA:133,0
DA:135,0
DA:136,0
DA:138,0
DA:139,0
DA:140,0
DA:142,0
DA:148,0
DA:149,0
DA:151,0
DA:152,0
DA:154,0
DA:155,0
DA:158,0
DA:159,0
DA:160,0
DA:163,0
DA:164,0
DA:165,0
DA:166,0
DA:169,0
DA:170,0
DA:171,0
DA:177,0
DA:178,0
DA:180,0
DA:181,0
DA:184,0
DA:190,0
DA:191,0
DA:193,0
DA:195,0
DA:201,0
DA:202,0
DA:205,0
DA:208,0
DA:209,0
DA:210,0
DA:211,0
DA:214,0
DA:220,0
DA:221,0
DA:223,0
DA:225,0
DA:232,0
DA:233,0
DA:241,0
DA:247,0
DA:248,0
DA:250,0
DA:256,0
DA:257,0
DA:260,0
DA:263,0
DA:265,0
DA:271,0
DA:272,0
DA:274,0
DA:276,0
DA:278,0
DA:280,0
DA:283,0
DA:290,0
DA:291,0
DA:293,0
DA:303,0
DA:304,0
DA:305,0
DA:306,0
DA:312,0
DA:313,0
DA:314,0
DA:317,0
DA:319,0
LF:129
LH:0
BRDA:9,0,0,0
BRDA:9,0,1,0
BRDA:9,1,0,0
BRDA:9,1,1,0
BRDA:12,2,0,0
BRDA:12,2,1,0
BRDA:14,3,0,0
BRDA:14,3,1,0
BRDA:17,4,0,0
BRDA:17,4,1,0
BRDA:20,5,0,0
BRDA:20,5,1,0
BRDA:29,6,0,0
BRDA:30,7,0,0
BRDA:30,7,1,0
BRDA:30,8,0,0
BRDA:30,8,1,0
BRDA:33,9,0,0
BRDA:33,9,1,0
BRDA:41,10,0,0
BRDA:42,11,0,0
BRDA:42,11,1,0
BRDA:42,12,0,0
BRDA:42,12,1,0
BRDA:45,13,0,0
BRDA:45,13,1,0
BRDA:56,14,0,0
BRDA:57,15,0,0
BRDA:57,15,1,0
BRDA:59,16,0,0
BRDA:59,16,1,0
BRDA:60,17,0,0
BRDA:60,17,1,0
BRDA:88,18,0,0
BRDA:88,18,1,0
BRDA:90,19,0,0
BRDA:90,19,1,0
BRDA:91,20,0,0
BRDA:91,20,1,0
BRDA:96,21,0,0
BRDA:96,21,1,0
BRDA:101,22,0,0
BRDA:101,22,1,0
BRDA:102,23,0,0
BRDA:102,23,1,0
BRDA:106,24,0,0
BRDA:106,24,1,0
BRDA:107,25,0,0
BRDA:107,25,1,0
BRDA:111,26,0,0
BRDA:111,26,1,0
BRDA:112,27,0,0
BRDA:112,27,1,0
BRDA:116,28,0,0
BRDA:116,28,1,0
BRDA:117,29,0,0
BRDA:117,29,1,0
BRDA:121,30,0,0
BRDA:121,30,1,0
BRDA:122,31,0,0
BRDA:122,31,1,0
BRDA:126,32,0,0
BRDA:126,32,1,0
BRDA:133,33,0,0
BRDA:133,33,1,0
BRDA:133,34,0,0
BRDA:133,34,1,0
BRDA:136,35,0,0
BRDA:136,35,1,0
BRDA:136,36,0,0
BRDA:136,36,1,0
BRDA:149,37,0,0
BRDA:149,37,1,0
BRDA:149,38,0,0
BRDA:149,38,1,0
BRDA:152,39,0,0
BRDA:152,39,1,0
BRDA:152,40,0,0
BRDA:152,40,1,0
BRDA:154,41,0,0
BRDA:154,41,1,0
BRDA:159,42,0,0
BRDA:159,42,1,0
BRDA:165,43,0,0
BRDA:165,43,1,0
BRDA:166,44,0,0
BRDA:166,44,1,0
BRDA:171,45,0,0
BRDA:171,45,1,0
BRDA:177,46,0,0
BRDA:178,47,0,0
BRDA:178,47,1,0
BRDA:180,48,0,0
BRDA:180,48,1,0
BRDA:190,49,0,0
BRDA:191,50,0,0
BRDA:191,50,1,0
BRDA:193,51,0,0
BRDA:193,51,1,0
BRDA:202,52,0,0
BRDA:202,52,1,0
BRDA:208,53,0,0
BRDA:208,53,1,0
BRDA:210,54,0,0
BRDA:210,54,1,0
BRDA:210,55,0,0
BRDA:210,55,1,0
BRDA:221,56,0,0
BRDA:221,56,1,0
BRDA:241,57,0,0
BRDA:241,57,1,0
BRDA:247,58,0,0
BRDA:248,59,0,0
BRDA:248,59,1,0
BRDA:256,60,0,0
BRDA:257,61,0,0
BRDA:257,61,1,0
BRDA:271,62,0,0
BRDA:272,63,0,0
BRDA:272,63,1,0
BRDA:272,63,2,0
BRDA:272,63,3,0
BRDA:272,63,4,0
BRDA:272,63,5,0
BRDA:290,64,0,0
BRDA:291,65,0,0
BRDA:291,65,1,0
BRDA:303,66,0,0
BRDA:304,67,0,0
BRDA:304,67,1,0
BRDA:305,68,0,0
BRDA:305,68,1,0
BRDA:313,69,0,0
BRDA:313,69,1,0
BRDA:313,70,0,0
BRDA:313,70,1,0
BRDA:314,71,0,0
BRDA:314,71,1,0
BRDA:321,72,0,0
BRDA:321,72,1,0
BRDA:322,73,0,0
BRDA:322,73,1,0
BRF:142
BRH:0
end_of_record
TN:
SF:src\shared\utils\index.ts
FNF:0
FNH:0
LF:0
LH:0
BRF:0
BRH:0
end_of_record
TN:
SF:src\shared\utils\languageUtils.js
FN:6,(anonymous_0)
FN:26,(anonymous_1)
FN:37,(anonymous_2)
FNF:3
FNH:0
FNDA:0,(anonymous_0)
FNDA:0,(anonymous_1)
FNDA:0,(anonymous_2)
DA:6,0
DA:7,0
DA:10,0
DA:11,0
DA:14,0
DA:15,0
DA:17,0
DA:20,0
DA:26,0
DA:27,0
DA:28,0
DA:29,0
DA:30,0
DA:31,0
DA:37,0
DA:38,0
DA:39,0
DA:40,0
LF:18
LH:0
BRF:0
BRH:0
end_of_record
TN:
SF:src\shared\utils\localeUtils.js
FN:8,(anonymous_0)
FN:26,(anonymous_1)
FN:46,(anonymous_2)
FN:57,(anonymous_3)
FN:76,(anonymous_4)
FN:98,(anonymous_5)
FN:112,(anonymous_6)
FN:133,(anonymous_7)
FN:153,(anonymous_8)
FN:199,(anonymous_9)
FN:224,(anonymous_10)
FN:260,(anonymous_11)
FN:269,(anonymous_12)
FN:276,(anonymous_13)
FN:300,(anonymous_14)
FN:320,(anonymous_15)
FN:336,(anonymous_16)
FN:339,(anonymous_17)
FN:340,(anonymous_18)
FN:346,(anonymous_19)
FNF:20
FNH:0
FNDA:0,(anonymous_0)
FNDA:0,(anonymous_1)
FNDA:0,(anonymous_2)
FNDA:0,(anonymous_3)
FNDA:0,(anonymous_4)
FNDA:0,(anonymous_5)
FNDA:0,(anonymous_6)
FNDA:0,(anonymous_7)
FNDA:0,(anonymous_8)
FNDA:0,(anonymous_9)
FNDA:0,(anonymous_10)
FNDA:0,(anonymous_11)
FNDA:0,(anonymous_12)
FNDA:0,(anonymous_13)
FNDA:0,(anonymous_14)
FNDA:0,(anonymous_15)
FNDA:0,(anonymous_16)
FNDA:0,(anonymous_17)
FNDA:0,(anonymous_18)
FNDA:0,(anonymous_19)
DA:8,0
DA:9,0
DA:10,0
DA:13,0
DA:20,0
DA:26,0
DA:27,0
DA:28,0
DA:35,0
DA:36,0
DA:38,0
DA:39,0
DA:46,0
DA:47,0
DA:57,0
DA:58,0
DA:59,0
DA:65,0
DA:66,0
DA:68,0
DA:69,0
DA:76,0
DA:77,0
DA:78,0
DA:87,0
DA:88,0
DA:90,0
DA:91,0
DA:98,0
DA:99,0
DA:101,0
DA:102,0
DA:104,0
DA:105,0
DA:112,0
DA:113,0
DA:114,0
DA:122,0
DA:123,0
DA:125,0
DA:126,0
DA:133,0
DA:134,0
DA:135,0
DA:142,0
DA:143,0
DA:145,0
DA:146,0
DA:153,0
DA:154,0
DA:155,0
DA:156,0
DA:157,0
DA:160,0
DA:169,0
DA:170,0
DA:172,0
DA:173,0
DA:176,0
DA:177,0
DA:178,0
DA:179,0
DA:183,0
DA:185,0
DA:188,0
DA:189,0
DA:190,0
DA:191,0
DA:192,0
DA:199,0
DA:200,0
DA:202,0
DA:203,0
DA:204,0
DA:206,0
DA:207,0
DA:208,0
DA:209,0
DA:212,0
DA:214,0
DA:215,0
DA:224,0
DA:225,0
DA:227,0
DA:228,0
DA:230,0
DA:231,0
DA:232,0
DA:235,0
DA:237,0
DA:238,0
DA:260,0
DA:261,0
DA:262,0
DA:263,0
DA:269,0
DA:270,0
DA:276,0
DA:277,0
DA:279,0
DA:281,0
DA:282,0
DA:283,0
DA:285,0
DA:286,0
DA:288,0
DA:289,0
DA:290,0
DA:292,0
DA:293,0
DA:300,0
DA:301,0
DA:303,0
DA:304,0
DA:310,0
DA:312,0
DA:313,0
DA:320,0
DA:321,0
DA:323,0
DA:330,0
DA:336,0
DA:337,0
DA:339,0
DA:340,0
DA:341,0
DA:344,0
DA:346,0
DA:347,0
DA:351,0
LF:130
LH:0
BRDA:10,0,0,0
BRDA:10,0,1,0
BRDA:20,1,0,0
BRDA:20,1,1,0
BRDA:20,1,2,0
BRDA:26,2,0,0
BRDA:57,3,0,0
BRDA:76,4,0,0
BRDA:98,5,0,0
BRDA:112,6,0,0
BRDA:112,7,0,0
BRDA:133,8,0,0
BRDA:172,9,0,0
BRDA:172,9,1,0
BRDA:178,10,0,0
BRDA:178,10,1,0
BRDA:188,11,0,0
BRDA:188,11,1,0
BRDA:189,12,0,0
BRDA:189,12,1,0
BRDA:190,13,0,0
BRDA:190,13,1,0
BRDA:191,14,0,0
BRDA:191,14,1,0
BRDA:199,15,0,0
BRDA:215,16,0,0
BRDA:215,16,1,0
BRDA:224,17,0,0
BRDA:238,18,0,0
BRDA:238,18,1,0
BRDA:270,19,0,0
BRDA:270,19,1,0
BRDA:276,20,0,0
BRDA:279,21,0,0
BRDA:279,21,1,0
BRDA:282,22,0,0
BRDA:282,22,1,0
BRDA:300,23,0,0
BRDA:330,24,0,0
BRDA:330,24,1,0
BRF:40
BRH:0
end_of_record
TN:
SF:src\shared\utils\logger.js
FNF:0
FNH:0
LF:0
LH:0
BRF:0
BRH:0
end_of_record
TN:
SF:src\shared\utils\middleware.ts
FN:13,(anonymous_0)
FN:13,(anonymous_1)
FN:13,(anonymous_2)
FN:35,(anonymous_3)
FN:36,(anonymous_4)
FN:36,(anonymous_5)
FN:36,(anonymous_6)
FN:46,(anonymous_7)
FN:67,(anonymous_8)
FN:67,(anonymous_9)
FN:67,(anonymous_10)
FN:97,(anonymous_11)
FN:97,(anonymous_12)
FN:97,(anonymous_13)
FN:144,(anonymous_14)
FNF:15
FNH:0
FNDA:0,(anonymous_0)
FNDA:0,(anonymous_1)
FNDA:0,(anonymous_2)
FNDA:0,(anonymous_3)
FNDA:0,(anonymous_4)
FNDA:0,(anonymous_5)
FNDA:0,(anonymous_6)
FNDA:0,(anonymous_7)
FNDA:0,(anonymous_8)
FNDA:0,(anonymous_9)
FNDA:0,(anonymous_10)
FNDA:0,(anonymous_11)
FNDA:0,(anonymous_12)
FNDA:0,(anonymous_13)
FNDA:0,(anonymous_14)
DA:13,0
DA:14,0
DA:15,0
DA:16,0
DA:17,0
DA:19,0
DA:21,0
DA:22,0
DA:24,0
DA:27,0
DA:35,0
DA:36,0
DA:37,0
DA:40,0
DA:41,0
DA:43,0
DA:44,0
DA:45,0
DA:46,0
DA:47,0
DA:48,0
DA:50,0
DA:53,0
DA:55,0
DA:59,0
DA:67,0
DA:68,0
DA:69,0
DA:71,0
DA:74,0
DA:84,0
DA:85,0
DA:88,0
DA:97,0
DA:98,0
DA:100,0
DA:102,0
DA:103,0
DA:106,0
DA:107,0
DA:111,0
DA:112,0
DA:113,0
DA:120,0
DA:128,0
DA:144,0
DA:145,0
LF:47
LH:0
BRDA:14,0,0,0
BRDA:14,0,1,0
BRDA:43,1,0,0
BRDA:43,1,1,0
BRDA:43,2,0,0
BRDA:43,2,1,0
BRDA:47,3,0,0
BRDA:47,3,1,0
BRDA:78,4,0,0
BRDA:78,4,1,0
BRDA:84,5,0,0
BRDA:84,5,1,0
BRDA:106,6,0,0
BRDA:106,6,1,0
BRDA:111,7,0,0
BRDA:111,7,1,0
BRDA:112,8,0,0
BRDA:112,8,1,0
BRDA:144,9,0,0
BRDA:145,10,0,0
BRDA:145,10,1,0
BRF:21
BRH:0
end_of_record
TN:
SF:src\shared\utils\performance.js
FN:10,(anonymous_0)
FNF:1
FNH:0
FNDA:0,(anonymous_0)
DA:4,0
DA:10,0
DA:23,0
DA:37,0
DA:54,0
DA:73,0
DA:82,0
DA:90,0
DA:107,0
DA:132,0
DA:154,0
LF:11
LH:0
BRF:0
BRH:0
end_of_record
TN:
SF:src\shared\utils\realtime.js
FN:200,(anonymous_0)
FN:241,(anonymous_1)
FN:248,(anonymous_2)
FN:255,(anonymous_3)
FN:262,(anonymous_4)
FN:271,(anonymous_5)
FNF:6
FNH:0
FNDA:0,(anonymous_0)
FNDA:0,(anonymous_1)
FNDA:0,(anonymous_2)
FNDA:0,(anonymous_3)
FNDA:0,(anonymous_4)
FNDA:0,(anonymous_5)
DA:7,0
DA:125,0
DA:136,0
DA:168,0
DA:186,0
DA:200,0
DA:201,0
DA:206,0
DA:208,0
DA:223,0
DA:234,0
DA:241,0
DA:242,0
DA:248,0
DA:249,0
DA:255,0
DA:256,0
DA:262,0
DA:263,0
DA:265,0
DA:266,0
DA:267,0
DA:271,0
DA:272,0
DA:273,0
DA:274,0
DA:277,0
DA:278,0
DA:282,0
LF:29
LH:0
BRDA:200,0,0,0
BRDA:203,1,0,0
BRDA:203,1,1,0
BRDA:206,2,0,0
BRDA:206,2,1,0
BRDA:206,2,2,0
BRDA:206,2,3,0
BRDA:242,3,0,0
BRDA:242,3,1,0
BRDA:249,4,0,0
BRDA:249,4,1,0
BRDA:256,5,0,0
BRDA:256,5,1,0
BRDA:265,6,0,0
BRDA:265,6,1,0
BRDA:273,7,0,0
BRDA:273,7,1,0
BRDA:273,8,0,0
BRDA:273,8,1,0
BRDA:277,9,0,0
BRDA:277,9,1,0
BRDA:277,10,0,0
BRDA:277,10,1,0
BRF:23
BRH:0
end_of_record
TN:
SF:src\shared\utils\scanner.ts
FNF:0
FNH:0
DA:5,0
DA:57,0
DA:59,0
DA:60,0
LF:4
LH:0
BRDA:16,0,0,0
BRDA:16,0,1,0
BRDA:26,1,0,0
BRDA:26,1,1,0
BRDA:57,2,0,0
BRDA:57,2,1,0
BRF:6
BRH:0
end_of_record
TN:
SF:src\shared\utils\slices.ts
FNF:0
FNH:0
DA:26,0
LF:1
LH:0
BRF:0
BRH:0
end_of_record
TN:
SF:src\shared\utils\stores.ts
FNF:0
FNH:0
DA:27,0
LF:1
LH:0
BRF:0
BRH:0
end_of_record
TN:
SF:src\shared\utils\uiUtils.ts
FN:6,(anonymous_0)
FN:55,(anonymous_1)
FN:105,(anonymous_2)
FN:121,(anonymous_3)
FN:137,(anonymous_4)
FN:148,(anonymous_5)
FN:158,(anonymous_6)
FN:185,(anonymous_7)
FN:189,(anonymous_8)
FN:200,(anonymous_9)
FN:201,(anonymous_10)
FN:204,(anonymous_11)
FN:218,(anonymous_12)
FN:235,(anonymous_13)
FN:243,(anonymous_14)
FN:263,(anonymous_15)
FN:273,(anonymous_16)
FN:278,(anonymous_17)
FN:285,(anonymous_18)
FN:292,(anonymous_19)
FN:295,(anonymous_20)
FN:298,(anonymous_21)
FN:301,(anonymous_22)
FN:320,(anonymous_23)
FN:323,(anonymous_24)
FN:329,(anonymous_25)
FN:336,(anonymous_26)
FN:347,(anonymous_27)
FN:360,(anonymous_28)
FN:378,(anonymous_29)
FN:381,(anonymous_30)
FN:396,(anonymous_31)
FN:400,(anonymous_32)
FN:407,(anonymous_33)
FN:418,(anonymous_34)
FN:427,(anonymous_35)
FN:431,(anonymous_36)
FN:432,(anonymous_37)
FN:434,(anonymous_38)
FN:439,(anonymous_39)
FN:444,executedFunction
FN:445,(anonymous_41)
FN:455,(anonymous_42)
FN:460,executedFunction
FN:464,(anonymous_44)
FNF:45
FNH:0
FNDA:0,(anonymous_0)
FNDA:0,(anonymous_1)
FNDA:0,(anonymous_2)
FNDA:0,(anonymous_3)
FNDA:0,(anonymous_4)
FNDA:0,(anonymous_5)
FNDA:0,(anonymous_6)
FNDA:0,(anonymous_7)
FNDA:0,(anonymous_8)
FNDA:0,(anonymous_9)
FNDA:0,(anonymous_10)
FNDA:0,(anonymous_11)
FNDA:0,(anonymous_12)
FNDA:0,(anonymous_13)
FNDA:0,(anonymous_14)
FNDA:0,(anonymous_15)
FNDA:0,(anonymous_16)
FNDA:0,(anonymous_17)
FNDA:0,(anonymous_18)
FNDA:0,(anonymous_19)
FNDA:0,(anonymous_20)
FNDA:0,(anonymous_21)
FNDA:0,(anonymous_22)
FNDA:0,(anonymous_23)
FNDA:0,(anonymous_24)
FNDA:0,(anonymous_25)
FNDA:0,(anonymous_26)
FNDA:0,(anonymous_27)
FNDA:0,(anonymous_28)
FNDA:0,(anonymous_29)
FNDA:0,(anonymous_30)
FNDA:0,(anonymous_31)
FNDA:0,(anonymous_32)
FNDA:0,(anonymous_33)
FNDA:0,(anonymous_34)
FNDA:0,(anonymous_35)
FNDA:0,(anonymous_36)
FNDA:0,(anonymous_37)
FNDA:0,(anonymous_38)
FNDA:0,(anonymous_39)
FNDA:0,executedFunction
FNDA:0,(anonymous_41)
FNDA:0,(anonymous_42)
FNDA:0,executedFunction
FNDA:0,(anonymous_44)
DA:6,0
DA:8,0
DA:52,0
DA:54,0
DA:55,0
DA:56,0
DA:60,0
DA:104,0
DA:106,0
DA:122,0
DA:138,0
DA:153,0
DA:159,0
DA:186,0
DA:190,0
DA:191,0
DA:193,0
DA:199,0
DA:200,0
DA:202,0
DA:209,0
DA:210,0
DA:211,0
DA:212,0
DA:217,0
DA:219,0
DA:220,0
DA:222,0
DA:223,0
DA:224,0
DA:225,0
DA:226,0
DA:227,0
DA:228,0
DA:231,0
DA:232,0
DA:236,0
DA:237,0
DA:238,0
DA:239,0
DA:240,0
DA:244,0
DA:245,0
DA:247,0
DA:248,0
DA:249,0
DA:250,0
DA:251,0
DA:252,0
DA:253,0
DA:256,0
DA:257,0
DA:262,0
DA:267,0
DA:268,0
DA:270,0
DA:274,0
DA:275,0
DA:283,0
DA:290,0
DA:293,0
DA:296,0
DA:299,0
DA:301,0
DA:302,0
DA:303,0
DA:305,0
DA:306,0
DA:307,0
DA:308,0
DA:309,0
DA:314,0
DA:319,0
DA:321,0
DA:324,0
DA:330,0
DA:337,0
DA:342,0
DA:348,0
DA:355,0
DA:361,0
DA:362,0
DA:366,0
DA:367,0
DA:368,0
DA:369,0
DA:370,0
DA:371,0
DA:372,0
DA:373,0
DA:374,0
DA:375,0
DA:379,0
DA:382,0
DA:383,0
DA:389,0
DA:390,0
DA:395,0
DA:397,0
DA:401,0
DA:402,0
DA:403,0
DA:408,0
DA:409,0
DA:410,0
DA:411,0
DA:413,0
DA:414,0
DA:419,0
DA:420,0
DA:421,0
DA:422,0
DA:423,0
DA:424,0
DA:428,0
DA:431,0
DA:433,0
DA:435,0
DA:439,0
DA:444,0
DA:445,0
DA:446,0
DA:447,0
DA:449,0
DA:450,0
DA:455,0
DA:460,0
DA:461,0
DA:462,0
DA:463,0
DA:464,0
LF:131
LH:0
BRDA:52,0,0,0
BRDA:52,0,1,0
BRDA:54,1,0,0
BRDA:54,1,1,0
BRDA:105,2,0,0
BRDA:121,3,0,0
BRDA:137,4,0,0
BRDA:151,5,0,0
BRDA:156,6,0,0
BRDA:156,6,1,0
BRDA:157,7,0,0
BRDA:157,7,1,0
BRDA:159,8,0,0
BRDA:159,8,1,0
BRDA:161,9,0,0
BRDA:161,9,1,0
BRDA:164,10,0,0
BRDA:164,10,1,0
BRDA:164,11,0,0
BRDA:164,11,1,0
BRDA:164,11,2,0
BRDA:164,11,3,0
BRDA:185,12,0,0
BRDA:190,13,0,0
BRDA:190,13,1,0
BRDA:200,14,0,0
BRDA:202,15,0,0
BRDA:202,15,1,0
BRDA:207,16,0,0
BRDA:210,17,0,0
BRDA:210,17,1,0
BRDA:211,18,0,0
BRDA:211,18,1,0
BRDA:218,19,0,0
BRDA:219,20,0,0
BRDA:219,20,1,0
BRDA:219,20,2,0
BRDA:222,21,0,0
BRDA:222,21,1,0
BRDA:222,22,0,0
BRDA:222,22,1,0
BRDA:224,23,0,0
BRDA:224,23,1,0
BRDA:225,24,0,0
BRDA:225,24,1,0
BRDA:226,25,0,0
BRDA:226,25,1,0
BRDA:227,26,0,0
BRDA:227,26,1,0
BRDA:235,27,0,0
BRDA:236,28,0,0
BRDA:236,28,1,0
BRDA:236,28,2,0
BRDA:237,29,0,0
BRDA:237,29,1,0
BRDA:238,30,0,0
BRDA:238,30,1,0
BRDA:239,31,0,0
BRDA:239,31,1,0
BRDA:243,32,0,0
BRDA:244,33,0,0
BRDA:244,33,1,0
BRDA:244,33,2,0
BRDA:247,34,0,0
BRDA:247,34,1,0
BRDA:248,35,0,0
BRDA:248,35,1,0
BRDA:249,36,0,0
BRDA:249,36,1,0
BRDA:250,37,0,0
BRDA:250,37,1,0
BRDA:251,38,0,0
BRDA:251,38,1,0
BRDA:265,39,0,0
BRDA:267,40,0,0
BRDA:267,40,1,0
BRDA:267,41,0,0
BRDA:267,41,1,0
BRDA:267,41,2,0
BRDA:275,42,0,0
BRDA:275,42,1,0
BRDA:275,43,0,0
BRDA:275,43,1,0
BRDA:281,44,0,0
BRDA:283,45,0,0
BRDA:283,45,1,0
BRDA:283,46,0,0
BRDA:283,46,1,0
BRDA:288,47,0,0
BRDA:290,48,0,0
BRDA:290,48,1,0
BRDA:290,49,0,0
BRDA:290,49,1,0
BRDA:292,50,0,0
BRDA:293,51,0,0
BRDA:293,51,1,0
BRDA:293,52,0,0
BRDA:293,52,1,0
BRDA:295,53,0,0
BRDA:296,54,0,0
BRDA:296,54,1,0
BRDA:296,55,0,0
BRDA:296,55,1,0
BRDA:307,56,0,0
BRDA:307,56,1,0
BRDA:320,57,0,0
BRDA:321,58,0,0
BRDA:321,58,1,0
BRDA:323,59,0,0
BRDA:327,60,0,0
BRDA:327,60,1,0
BRDA:329,61,0,0
BRDA:334,62,0,0
BRDA:334,62,1,0
BRDA:336,63,0,0
BRDA:343,64,0,0
BRDA:343,64,1,0
BRDA:347,65,0,0
BRDA:356,66,0,0
BRDA:356,66,1,0
BRDA:363,67,0,0
BRDA:363,67,1,0
BRDA:366,68,0,0
BRDA:366,68,1,0
BRDA:367,69,0,0
BRDA:367,69,1,0
BRDA:369,70,0,0
BRDA:369,70,1,0
BRDA:371,71,0,0
BRDA:371,71,1,0
BRDA:373,72,0,0
BRDA:373,72,1,0
BRDA:378,73,0,0
BRDA:379,74,0,0
BRDA:379,74,1,0
BRDA:379,75,0,0
BRDA:379,75,1,0
BRDA:382,76,0,0
BRDA:382,76,1,0
BRDA:396,77,0,0
BRDA:397,78,0,0
BRDA:397,78,1,0
BRDA:400,79,0,0
BRDA:402,80,0,0
BRDA:402,80,1,0
BRDA:403,81,0,0
BRDA:403,81,1,0
BRDA:461,82,0,0
BRDA:461,82,1,0
BRF:149
BRH:0
end_of_record
TN:
SF:src\shared\utils\userIdConverter.js
FN:29,(anonymous_0)
FN:39,(anonymous_1)
FN:46,(anonymous_2)
FN:55,(anonymous_3)
FN:75,(anonymous_4)
FNF:5
FNH:0
FNDA:0,(anonymous_0)
FNDA:0,(anonymous_1)
FNDA:0,(anonymous_2)
FNDA:0,(anonymous_3)
FNDA:0,(anonymous_4)
DA:22,0
DA:29,0
DA:30,0
DA:33,0
DA:39,0
DA:40,0
DA:46,0
DA:49,0
DA:55,0
DA:56,0
DA:59,0
DA:62,0
DA:64,0
DA:65,0
DA:66,0
DA:67,0
DA:69,0
DA:70,0
DA:75,0
DA:76,0
LF:20
LH:0
BRDA:30,0,0,0
BRDA:30,0,1,0
BRDA:56,1,0,0
BRDA:56,1,1,0
BRDA:64,2,0,0
BRDA:64,2,1,0
BRDA:66,3,0,0
BRDA:66,3,1,0
BRF:8
BRH:0
end_of_record
TN:
SF:src\shared\utils\websocket.js
FN:135,(anonymous_0)
FNF:1
FNH:0
FNDA:0,(anonymous_0)
DA:7,0
DA:47,0
DA:88,0
DA:128,0
DA:135,0
DA:136,0
DA:137,0
DA:141,0
DA:162,0
DA:172,0
LF:10
LH:0
BRDA:136,0,0,0
BRDA:136,0,1,0
BRDA:137,1,0,0
BRDA:137,1,1,0
BRF:4
BRH:0
end_of_record
