<?xml version="1.0" encoding="UTF-8"?>
<testsuites name="jest tests" tests="25" failures="25" errors="0" time="7.967">
  <testsuite name="VoiceOnboarding" errors="0" failures="25" skipped="0" timestamp="2025-08-18T05:05:51" time="7.094" tests="25">
    <testcase classname="VoiceOnboarding renders onboarding steps correctly" name="VoiceOnboarding renders onboarding steps correctly" time="0.004">
      <failure>TestingLibraryElementError: Unable to find an element with the text: /welcome to voice assistant/i
    at Object.getElementError (E:\AlexVenturesStudio\Nexa_Manager_whit_Task_Master\web-app\src\shared\__tests__\mocks\testing-library-react.cjs:18:19)
    at Object.&lt;anonymous&gt; (E:\AlexVenturesStudio\Nexa_Manager_whit_Task_Master\web-app\src\shared\__tests__\mocks\testing-library-react.cjs:650:23)
    at E:\AlexVenturesStudio\Nexa_Manager_whit_Task_Master\node_modules\jest-mock\build\index.js:397:39
    at Object.&lt;anonymous&gt; (E:\AlexVenturesStudio\Nexa_Manager_whit_Task_Master\node_modules\jest-mock\build\index.js:404:13)
    at Object.mockConstructor [as getByText] (E:\AlexVenturesStudio\Nexa_Manager_whit_Task_Master\node_modules\jest-mock\build\index.js:103:19)
    at Object.getByText (E:\AlexVenturesStudio\Nexa_Manager_whit_Task_Master\web-app\src\__tests__\features\voice\VoiceOnboarding.test.jsx:73:19)
    at Promise.then.completed (E:\AlexVenturesStudio\Nexa_Manager_whit_Task_Master\node_modules\jest-circus\build\utils.js:298:28)
    at new Promise (&lt;anonymous&gt;)
    at callAsyncCircusFn (E:\AlexVenturesStudio\Nexa_Manager_whit_Task_Master\node_modules\jest-circus\build\utils.js:231:10)
    at _callCircusTest (E:\AlexVenturesStudio\Nexa_Manager_whit_Task_Master\node_modules\jest-circus\build\run.js:316:40)
    at _runTest (E:\AlexVenturesStudio\Nexa_Manager_whit_Task_Master\node_modules\jest-circus\build\run.js:252:3)
    at _runTestsForDescribeBlock (E:\AlexVenturesStudio\Nexa_Manager_whit_Task_Master\node_modules\jest-circus\build\run.js:126:9)
    at _runTestsForDescribeBlock (E:\AlexVenturesStudio\Nexa_Manager_whit_Task_Master\node_modules\jest-circus\build\run.js:121:9)
    at run (E:\AlexVenturesStudio\Nexa_Manager_whit_Task_Master\node_modules\jest-circus\build\run.js:71:3)
    at runAndTransformResultsToJestFormat (E:\AlexVenturesStudio\Nexa_Manager_whit_Task_Master\node_modules\jest-circus\build\legacy-code-todo-rewrite\jestAdapterInit.js:122:21)
    at jestAdapter (E:\AlexVenturesStudio\Nexa_Manager_whit_Task_Master\node_modules\jest-circus\build\legacy-code-todo-rewrite\jestAdapter.js:79:19)
    at runTestInternal (E:\AlexVenturesStudio\Nexa_Manager_whit_Task_Master\node_modules\jest-runner\build\runTest.js:367:16)
    at runTest (E:\AlexVenturesStudio\Nexa_Manager_whit_Task_Master\node_modules\jest-runner\build\runTest.js:444:34)</failure>
    </testcase>
    <testcase classname="VoiceOnboarding navigates through onboarding steps" name="VoiceOnboarding navigates through onboarding steps" time="0.001">
      <failure>TestingLibraryElementError: Unable to find an element with the text: /step 1 of 4/i
    at Object.getElementError (E:\AlexVenturesStudio\Nexa_Manager_whit_Task_Master\web-app\src\shared\__tests__\mocks\testing-library-react.cjs:18:19)
    at Object.&lt;anonymous&gt; (E:\AlexVenturesStudio\Nexa_Manager_whit_Task_Master\web-app\src\shared\__tests__\mocks\testing-library-react.cjs:650:23)
    at E:\AlexVenturesStudio\Nexa_Manager_whit_Task_Master\node_modules\jest-mock\build\index.js:397:39
    at Object.&lt;anonymous&gt; (E:\AlexVenturesStudio\Nexa_Manager_whit_Task_Master\node_modules\jest-mock\build\index.js:404:13)
    at Object.mockConstructor [as getByText] (E:\AlexVenturesStudio\Nexa_Manager_whit_Task_Master\node_modules\jest-mock\build\index.js:103:19)
    at Object.getByText (E:\AlexVenturesStudio\Nexa_Manager_whit_Task_Master\web-app\src\__tests__\features\voice\VoiceOnboarding.test.jsx:86:19)
    at Promise.then.completed (E:\AlexVenturesStudio\Nexa_Manager_whit_Task_Master\node_modules\jest-circus\build\utils.js:298:28)
    at new Promise (&lt;anonymous&gt;)
    at callAsyncCircusFn (E:\AlexVenturesStudio\Nexa_Manager_whit_Task_Master\node_modules\jest-circus\build\utils.js:231:10)
    at _callCircusTest (E:\AlexVenturesStudio\Nexa_Manager_whit_Task_Master\node_modules\jest-circus\build\run.js:316:40)
    at _runTest (E:\AlexVenturesStudio\Nexa_Manager_whit_Task_Master\node_modules\jest-circus\build\run.js:252:3)
    at _runTestsForDescribeBlock (E:\AlexVenturesStudio\Nexa_Manager_whit_Task_Master\node_modules\jest-circus\build\run.js:126:9)
    at _runTestsForDescribeBlock (E:\AlexVenturesStudio\Nexa_Manager_whit_Task_Master\node_modules\jest-circus\build\run.js:121:9)
    at run (E:\AlexVenturesStudio\Nexa_Manager_whit_Task_Master\node_modules\jest-circus\build\run.js:71:3)
    at runAndTransformResultsToJestFormat (E:\AlexVenturesStudio\Nexa_Manager_whit_Task_Master\node_modules\jest-circus\build\legacy-code-todo-rewrite\jestAdapterInit.js:122:21)
    at jestAdapter (E:\AlexVenturesStudio\Nexa_Manager_whit_Task_Master\node_modules\jest-circus\build\legacy-code-todo-rewrite\jestAdapter.js:79:19)
    at runTestInternal (E:\AlexVenturesStudio\Nexa_Manager_whit_Task_Master\node_modules\jest-runner\build\runTest.js:367:16)
    at runTest (E:\AlexVenturesStudio\Nexa_Manager_whit_Task_Master\node_modules\jest-runner\build\runTest.js:444:34)</failure>
    </testcase>
    <testcase classname="VoiceOnboarding requests microphone permission in step 2" name="VoiceOnboarding requests microphone permission in step 2" time="0.009">
      <failure>Error: expect(jest.fn()).toHaveBeenCalledWith(...expected)

Expected: {&quot;audio&quot;: true}

Number of calls: 0
    at Object.toHaveBeenCalledWith (E:\AlexVenturesStudio\Nexa_Manager_whit_Task_Master\web-app\src\__tests__\features\voice\VoiceOnboarding.test.jsx:112:49)</failure>
    </testcase>
    <testcase classname="VoiceOnboarding handles permission denied gracefully" name="VoiceOnboarding handles permission denied gracefully" time="2.462">
      <failure>TestingLibraryElementError: Unable to find an element with the text: /permission denied/i
    at Object.getElementError (E:\AlexVenturesStudio\Nexa_Manager_whit_Task_Master\web-app\src\shared\__tests__\mocks\testing-library-react.cjs:18:19)
    at Object.&lt;anonymous&gt; (E:\AlexVenturesStudio\Nexa_Manager_whit_Task_Master\web-app\src\shared\__tests__\mocks\testing-library-react.cjs:650:23)
    at E:\AlexVenturesStudio\Nexa_Manager_whit_Task_Master\node_modules\jest-mock\build\index.js:397:39
    at Object.&lt;anonymous&gt; (E:\AlexVenturesStudio\Nexa_Manager_whit_Task_Master\node_modules\jest-mock\build\index.js:404:13)
    at Object.mockConstructor [as getByText] (E:\AlexVenturesStudio\Nexa_Manager_whit_Task_Master\node_modules\jest-mock\build\index.js:103:19)
    at getByText (E:\AlexVenturesStudio\Nexa_Manager_whit_Task_Master\web-app\src\__tests__\features\voice\VoiceOnboarding.test.jsx:137:21)
    at check (E:\AlexVenturesStudio\Nexa_Manager_whit_Task_Master\web-app\src\shared\__tests__\mocks\testing-library-react.cjs:938:24)
    at Timeout.task [as _onTimeout] (E:\AlexVenturesStudio\Nexa_Manager_whit_Task_Master\web-app\node_modules\jest-environment-jsdom\node_modules\jsdom\lib\jsdom\browser\Window.js:520:19)
    at listOnTimeout (node:internal/timers:573:17)
    at processTimers (node:internal/timers:514:7)</failure>
    </testcase>
    <testcase classname="VoiceOnboarding shows voice command examples in step 3" name="VoiceOnboarding shows voice command examples in step 3" time="0.03">
      <failure>TestingLibraryElementError: Unable to find an element with the text: /step 3 of 4/i
    at Object.getElementError (E:\AlexVenturesStudio\Nexa_Manager_whit_Task_Master\web-app\src\shared\__tests__\mocks\testing-library-react.cjs:18:19)
    at Object.&lt;anonymous&gt; (E:\AlexVenturesStudio\Nexa_Manager_whit_Task_Master\web-app\src\shared\__tests__\mocks\testing-library-react.cjs:650:23)
    at E:\AlexVenturesStudio\Nexa_Manager_whit_Task_Master\node_modules\jest-mock\build\index.js:397:39
    at Object.&lt;anonymous&gt; (E:\AlexVenturesStudio\Nexa_Manager_whit_Task_Master\node_modules\jest-mock\build\index.js:404:13)
    at Object.mockConstructor [as getByText] (E:\AlexVenturesStudio\Nexa_Manager_whit_Task_Master\node_modules\jest-mock\build\index.js:103:19)
    at Object.getByText (E:\AlexVenturesStudio\Nexa_Manager_whit_Task_Master\web-app\src\__tests__\features\voice\VoiceOnboarding.test.jsx:151:19)</failure>
    </testcase>
    <testcase classname="VoiceOnboarding allows practice in step 4" name="VoiceOnboarding allows practice in step 4" time="0.047">
      <failure>TestingLibraryElementError: Unable to find an element with the text: /step 4 of 4/i
    at Object.getElementError (E:\AlexVenturesStudio\Nexa_Manager_whit_Task_Master\web-app\src\shared\__tests__\mocks\testing-library-react.cjs:18:19)
    at Object.&lt;anonymous&gt; (E:\AlexVenturesStudio\Nexa_Manager_whit_Task_Master\web-app\src\shared\__tests__\mocks\testing-library-react.cjs:650:23)
    at E:\AlexVenturesStudio\Nexa_Manager_whit_Task_Master\node_modules\jest-mock\build\index.js:397:39
    at Object.&lt;anonymous&gt; (E:\AlexVenturesStudio\Nexa_Manager_whit_Task_Master\node_modules\jest-mock\build\index.js:404:13)
    at Object.mockConstructor [as getByText] (E:\AlexVenturesStudio\Nexa_Manager_whit_Task_Master\node_modules\jest-mock\build\index.js:103:19)
    at Object.getByText (E:\AlexVenturesStudio\Nexa_Manager_whit_Task_Master\web-app\src\__tests__\features\voice\VoiceOnboarding.test.jsx:168:19)</failure>
    </testcase>
    <testcase classname="VoiceOnboarding completes onboarding successfully" name="VoiceOnboarding completes onboarding successfully" time="0.062">
      <failure>Error: expect(jest.fn()).toHaveBeenCalled()

Expected number of calls: &gt;= 1
Received number of calls:    0
    at Object.toHaveBeenCalled (E:\AlexVenturesStudio\Nexa_Manager_whit_Task_Master\web-app\src\__tests__\features\voice\VoiceOnboarding.test.jsx:187:28)</failure>
    </testcase>
    <testcase classname="VoiceOnboarding allows skipping onboarding" name="VoiceOnboarding allows skipping onboarding" time="0.015">
      <failure>Error: expect(jest.fn()).toHaveBeenCalled()

Expected number of calls: &gt;= 1
Received number of calls:    0
    at Object.toHaveBeenCalled (E:\AlexVenturesStudio\Nexa_Manager_whit_Task_Master\web-app\src\__tests__\features\voice\VoiceOnboarding.test.jsx:202:24)</failure>
    </testcase>
    <testcase classname="VoiceOnboarding shows progress indicator" name="VoiceOnboarding shows progress indicator" time="0.002">
      <failure>TestingLibraryElementError: Unable to find an element with role: progressbar
    at Object.getElementError (E:\AlexVenturesStudio\Nexa_Manager_whit_Task_Master\web-app\src\shared\__tests__\mocks\testing-library-react.cjs:18:19)
    at Object.&lt;anonymous&gt; (E:\AlexVenturesStudio\Nexa_Manager_whit_Task_Master\web-app\src\shared\__tests__\mocks\testing-library-react.cjs:676:23)
    at E:\AlexVenturesStudio\Nexa_Manager_whit_Task_Master\node_modules\jest-mock\build\index.js:397:39
    at Object.&lt;anonymous&gt; (E:\AlexVenturesStudio\Nexa_Manager_whit_Task_Master\node_modules\jest-mock\build\index.js:404:13)
    at Object.mockConstructor [as getByRole] (E:\AlexVenturesStudio\Nexa_Manager_whit_Task_Master\node_modules\jest-mock\build\index.js:103:19)
    at Object.getByRole (E:\AlexVenturesStudio\Nexa_Manager_whit_Task_Master\web-app\src\__tests__\features\voice\VoiceOnboarding.test.jsx:210:32)
    at Promise.then.completed (E:\AlexVenturesStudio\Nexa_Manager_whit_Task_Master\node_modules\jest-circus\build\utils.js:298:28)
    at new Promise (&lt;anonymous&gt;)
    at callAsyncCircusFn (E:\AlexVenturesStudio\Nexa_Manager_whit_Task_Master\node_modules\jest-circus\build\utils.js:231:10)
    at _callCircusTest (E:\AlexVenturesStudio\Nexa_Manager_whit_Task_Master\node_modules\jest-circus\build\run.js:316:40)
    at _runTest (E:\AlexVenturesStudio\Nexa_Manager_whit_Task_Master\node_modules\jest-circus\build\run.js:252:3)
    at _runTestsForDescribeBlock (E:\AlexVenturesStudio\Nexa_Manager_whit_Task_Master\node_modules\jest-circus\build\run.js:126:9)
    at _runTestsForDescribeBlock (E:\AlexVenturesStudio\Nexa_Manager_whit_Task_Master\node_modules\jest-circus\build\run.js:121:9)
    at run (E:\AlexVenturesStudio\Nexa_Manager_whit_Task_Master\node_modules\jest-circus\build\run.js:71:3)
    at runAndTransformResultsToJestFormat (E:\AlexVenturesStudio\Nexa_Manager_whit_Task_Master\node_modules\jest-circus\build\legacy-code-todo-rewrite\jestAdapterInit.js:122:21)
    at jestAdapter (E:\AlexVenturesStudio\Nexa_Manager_whit_Task_Master\node_modules\jest-circus\build\legacy-code-todo-rewrite\jestAdapter.js:79:19)
    at runTestInternal (E:\AlexVenturesStudio\Nexa_Manager_whit_Task_Master\node_modules\jest-runner\build\runTest.js:367:16)
    at runTest (E:\AlexVenturesStudio\Nexa_Manager_whit_Task_Master\node_modules\jest-runner\build\runTest.js:444:34)</failure>
    </testcase>
    <testcase classname="VoiceOnboarding allows going back to previous steps" name="VoiceOnboarding allows going back to previous steps" time="0.012">
      <failure>TestingLibraryElementError: Unable to find an element with the text: /step 2 of 4/i
    at Object.getElementError (E:\AlexVenturesStudio\Nexa_Manager_whit_Task_Master\web-app\src\shared\__tests__\mocks\testing-library-react.cjs:18:19)
    at Object.&lt;anonymous&gt; (E:\AlexVenturesStudio\Nexa_Manager_whit_Task_Master\web-app\src\shared\__tests__\mocks\testing-library-react.cjs:650:23)
    at E:\AlexVenturesStudio\Nexa_Manager_whit_Task_Master\node_modules\jest-mock\build\index.js:397:39
    at Object.&lt;anonymous&gt; (E:\AlexVenturesStudio\Nexa_Manager_whit_Task_Master\node_modules\jest-mock\build\index.js:404:13)
    at Object.mockConstructor [as getByText] (E:\AlexVenturesStudio\Nexa_Manager_whit_Task_Master\node_modules\jest-mock\build\index.js:103:19)
    at Object.getByText (E:\AlexVenturesStudio\Nexa_Manager_whit_Task_Master\web-app\src\__tests__\features\voice\VoiceOnboarding.test.jsx:224:19)</failure>
    </testcase>
    <testcase classname="VoiceOnboarding disables next button when required actions are not completed" name="VoiceOnboarding disables next button when required actions are not completed" time="0.017">
      <failure>Error: expect(element).toBeDisabled()

Received element is not disabled:
  &lt;button aria-label=&quot;Increment counter&quot; data-testid=&quot;increment-button&quot; /&gt;
    at Object.toBeDisabled (E:\AlexVenturesStudio\Nexa_Manager_whit_Task_Master\web-app\src\__tests__\features\voice\VoiceOnboarding.test.jsx:244:24)</failure>
    </testcase>
    <testcase classname="VoiceOnboarding shows helpful tips for each step" name="VoiceOnboarding shows helpful tips for each step" time="0">
      <failure>TestingLibraryElementError: Unable to find an element with the text: /tip:/i
    at Object.getElementError (E:\AlexVenturesStudio\Nexa_Manager_whit_Task_Master\web-app\src\shared\__tests__\mocks\testing-library-react.cjs:18:19)
    at Object.&lt;anonymous&gt; (E:\AlexVenturesStudio\Nexa_Manager_whit_Task_Master\web-app\src\shared\__tests__\mocks\testing-library-react.cjs:650:23)
    at E:\AlexVenturesStudio\Nexa_Manager_whit_Task_Master\node_modules\jest-mock\build\index.js:397:39
    at Object.&lt;anonymous&gt; (E:\AlexVenturesStudio\Nexa_Manager_whit_Task_Master\node_modules\jest-mock\build\index.js:404:13)
    at Object.mockConstructor [as getByText] (E:\AlexVenturesStudio\Nexa_Manager_whit_Task_Master\node_modules\jest-mock\build\index.js:103:19)
    at Object.getByText (E:\AlexVenturesStudio\Nexa_Manager_whit_Task_Master\web-app\src\__tests__\features\voice\VoiceOnboarding.test.jsx:254:19)
    at Promise.then.completed (E:\AlexVenturesStudio\Nexa_Manager_whit_Task_Master\node_modules\jest-circus\build\utils.js:298:28)
    at new Promise (&lt;anonymous&gt;)
    at callAsyncCircusFn (E:\AlexVenturesStudio\Nexa_Manager_whit_Task_Master\node_modules\jest-circus\build\utils.js:231:10)
    at _callCircusTest (E:\AlexVenturesStudio\Nexa_Manager_whit_Task_Master\node_modules\jest-circus\build\run.js:316:40)
    at _runTest (E:\AlexVenturesStudio\Nexa_Manager_whit_Task_Master\node_modules\jest-circus\build\run.js:252:3)
    at _runTestsForDescribeBlock (E:\AlexVenturesStudio\Nexa_Manager_whit_Task_Master\node_modules\jest-circus\build\run.js:126:9)
    at _runTestsForDescribeBlock (E:\AlexVenturesStudio\Nexa_Manager_whit_Task_Master\node_modules\jest-circus\build\run.js:121:9)
    at run (E:\AlexVenturesStudio\Nexa_Manager_whit_Task_Master\node_modules\jest-circus\build\run.js:71:3)
    at runAndTransformResultsToJestFormat (E:\AlexVenturesStudio\Nexa_Manager_whit_Task_Master\node_modules\jest-circus\build\legacy-code-todo-rewrite\jestAdapterInit.js:122:21)
    at jestAdapter (E:\AlexVenturesStudio\Nexa_Manager_whit_Task_Master\node_modules\jest-circus\build\legacy-code-todo-rewrite\jestAdapter.js:79:19)
    at runTestInternal (E:\AlexVenturesStudio\Nexa_Manager_whit_Task_Master\node_modules\jest-runner\build\runTest.js:367:16)
    at runTest (E:\AlexVenturesStudio\Nexa_Manager_whit_Task_Master\node_modules\jest-runner\build\runTest.js:444:34)</failure>
    </testcase>
    <testcase classname="VoiceOnboarding handles keyboard navigation" name="VoiceOnboarding handles keyboard navigation" time="0.002">
      <failure>Error: expect(element).toHaveFocus()

Expected element with focus:
  &lt;button aria-label=&quot;Increment counter&quot; data-testid=&quot;increment-button&quot;&gt;Count: 0&lt;/button&gt;
Received element with focus:
  &lt;body&gt;&lt;div&gt;&lt;div data-testid=&quot;test-component&quot;&gt;&lt;h1&gt;Test Component&lt;/h1&gt;&lt;button aria-label=&quot;Increment counter&quot; data-testid=&quot;increment-button&quot;&gt;Count: 0&lt;/button&gt;&lt;input aria-label=&quot;Text input field&quot; data-testid=&quot;text-input&quot; placeholder=&quot;Enter text&quot; /&gt;&lt;div data-testid=&quot;text-display&quot; /&gt;&lt;/div&gt;&lt;/div&gt;&lt;div&gt;&lt;div data-testid=&quot;test-component&quot;&gt;&lt;h1&gt;Test Component&lt;/h1&gt;&lt;button aria-label=&quot;Increment counter&quot; data-testid=&quot;increment-button&quot;&gt;Count: 0&lt;/button&gt;&lt;input aria-label=&quot;Text input field&quot; data-testid=&quot;text-input&quot; placeholder=&quot;Enter text&quot; /&gt;&lt;div data-testid=&quot;text-display&quot; /&gt;&lt;/div&gt;&lt;/div&gt;&lt;div&gt;&lt;div data-testid=&quot;test-component&quot;&gt;&lt;h1&gt;Test Component&lt;/h1&gt;&lt;button aria-label=&quot;Increment counter&quot; data-testid=&quot;increment-button&quot;&gt;Count: 2&lt;/button&gt;&lt;input aria-label=&quot;Text input field&quot; data-testid=&quot;text-input&quot; placeholder=&quot;Enter text&quot; /&gt;&lt;div data-testid=&quot;text-display&quot; /&gt;&lt;/div&gt;&lt;/div&gt;&lt;div&gt;&lt;div data-testid=&quot;test-component&quot;&gt;&lt;h1&gt;Test Component&lt;/h1&gt;&lt;button aria-label=&quot;Increment counter&quot; data-testid=&quot;increment-button&quot;&gt;Count: 2&lt;/button&gt;&lt;input aria-label=&quot;Text input field&quot; data-testid=&quot;text-input&quot; placeholder=&quot;Enter text&quot; /&gt;&lt;div data-testid=&quot;text-display&quot; /&gt;&lt;/div&gt;&lt;/div&gt;&lt;div&gt;&lt;div data-testid=&quot;test-component&quot;&gt;&lt;h1&gt;Test Component&lt;/h1&gt;&lt;button aria-label=&quot;Increment counter&quot; data-testid=&quot;increment-button&quot;&gt;Count: 2&lt;/button&gt;&lt;input aria-label=&quot;Text input field&quot; data-testid=&quot;text-input&quot; placeholder=&quot;Enter text&quot; /&gt;&lt;div data-testid=&quot;text-display&quot; /&gt;&lt;/div&gt;&lt;/div&gt;&lt;div&gt;&lt;div data-testid=&quot;test-component&quot;&gt;&lt;h1&gt;Test Component&lt;/h1&gt;&lt;button aria-label=&quot;Increment counter&quot; data-testid=&quot;increment-button&quot;&gt;Count: 3&lt;/button&gt;&lt;input aria-label=&quot;Text input field&quot; data-testid=&quot;text-input&quot; placeholder=&quot;Enter text&quot; /&gt;&lt;div data-testid=&quot;text-display&quot; /&gt;&lt;/div&gt;&lt;/div&gt;&lt;div&gt;&lt;div data-testid=&quot;test-component&quot;&gt;&lt;h1&gt;Test Component&lt;/h1&gt;&lt;button aria-label=&quot;Increment counter&quot; data-testid=&quot;increment-button&quot;&gt;Count: 4&lt;/button&gt;&lt;input aria-label=&quot;Text input field&quot; data-testid=&quot;text-input&quot; placeholder=&quot;Enter text&quot; /&gt;&lt;div data-testid=&quot;text-display&quot; /&gt;&lt;/div&gt;&lt;/div&gt;&lt;div&gt;&lt;div data-testid=&quot;test-component&quot;&gt;&lt;h1&gt;Test Component&lt;/h1&gt;&lt;button aria-label=&quot;Increment counter&quot; data-testid=&quot;increment-button&quot;&gt;Count: 1&lt;/button&gt;&lt;input aria-label=&quot;Text input field&quot; data-testid=&quot;text-input&quot; placeholder=&quot;Enter text&quot; /&gt;&lt;div data-testid=&quot;text-display&quot; /&gt;&lt;/div&gt;&lt;/div&gt;&lt;div&gt;&lt;div data-testid=&quot;test-component&quot;&gt;&lt;h1&gt;Test Component&lt;/h1&gt;&lt;button aria-label=&quot;Increment counter&quot; data-testid=&quot;increment-button&quot;&gt;Count: 0&lt;/button&gt;&lt;input aria-label=&quot;Text input field&quot; data-testid=&quot;text-input&quot; placeholder=&quot;Enter text&quot; /&gt;&lt;div data-testid=&quot;text-display&quot; /&gt;&lt;/div&gt;&lt;/div&gt;&lt;div&gt;&lt;div data-testid=&quot;test-component&quot;&gt;&lt;h1&gt;Test Component&lt;/h1&gt;&lt;button aria-label=&quot;Increment counter&quot; data-testid=&quot;increment-button&quot;&gt;Count: 1&lt;/button&gt;&lt;input aria-label=&quot;Text input field&quot; data-testid=&quot;text-input&quot; placeholder=&quot;Enter text&quot; /&gt;&lt;div data-testid=&quot;text-display&quot; /&gt;&lt;/div&gt;&lt;/div&gt;&lt;div&gt;&lt;div data-testid=&quot;test-component&quot;&gt;&lt;h1&gt;Test Component&lt;/h1&gt;&lt;button aria-label=&quot;Increment counter&quot; data-testid=&quot;increment-button&quot;&gt;Count: 1&lt;/button&gt;&lt;input aria-label=&quot;Text input field&quot; data-testid=&quot;text-input&quot; placeholder=&quot;Enter text&quot; /&gt;&lt;div data-testid=&quot;text-display&quot; /&gt;&lt;/div&gt;&lt;/div&gt;&lt;div&gt;&lt;div data-testid=&quot;test-component&quot;&gt;&lt;h1&gt;Test Component&lt;/h1&gt;&lt;button aria-label=&quot;Increment counter&quot; data-testid=&quot;increment-button&quot;&gt;Count: 0&lt;/button&gt;&lt;input aria-label=&quot;Text input field&quot; data-testid=&quot;text-input&quot; placeholder=&quot;Enter text&quot; /&gt;&lt;div data-testid=&quot;text-display&quot; /&gt;&lt;/div&gt;&lt;/div&gt;&lt;div&gt;&lt;div data-testid=&quot;test-component&quot;&gt;&lt;h1&gt;Test Component&lt;/h1&gt;&lt;button aria-label=&quot;Increment counter&quot; data-testid=&quot;increment-button&quot;&gt;Count: 0&lt;/button&gt;&lt;input aria-label=&quot;Text input field&quot; data-testid=&quot;text-input&quot; placeholder=&quot;Enter text&quot; /&gt;&lt;div data-testid=&quot;text-display&quot; /&gt;&lt;/div&gt;&lt;/div&gt;&lt;/body&gt;
    at Object.toHaveFocus (E:\AlexVenturesStudio\Nexa_Manager_whit_Task_Master\web-app\src\__tests__\features\voice\VoiceOnboarding.test.jsx:268:24)
    at Promise.then.completed (E:\AlexVenturesStudio\Nexa_Manager_whit_Task_Master\node_modules\jest-circus\build\utils.js:298:28)
    at new Promise (&lt;anonymous&gt;)
    at callAsyncCircusFn (E:\AlexVenturesStudio\Nexa_Manager_whit_Task_Master\node_modules\jest-circus\build\utils.js:231:10)
    at _callCircusTest (E:\AlexVenturesStudio\Nexa_Manager_whit_Task_Master\node_modules\jest-circus\build\run.js:316:40)
    at _runTest (E:\AlexVenturesStudio\Nexa_Manager_whit_Task_Master\node_modules\jest-circus\build\run.js:252:3)
    at _runTestsForDescribeBlock (E:\AlexVenturesStudio\Nexa_Manager_whit_Task_Master\node_modules\jest-circus\build\run.js:126:9)
    at _runTestsForDescribeBlock (E:\AlexVenturesStudio\Nexa_Manager_whit_Task_Master\node_modules\jest-circus\build\run.js:121:9)
    at run (E:\AlexVenturesStudio\Nexa_Manager_whit_Task_Master\node_modules\jest-circus\build\run.js:71:3)
    at runAndTransformResultsToJestFormat (E:\AlexVenturesStudio\Nexa_Manager_whit_Task_Master\node_modules\jest-circus\build\legacy-code-todo-rewrite\jestAdapterInit.js:122:21)
    at jestAdapter (E:\AlexVenturesStudio\Nexa_Manager_whit_Task_Master\node_modules\jest-circus\build\legacy-code-todo-rewrite\jestAdapter.js:79:19)
    at runTestInternal (E:\AlexVenturesStudio\Nexa_Manager_whit_Task_Master\node_modules\jest-runner\build\runTest.js:367:16)
    at runTest (E:\AlexVenturesStudio\Nexa_Manager_whit_Task_Master\node_modules\jest-runner\build\runTest.js:444:34)</failure>
    </testcase>
    <testcase classname="VoiceOnboarding shows error states appropriately" name="VoiceOnboarding shows error states appropriately" time="2.447">
      <failure>TestingLibraryElementError: Unable to find an element with the text: /microphone not available/i
    at Object.getElementError (E:\AlexVenturesStudio\Nexa_Manager_whit_Task_Master\web-app\src\shared\__tests__\mocks\testing-library-react.cjs:18:19)
    at Object.&lt;anonymous&gt; (E:\AlexVenturesStudio\Nexa_Manager_whit_Task_Master\web-app\src\shared\__tests__\mocks\testing-library-react.cjs:650:23)
    at E:\AlexVenturesStudio\Nexa_Manager_whit_Task_Master\node_modules\jest-mock\build\index.js:397:39
    at Object.&lt;anonymous&gt; (E:\AlexVenturesStudio\Nexa_Manager_whit_Task_Master\node_modules\jest-mock\build\index.js:404:13)
    at Object.mockConstructor [as getByText] (E:\AlexVenturesStudio\Nexa_Manager_whit_Task_Master\node_modules\jest-mock\build\index.js:103:19)
    at getByText (E:\AlexVenturesStudio\Nexa_Manager_whit_Task_Master\web-app\src\__tests__\features\voice\VoiceOnboarding.test.jsx:292:21)
    at check (E:\AlexVenturesStudio\Nexa_Manager_whit_Task_Master\web-app\src\shared\__tests__\mocks\testing-library-react.cjs:938:24)
    at Timeout.task [as _onTimeout] (E:\AlexVenturesStudio\Nexa_Manager_whit_Task_Master\web-app\node_modules\jest-environment-jsdom\node_modules\jsdom\lib\jsdom\browser\Window.js:520:19)
    at listOnTimeout (node:internal/timers:573:17)
    at processTimers (node:internal/timers:514:7)</failure>
    </testcase>
    <testcase classname="VoiceOnboarding saves progress and can resume" name="VoiceOnboarding saves progress and can resume" time="0.001">
      <failure>TestingLibraryElementError: Unable to find an element with the text: /step 2 of 4/i
    at Object.getElementError (E:\AlexVenturesStudio\Nexa_Manager_whit_Task_Master\web-app\src\shared\__tests__\mocks\testing-library-react.cjs:18:19)
    at Object.&lt;anonymous&gt; (E:\AlexVenturesStudio\Nexa_Manager_whit_Task_Master\web-app\src\shared\__tests__\mocks\testing-library-react.cjs:650:23)
    at E:\AlexVenturesStudio\Nexa_Manager_whit_Task_Master\node_modules\jest-mock\build\index.js:397:39
    at Object.&lt;anonymous&gt; (E:\AlexVenturesStudio\Nexa_Manager_whit_Task_Master\node_modules\jest-mock\build\index.js:404:13)
    at Object.mockConstructor [as getByText] (E:\AlexVenturesStudio\Nexa_Manager_whit_Task_Master\node_modules\jest-mock\build\index.js:103:19)
    at Object.getByText (E:\AlexVenturesStudio\Nexa_Manager_whit_Task_Master\web-app\src\__tests__\features\voice\VoiceOnboarding.test.jsx:303:19)
    at Promise.then.completed (E:\AlexVenturesStudio\Nexa_Manager_whit_Task_Master\node_modules\jest-circus\build\utils.js:298:28)
    at new Promise (&lt;anonymous&gt;)
    at callAsyncCircusFn (E:\AlexVenturesStudio\Nexa_Manager_whit_Task_Master\node_modules\jest-circus\build\utils.js:231:10)
    at _callCircusTest (E:\AlexVenturesStudio\Nexa_Manager_whit_Task_Master\node_modules\jest-circus\build\run.js:316:40)
    at _runTest (E:\AlexVenturesStudio\Nexa_Manager_whit_Task_Master\node_modules\jest-circus\build\run.js:252:3)
    at _runTestsForDescribeBlock (E:\AlexVenturesStudio\Nexa_Manager_whit_Task_Master\node_modules\jest-circus\build\run.js:126:9)
    at _runTestsForDescribeBlock (E:\AlexVenturesStudio\Nexa_Manager_whit_Task_Master\node_modules\jest-circus\build\run.js:121:9)
    at run (E:\AlexVenturesStudio\Nexa_Manager_whit_Task_Master\node_modules\jest-circus\build\run.js:71:3)
    at runAndTransformResultsToJestFormat (E:\AlexVenturesStudio\Nexa_Manager_whit_Task_Master\node_modules\jest-circus\build\legacy-code-todo-rewrite\jestAdapterInit.js:122:21)
    at jestAdapter (E:\AlexVenturesStudio\Nexa_Manager_whit_Task_Master\node_modules\jest-circus\build\legacy-code-todo-rewrite\jestAdapter.js:79:19)
    at runTestInternal (E:\AlexVenturesStudio\Nexa_Manager_whit_Task_Master\node_modules\jest-runner\build\runTest.js:367:16)
    at runTest (E:\AlexVenturesStudio\Nexa_Manager_whit_Task_Master\node_modules\jest-runner\build\runTest.js:444:34)</failure>
    </testcase>
    <testcase classname="VoiceOnboarding shows animated demonstrations" name="VoiceOnboarding shows animated demonstrations" time="0.03">
      <failure>TestingLibraryElementError: Unable to find an element by: [data-testid=&quot;voice-demo-animation&quot;]
    at Object.getElementError (E:\AlexVenturesStudio\Nexa_Manager_whit_Task_Master\web-app\src\shared\__tests__\mocks\testing-library-react.cjs:18:19)
    at Object.&lt;anonymous&gt; (E:\AlexVenturesStudio\Nexa_Manager_whit_Task_Master\web-app\src\shared\__tests__\mocks\testing-library-react.cjs:655:23)
    at E:\AlexVenturesStudio\Nexa_Manager_whit_Task_Master\node_modules\jest-mock\build\index.js:397:39
    at Object.&lt;anonymous&gt; (E:\AlexVenturesStudio\Nexa_Manager_whit_Task_Master\node_modules\jest-mock\build\index.js:404:13)
    at Object.mockConstructor [as getByTestId] (E:\AlexVenturesStudio\Nexa_Manager_whit_Task_Master\node_modules\jest-mock\build\index.js:103:19)
    at Object.getByTestId (E:\AlexVenturesStudio\Nexa_Manager_whit_Task_Master\web-app\src\__tests__\features\voice\VoiceOnboarding.test.jsx:317:19)
    at runNextTicks (node:internal/process/task_queues:60:5)
    at processTimers (node:internal/timers:511:9)</failure>
    </testcase>
    <testcase classname="VoiceOnboarding provides accessibility features" name="VoiceOnboarding provides accessibility features" time="0.001">
      <failure>TestingLibraryElementError: Unable to find an element with role: dialog
    at Object.getElementError (E:\AlexVenturesStudio\Nexa_Manager_whit_Task_Master\web-app\src\shared\__tests__\mocks\testing-library-react.cjs:18:19)
    at Object.&lt;anonymous&gt; (E:\AlexVenturesStudio\Nexa_Manager_whit_Task_Master\web-app\src\shared\__tests__\mocks\testing-library-react.cjs:676:23)
    at E:\AlexVenturesStudio\Nexa_Manager_whit_Task_Master\node_modules\jest-mock\build\index.js:397:39
    at Object.&lt;anonymous&gt; (E:\AlexVenturesStudio\Nexa_Manager_whit_Task_Master\node_modules\jest-mock\build\index.js:404:13)
    at Object.mockConstructor [as getByRole] (E:\AlexVenturesStudio\Nexa_Manager_whit_Task_Master\node_modules\jest-mock\build\index.js:103:19)
    at Object.getByRole (E:\AlexVenturesStudio\Nexa_Manager_whit_Task_Master\web-app\src\__tests__\features\voice\VoiceOnboarding.test.jsx:326:19)
    at Promise.then.completed (E:\AlexVenturesStudio\Nexa_Manager_whit_Task_Master\node_modules\jest-circus\build\utils.js:298:28)
    at new Promise (&lt;anonymous&gt;)
    at callAsyncCircusFn (E:\AlexVenturesStudio\Nexa_Manager_whit_Task_Master\node_modules\jest-circus\build\utils.js:231:10)
    at _callCircusTest (E:\AlexVenturesStudio\Nexa_Manager_whit_Task_Master\node_modules\jest-circus\build\run.js:316:40)
    at runNextTicks (node:internal/process/task_queues:60:5)
    at processTimers (node:internal/timers:511:9)
    at _runTest (E:\AlexVenturesStudio\Nexa_Manager_whit_Task_Master\node_modules\jest-circus\build\run.js:252:3)
    at _runTestsForDescribeBlock (E:\AlexVenturesStudio\Nexa_Manager_whit_Task_Master\node_modules\jest-circus\build\run.js:126:9)
    at _runTestsForDescribeBlock (E:\AlexVenturesStudio\Nexa_Manager_whit_Task_Master\node_modules\jest-circus\build\run.js:121:9)
    at run (E:\AlexVenturesStudio\Nexa_Manager_whit_Task_Master\node_modules\jest-circus\build\run.js:71:3)
    at runAndTransformResultsToJestFormat (E:\AlexVenturesStudio\Nexa_Manager_whit_Task_Master\node_modules\jest-circus\build\legacy-code-todo-rewrite\jestAdapterInit.js:122:21)
    at jestAdapter (E:\AlexVenturesStudio\Nexa_Manager_whit_Task_Master\node_modules\jest-circus\build\legacy-code-todo-rewrite\jestAdapter.js:79:19)
    at runTestInternal (E:\AlexVenturesStudio\Nexa_Manager_whit_Task_Master\node_modules\jest-runner\build\runTest.js:367:16)
    at runTest (E:\AlexVenturesStudio\Nexa_Manager_whit_Task_Master\node_modules\jest-runner\build\runTest.js:444:34)</failure>
    </testcase>
    <testcase classname="VoiceOnboarding handles mobile-specific features" name="VoiceOnboarding handles mobile-specific features" time="0.001">
      <failure>TestingLibraryElementError: Unable to find an element by: [data-testid=&quot;mobile-onboarding&quot;]
    at Object.getElementError (E:\AlexVenturesStudio\Nexa_Manager_whit_Task_Master\web-app\src\shared\__tests__\mocks\testing-library-react.cjs:18:19)
    at Object.&lt;anonymous&gt; (E:\AlexVenturesStudio\Nexa_Manager_whit_Task_Master\web-app\src\shared\__tests__\mocks\testing-library-react.cjs:655:23)
    at E:\AlexVenturesStudio\Nexa_Manager_whit_Task_Master\node_modules\jest-mock\build\index.js:397:39
    at Object.&lt;anonymous&gt; (E:\AlexVenturesStudio\Nexa_Manager_whit_Task_Master\node_modules\jest-mock\build\index.js:404:13)
    at Object.mockConstructor [as getByTestId] (E:\AlexVenturesStudio\Nexa_Manager_whit_Task_Master\node_modules\jest-mock\build\index.js:103:19)
    at Object.getByTestId (E:\AlexVenturesStudio\Nexa_Manager_whit_Task_Master\web-app\src\__tests__\features\voice\VoiceOnboarding.test.jsx:346:19)
    at Promise.then.completed (E:\AlexVenturesStudio\Nexa_Manager_whit_Task_Master\node_modules\jest-circus\build\utils.js:298:28)
    at new Promise (&lt;anonymous&gt;)
    at callAsyncCircusFn (E:\AlexVenturesStudio\Nexa_Manager_whit_Task_Master\node_modules\jest-circus\build\utils.js:231:10)
    at _callCircusTest (E:\AlexVenturesStudio\Nexa_Manager_whit_Task_Master\node_modules\jest-circus\build\run.js:316:40)
    at runNextTicks (node:internal/process/task_queues:60:5)
    at processTimers (node:internal/timers:511:9)
    at _runTest (E:\AlexVenturesStudio\Nexa_Manager_whit_Task_Master\node_modules\jest-circus\build\run.js:252:3)
    at _runTestsForDescribeBlock (E:\AlexVenturesStudio\Nexa_Manager_whit_Task_Master\node_modules\jest-circus\build\run.js:126:9)
    at _runTestsForDescribeBlock (E:\AlexVenturesStudio\Nexa_Manager_whit_Task_Master\node_modules\jest-circus\build\run.js:121:9)
    at run (E:\AlexVenturesStudio\Nexa_Manager_whit_Task_Master\node_modules\jest-circus\build\run.js:71:3)
    at runAndTransformResultsToJestFormat (E:\AlexVenturesStudio\Nexa_Manager_whit_Task_Master\node_modules\jest-circus\build\legacy-code-todo-rewrite\jestAdapterInit.js:122:21)
    at jestAdapter (E:\AlexVenturesStudio\Nexa_Manager_whit_Task_Master\node_modules\jest-circus\build\legacy-code-todo-rewrite\jestAdapter.js:79:19)
    at runTestInternal (E:\AlexVenturesStudio\Nexa_Manager_whit_Task_Master\node_modules\jest-runner\build\runTest.js:367:16)
    at runTest (E:\AlexVenturesStudio\Nexa_Manager_whit_Task_Master\node_modules\jest-runner\build\runTest.js:444:34)</failure>
    </testcase>
    <testcase classname="VoiceOnboarding shows browser compatibility warnings" name="VoiceOnboarding shows browser compatibility warnings" time="0.001">
      <failure>TestingLibraryElementError: Unable to find an element with the text: /browser not supported/i
    at Object.getElementError (E:\AlexVenturesStudio\Nexa_Manager_whit_Task_Master\web-app\src\shared\__tests__\mocks\testing-library-react.cjs:18:19)
    at Object.&lt;anonymous&gt; (E:\AlexVenturesStudio\Nexa_Manager_whit_Task_Master\web-app\src\shared\__tests__\mocks\testing-library-react.cjs:650:23)
    at E:\AlexVenturesStudio\Nexa_Manager_whit_Task_Master\node_modules\jest-mock\build\index.js:397:39
    at Object.&lt;anonymous&gt; (E:\AlexVenturesStudio\Nexa_Manager_whit_Task_Master\node_modules\jest-mock\build\index.js:404:13)
    at Object.mockConstructor [as getByText] (E:\AlexVenturesStudio\Nexa_Manager_whit_Task_Master\node_modules\jest-mock\build\index.js:103:19)
    at Object.getByText (E:\AlexVenturesStudio\Nexa_Manager_whit_Task_Master\web-app\src\__tests__\features\voice\VoiceOnboarding.test.jsx:360:19)
    at Promise.then.completed (E:\AlexVenturesStudio\Nexa_Manager_whit_Task_Master\node_modules\jest-circus\build\utils.js:298:28)
    at new Promise (&lt;anonymous&gt;)
    at callAsyncCircusFn (E:\AlexVenturesStudio\Nexa_Manager_whit_Task_Master\node_modules\jest-circus\build\utils.js:231:10)
    at _callCircusTest (E:\AlexVenturesStudio\Nexa_Manager_whit_Task_Master\node_modules\jest-circus\build\run.js:316:40)
    at runNextTicks (node:internal/process/task_queues:60:5)
    at processTimers (node:internal/timers:511:9)
    at _runTest (E:\AlexVenturesStudio\Nexa_Manager_whit_Task_Master\node_modules\jest-circus\build\run.js:252:3)
    at _runTestsForDescribeBlock (E:\AlexVenturesStudio\Nexa_Manager_whit_Task_Master\node_modules\jest-circus\build\run.js:126:9)
    at _runTestsForDescribeBlock (E:\AlexVenturesStudio\Nexa_Manager_whit_Task_Master\node_modules\jest-circus\build\run.js:121:9)
    at run (E:\AlexVenturesStudio\Nexa_Manager_whit_Task_Master\node_modules\jest-circus\build\run.js:71:3)
    at runAndTransformResultsToJestFormat (E:\AlexVenturesStudio\Nexa_Manager_whit_Task_Master\node_modules\jest-circus\build\legacy-code-todo-rewrite\jestAdapterInit.js:122:21)
    at jestAdapter (E:\AlexVenturesStudio\Nexa_Manager_whit_Task_Master\node_modules\jest-circus\build\legacy-code-todo-rewrite\jestAdapter.js:79:19)
    at runTestInternal (E:\AlexVenturesStudio\Nexa_Manager_whit_Task_Master\node_modules\jest-runner\build\runTest.js:367:16)
    at runTest (E:\AlexVenturesStudio\Nexa_Manager_whit_Task_Master\node_modules\jest-runner\build\runTest.js:444:34)</failure>
    </testcase>
    <testcase classname="VoiceOnboarding provides troubleshooting help" name="VoiceOnboarding provides troubleshooting help" time="0.012">
      <failure>TestingLibraryElementError: Unable to find an element with the text: /troubleshooting/i
    at Object.getElementError (E:\AlexVenturesStudio\Nexa_Manager_whit_Task_Master\web-app\src\shared\__tests__\mocks\testing-library-react.cjs:18:19)
    at Object.&lt;anonymous&gt; (E:\AlexVenturesStudio\Nexa_Manager_whit_Task_Master\web-app\src\shared\__tests__\mocks\testing-library-react.cjs:650:23)
    at E:\AlexVenturesStudio\Nexa_Manager_whit_Task_Master\node_modules\jest-mock\build\index.js:397:39
    at Object.&lt;anonymous&gt; (E:\AlexVenturesStudio\Nexa_Manager_whit_Task_Master\node_modules\jest-mock\build\index.js:404:13)
    at Object.mockConstructor [as getByText] (E:\AlexVenturesStudio\Nexa_Manager_whit_Task_Master\node_modules\jest-mock\build\index.js:103:19)
    at Object.getByText (E:\AlexVenturesStudio\Nexa_Manager_whit_Task_Master\web-app\src\__tests__\features\voice\VoiceOnboarding.test.jsx:372:19)</failure>
    </testcase>
    <testcase classname="VoiceOnboarding tracks onboarding analytics" name="VoiceOnboarding tracks onboarding analytics" time="0.015">
      <failure>Error: expect(jest.fn()).toHaveBeenCalledWith(...expected)

Expected: &quot;onboarding_step_completed&quot;, {&quot;step&quot;: 1, &quot;stepName&quot;: &quot;microphone&quot;}

Number of calls: 0
    at Object.toHaveBeenCalledWith (E:\AlexVenturesStudio\Nexa_Manager_whit_Task_Master\web-app\src\__tests__\features\voice\VoiceOnboarding.test.jsx:390:23)</failure>
    </testcase>
    <testcase classname="VoiceOnboarding shows personalized recommendations" name="VoiceOnboarding shows personalized recommendations" time="0.03">
      <failure>TestingLibraryElementError: Unable to find an element with the text: /admin commands/i
    at Object.getElementError (E:\AlexVenturesStudio\Nexa_Manager_whit_Task_Master\web-app\src\shared\__tests__\mocks\testing-library-react.cjs:18:19)
    at Object.&lt;anonymous&gt; (E:\AlexVenturesStudio\Nexa_Manager_whit_Task_Master\web-app\src\shared\__tests__\mocks\testing-library-react.cjs:650:23)
    at E:\AlexVenturesStudio\Nexa_Manager_whit_Task_Master\node_modules\jest-mock\build\index.js:397:39
    at Object.&lt;anonymous&gt; (E:\AlexVenturesStudio\Nexa_Manager_whit_Task_Master\node_modules\jest-mock\build\index.js:404:13)
    at Object.mockConstructor [as getByText] (E:\AlexVenturesStudio\Nexa_Manager_whit_Task_Master\node_modules\jest-mock\build\index.js:103:19)
    at Object.getByText (E:\AlexVenturesStudio\Nexa_Manager_whit_Task_Master\web-app\src\__tests__\features\voice\VoiceOnboarding.test.jsx:411:19)</failure>
    </testcase>
    <testcase classname="VoiceOnboarding supports multiple languages" name="VoiceOnboarding supports multiple languages" time="0">
      <failure>TestingLibraryElementError: Unable to find an element with the text: /bienvenido/i
    at Object.getElementError (E:\AlexVenturesStudio\Nexa_Manager_whit_Task_Master\web-app\src\shared\__tests__\mocks\testing-library-react.cjs:18:19)
    at Object.&lt;anonymous&gt; (E:\AlexVenturesStudio\Nexa_Manager_whit_Task_Master\web-app\src\shared\__tests__\mocks\testing-library-react.cjs:650:23)
    at E:\AlexVenturesStudio\Nexa_Manager_whit_Task_Master\node_modules\jest-mock\build\index.js:397:39
    at Object.&lt;anonymous&gt; (E:\AlexVenturesStudio\Nexa_Manager_whit_Task_Master\node_modules\jest-mock\build\index.js:404:13)
    at Object.mockConstructor [as getByText] (E:\AlexVenturesStudio\Nexa_Manager_whit_Task_Master\node_modules\jest-mock\build\index.js:103:19)
    at Object.getByText (E:\AlexVenturesStudio\Nexa_Manager_whit_Task_Master\web-app\src\__tests__\features\voice\VoiceOnboarding.test.jsx:424:19)
    at Promise.then.completed (E:\AlexVenturesStudio\Nexa_Manager_whit_Task_Master\node_modules\jest-circus\build\utils.js:298:28)
    at new Promise (&lt;anonymous&gt;)
    at callAsyncCircusFn (E:\AlexVenturesStudio\Nexa_Manager_whit_Task_Master\node_modules\jest-circus\build\utils.js:231:10)
    at _callCircusTest (E:\AlexVenturesStudio\Nexa_Manager_whit_Task_Master\node_modules\jest-circus\build\run.js:316:40)
    at _runTest (E:\AlexVenturesStudio\Nexa_Manager_whit_Task_Master\node_modules\jest-circus\build\run.js:252:3)
    at _runTestsForDescribeBlock (E:\AlexVenturesStudio\Nexa_Manager_whit_Task_Master\node_modules\jest-circus\build\run.js:126:9)
    at _runTestsForDescribeBlock (E:\AlexVenturesStudio\Nexa_Manager_whit_Task_Master\node_modules\jest-circus\build\run.js:121:9)
    at run (E:\AlexVenturesStudio\Nexa_Manager_whit_Task_Master\node_modules\jest-circus\build\run.js:71:3)
    at runAndTransformResultsToJestFormat (E:\AlexVenturesStudio\Nexa_Manager_whit_Task_Master\node_modules\jest-circus\build\legacy-code-todo-rewrite\jestAdapterInit.js:122:21)
    at jestAdapter (E:\AlexVenturesStudio\Nexa_Manager_whit_Task_Master\node_modules\jest-circus\build\legacy-code-todo-rewrite\jestAdapter.js:79:19)
    at runTestInternal (E:\AlexVenturesStudio\Nexa_Manager_whit_Task_Master\node_modules\jest-runner\build\runTest.js:367:16)
    at runTest (E:\AlexVenturesStudio\Nexa_Manager_whit_Task_Master\node_modules\jest-runner\build\runTest.js:444:34)</failure>
    </testcase>
    <testcase classname="VoiceOnboarding handles offline mode gracefully" name="VoiceOnboarding handles offline mode gracefully" time="0">
      <failure>TestingLibraryElementError: Unable to find an element with the text: /offline mode/i
    at Object.getElementError (E:\AlexVenturesStudio\Nexa_Manager_whit_Task_Master\web-app\src\shared\__tests__\mocks\testing-library-react.cjs:18:19)
    at Object.&lt;anonymous&gt; (E:\AlexVenturesStudio\Nexa_Manager_whit_Task_Master\web-app\src\shared\__tests__\mocks\testing-library-react.cjs:650:23)
    at E:\AlexVenturesStudio\Nexa_Manager_whit_Task_Master\node_modules\jest-mock\build\index.js:397:39
    at Object.&lt;anonymous&gt; (E:\AlexVenturesStudio\Nexa_Manager_whit_Task_Master\node_modules\jest-mock\build\index.js:404:13)
    at Object.mockConstructor [as getByText] (E:\AlexVenturesStudio\Nexa_Manager_whit_Task_Master\node_modules\jest-mock\build\index.js:103:19)
    at Object.getByText (E:\AlexVenturesStudio\Nexa_Manager_whit_Task_Master\web-app\src\__tests__\features\voice\VoiceOnboarding.test.jsx:438:19)
    at Promise.then.completed (E:\AlexVenturesStudio\Nexa_Manager_whit_Task_Master\node_modules\jest-circus\build\utils.js:298:28)
    at new Promise (&lt;anonymous&gt;)
    at callAsyncCircusFn (E:\AlexVenturesStudio\Nexa_Manager_whit_Task_Master\node_modules\jest-circus\build\utils.js:231:10)
    at _callCircusTest (E:\AlexVenturesStudio\Nexa_Manager_whit_Task_Master\node_modules\jest-circus\build\run.js:316:40)
    at _runTest (E:\AlexVenturesStudio\Nexa_Manager_whit_Task_Master\node_modules\jest-circus\build\run.js:252:3)
    at _runTestsForDescribeBlock (E:\AlexVenturesStudio\Nexa_Manager_whit_Task_Master\node_modules\jest-circus\build\run.js:126:9)
    at _runTestsForDescribeBlock (E:\AlexVenturesStudio\Nexa_Manager_whit_Task_Master\node_modules\jest-circus\build\run.js:121:9)
    at run (E:\AlexVenturesStudio\Nexa_Manager_whit_Task_Master\node_modules\jest-circus\build\run.js:71:3)
    at runAndTransformResultsToJestFormat (E:\AlexVenturesStudio\Nexa_Manager_whit_Task_Master\node_modules\jest-circus\build\legacy-code-todo-rewrite\jestAdapterInit.js:122:21)
    at jestAdapter (E:\AlexVenturesStudio\Nexa_Manager_whit_Task_Master\node_modules\jest-circus\build\legacy-code-todo-rewrite\jestAdapter.js:79:19)
    at runTestInternal (E:\AlexVenturesStudio\Nexa_Manager_whit_Task_Master\node_modules\jest-runner\build\runTest.js:367:16)
    at runTest (E:\AlexVenturesStudio\Nexa_Manager_whit_Task_Master\node_modules\jest-runner\build\runTest.js:444:34)</failure>
    </testcase>
    <testcase classname="VoiceOnboarding provides video tutorials" name="VoiceOnboarding provides video tutorials" time="0.013">
      <failure>TestingLibraryElementError: Unable to find an element by: [data-testid=&quot;tutorial-video&quot;]
    at Object.getElementError (E:\AlexVenturesStudio\Nexa_Manager_whit_Task_Master\web-app\src\shared\__tests__\mocks\testing-library-react.cjs:18:19)
    at Object.&lt;anonymous&gt; (E:\AlexVenturesStudio\Nexa_Manager_whit_Task_Master\web-app\src\shared\__tests__\mocks\testing-library-react.cjs:655:23)
    at E:\AlexVenturesStudio\Nexa_Manager_whit_Task_Master\node_modules\jest-mock\build\index.js:397:39
    at Object.&lt;anonymous&gt; (E:\AlexVenturesStudio\Nexa_Manager_whit_Task_Master\node_modules\jest-mock\build\index.js:404:13)
    at Object.mockConstructor [as getByTestId] (E:\AlexVenturesStudio\Nexa_Manager_whit_Task_Master\node_modules\jest-mock\build\index.js:103:19)
    at Object.getByTestId (E:\AlexVenturesStudio\Nexa_Manager_whit_Task_Master\web-app\src\__tests__\features\voice\VoiceOnboarding.test.jsx:451:19)</failure>
    </testcase>
  </testsuite>
</testsuites>