<?xml version="1.0" encoding="UTF-8"?>
<testsuites name="jest tests" tests="126" failures="52" errors="0" time="3.298">
  <testsuite name="VoiceAnalyticsService" errors="0" failures="0" skipped="0" timestamp="2025-08-16T05:13:47" time="1.012" tests="19">
    <testcase classname="VoiceAnalyticsService Command Tracking tracks successful voice commands" name="VoiceAnalyticsService Command Tracking tracks successful voice commands" time="0.005">
    </testcase>
    <testcase classname="VoiceAnalyticsService Command Tracking tracks failed voice commands" name="VoiceAnalyticsService Command Tracking tracks failed voice commands" time="0">
    </testcase>
    <testcase classname="VoiceAnalyticsService Command Tracking maintains command history with timestamps" name="VoiceAnalyticsService Command Tracking maintains command history with timestamps" time="0.001">
    </testcase>
    <testcase classname="VoiceAnalyticsService Command Tracking limits command history to prevent storage overflow" name="VoiceAnalyticsService Command Tracking limits command history to prevent storage overflow" time="0.002">
    </testcase>
    <testcase classname="VoiceAnalyticsService Error Tracking tracks voice recognition errors" name="VoiceAnalyticsService Error Tracking tracks voice recognition errors" time="0.001">
    </testcase>
    <testcase classname="VoiceAnalyticsService Error Tracking tracks permission errors" name="VoiceAnalyticsService Error Tracking tracks permission errors" time="0.001">
    </testcase>
    <testcase classname="VoiceAnalyticsService Error Tracking tracks command execution errors" name="VoiceAnalyticsService Error Tracking tracks command execution errors" time="0">
    </testcase>
    <testcase classname="VoiceAnalyticsService Session Tracking tracks voice assistant sessions" name="VoiceAnalyticsService Session Tracking tracks voice assistant sessions" time="0.001">
    </testcase>
    <testcase classname="VoiceAnalyticsService Session Tracking calculates session duration correctly" name="VoiceAnalyticsService Session Tracking calculates session duration correctly" time="0">
    </testcase>
    <testcase classname="VoiceAnalyticsService Analytics Retrieval retrieves analytics data" name="VoiceAnalyticsService Analytics Retrieval retrieves analytics data" time="0.001">
    </testcase>
    <testcase classname="VoiceAnalyticsService Analytics Retrieval returns empty analytics when no data exists" name="VoiceAnalyticsService Analytics Retrieval returns empty analytics when no data exists" time="0.001">
    </testcase>
    <testcase classname="VoiceAnalyticsService Analytics Retrieval handles corrupted analytics data gracefully" name="VoiceAnalyticsService Analytics Retrieval handles corrupted analytics data gracefully" time="0">
    </testcase>
    <testcase classname="VoiceAnalyticsService Analytics Summary generates analytics summary" name="VoiceAnalyticsService Analytics Summary generates analytics summary" time="0.001">
    </testcase>
    <testcase classname="VoiceAnalyticsService Analytics Summary handles empty analytics data in summary" name="VoiceAnalyticsService Analytics Summary handles empty analytics data in summary" time="0">
    </testcase>
    <testcase classname="VoiceAnalyticsService Data Management clears analytics data" name="VoiceAnalyticsService Data Management clears analytics data" time="0.001">
    </testcase>
    <testcase classname="VoiceAnalyticsService Data Management exports analytics data" name="VoiceAnalyticsService Data Management exports analytics data" time="0">
    </testcase>
    <testcase classname="VoiceAnalyticsService Data Management imports analytics data" name="VoiceAnalyticsService Data Management imports analytics data" time="0.001">
    </testcase>
    <testcase classname="VoiceAnalyticsService Performance Metrics tracks response times" name="VoiceAnalyticsService Performance Metrics tracks response times" time="0">
    </testcase>
    <testcase classname="VoiceAnalyticsService Performance Metrics calculates average response time" name="VoiceAnalyticsService Performance Metrics calculates average response time" time="0">
    </testcase>
  </testsuite>
  <testsuite name="useEmails Hook" errors="0" failures="0" skipped="0" timestamp="2025-08-16T05:13:47" time="0.992" tests="11">
    <testcase classname="useEmails Hook Service Integration should have email management service properly mocked" name="useEmails Hook Service Integration should have email management service properly mocked" time="0.005">
    </testcase>
    <testcase classname="useEmails Hook Service Integration should have email context properly mocked" name="useEmails Hook Service Integration should have email context properly mocked" time="0.001">
    </testcase>
    <testcase classname="useEmails Hook Service Integration should have user context properly mocked" name="useEmails Hook Service Integration should have user context properly mocked" time="0.001">
    </testcase>
    <testcase classname="useEmails Hook Mock Functionality should call searchEmails service with correct parameters" name="useEmails Hook Mock Functionality should call searchEmails service with correct parameters" time="0.001">
    </testcase>
    <testcase classname="useEmails Hook Mock Functionality should call sendEmail service with correct parameters" name="useEmails Hook Mock Functionality should call sendEmail service with correct parameters" time="0.001">
    </testcase>
    <testcase classname="useEmails Hook Mock Functionality should call deleteEmail service with correct parameters" name="useEmails Hook Mock Functionality should call deleteEmail service with correct parameters" time="0.001">
    </testcase>
    <testcase classname="useEmails Hook Mock Functionality should call markAsRead service with correct parameters" name="useEmails Hook Mock Functionality should call markAsRead service with correct parameters" time="0">
    </testcase>
    <testcase classname="useEmails Hook Mock Functionality should handle service errors properly" name="useEmails Hook Mock Functionality should handle service errors properly" time="0.001">
    </testcase>
    <testcase classname="useEmails Hook Context Integration should dispatch actions to email context" name="useEmails Hook Context Integration should dispatch actions to email context" time="0.001">
    </testcase>
    <testcase classname="useEmails Hook Context Integration should call context methods" name="useEmails Hook Context Integration should call context methods" time="0">
    </testcase>
    <testcase classname="useEmails Hook Computed Values should compute email counts correctly" name="useEmails Hook Computed Values should compute email counts correctly" time="0">
    </testcase>
  </testsuite>
  <testsuite name="VoiceActivationButton Simple Test" errors="0" failures="0" skipped="0" timestamp="2025-08-16T05:13:47" time="1.007" tests="2">
    <testcase classname="VoiceActivationButton Simple Test should import without errors" name="VoiceActivationButton Simple Test should import without errors" time="0.009">
    </testcase>
    <testcase classname="VoiceActivationButton Simple Test should render basic structure" name="VoiceActivationButton Simple Test should render basic structure" time="0">
    </testcase>
  </testsuite>
  <testsuite name="Isolated Service (ESM import) Tests" errors="0" failures="0" skipped="0" timestamp="2025-08-16T05:13:47" time="1.013" tests="1">
    <testcase classname="Isolated Service (ESM import) Tests should import reportingService and call generateReport via dynamic import" name="Isolated Service (ESM import) Tests should import reportingService and call generateReport via dynamic import" time="0.015">
    </testcase>
  </testsuite>
  <testsuite name="QueryClient Debug" errors="0" failures="0" skipped="0" timestamp="2025-08-16T05:13:47" time="1.001" tests="1">
    <testcase classname="QueryClient Debug QueryClient can be instantiated" name="QueryClient Debug QueryClient can be instantiated" time="0.012">
    </testcase>
  </testsuite>
  <testsuite name="Debug Service Tests" errors="0" failures="0" skipped="0" timestamp="2025-08-16T05:13:47" time="1.011" tests="2">
    <testcase classname="Debug Service Tests should test raw Supabase query" name="Debug Service Tests should test raw Supabase query" time="0.01">
    </testcase>
    <testcase classname="Debug Service Tests should debug generateReport" name="Debug Service Tests should debug generateReport" time="0.01">
    </testcase>
  </testsuite>
  <testsuite name="Debug FinancialService" errors="0" failures="0" skipped="0" timestamp="2025-08-16T05:13:47" time="1.022" tests="1">
    <testcase classname="Debug FinancialService should have methods defined" name="Debug FinancialService should have methods defined" time="0.017">
    </testcase>
  </testsuite>
  <testsuite name="BusinessEmailIntegration" errors="0" failures="25" skipped="0" timestamp="2025-08-16T05:13:47" time="1.107" tests="25">
    <testcase classname="BusinessEmailIntegration Invoice Email Integration should send invoice email successfully" name="BusinessEmailIntegration Invoice Email Integration should send invoice email successfully" time="0.005">
      <failure>TypeError: _businessEmailIntegration.default.sendInvoiceEmail is not a function
    at Object.sendInvoiceEmail (E:\AlexVenturesStudio\Nexa_Manager_whit_Task_Master\web-app\src\lib\__tests__\businessEmailIntegration.test.js:81:53)
    at Promise.then.completed (E:\AlexVenturesStudio\Nexa_Manager_whit_Task_Master\node_modules\jest-circus\build\utils.js:298:28)
    at new Promise (&lt;anonymous&gt;)
    at callAsyncCircusFn (E:\AlexVenturesStudio\Nexa_Manager_whit_Task_Master\node_modules\jest-circus\build\utils.js:231:10)
    at _callCircusTest (E:\AlexVenturesStudio\Nexa_Manager_whit_Task_Master\node_modules\jest-circus\build\run.js:316:40)
    at processTicksAndRejections (node:internal/process/task_queues:95:5)
    at _runTest (E:\AlexVenturesStudio\Nexa_Manager_whit_Task_Master\node_modules\jest-circus\build\run.js:252:3)
    at _runTestsForDescribeBlock (E:\AlexVenturesStudio\Nexa_Manager_whit_Task_Master\node_modules\jest-circus\build\run.js:126:9)
    at _runTestsForDescribeBlock (E:\AlexVenturesStudio\Nexa_Manager_whit_Task_Master\node_modules\jest-circus\build\run.js:121:9)
    at _runTestsForDescribeBlock (E:\AlexVenturesStudio\Nexa_Manager_whit_Task_Master\node_modules\jest-circus\build\run.js:121:9)
    at run (E:\AlexVenturesStudio\Nexa_Manager_whit_Task_Master\node_modules\jest-circus\build\run.js:71:3)
    at runAndTransformResultsToJestFormat (E:\AlexVenturesStudio\Nexa_Manager_whit_Task_Master\node_modules\jest-circus\build\legacy-code-todo-rewrite\jestAdapterInit.js:122:21)
    at jestAdapter (E:\AlexVenturesStudio\Nexa_Manager_whit_Task_Master\node_modules\jest-circus\build\legacy-code-todo-rewrite\jestAdapter.js:79:19)
    at runTestInternal (E:\AlexVenturesStudio\Nexa_Manager_whit_Task_Master\node_modules\jest-runner\build\runTest.js:367:16)
    at runTest (E:\AlexVenturesStudio\Nexa_Manager_whit_Task_Master\node_modules\jest-runner\build\runTest.js:444:34)
    at Object.worker (E:\AlexVenturesStudio\Nexa_Manager_whit_Task_Master\node_modules\jest-runner\build\testWorker.js:106:12)</failure>
    </testcase>
    <testcase classname="BusinessEmailIntegration Invoice Email Integration should send payment reminder successfully" name="BusinessEmailIntegration Invoice Email Integration should send payment reminder successfully" time="0">
      <failure>TypeError: _businessEmailIntegration.default.sendPaymentReminder is not a function
    at Object.sendPaymentReminder (E:\AlexVenturesStudio\Nexa_Manager_whit_Task_Master\web-app\src\lib\__tests__\businessEmailIntegration.test.js:97:53)
    at Promise.then.completed (E:\AlexVenturesStudio\Nexa_Manager_whit_Task_Master\node_modules\jest-circus\build\utils.js:298:28)
    at new Promise (&lt;anonymous&gt;)
    at callAsyncCircusFn (E:\AlexVenturesStudio\Nexa_Manager_whit_Task_Master\node_modules\jest-circus\build\utils.js:231:10)
    at _callCircusTest (E:\AlexVenturesStudio\Nexa_Manager_whit_Task_Master\node_modules\jest-circus\build\run.js:316:40)
    at processTicksAndRejections (node:internal/process/task_queues:95:5)
    at _runTest (E:\AlexVenturesStudio\Nexa_Manager_whit_Task_Master\node_modules\jest-circus\build\run.js:252:3)
    at _runTestsForDescribeBlock (E:\AlexVenturesStudio\Nexa_Manager_whit_Task_Master\node_modules\jest-circus\build\run.js:126:9)
    at _runTestsForDescribeBlock (E:\AlexVenturesStudio\Nexa_Manager_whit_Task_Master\node_modules\jest-circus\build\run.js:121:9)
    at _runTestsForDescribeBlock (E:\AlexVenturesStudio\Nexa_Manager_whit_Task_Master\node_modules\jest-circus\build\run.js:121:9)
    at run (E:\AlexVenturesStudio\Nexa_Manager_whit_Task_Master\node_modules\jest-circus\build\run.js:71:3)
    at runAndTransformResultsToJestFormat (E:\AlexVenturesStudio\Nexa_Manager_whit_Task_Master\node_modules\jest-circus\build\legacy-code-todo-rewrite\jestAdapterInit.js:122:21)
    at jestAdapter (E:\AlexVenturesStudio\Nexa_Manager_whit_Task_Master\node_modules\jest-circus\build\legacy-code-todo-rewrite\jestAdapter.js:79:19)
    at runTestInternal (E:\AlexVenturesStudio\Nexa_Manager_whit_Task_Master\node_modules\jest-runner\build\runTest.js:367:16)
    at runTest (E:\AlexVenturesStudio\Nexa_Manager_whit_Task_Master\node_modules\jest-runner\build\runTest.js:444:34)
    at Object.worker (E:\AlexVenturesStudio\Nexa_Manager_whit_Task_Master\node_modules\jest-runner\build\testWorker.js:106:12)</failure>
    </testcase>
    <testcase classname="BusinessEmailIntegration Invoice Email Integration should handle invoice email errors gracefully" name="BusinessEmailIntegration Invoice Email Integration should handle invoice email errors gracefully" time="0.001">
      <failure>TypeError: _businessEmailIntegration.default.sendInvoiceEmail is not a function
    at Object.sendInvoiceEmail (E:\AlexVenturesStudio\Nexa_Manager_whit_Task_Master\web-app\src\lib\__tests__\businessEmailIntegration.test.js:110:53)
    at Promise.then.completed (E:\AlexVenturesStudio\Nexa_Manager_whit_Task_Master\node_modules\jest-circus\build\utils.js:298:28)
    at new Promise (&lt;anonymous&gt;)
    at callAsyncCircusFn (E:\AlexVenturesStudio\Nexa_Manager_whit_Task_Master\node_modules\jest-circus\build\utils.js:231:10)
    at _callCircusTest (E:\AlexVenturesStudio\Nexa_Manager_whit_Task_Master\node_modules\jest-circus\build\run.js:316:40)
    at processTicksAndRejections (node:internal/process/task_queues:95:5)
    at _runTest (E:\AlexVenturesStudio\Nexa_Manager_whit_Task_Master\node_modules\jest-circus\build\run.js:252:3)
    at _runTestsForDescribeBlock (E:\AlexVenturesStudio\Nexa_Manager_whit_Task_Master\node_modules\jest-circus\build\run.js:126:9)
    at _runTestsForDescribeBlock (E:\AlexVenturesStudio\Nexa_Manager_whit_Task_Master\node_modules\jest-circus\build\run.js:121:9)
    at _runTestsForDescribeBlock (E:\AlexVenturesStudio\Nexa_Manager_whit_Task_Master\node_modules\jest-circus\build\run.js:121:9)
    at run (E:\AlexVenturesStudio\Nexa_Manager_whit_Task_Master\node_modules\jest-circus\build\run.js:71:3)
    at runAndTransformResultsToJestFormat (E:\AlexVenturesStudio\Nexa_Manager_whit_Task_Master\node_modules\jest-circus\build\legacy-code-todo-rewrite\jestAdapterInit.js:122:21)
    at jestAdapter (E:\AlexVenturesStudio\Nexa_Manager_whit_Task_Master\node_modules\jest-circus\build\legacy-code-todo-rewrite\jestAdapter.js:79:19)
    at runTestInternal (E:\AlexVenturesStudio\Nexa_Manager_whit_Task_Master\node_modules\jest-runner\build\runTest.js:367:16)
    at runTest (E:\AlexVenturesStudio\Nexa_Manager_whit_Task_Master\node_modules\jest-runner\build\runTest.js:444:34)
    at Object.worker (E:\AlexVenturesStudio\Nexa_Manager_whit_Task_Master\node_modules\jest-runner\build\testWorker.js:106:12)</failure>
    </testcase>
    <testcase classname="BusinessEmailIntegration Quote Email Integration should send quote email successfully" name="BusinessEmailIntegration Quote Email Integration should send quote email successfully" time="0">
      <failure>TypeError: _businessEmailIntegration.default.sendQuoteEmail is not a function
    at Object.sendQuoteEmail (E:\AlexVenturesStudio\Nexa_Manager_whit_Task_Master\web-app\src\lib\__tests__\businessEmailIntegration.test.js:123:53)
    at Promise.then.completed (E:\AlexVenturesStudio\Nexa_Manager_whit_Task_Master\node_modules\jest-circus\build\utils.js:298:28)
    at new Promise (&lt;anonymous&gt;)
    at callAsyncCircusFn (E:\AlexVenturesStudio\Nexa_Manager_whit_Task_Master\node_modules\jest-circus\build\utils.js:231:10)
    at _callCircusTest (E:\AlexVenturesStudio\Nexa_Manager_whit_Task_Master\node_modules\jest-circus\build\run.js:316:40)
    at processTicksAndRejections (node:internal/process/task_queues:95:5)
    at _runTest (E:\AlexVenturesStudio\Nexa_Manager_whit_Task_Master\node_modules\jest-circus\build\run.js:252:3)
    at _runTestsForDescribeBlock (E:\AlexVenturesStudio\Nexa_Manager_whit_Task_Master\node_modules\jest-circus\build\run.js:126:9)
    at _runTestsForDescribeBlock (E:\AlexVenturesStudio\Nexa_Manager_whit_Task_Master\node_modules\jest-circus\build\run.js:121:9)
    at _runTestsForDescribeBlock (E:\AlexVenturesStudio\Nexa_Manager_whit_Task_Master\node_modules\jest-circus\build\run.js:121:9)
    at run (E:\AlexVenturesStudio\Nexa_Manager_whit_Task_Master\node_modules\jest-circus\build\run.js:71:3)
    at runAndTransformResultsToJestFormat (E:\AlexVenturesStudio\Nexa_Manager_whit_Task_Master\node_modules\jest-circus\build\legacy-code-todo-rewrite\jestAdapterInit.js:122:21)
    at jestAdapter (E:\AlexVenturesStudio\Nexa_Manager_whit_Task_Master\node_modules\jest-circus\build\legacy-code-todo-rewrite\jestAdapter.js:79:19)
    at runTestInternal (E:\AlexVenturesStudio\Nexa_Manager_whit_Task_Master\node_modules\jest-runner\build\runTest.js:367:16)
    at runTest (E:\AlexVenturesStudio\Nexa_Manager_whit_Task_Master\node_modules\jest-runner\build\runTest.js:444:34)
    at Object.worker (E:\AlexVenturesStudio\Nexa_Manager_whit_Task_Master\node_modules\jest-runner\build\testWorker.js:106:12)</failure>
    </testcase>
    <testcase classname="BusinessEmailIntegration Quote Email Integration should handle quote email errors gracefully" name="BusinessEmailIntegration Quote Email Integration should handle quote email errors gracefully" time="0">
      <failure>TypeError: _businessEmailIntegration.default.sendQuoteEmail is not a function
    at Object.sendQuoteEmail (E:\AlexVenturesStudio\Nexa_Manager_whit_Task_Master\web-app\src\lib\__tests__\businessEmailIntegration.test.js:139:53)
    at Promise.then.completed (E:\AlexVenturesStudio\Nexa_Manager_whit_Task_Master\node_modules\jest-circus\build\utils.js:298:28)
    at new Promise (&lt;anonymous&gt;)
    at callAsyncCircusFn (E:\AlexVenturesStudio\Nexa_Manager_whit_Task_Master\node_modules\jest-circus\build\utils.js:231:10)
    at _callCircusTest (E:\AlexVenturesStudio\Nexa_Manager_whit_Task_Master\node_modules\jest-circus\build\run.js:316:40)
    at processTicksAndRejections (node:internal/process/task_queues:95:5)
    at _runTest (E:\AlexVenturesStudio\Nexa_Manager_whit_Task_Master\node_modules\jest-circus\build\run.js:252:3)
    at _runTestsForDescribeBlock (E:\AlexVenturesStudio\Nexa_Manager_whit_Task_Master\node_modules\jest-circus\build\run.js:126:9)
    at _runTestsForDescribeBlock (E:\AlexVenturesStudio\Nexa_Manager_whit_Task_Master\node_modules\jest-circus\build\run.js:121:9)
    at _runTestsForDescribeBlock (E:\AlexVenturesStudio\Nexa_Manager_whit_Task_Master\node_modules\jest-circus\build\run.js:121:9)
    at run (E:\AlexVenturesStudio\Nexa_Manager_whit_Task_Master\node_modules\jest-circus\build\run.js:71:3)
    at runAndTransformResultsToJestFormat (E:\AlexVenturesStudio\Nexa_Manager_whit_Task_Master\node_modules\jest-circus\build\legacy-code-todo-rewrite\jestAdapterInit.js:122:21)
    at jestAdapter (E:\AlexVenturesStudio\Nexa_Manager_whit_Task_Master\node_modules\jest-circus\build\legacy-code-todo-rewrite\jestAdapter.js:79:19)
    at runTestInternal (E:\AlexVenturesStudio\Nexa_Manager_whit_Task_Master\node_modules\jest-runner\build\runTest.js:367:16)
    at runTest (E:\AlexVenturesStudio\Nexa_Manager_whit_Task_Master\node_modules\jest-runner\build\runTest.js:444:34)
    at Object.worker (E:\AlexVenturesStudio\Nexa_Manager_whit_Task_Master\node_modules\jest-runner\build\testWorker.js:106:12)</failure>
    </testcase>
    <testcase classname="BusinessEmailIntegration Client Email History should get client email history successfully" name="BusinessEmailIntegration Client Email History should get client email history successfully" time="0.001">
      <failure>TypeError: _businessEmailIntegration.default.getClientEmailHistory is not a function
    at Object.getClientEmailHistory (E:\AlexVenturesStudio\Nexa_Manager_whit_Task_Master\web-app\src\lib\__tests__\businessEmailIntegration.test.js:152:53)
    at Promise.then.completed (E:\AlexVenturesStudio\Nexa_Manager_whit_Task_Master\node_modules\jest-circus\build\utils.js:298:28)
    at new Promise (&lt;anonymous&gt;)
    at callAsyncCircusFn (E:\AlexVenturesStudio\Nexa_Manager_whit_Task_Master\node_modules\jest-circus\build\utils.js:231:10)
    at _callCircusTest (E:\AlexVenturesStudio\Nexa_Manager_whit_Task_Master\node_modules\jest-circus\build\run.js:316:40)
    at processTicksAndRejections (node:internal/process/task_queues:95:5)
    at _runTest (E:\AlexVenturesStudio\Nexa_Manager_whit_Task_Master\node_modules\jest-circus\build\run.js:252:3)
    at _runTestsForDescribeBlock (E:\AlexVenturesStudio\Nexa_Manager_whit_Task_Master\node_modules\jest-circus\build\run.js:126:9)
    at _runTestsForDescribeBlock (E:\AlexVenturesStudio\Nexa_Manager_whit_Task_Master\node_modules\jest-circus\build\run.js:121:9)
    at _runTestsForDescribeBlock (E:\AlexVenturesStudio\Nexa_Manager_whit_Task_Master\node_modules\jest-circus\build\run.js:121:9)
    at run (E:\AlexVenturesStudio\Nexa_Manager_whit_Task_Master\node_modules\jest-circus\build\run.js:71:3)
    at runAndTransformResultsToJestFormat (E:\AlexVenturesStudio\Nexa_Manager_whit_Task_Master\node_modules\jest-circus\build\legacy-code-todo-rewrite\jestAdapterInit.js:122:21)
    at jestAdapter (E:\AlexVenturesStudio\Nexa_Manager_whit_Task_Master\node_modules\jest-circus\build\legacy-code-todo-rewrite\jestAdapter.js:79:19)
    at runTestInternal (E:\AlexVenturesStudio\Nexa_Manager_whit_Task_Master\node_modules\jest-runner\build\runTest.js:367:16)
    at runTest (E:\AlexVenturesStudio\Nexa_Manager_whit_Task_Master\node_modules\jest-runner\build\runTest.js:444:34)
    at Object.worker (E:\AlexVenturesStudio\Nexa_Manager_whit_Task_Master\node_modules\jest-runner\build\testWorker.js:106:12)</failure>
    </testcase>
    <testcase classname="BusinessEmailIntegration Client Email History should handle client email history errors" name="BusinessEmailIntegration Client Email History should handle client email history errors" time="0">
      <failure>TypeError: _businessEmailIntegration.default.getClientEmailHistory is not a function
    at Object.getClientEmailHistory (E:\AlexVenturesStudio\Nexa_Manager_whit_Task_Master\web-app\src\lib\__tests__\businessEmailIntegration.test.js:167:53)
    at Promise.then.completed (E:\AlexVenturesStudio\Nexa_Manager_whit_Task_Master\node_modules\jest-circus\build\utils.js:298:28)
    at new Promise (&lt;anonymous&gt;)
    at callAsyncCircusFn (E:\AlexVenturesStudio\Nexa_Manager_whit_Task_Master\node_modules\jest-circus\build\utils.js:231:10)
    at _callCircusTest (E:\AlexVenturesStudio\Nexa_Manager_whit_Task_Master\node_modules\jest-circus\build\run.js:316:40)
    at processTicksAndRejections (node:internal/process/task_queues:95:5)
    at _runTest (E:\AlexVenturesStudio\Nexa_Manager_whit_Task_Master\node_modules\jest-circus\build\run.js:252:3)
    at _runTestsForDescribeBlock (E:\AlexVenturesStudio\Nexa_Manager_whit_Task_Master\node_modules\jest-circus\build\run.js:126:9)
    at _runTestsForDescribeBlock (E:\AlexVenturesStudio\Nexa_Manager_whit_Task_Master\node_modules\jest-circus\build\run.js:121:9)
    at _runTestsForDescribeBlock (E:\AlexVenturesStudio\Nexa_Manager_whit_Task_Master\node_modules\jest-circus\build\run.js:121:9)
    at run (E:\AlexVenturesStudio\Nexa_Manager_whit_Task_Master\node_modules\jest-circus\build\run.js:71:3)
    at runAndTransformResultsToJestFormat (E:\AlexVenturesStudio\Nexa_Manager_whit_Task_Master\node_modules\jest-circus\build\legacy-code-todo-rewrite\jestAdapterInit.js:122:21)
    at jestAdapter (E:\AlexVenturesStudio\Nexa_Manager_whit_Task_Master\node_modules\jest-circus\build\legacy-code-todo-rewrite\jestAdapter.js:79:19)
    at runTestInternal (E:\AlexVenturesStudio\Nexa_Manager_whit_Task_Master\node_modules\jest-runner\build\runTest.js:367:16)
    at runTest (E:\AlexVenturesStudio\Nexa_Manager_whit_Task_Master\node_modules\jest-runner\build\runTest.js:444:34)
    at Object.worker (E:\AlexVenturesStudio\Nexa_Manager_whit_Task_Master\node_modules\jest-runner\build\testWorker.js:106:12)</failure>
    </testcase>
    <testcase classname="BusinessEmailIntegration Business Email Analytics should get business email analytics successfully" name="BusinessEmailIntegration Business Email Analytics should get business email analytics successfully" time="0.001">
      <failure>TypeError: _businessEmailIntegration.default.getBusinessEmailAnalytics is not a function
    at Object.getBusinessEmailAnalytics (E:\AlexVenturesStudio\Nexa_Manager_whit_Task_Master\web-app\src\lib\__tests__\businessEmailIntegration.test.js:179:53)
    at Promise.then.completed (E:\AlexVenturesStudio\Nexa_Manager_whit_Task_Master\node_modules\jest-circus\build\utils.js:298:28)
    at new Promise (&lt;anonymous&gt;)
    at callAsyncCircusFn (E:\AlexVenturesStudio\Nexa_Manager_whit_Task_Master\node_modules\jest-circus\build\utils.js:231:10)
    at _callCircusTest (E:\AlexVenturesStudio\Nexa_Manager_whit_Task_Master\node_modules\jest-circus\build\run.js:316:40)
    at processTicksAndRejections (node:internal/process/task_queues:95:5)
    at _runTest (E:\AlexVenturesStudio\Nexa_Manager_whit_Task_Master\node_modules\jest-circus\build\run.js:252:3)
    at _runTestsForDescribeBlock (E:\AlexVenturesStudio\Nexa_Manager_whit_Task_Master\node_modules\jest-circus\build\run.js:126:9)
    at _runTestsForDescribeBlock (E:\AlexVenturesStudio\Nexa_Manager_whit_Task_Master\node_modules\jest-circus\build\run.js:121:9)
    at _runTestsForDescribeBlock (E:\AlexVenturesStudio\Nexa_Manager_whit_Task_Master\node_modules\jest-circus\build\run.js:121:9)
    at run (E:\AlexVenturesStudio\Nexa_Manager_whit_Task_Master\node_modules\jest-circus\build\run.js:71:3)
    at runAndTransformResultsToJestFormat (E:\AlexVenturesStudio\Nexa_Manager_whit_Task_Master\node_modules\jest-circus\build\legacy-code-todo-rewrite\jestAdapterInit.js:122:21)
    at jestAdapter (E:\AlexVenturesStudio\Nexa_Manager_whit_Task_Master\node_modules\jest-circus\build\legacy-code-todo-rewrite\jestAdapter.js:79:19)
    at runTestInternal (E:\AlexVenturesStudio\Nexa_Manager_whit_Task_Master\node_modules\jest-runner\build\runTest.js:367:16)
    at runTest (E:\AlexVenturesStudio\Nexa_Manager_whit_Task_Master\node_modules\jest-runner\build\runTest.js:444:34)
    at Object.worker (E:\AlexVenturesStudio\Nexa_Manager_whit_Task_Master\node_modules\jest-runner\build\testWorker.js:106:12)</failure>
    </testcase>
    <testcase classname="BusinessEmailIntegration Business Email Analytics should get business document email analytics" name="BusinessEmailIntegration Business Email Analytics should get business document email analytics" time="0">
      <failure>TypeError: _businessEmailIntegration.default.getBusinessDocumentEmailAnalytics is not a function
    at Object.getBusinessDocumentEmailAnalytics (E:\AlexVenturesStudio\Nexa_Manager_whit_Task_Master\web-app\src\lib\__tests__\businessEmailIntegration.test.js:192:53)
    at Promise.then.completed (E:\AlexVenturesStudio\Nexa_Manager_whit_Task_Master\node_modules\jest-circus\build\utils.js:298:28)
    at new Promise (&lt;anonymous&gt;)
    at callAsyncCircusFn (E:\AlexVenturesStudio\Nexa_Manager_whit_Task_Master\node_modules\jest-circus\build\utils.js:231:10)
    at _callCircusTest (E:\AlexVenturesStudio\Nexa_Manager_whit_Task_Master\node_modules\jest-circus\build\run.js:316:40)
    at processTicksAndRejections (node:internal/process/task_queues:95:5)
    at _runTest (E:\AlexVenturesStudio\Nexa_Manager_whit_Task_Master\node_modules\jest-circus\build\run.js:252:3)
    at _runTestsForDescribeBlock (E:\AlexVenturesStudio\Nexa_Manager_whit_Task_Master\node_modules\jest-circus\build\run.js:126:9)
    at _runTestsForDescribeBlock (E:\AlexVenturesStudio\Nexa_Manager_whit_Task_Master\node_modules\jest-circus\build\run.js:121:9)
    at _runTestsForDescribeBlock (E:\AlexVenturesStudio\Nexa_Manager_whit_Task_Master\node_modules\jest-circus\build\run.js:121:9)
    at run (E:\AlexVenturesStudio\Nexa_Manager_whit_Task_Master\node_modules\jest-circus\build\run.js:71:3)
    at runAndTransformResultsToJestFormat (E:\AlexVenturesStudio\Nexa_Manager_whit_Task_Master\node_modules\jest-circus\build\legacy-code-todo-rewrite\jestAdapterInit.js:122:21)
    at jestAdapter (E:\AlexVenturesStudio\Nexa_Manager_whit_Task_Master\node_modules\jest-circus\build\legacy-code-todo-rewrite\jestAdapter.js:79:19)
    at runTestInternal (E:\AlexVenturesStudio\Nexa_Manager_whit_Task_Master\node_modules\jest-runner\build\runTest.js:367:16)
    at runTest (E:\AlexVenturesStudio\Nexa_Manager_whit_Task_Master\node_modules\jest-runner\build\runTest.js:444:34)
    at Object.worker (E:\AlexVenturesStudio\Nexa_Manager_whit_Task_Master\node_modules\jest-runner\build\testWorker.js:106:12)</failure>
    </testcase>
    <testcase classname="BusinessEmailIntegration Business Email Analytics should get client business email filters" name="BusinessEmailIntegration Business Email Analytics should get client business email filters" time="0">
      <failure>TypeError: _businessEmailIntegration.default.getClientBusinessEmailFilters is not a function
    at Object.getClientBusinessEmailFilters (E:\AlexVenturesStudio\Nexa_Manager_whit_Task_Master\web-app\src\lib\__tests__\businessEmailIntegration.test.js:205:53)
    at Promise.then.completed (E:\AlexVenturesStudio\Nexa_Manager_whit_Task_Master\node_modules\jest-circus\build\utils.js:298:28)
    at new Promise (&lt;anonymous&gt;)
    at callAsyncCircusFn (E:\AlexVenturesStudio\Nexa_Manager_whit_Task_Master\node_modules\jest-circus\build\utils.js:231:10)
    at _callCircusTest (E:\AlexVenturesStudio\Nexa_Manager_whit_Task_Master\node_modules\jest-circus\build\run.js:316:40)
    at processTicksAndRejections (node:internal/process/task_queues:95:5)
    at _runTest (E:\AlexVenturesStudio\Nexa_Manager_whit_Task_Master\node_modules\jest-circus\build\run.js:252:3)
    at _runTestsForDescribeBlock (E:\AlexVenturesStudio\Nexa_Manager_whit_Task_Master\node_modules\jest-circus\build\run.js:126:9)
    at _runTestsForDescribeBlock (E:\AlexVenturesStudio\Nexa_Manager_whit_Task_Master\node_modules\jest-circus\build\run.js:121:9)
    at _runTestsForDescribeBlock (E:\AlexVenturesStudio\Nexa_Manager_whit_Task_Master\node_modules\jest-circus\build\run.js:121:9)
    at run (E:\AlexVenturesStudio\Nexa_Manager_whit_Task_Master\node_modules\jest-circus\build\run.js:71:3)
    at runAndTransformResultsToJestFormat (E:\AlexVenturesStudio\Nexa_Manager_whit_Task_Master\node_modules\jest-circus\build\legacy-code-todo-rewrite\jestAdapterInit.js:122:21)
    at jestAdapter (E:\AlexVenturesStudio\Nexa_Manager_whit_Task_Master\node_modules\jest-circus\build\legacy-code-todo-rewrite\jestAdapter.js:79:19)
    at runTestInternal (E:\AlexVenturesStudio\Nexa_Manager_whit_Task_Master\node_modules\jest-runner\build\runTest.js:367:16)
    at runTest (E:\AlexVenturesStudio\Nexa_Manager_whit_Task_Master\node_modules\jest-runner\build\runTest.js:444:34)
    at Object.worker (E:\AlexVenturesStudio\Nexa_Manager_whit_Task_Master\node_modules\jest-runner\build\testWorker.js:106:12)</failure>
    </testcase>
    <testcase classname="BusinessEmailIntegration Email Activity Logging should log email activity successfully" name="BusinessEmailIntegration Email Activity Logging should log email activity successfully" time="0">
      <failure>TypeError: _businessEmailIntegration.default.logEmailActivity is not a function
    at Object.logEmailActivity (E:\AlexVenturesStudio\Nexa_Manager_whit_Task_Master\web-app\src\lib\__tests__\businessEmailIntegration.test.js:219:53)
    at Promise.then.completed (E:\AlexVenturesStudio\Nexa_Manager_whit_Task_Master\node_modules\jest-circus\build\utils.js:298:28)
    at new Promise (&lt;anonymous&gt;)
    at callAsyncCircusFn (E:\AlexVenturesStudio\Nexa_Manager_whit_Task_Master\node_modules\jest-circus\build\utils.js:231:10)
    at _callCircusTest (E:\AlexVenturesStudio\Nexa_Manager_whit_Task_Master\node_modules\jest-circus\build\run.js:316:40)
    at processTicksAndRejections (node:internal/process/task_queues:95:5)
    at _runTest (E:\AlexVenturesStudio\Nexa_Manager_whit_Task_Master\node_modules\jest-circus\build\run.js:252:3)
    at _runTestsForDescribeBlock (E:\AlexVenturesStudio\Nexa_Manager_whit_Task_Master\node_modules\jest-circus\build\run.js:126:9)
    at _runTestsForDescribeBlock (E:\AlexVenturesStudio\Nexa_Manager_whit_Task_Master\node_modules\jest-circus\build\run.js:121:9)
    at _runTestsForDescribeBlock (E:\AlexVenturesStudio\Nexa_Manager_whit_Task_Master\node_modules\jest-circus\build\run.js:121:9)
    at run (E:\AlexVenturesStudio\Nexa_Manager_whit_Task_Master\node_modules\jest-circus\build\run.js:71:3)
    at runAndTransformResultsToJestFormat (E:\AlexVenturesStudio\Nexa_Manager_whit_Task_Master\node_modules\jest-circus\build\legacy-code-todo-rewrite\jestAdapterInit.js:122:21)
    at jestAdapter (E:\AlexVenturesStudio\Nexa_Manager_whit_Task_Master\node_modules\jest-circus\build\legacy-code-todo-rewrite\jestAdapter.js:79:19)
    at runTestInternal (E:\AlexVenturesStudio\Nexa_Manager_whit_Task_Master\node_modules\jest-runner\build\runTest.js:367:16)
    at runTest (E:\AlexVenturesStudio\Nexa_Manager_whit_Task_Master\node_modules\jest-runner\build\runTest.js:444:34)
    at Object.worker (E:\AlexVenturesStudio\Nexa_Manager_whit_Task_Master\node_modules\jest-runner\build\testWorker.js:106:12)</failure>
    </testcase>
    <testcase classname="BusinessEmailIntegration Automated Follow-up Sequences should send automated follow-up sequence for invoices" name="BusinessEmailIntegration Automated Follow-up Sequences should send automated follow-up sequence for invoices" time="0">
      <failure>TypeError: _businessEmailIntegration.default.sendAutomatedFollowUpSequence is not a function
    at Object.sendAutomatedFollowUpSequence (E:\AlexVenturesStudio\Nexa_Manager_whit_Task_Master\web-app\src\lib\__tests__\businessEmailIntegration.test.js:238:53)
    at Promise.then.completed (E:\AlexVenturesStudio\Nexa_Manager_whit_Task_Master\node_modules\jest-circus\build\utils.js:298:28)
    at new Promise (&lt;anonymous&gt;)
    at callAsyncCircusFn (E:\AlexVenturesStudio\Nexa_Manager_whit_Task_Master\node_modules\jest-circus\build\utils.js:231:10)
    at _callCircusTest (E:\AlexVenturesStudio\Nexa_Manager_whit_Task_Master\node_modules\jest-circus\build\run.js:316:40)
    at processTicksAndRejections (node:internal/process/task_queues:95:5)
    at _runTest (E:\AlexVenturesStudio\Nexa_Manager_whit_Task_Master\node_modules\jest-circus\build\run.js:252:3)
    at _runTestsForDescribeBlock (E:\AlexVenturesStudio\Nexa_Manager_whit_Task_Master\node_modules\jest-circus\build\run.js:126:9)
    at _runTestsForDescribeBlock (E:\AlexVenturesStudio\Nexa_Manager_whit_Task_Master\node_modules\jest-circus\build\run.js:121:9)
    at _runTestsForDescribeBlock (E:\AlexVenturesStudio\Nexa_Manager_whit_Task_Master\node_modules\jest-circus\build\run.js:121:9)
    at run (E:\AlexVenturesStudio\Nexa_Manager_whit_Task_Master\node_modules\jest-circus\build\run.js:71:3)
    at runAndTransformResultsToJestFormat (E:\AlexVenturesStudio\Nexa_Manager_whit_Task_Master\node_modules\jest-circus\build\legacy-code-todo-rewrite\jestAdapterInit.js:122:21)
    at jestAdapter (E:\AlexVenturesStudio\Nexa_Manager_whit_Task_Master\node_modules\jest-circus\build\legacy-code-todo-rewrite\jestAdapter.js:79:19)
    at runTestInternal (E:\AlexVenturesStudio\Nexa_Manager_whit_Task_Master\node_modules\jest-runner\build\runTest.js:367:16)
    at runTest (E:\AlexVenturesStudio\Nexa_Manager_whit_Task_Master\node_modules\jest-runner\build\runTest.js:444:34)
    at Object.worker (E:\AlexVenturesStudio\Nexa_Manager_whit_Task_Master\node_modules\jest-runner\build\testWorker.js:106:12)</failure>
    </testcase>
    <testcase classname="BusinessEmailIntegration Automated Follow-up Sequences should send automated follow-up sequence for quotes" name="BusinessEmailIntegration Automated Follow-up Sequences should send automated follow-up sequence for quotes" time="0">
      <failure>TypeError: _businessEmailIntegration.default.sendAutomatedFollowUpSequence is not a function
    at Object.sendAutomatedFollowUpSequence (E:\AlexVenturesStudio\Nexa_Manager_whit_Task_Master\web-app\src\lib\__tests__\businessEmailIntegration.test.js:251:53)
    at Promise.then.completed (E:\AlexVenturesStudio\Nexa_Manager_whit_Task_Master\node_modules\jest-circus\build\utils.js:298:28)
    at new Promise (&lt;anonymous&gt;)
    at callAsyncCircusFn (E:\AlexVenturesStudio\Nexa_Manager_whit_Task_Master\node_modules\jest-circus\build\utils.js:231:10)
    at _callCircusTest (E:\AlexVenturesStudio\Nexa_Manager_whit_Task_Master\node_modules\jest-circus\build\run.js:316:40)
    at processTicksAndRejections (node:internal/process/task_queues:95:5)
    at _runTest (E:\AlexVenturesStudio\Nexa_Manager_whit_Task_Master\node_modules\jest-circus\build\run.js:252:3)
    at _runTestsForDescribeBlock (E:\AlexVenturesStudio\Nexa_Manager_whit_Task_Master\node_modules\jest-circus\build\run.js:126:9)
    at _runTestsForDescribeBlock (E:\AlexVenturesStudio\Nexa_Manager_whit_Task_Master\node_modules\jest-circus\build\run.js:121:9)
    at _runTestsForDescribeBlock (E:\AlexVenturesStudio\Nexa_Manager_whit_Task_Master\node_modules\jest-circus\build\run.js:121:9)
    at run (E:\AlexVenturesStudio\Nexa_Manager_whit_Task_Master\node_modules\jest-circus\build\run.js:71:3)
    at runAndTransformResultsToJestFormat (E:\AlexVenturesStudio\Nexa_Manager_whit_Task_Master\node_modules\jest-circus\build\legacy-code-todo-rewrite\jestAdapterInit.js:122:21)
    at jestAdapter (E:\AlexVenturesStudio\Nexa_Manager_whit_Task_Master\node_modules\jest-circus\build\legacy-code-todo-rewrite\jestAdapter.js:79:19)
    at runTestInternal (E:\AlexVenturesStudio\Nexa_Manager_whit_Task_Master\node_modules\jest-runner\build\runTest.js:367:16)
    at runTest (E:\AlexVenturesStudio\Nexa_Manager_whit_Task_Master\node_modules\jest-runner\build\runTest.js:444:34)
    at Object.worker (E:\AlexVenturesStudio\Nexa_Manager_whit_Task_Master\node_modules\jest-runner\build\testWorker.js:106:12)</failure>
    </testcase>
    <testcase classname="BusinessEmailIntegration Bulk Email Operations should send bulk business emails successfully" name="BusinessEmailIntegration Bulk Email Operations should send bulk business emails successfully" time="0">
      <failure>TypeError: _businessEmailIntegration.default.bulkSendBusinessEmails is not a function
    at Object.bulkSendBusinessEmails (E:\AlexVenturesStudio\Nexa_Manager_whit_Task_Master\web-app\src\lib\__tests__\businessEmailIntegration.test.js:276:53)
    at Promise.then.completed (E:\AlexVenturesStudio\Nexa_Manager_whit_Task_Master\node_modules\jest-circus\build\utils.js:298:28)
    at new Promise (&lt;anonymous&gt;)
    at callAsyncCircusFn (E:\AlexVenturesStudio\Nexa_Manager_whit_Task_Master\node_modules\jest-circus\build\utils.js:231:10)
    at _callCircusTest (E:\AlexVenturesStudio\Nexa_Manager_whit_Task_Master\node_modules\jest-circus\build\run.js:316:40)
    at processTicksAndRejections (node:internal/process/task_queues:95:5)
    at _runTest (E:\AlexVenturesStudio\Nexa_Manager_whit_Task_Master\node_modules\jest-circus\build\run.js:252:3)
    at _runTestsForDescribeBlock (E:\AlexVenturesStudio\Nexa_Manager_whit_Task_Master\node_modules\jest-circus\build\run.js:126:9)
    at _runTestsForDescribeBlock (E:\AlexVenturesStudio\Nexa_Manager_whit_Task_Master\node_modules\jest-circus\build\run.js:121:9)
    at _runTestsForDescribeBlock (E:\AlexVenturesStudio\Nexa_Manager_whit_Task_Master\node_modules\jest-circus\build\run.js:121:9)
    at run (E:\AlexVenturesStudio\Nexa_Manager_whit_Task_Master\node_modules\jest-circus\build\run.js:71:3)
    at runAndTransformResultsToJestFormat (E:\AlexVenturesStudio\Nexa_Manager_whit_Task_Master\node_modules\jest-circus\build\legacy-code-todo-rewrite\jestAdapterInit.js:122:21)
    at jestAdapter (E:\AlexVenturesStudio\Nexa_Manager_whit_Task_Master\node_modules\jest-circus\build\legacy-code-todo-rewrite\jestAdapter.js:79:19)
    at runTestInternal (E:\AlexVenturesStudio\Nexa_Manager_whit_Task_Master\node_modules\jest-runner\build\runTest.js:367:16)
    at runTest (E:\AlexVenturesStudio\Nexa_Manager_whit_Task_Master\node_modules\jest-runner\build\runTest.js:444:34)
    at Object.worker (E:\AlexVenturesStudio\Nexa_Manager_whit_Task_Master\node_modules\jest-runner\build\testWorker.js:106:12)</failure>
    </testcase>
    <testcase classname="BusinessEmailIntegration Helper Methods should group emails by type correctly" name="BusinessEmailIntegration Helper Methods should group emails by type correctly" time="0">
      <failure>TypeError: _businessEmailIntegration.default.groupEmailsByType is not a function
    at Object.groupEmailsByType (E:\AlexVenturesStudio\Nexa_Manager_whit_Task_Master\web-app\src\lib\__tests__\businessEmailIntegration.test.js:297:48)
    at Promise.then.completed (E:\AlexVenturesStudio\Nexa_Manager_whit_Task_Master\node_modules\jest-circus\build\utils.js:298:28)
    at new Promise (&lt;anonymous&gt;)
    at callAsyncCircusFn (E:\AlexVenturesStudio\Nexa_Manager_whit_Task_Master\node_modules\jest-circus\build\utils.js:231:10)
    at _callCircusTest (E:\AlexVenturesStudio\Nexa_Manager_whit_Task_Master\node_modules\jest-circus\build\run.js:316:40)
    at processTicksAndRejections (node:internal/process/task_queues:95:5)
    at _runTest (E:\AlexVenturesStudio\Nexa_Manager_whit_Task_Master\node_modules\jest-circus\build\run.js:252:3)
    at _runTestsForDescribeBlock (E:\AlexVenturesStudio\Nexa_Manager_whit_Task_Master\node_modules\jest-circus\build\run.js:126:9)
    at _runTestsForDescribeBlock (E:\AlexVenturesStudio\Nexa_Manager_whit_Task_Master\node_modules\jest-circus\build\run.js:121:9)
    at _runTestsForDescribeBlock (E:\AlexVenturesStudio\Nexa_Manager_whit_Task_Master\node_modules\jest-circus\build\run.js:121:9)
    at run (E:\AlexVenturesStudio\Nexa_Manager_whit_Task_Master\node_modules\jest-circus\build\run.js:71:3)
    at runAndTransformResultsToJestFormat (E:\AlexVenturesStudio\Nexa_Manager_whit_Task_Master\node_modules\jest-circus\build\legacy-code-todo-rewrite\jestAdapterInit.js:122:21)
    at jestAdapter (E:\AlexVenturesStudio\Nexa_Manager_whit_Task_Master\node_modules\jest-circus\build\legacy-code-todo-rewrite\jestAdapter.js:79:19)
    at runTestInternal (E:\AlexVenturesStudio\Nexa_Manager_whit_Task_Master\node_modules\jest-runner\build\runTest.js:367:16)
    at runTest (E:\AlexVenturesStudio\Nexa_Manager_whit_Task_Master\node_modules\jest-runner\build\runTest.js:444:34)
    at Object.worker (E:\AlexVenturesStudio\Nexa_Manager_whit_Task_Master\node_modules\jest-runner\build\testWorker.js:106:12)</failure>
    </testcase>
    <testcase classname="BusinessEmailIntegration Helper Methods should group emails by client correctly" name="BusinessEmailIntegration Helper Methods should group emails by client correctly" time="0">
      <failure>TypeError: _businessEmailIntegration.default.groupEmailsByClient is not a function
    at Object.groupEmailsByClient (E:\AlexVenturesStudio\Nexa_Manager_whit_Task_Master\web-app\src\lib\__tests__\businessEmailIntegration.test.js:314:48)
    at Promise.then.completed (E:\AlexVenturesStudio\Nexa_Manager_whit_Task_Master\node_modules\jest-circus\build\utils.js:298:28)
    at new Promise (&lt;anonymous&gt;)
    at callAsyncCircusFn (E:\AlexVenturesStudio\Nexa_Manager_whit_Task_Master\node_modules\jest-circus\build\utils.js:231:10)
    at _callCircusTest (E:\AlexVenturesStudio\Nexa_Manager_whit_Task_Master\node_modules\jest-circus\build\run.js:316:40)
    at processTicksAndRejections (node:internal/process/task_queues:95:5)
    at _runTest (E:\AlexVenturesStudio\Nexa_Manager_whit_Task_Master\node_modules\jest-circus\build\run.js:252:3)
    at _runTestsForDescribeBlock (E:\AlexVenturesStudio\Nexa_Manager_whit_Task_Master\node_modules\jest-circus\build\run.js:126:9)
    at _runTestsForDescribeBlock (E:\AlexVenturesStudio\Nexa_Manager_whit_Task_Master\node_modules\jest-circus\build\run.js:121:9)
    at _runTestsForDescribeBlock (E:\AlexVenturesStudio\Nexa_Manager_whit_Task_Master\node_modules\jest-circus\build\run.js:121:9)
    at run (E:\AlexVenturesStudio\Nexa_Manager_whit_Task_Master\node_modules\jest-circus\build\run.js:71:3)
    at runAndTransformResultsToJestFormat (E:\AlexVenturesStudio\Nexa_Manager_whit_Task_Master\node_modules\jest-circus\build\legacy-code-todo-rewrite\jestAdapterInit.js:122:21)
    at jestAdapter (E:\AlexVenturesStudio\Nexa_Manager_whit_Task_Master\node_modules\jest-circus\build\legacy-code-todo-rewrite\jestAdapter.js:79:19)
    at runTestInternal (E:\AlexVenturesStudio\Nexa_Manager_whit_Task_Master\node_modules\jest-runner\build\runTest.js:367:16)
    at runTest (E:\AlexVenturesStudio\Nexa_Manager_whit_Task_Master\node_modules\jest-runner\build\runTest.js:444:34)
    at Object.worker (E:\AlexVenturesStudio\Nexa_Manager_whit_Task_Master\node_modules\jest-runner\build\testWorker.js:106:12)</failure>
    </testcase>
    <testcase classname="BusinessEmailIntegration Helper Methods should group emails by month correctly" name="BusinessEmailIntegration Helper Methods should group emails by month correctly" time="0">
      <failure>TypeError: _businessEmailIntegration.default.groupEmailsByMonth is not a function
    at Object.groupEmailsByMonth (E:\AlexVenturesStudio\Nexa_Manager_whit_Task_Master\web-app\src\lib\__tests__\businessEmailIntegration.test.js:330:48)
    at Promise.then.completed (E:\AlexVenturesStudio\Nexa_Manager_whit_Task_Master\node_modules\jest-circus\build\utils.js:298:28)
    at new Promise (&lt;anonymous&gt;)
    at callAsyncCircusFn (E:\AlexVenturesStudio\Nexa_Manager_whit_Task_Master\node_modules\jest-circus\build\utils.js:231:10)
    at _callCircusTest (E:\AlexVenturesStudio\Nexa_Manager_whit_Task_Master\node_modules\jest-circus\build\run.js:316:40)
    at processTicksAndRejections (node:internal/process/task_queues:95:5)
    at _runTest (E:\AlexVenturesStudio\Nexa_Manager_whit_Task_Master\node_modules\jest-circus\build\run.js:252:3)
    at _runTestsForDescribeBlock (E:\AlexVenturesStudio\Nexa_Manager_whit_Task_Master\node_modules\jest-circus\build\run.js:126:9)
    at _runTestsForDescribeBlock (E:\AlexVenturesStudio\Nexa_Manager_whit_Task_Master\node_modules\jest-circus\build\run.js:121:9)
    at _runTestsForDescribeBlock (E:\AlexVenturesStudio\Nexa_Manager_whit_Task_Master\node_modules\jest-circus\build\run.js:121:9)
    at run (E:\AlexVenturesStudio\Nexa_Manager_whit_Task_Master\node_modules\jest-circus\build\run.js:71:3)
    at runAndTransformResultsToJestFormat (E:\AlexVenturesStudio\Nexa_Manager_whit_Task_Master\node_modules\jest-circus\build\legacy-code-todo-rewrite\jestAdapterInit.js:122:21)
    at jestAdapter (E:\AlexVenturesStudio\Nexa_Manager_whit_Task_Master\node_modules\jest-circus\build\legacy-code-todo-rewrite\jestAdapter.js:79:19)
    at runTestInternal (E:\AlexVenturesStudio\Nexa_Manager_whit_Task_Master\node_modules\jest-runner\build\runTest.js:367:16)
    at runTest (E:\AlexVenturesStudio\Nexa_Manager_whit_Task_Master\node_modules\jest-runner\build\runTest.js:444:34)
    at Object.worker (E:\AlexVenturesStudio\Nexa_Manager_whit_Task_Master\node_modules\jest-runner\build\testWorker.js:106:12)</failure>
    </testcase>
    <testcase classname="BusinessEmailIntegration Helper Methods should get top performing templates" name="BusinessEmailIntegration Helper Methods should get top performing templates" time="0.001">
      <failure>TypeError: _businessEmailIntegration.default.getTopPerformingTemplates is not a function
    at Object.getTopPerformingTemplates (E:\AlexVenturesStudio\Nexa_Manager_whit_Task_Master\web-app\src\lib\__tests__\businessEmailIntegration.test.js:347:53)
    at Promise.then.completed (E:\AlexVenturesStudio\Nexa_Manager_whit_Task_Master\node_modules\jest-circus\build\utils.js:298:28)
    at new Promise (&lt;anonymous&gt;)
    at callAsyncCircusFn (E:\AlexVenturesStudio\Nexa_Manager_whit_Task_Master\node_modules\jest-circus\build\utils.js:231:10)
    at _callCircusTest (E:\AlexVenturesStudio\Nexa_Manager_whit_Task_Master\node_modules\jest-circus\build\run.js:316:40)
    at processTicksAndRejections (node:internal/process/task_queues:95:5)
    at _runTest (E:\AlexVenturesStudio\Nexa_Manager_whit_Task_Master\node_modules\jest-circus\build\run.js:252:3)
    at _runTestsForDescribeBlock (E:\AlexVenturesStudio\Nexa_Manager_whit_Task_Master\node_modules\jest-circus\build\run.js:126:9)
    at _runTestsForDescribeBlock (E:\AlexVenturesStudio\Nexa_Manager_whit_Task_Master\node_modules\jest-circus\build\run.js:121:9)
    at _runTestsForDescribeBlock (E:\AlexVenturesStudio\Nexa_Manager_whit_Task_Master\node_modules\jest-circus\build\run.js:121:9)
    at run (E:\AlexVenturesStudio\Nexa_Manager_whit_Task_Master\node_modules\jest-circus\build\run.js:71:3)
    at runAndTransformResultsToJestFormat (E:\AlexVenturesStudio\Nexa_Manager_whit_Task_Master\node_modules\jest-circus\build\legacy-code-todo-rewrite\jestAdapterInit.js:122:21)
    at jestAdapter (E:\AlexVenturesStudio\Nexa_Manager_whit_Task_Master\node_modules\jest-circus\build\legacy-code-todo-rewrite\jestAdapter.js:79:19)
    at runTestInternal (E:\AlexVenturesStudio\Nexa_Manager_whit_Task_Master\node_modules\jest-runner\build\runTest.js:367:16)
    at runTest (E:\AlexVenturesStudio\Nexa_Manager_whit_Task_Master\node_modules\jest-runner\build\runTest.js:444:34)
    at Object.worker (E:\AlexVenturesStudio\Nexa_Manager_whit_Task_Master\node_modules\jest-runner\build\testWorker.js:106:12)</failure>
    </testcase>
    <testcase classname="BusinessEmailIntegration Helper Methods should calculate client engagement correctly" name="BusinessEmailIntegration Helper Methods should calculate client engagement correctly" time="0">
      <failure>TypeError: _businessEmailIntegration.default.calculateClientEngagement is not a function
    at Object.calculateClientEngagement (E:\AlexVenturesStudio\Nexa_Manager_whit_Task_Master\web-app\src\lib\__tests__\businessEmailIntegration.test.js:374:51)
    at Promise.then.completed (E:\AlexVenturesStudio\Nexa_Manager_whit_Task_Master\node_modules\jest-circus\build\utils.js:298:28)
    at new Promise (&lt;anonymous&gt;)
    at callAsyncCircusFn (E:\AlexVenturesStudio\Nexa_Manager_whit_Task_Master\node_modules\jest-circus\build\utils.js:231:10)
    at _callCircusTest (E:\AlexVenturesStudio\Nexa_Manager_whit_Task_Master\node_modules\jest-circus\build\run.js:316:40)
    at processTicksAndRejections (node:internal/process/task_queues:95:5)
    at _runTest (E:\AlexVenturesStudio\Nexa_Manager_whit_Task_Master\node_modules\jest-circus\build\run.js:252:3)
    at _runTestsForDescribeBlock (E:\AlexVenturesStudio\Nexa_Manager_whit_Task_Master\node_modules\jest-circus\build\run.js:126:9)
    at _runTestsForDescribeBlock (E:\AlexVenturesStudio\Nexa_Manager_whit_Task_Master\node_modules\jest-circus\build\run.js:121:9)
    at _runTestsForDescribeBlock (E:\AlexVenturesStudio\Nexa_Manager_whit_Task_Master\node_modules\jest-circus\build\run.js:121:9)
    at run (E:\AlexVenturesStudio\Nexa_Manager_whit_Task_Master\node_modules\jest-circus\build\run.js:71:3)
    at runAndTransformResultsToJestFormat (E:\AlexVenturesStudio\Nexa_Manager_whit_Task_Master\node_modules\jest-circus\build\legacy-code-todo-rewrite\jestAdapterInit.js:122:21)
    at jestAdapter (E:\AlexVenturesStudio\Nexa_Manager_whit_Task_Master\node_modules\jest-circus\build\legacy-code-todo-rewrite\jestAdapter.js:79:19)
    at runTestInternal (E:\AlexVenturesStudio\Nexa_Manager_whit_Task_Master\node_modules\jest-runner\build\runTest.js:367:16)
    at runTest (E:\AlexVenturesStudio\Nexa_Manager_whit_Task_Master\node_modules\jest-runner\build\runTest.js:444:34)
    at Object.worker (E:\AlexVenturesStudio\Nexa_Manager_whit_Task_Master\node_modules\jest-runner\build\testWorker.js:106:12)</failure>
    </testcase>
    <testcase classname="BusinessEmailIntegration Helper Methods should calculate engagement score correctly" name="BusinessEmailIntegration Helper Methods should calculate engagement score correctly" time="0.001">
      <failure>TypeError: _businessEmailIntegration.default.calculateEngagementScore is not a function
    at Object.calculateEngagementScore (E:\AlexVenturesStudio\Nexa_Manager_whit_Task_Master\web-app\src\lib\__tests__\businessEmailIntegration.test.js:390:46)
    at Promise.then.completed (E:\AlexVenturesStudio\Nexa_Manager_whit_Task_Master\node_modules\jest-circus\build\utils.js:298:28)
    at new Promise (&lt;anonymous&gt;)
    at callAsyncCircusFn (E:\AlexVenturesStudio\Nexa_Manager_whit_Task_Master\node_modules\jest-circus\build\utils.js:231:10)
    at _callCircusTest (E:\AlexVenturesStudio\Nexa_Manager_whit_Task_Master\node_modules\jest-circus\build\run.js:316:40)
    at processTicksAndRejections (node:internal/process/task_queues:95:5)
    at _runTest (E:\AlexVenturesStudio\Nexa_Manager_whit_Task_Master\node_modules\jest-circus\build\run.js:252:3)
    at _runTestsForDescribeBlock (E:\AlexVenturesStudio\Nexa_Manager_whit_Task_Master\node_modules\jest-circus\build\run.js:126:9)
    at _runTestsForDescribeBlock (E:\AlexVenturesStudio\Nexa_Manager_whit_Task_Master\node_modules\jest-circus\build\run.js:121:9)
    at _runTestsForDescribeBlock (E:\AlexVenturesStudio\Nexa_Manager_whit_Task_Master\node_modules\jest-circus\build\run.js:121:9)
    at run (E:\AlexVenturesStudio\Nexa_Manager_whit_Task_Master\node_modules\jest-circus\build\run.js:71:3)
    at runAndTransformResultsToJestFormat (E:\AlexVenturesStudio\Nexa_Manager_whit_Task_Master\node_modules\jest-circus\build\legacy-code-todo-rewrite\jestAdapterInit.js:122:21)
    at jestAdapter (E:\AlexVenturesStudio\Nexa_Manager_whit_Task_Master\node_modules\jest-circus\build\legacy-code-todo-rewrite\jestAdapter.js:79:19)
    at runTestInternal (E:\AlexVenturesStudio\Nexa_Manager_whit_Task_Master\node_modules\jest-runner\build\runTest.js:367:16)
    at runTest (E:\AlexVenturesStudio\Nexa_Manager_whit_Task_Master\node_modules\jest-runner\build\runTest.js:444:34)
    at Object.worker (E:\AlexVenturesStudio\Nexa_Manager_whit_Task_Master\node_modules\jest-runner\build\testWorker.js:106:12)</failure>
    </testcase>
    <testcase classname="BusinessEmailIntegration Helper Methods should create batches correctly" name="BusinessEmailIntegration Helper Methods should create batches correctly" time="0">
      <failure>TypeError: _businessEmailIntegration.default.createBatches is not a function
    at Object.createBatches (E:\AlexVenturesStudio\Nexa_Manager_whit_Task_Master\web-app\src\lib\__tests__\businessEmailIntegration.test.js:399:48)
    at Promise.then.completed (E:\AlexVenturesStudio\Nexa_Manager_whit_Task_Master\node_modules\jest-circus\build\utils.js:298:28)
    at new Promise (&lt;anonymous&gt;)
    at callAsyncCircusFn (E:\AlexVenturesStudio\Nexa_Manager_whit_Task_Master\node_modules\jest-circus\build\utils.js:231:10)
    at _callCircusTest (E:\AlexVenturesStudio\Nexa_Manager_whit_Task_Master\node_modules\jest-circus\build\run.js:316:40)
    at processTicksAndRejections (node:internal/process/task_queues:95:5)
    at _runTest (E:\AlexVenturesStudio\Nexa_Manager_whit_Task_Master\node_modules\jest-circus\build\run.js:252:3)
    at _runTestsForDescribeBlock (E:\AlexVenturesStudio\Nexa_Manager_whit_Task_Master\node_modules\jest-circus\build\run.js:126:9)
    at _runTestsForDescribeBlock (E:\AlexVenturesStudio\Nexa_Manager_whit_Task_Master\node_modules\jest-circus\build\run.js:121:9)
    at _runTestsForDescribeBlock (E:\AlexVenturesStudio\Nexa_Manager_whit_Task_Master\node_modules\jest-circus\build\run.js:121:9)
    at run (E:\AlexVenturesStudio\Nexa_Manager_whit_Task_Master\node_modules\jest-circus\build\run.js:71:3)
    at runAndTransformResultsToJestFormat (E:\AlexVenturesStudio\Nexa_Manager_whit_Task_Master\node_modules\jest-circus\build\legacy-code-todo-rewrite\jestAdapterInit.js:122:21)
    at jestAdapter (E:\AlexVenturesStudio\Nexa_Manager_whit_Task_Master\node_modules\jest-circus\build\legacy-code-todo-rewrite\jestAdapter.js:79:19)
    at runTestInternal (E:\AlexVenturesStudio\Nexa_Manager_whit_Task_Master\node_modules\jest-runner\build\runTest.js:367:16)
    at runTest (E:\AlexVenturesStudio\Nexa_Manager_whit_Task_Master\node_modules\jest-runner\build\runTest.js:444:34)
    at Object.worker (E:\AlexVenturesStudio\Nexa_Manager_whit_Task_Master\node_modules\jest-runner\build\testWorker.js:106:12)</failure>
    </testcase>
    <testcase classname="BusinessEmailIntegration Error Handling should handle missing invoice gracefully" name="BusinessEmailIntegration Error Handling should handle missing invoice gracefully" time="0">
      <failure>TypeError: _businessEmailIntegration.default.sendInvoiceEmail is not a function
    at Object.sendInvoiceEmail (E:\AlexVenturesStudio\Nexa_Manager_whit_Task_Master\web-app\src\lib\__tests__\businessEmailIntegration.test.js:411:53)
    at Promise.then.completed (E:\AlexVenturesStudio\Nexa_Manager_whit_Task_Master\node_modules\jest-circus\build\utils.js:298:28)
    at new Promise (&lt;anonymous&gt;)
    at callAsyncCircusFn (E:\AlexVenturesStudio\Nexa_Manager_whit_Task_Master\node_modules\jest-circus\build\utils.js:231:10)
    at _callCircusTest (E:\AlexVenturesStudio\Nexa_Manager_whit_Task_Master\node_modules\jest-circus\build\run.js:316:40)
    at processTicksAndRejections (node:internal/process/task_queues:95:5)
    at _runTest (E:\AlexVenturesStudio\Nexa_Manager_whit_Task_Master\node_modules\jest-circus\build\run.js:252:3)
    at _runTestsForDescribeBlock (E:\AlexVenturesStudio\Nexa_Manager_whit_Task_Master\node_modules\jest-circus\build\run.js:126:9)
    at _runTestsForDescribeBlock (E:\AlexVenturesStudio\Nexa_Manager_whit_Task_Master\node_modules\jest-circus\build\run.js:121:9)
    at _runTestsForDescribeBlock (E:\AlexVenturesStudio\Nexa_Manager_whit_Task_Master\node_modules\jest-circus\build\run.js:121:9)
    at run (E:\AlexVenturesStudio\Nexa_Manager_whit_Task_Master\node_modules\jest-circus\build\run.js:71:3)
    at runAndTransformResultsToJestFormat (E:\AlexVenturesStudio\Nexa_Manager_whit_Task_Master\node_modules\jest-circus\build\legacy-code-todo-rewrite\jestAdapterInit.js:122:21)
    at jestAdapter (E:\AlexVenturesStudio\Nexa_Manager_whit_Task_Master\node_modules\jest-circus\build\legacy-code-todo-rewrite\jestAdapter.js:79:19)
    at runTestInternal (E:\AlexVenturesStudio\Nexa_Manager_whit_Task_Master\node_modules\jest-runner\build\runTest.js:367:16)
    at runTest (E:\AlexVenturesStudio\Nexa_Manager_whit_Task_Master\node_modules\jest-runner\build\runTest.js:444:34)
    at Object.worker (E:\AlexVenturesStudio\Nexa_Manager_whit_Task_Master\node_modules\jest-runner\build\testWorker.js:106:12)</failure>
    </testcase>
    <testcase classname="BusinessEmailIntegration Error Handling should handle missing quote gracefully" name="BusinessEmailIntegration Error Handling should handle missing quote gracefully" time="0">
      <failure>TypeError: _businessEmailIntegration.default.sendQuoteEmail is not a function
    at Object.sendQuoteEmail (E:\AlexVenturesStudio\Nexa_Manager_whit_Task_Master\web-app\src\lib\__tests__\businessEmailIntegration.test.js:422:53)
    at Promise.then.completed (E:\AlexVenturesStudio\Nexa_Manager_whit_Task_Master\node_modules\jest-circus\build\utils.js:298:28)
    at new Promise (&lt;anonymous&gt;)
    at callAsyncCircusFn (E:\AlexVenturesStudio\Nexa_Manager_whit_Task_Master\node_modules\jest-circus\build\utils.js:231:10)
    at _callCircusTest (E:\AlexVenturesStudio\Nexa_Manager_whit_Task_Master\node_modules\jest-circus\build\run.js:316:40)
    at processTicksAndRejections (node:internal/process/task_queues:95:5)
    at _runTest (E:\AlexVenturesStudio\Nexa_Manager_whit_Task_Master\node_modules\jest-circus\build\run.js:252:3)
    at _runTestsForDescribeBlock (E:\AlexVenturesStudio\Nexa_Manager_whit_Task_Master\node_modules\jest-circus\build\run.js:126:9)
    at _runTestsForDescribeBlock (E:\AlexVenturesStudio\Nexa_Manager_whit_Task_Master\node_modules\jest-circus\build\run.js:121:9)
    at _runTestsForDescribeBlock (E:\AlexVenturesStudio\Nexa_Manager_whit_Task_Master\node_modules\jest-circus\build\run.js:121:9)
    at run (E:\AlexVenturesStudio\Nexa_Manager_whit_Task_Master\node_modules\jest-circus\build\run.js:71:3)
    at runAndTransformResultsToJestFormat (E:\AlexVenturesStudio\Nexa_Manager_whit_Task_Master\node_modules\jest-circus\build\legacy-code-todo-rewrite\jestAdapterInit.js:122:21)
    at jestAdapter (E:\AlexVenturesStudio\Nexa_Manager_whit_Task_Master\node_modules\jest-circus\build\legacy-code-todo-rewrite\jestAdapter.js:79:19)
    at runTestInternal (E:\AlexVenturesStudio\Nexa_Manager_whit_Task_Master\node_modules\jest-runner\build\runTest.js:367:16)
    at runTest (E:\AlexVenturesStudio\Nexa_Manager_whit_Task_Master\node_modules\jest-runner\build\runTest.js:444:34)
    at Object.worker (E:\AlexVenturesStudio\Nexa_Manager_whit_Task_Master\node_modules\jest-runner\build\testWorker.js:106:12)</failure>
    </testcase>
    <testcase classname="BusinessEmailIntegration Error Handling should handle invalid email addresses" name="BusinessEmailIntegration Error Handling should handle invalid email addresses" time="0">
      <failure>TypeError: _businessEmailIntegration.default.sendInvoiceEmail is not a function
    at Object.sendInvoiceEmail (E:\AlexVenturesStudio\Nexa_Manager_whit_Task_Master\web-app\src\lib\__tests__\businessEmailIntegration.test.js:433:53)
    at Promise.then.completed (E:\AlexVenturesStudio\Nexa_Manager_whit_Task_Master\node_modules\jest-circus\build\utils.js:298:28)
    at new Promise (&lt;anonymous&gt;)
    at callAsyncCircusFn (E:\AlexVenturesStudio\Nexa_Manager_whit_Task_Master\node_modules\jest-circus\build\utils.js:231:10)
    at _callCircusTest (E:\AlexVenturesStudio\Nexa_Manager_whit_Task_Master\node_modules\jest-circus\build\run.js:316:40)
    at processTicksAndRejections (node:internal/process/task_queues:95:5)
    at _runTest (E:\AlexVenturesStudio\Nexa_Manager_whit_Task_Master\node_modules\jest-circus\build\run.js:252:3)
    at _runTestsForDescribeBlock (E:\AlexVenturesStudio\Nexa_Manager_whit_Task_Master\node_modules\jest-circus\build\run.js:126:9)
    at _runTestsForDescribeBlock (E:\AlexVenturesStudio\Nexa_Manager_whit_Task_Master\node_modules\jest-circus\build\run.js:121:9)
    at _runTestsForDescribeBlock (E:\AlexVenturesStudio\Nexa_Manager_whit_Task_Master\node_modules\jest-circus\build\run.js:121:9)
    at run (E:\AlexVenturesStudio\Nexa_Manager_whit_Task_Master\node_modules\jest-circus\build\run.js:71:3)
    at runAndTransformResultsToJestFormat (E:\AlexVenturesStudio\Nexa_Manager_whit_Task_Master\node_modules\jest-circus\build\legacy-code-todo-rewrite\jestAdapterInit.js:122:21)
    at jestAdapter (E:\AlexVenturesStudio\Nexa_Manager_whit_Task_Master\node_modules\jest-circus\build\legacy-code-todo-rewrite\jestAdapter.js:79:19)
    at runTestInternal (E:\AlexVenturesStudio\Nexa_Manager_whit_Task_Master\node_modules\jest-runner\build\runTest.js:367:16)
    at runTest (E:\AlexVenturesStudio\Nexa_Manager_whit_Task_Master\node_modules\jest-runner\build\runTest.js:444:34)
    at Object.worker (E:\AlexVenturesStudio\Nexa_Manager_whit_Task_Master\node_modules\jest-runner\build\testWorker.js:106:12)</failure>
    </testcase>
    <testcase classname="BusinessEmailIntegration Error Handling should handle database errors gracefully" name="BusinessEmailIntegration Error Handling should handle database errors gracefully" time="0.001">
      <failure>TypeError: _businessEmailIntegration.default.getBusinessEmailAnalytics is not a function
    at Object.getBusinessEmailAnalytics (E:\AlexVenturesStudio\Nexa_Manager_whit_Task_Master\web-app\src\lib\__tests__\businessEmailIntegration.test.js:452:53)
    at Promise.then.completed (E:\AlexVenturesStudio\Nexa_Manager_whit_Task_Master\node_modules\jest-circus\build\utils.js:298:28)
    at new Promise (&lt;anonymous&gt;)
    at callAsyncCircusFn (E:\AlexVenturesStudio\Nexa_Manager_whit_Task_Master\node_modules\jest-circus\build\utils.js:231:10)
    at _callCircusTest (E:\AlexVenturesStudio\Nexa_Manager_whit_Task_Master\node_modules\jest-circus\build\run.js:316:40)
    at processTicksAndRejections (node:internal/process/task_queues:95:5)
    at _runTest (E:\AlexVenturesStudio\Nexa_Manager_whit_Task_Master\node_modules\jest-circus\build\run.js:252:3)
    at _runTestsForDescribeBlock (E:\AlexVenturesStudio\Nexa_Manager_whit_Task_Master\node_modules\jest-circus\build\run.js:126:9)
    at _runTestsForDescribeBlock (E:\AlexVenturesStudio\Nexa_Manager_whit_Task_Master\node_modules\jest-circus\build\run.js:121:9)
    at _runTestsForDescribeBlock (E:\AlexVenturesStudio\Nexa_Manager_whit_Task_Master\node_modules\jest-circus\build\run.js:121:9)
    at run (E:\AlexVenturesStudio\Nexa_Manager_whit_Task_Master\node_modules\jest-circus\build\run.js:71:3)
    at runAndTransformResultsToJestFormat (E:\AlexVenturesStudio\Nexa_Manager_whit_Task_Master\node_modules\jest-circus\build\legacy-code-todo-rewrite\jestAdapterInit.js:122:21)
    at jestAdapter (E:\AlexVenturesStudio\Nexa_Manager_whit_Task_Master\node_modules\jest-circus\build\legacy-code-todo-rewrite\jestAdapter.js:79:19)
    at runTestInternal (E:\AlexVenturesStudio\Nexa_Manager_whit_Task_Master\node_modules\jest-runner\build\runTest.js:367:16)
    at runTest (E:\AlexVenturesStudio\Nexa_Manager_whit_Task_Master\node_modules\jest-runner\build\runTest.js:444:34)
    at Object.worker (E:\AlexVenturesStudio\Nexa_Manager_whit_Task_Master\node_modules\jest-runner\build\testWorker.js:106:12)</failure>
    </testcase>
  </testsuite>
  <testsuite name="Minimal React test" errors="0" failures="0" skipped="0" timestamp="2025-08-16T05:13:48" time="0.145" tests="1">
    <testcase classname="Minimal React test should work with React import" name="Minimal React test should work with React import" time="0.001">
    </testcase>
  </testsuite>
  <testsuite name="Simple test" errors="0" failures="0" skipped="0" timestamp="2025-08-16T05:13:48" time="0.15" tests="1">
    <testcase classname="Simple test should pass" name="Simple test should pass" time="0.001">
    </testcase>
  </testsuite>
  <testsuite name="Route Configuration" errors="0" failures="0" skipped="0" timestamp="2025-08-16T05:13:48" time="0.151" tests="4">
    <testcase classname="Route Configuration Lazy Loading should handle dynamic imports for route components" name="Route Configuration Lazy Loading should handle dynamic imports for route components" time="0.001">
    </testcase>
    <testcase classname="Route Configuration Lazy Loading should handle React.lazy in route configuration" name="Route Configuration Lazy Loading should handle React.lazy in route configuration" time="0.001">
    </testcase>
    <testcase classname="Route Configuration Lazy Loading should handle multiple lazy components" name="Route Configuration Lazy Loading should handle multiple lazy components" time="0.001">
    </testcase>
    <testcase classname="Route Configuration Dynamic Import Error Handling should handle lazy loading with fallback" name="Route Configuration Dynamic Import Error Handling should handle lazy loading with fallback" time="0.001">
    </testcase>
  </testsuite>
  <testsuite name="EmailAnalyticsService" errors="0" failures="10" skipped="0" timestamp="2025-08-16T05:13:47" time="1.333" tests="14">
    <testcase classname="EmailAnalyticsService getDashboardAnalytics should return comprehensive dashboard analytics" name="EmailAnalyticsService getDashboardAnalytics should return comprehensive dashboard analytics" time="0.023">
      <failure>Error: expect(received).toEqual(expected) // deep equality

- Expected  -   6
+ Received  + 176

  Object {
    &quot;data&quot;: Object {
-     &quot;activity&quot;: Any&lt;Object&gt;,
-     &quot;clients&quot;: Any&lt;Object&gt;,
-     &quot;generatedAt&quot;: Any&lt;String&gt;,
-     &quot;overview&quot;: Any&lt;Object&gt;,
-     &quot;performance&quot;: Any&lt;Object&gt;,
-     &quot;realTime&quot;: Any&lt;Object&gt;,
+     &quot;data&quot;: Object {
+       &quot;activity&quot;: Object {
+         &quot;data&quot;: Object {
+           &quot;dailyTrends&quot;: Array [],
+           &quot;hourlyDistribution&quot;: Array [
+             Object {
+               &quot;count&quot;: 0,
+               &quot;hour&quot;: 0,
+             },
+             Object {
+               &quot;count&quot;: 0,
+               &quot;hour&quot;: 1,
+             },
+             Object {
+               &quot;count&quot;: 0,
+               &quot;hour&quot;: 2,
+             },
+             Object {
+               &quot;count&quot;: 0,
+               &quot;hour&quot;: 3,
+             },
+             Object {
+               &quot;count&quot;: 0,
+               &quot;hour&quot;: 4,
+             },
+             Object {
+               &quot;count&quot;: 0,
+               &quot;hour&quot;: 5,
+             },
+             Object {
+               &quot;count&quot;: 0,
+               &quot;hour&quot;: 6,
+             },
+             Object {
+               &quot;count&quot;: 0,
+               &quot;hour&quot;: 7,
+             },
+             Object {
+               &quot;count&quot;: 0,
+               &quot;hour&quot;: 8,
+             },
+             Object {
+               &quot;count&quot;: 0,
+               &quot;hour&quot;: 9,
+             },
+             Object {
+               &quot;count&quot;: 0,
+               &quot;hour&quot;: 10,
+             },
+             Object {
+               &quot;count&quot;: 0,
+               &quot;hour&quot;: 11,
+             },
+             Object {
+               &quot;count&quot;: 0,
+               &quot;hour&quot;: 12,
+             },
+             Object {
+               &quot;count&quot;: 0,
+               &quot;hour&quot;: 13,
+             },
+             Object {
+               &quot;count&quot;: 0,
+               &quot;hour&quot;: 14,
+             },
+             Object {
+               &quot;count&quot;: 0,
+               &quot;hour&quot;: 15,
+             },
+             Object {
+               &quot;count&quot;: 0,
+               &quot;hour&quot;: 16,
+             },
+             Object {
+               &quot;count&quot;: 0,
+               &quot;hour&quot;: 17,
+             },
+             Object {
+               &quot;count&quot;: 0,
+               &quot;hour&quot;: 18,
+             },
+             Object {
+               &quot;count&quot;: 0,
+               &quot;hour&quot;: 19,
+             },
+             Object {
+               &quot;count&quot;: 0,
+               &quot;hour&quot;: 20,
+             },
+             Object {
+               &quot;count&quot;: 0,
+               &quot;hour&quot;: 21,
+             },
+             Object {
+               &quot;count&quot;: 0,
+               &quot;hour&quot;: 22,
+             },
+             Object {
+               &quot;count&quot;: 0,
+               &quot;hour&quot;: 23,
+             },
+           ],
+           &quot;timeline&quot;: Array [],
+           &quot;totalActivities&quot;: 0,
+           &quot;typeBreakdown&quot;: Array [],
+         },
+         &quot;success&quot;: true,
+       },
+       &quot;clients&quot;: Object {
+         &quot;data&quot;: Object {
+           &quot;communicationHistory&quot;: Array [],
+           &quot;engagement&quot;: Object {},
+           &quot;responseRates&quot;: Object {
+             &quot;average&quot;: 0,
+             &quot;overall&quot;: 0,
+           },
+           &quot;topClients&quot;: Array [],
+         },
+         &quot;success&quot;: true,
+       },
+       &quot;generatedAt&quot;: &quot;2025-08-16T05:13:49.008Z&quot;,
+       &quot;overview&quot;: Object {
+         &quot;data&quot;: Object {
+           &quot;businessEmails&quot;: 0,
+           &quot;clickRate&quot;: 0,
+           &quot;deliveryRate&quot;: 0,
+           &quot;draftEmails&quot;: 0,
+           &quot;growthMetrics&quot;: Object {
+             &quot;emailGrowth&quot;: 0,
+             &quot;engagementGrowth&quot;: 0,
+             &quot;responseGrowth&quot;: 0,
+           },
+           &quot;invoiceEmails&quot;: 0,
+           &quot;openRate&quot;: 0,
+           &quot;quoteEmails&quot;: 0,
+           &quot;receivedEmails&quot;: 0,
+           &quot;reminderEmails&quot;: 0,
+           &quot;responseRate&quot;: 0,
+           &quot;sentEmails&quot;: 0,
+           &quot;starredEmails&quot;: 0,
+           &quot;totalEmails&quot;: 0,
+           &quot;unreadEmails&quot;: 0,
+         },
+         &quot;success&quot;: true,
+       },
+       &quot;performance&quot;: Object {
+         &quot;data&quot;: Object {
+           &quot;delivery&quot;: Object {},
+           &quot;engagement&quot;: Object {},
+           &quot;responseTimes&quot;: Object {},
+           &quot;templates&quot;: Array [],
+         },
+         &quot;success&quot;: true,
+       },
+       &quot;realTime&quot;: Object {
+         &quot;data&quot;: Object {
+           &quot;last24Hours&quot;: Object {
+             &quot;clicks&quot;: 0,
+             &quot;emailsReceived&quot;: 0,
+             &quot;emailsSent&quot;: 0,
+             &quot;opens&quot;: 0,
+           },
+           &quot;lastHour&quot;: Object {
+             &quot;activity&quot;: Array [],
+           },
+           &quot;liveEvents&quot;: Array [],
+           &quot;queue&quot;: Object {
+             &quot;failed&quot;: 0,
+             &quot;pending&quot;: 0,
+             &quot;processing&quot;: 0,
+           },
+         },
+         &quot;success&quot;: true,
+       },
+     },
+     &quot;success&quot;: true,
    },
    &quot;success&quot;: true,
  }
    at Object.toEqual (E:\AlexVenturesStudio\Nexa_Manager_whit_Task_Master\web-app\src\lib\__tests__\emailAnalyticsService.test.js:75:22)
    at processTicksAndRejections (node:internal/process/task_queues:95:5)</failure>
    </testcase>
    <testcase classname="EmailAnalyticsService getDashboardAnalytics should handle errors gracefully" name="EmailAnalyticsService getDashboardAnalytics should handle errors gracefully" time="0.006">
      <failure>Error: expect(received).toBe(expected) // Object.is equality

Expected: false
Received: true
    at Object.toBe (E:\AlexVenturesStudio\Nexa_Manager_whit_Task_Master\web-app\src\lib\__tests__\emailAnalyticsService.test.js:101:30)
    at processTicksAndRejections (node:internal/process/task_queues:95:5)</failure>
    </testcase>
    <testcase classname="EmailAnalyticsService getEmailStats should return email statistics" name="EmailAnalyticsService getEmailStats should return email statistics" time="0.007">
      <failure>Error: expect(received).toEqual(expected) // deep equality

- Expected  - 15
+ Received  + 22

  Object {
-   &quot;businessEmails&quot;: Any&lt;Number&gt;,
-   &quot;clickRate&quot;: Any&lt;Number&gt;,
-   &quot;deliveryRate&quot;: Any&lt;Number&gt;,
-   &quot;draftEmails&quot;: Any&lt;Number&gt;,
-   &quot;growthMetrics&quot;: Any&lt;Object&gt;,
-   &quot;invoiceEmails&quot;: Any&lt;Number&gt;,
-   &quot;openRate&quot;: Any&lt;Number&gt;,
-   &quot;quoteEmails&quot;: Any&lt;Number&gt;,
-   &quot;receivedEmails&quot;: Any&lt;Number&gt;,
-   &quot;reminderEmails&quot;: Any&lt;Number&gt;,
-   &quot;responseRate&quot;: Any&lt;Number&gt;,
-   &quot;sentEmails&quot;: Any&lt;Number&gt;,
-   &quot;starredEmails&quot;: Any&lt;Number&gt;,
-   &quot;totalEmails&quot;: Any&lt;Number&gt;,
-   &quot;unreadEmails&quot;: Any&lt;Number&gt;,
+   &quot;data&quot;: Object {
+     &quot;businessEmails&quot;: 0,
+     &quot;clickRate&quot;: 0,
+     &quot;deliveryRate&quot;: 0,
+     &quot;draftEmails&quot;: 0,
+     &quot;growthMetrics&quot;: Object {
+       &quot;emailGrowth&quot;: 0,
+       &quot;engagementGrowth&quot;: 0,
+       &quot;responseGrowth&quot;: 0,
+     },
+     &quot;invoiceEmails&quot;: 0,
+     &quot;openRate&quot;: 0,
+     &quot;quoteEmails&quot;: 0,
+     &quot;receivedEmails&quot;: 0,
+     &quot;reminderEmails&quot;: 0,
+     &quot;responseRate&quot;: 0,
+     &quot;sentEmails&quot;: 0,
+     &quot;starredEmails&quot;: 0,
+     &quot;totalEmails&quot;: 0,
+     &quot;unreadEmails&quot;: 0,
+   },
+   &quot;success&quot;: true,
  }
    at Object.toEqual (E:\AlexVenturesStudio\Nexa_Manager_whit_Task_Master\web-app\src\lib\__tests__\emailAnalyticsService.test.js:118:27)
    at processTicksAndRejections (node:internal/process/task_queues:95:5)</failure>
    </testcase>
    <testcase classname="EmailAnalyticsService getActivityMetrics should return activity metrics" name="EmailAnalyticsService getActivityMetrics should return activity metrics" time="0.003">
      <failure>Error: expect(received).toEqual(expected) // deep equality

- Expected  -   5
+ Received  + 105

  Object {
-   &quot;dailyTrends&quot;: Any&lt;Array&gt;,
-   &quot;hourlyDistribution&quot;: Any&lt;Array&gt;,
-   &quot;timeline&quot;: Any&lt;Array&gt;,
-   &quot;totalActivities&quot;: Any&lt;Number&gt;,
-   &quot;typeBreakdown&quot;: Any&lt;Array&gt;,
+   &quot;data&quot;: Object {
+     &quot;dailyTrends&quot;: Array [],
+     &quot;hourlyDistribution&quot;: Array [
+       Object {
+         &quot;count&quot;: 0,
+         &quot;hour&quot;: 0,
+       },
+       Object {
+         &quot;count&quot;: 0,
+         &quot;hour&quot;: 1,
+       },
+       Object {
+         &quot;count&quot;: 0,
+         &quot;hour&quot;: 2,
+       },
+       Object {
+         &quot;count&quot;: 0,
+         &quot;hour&quot;: 3,
+       },
+       Object {
+         &quot;count&quot;: 0,
+         &quot;hour&quot;: 4,
+       },
+       Object {
+         &quot;count&quot;: 0,
+         &quot;hour&quot;: 5,
+       },
+       Object {
+         &quot;count&quot;: 0,
+         &quot;hour&quot;: 6,
+       },
+       Object {
+         &quot;count&quot;: 0,
+         &quot;hour&quot;: 7,
+       },
+       Object {
+         &quot;count&quot;: 0,
+         &quot;hour&quot;: 8,
+       },
+       Object {
+         &quot;count&quot;: 0,
+         &quot;hour&quot;: 9,
+       },
+       Object {
+         &quot;count&quot;: 0,
+         &quot;hour&quot;: 10,
+       },
+       Object {
+         &quot;count&quot;: 0,
+         &quot;hour&quot;: 11,
+       },
+       Object {
+         &quot;count&quot;: 0,
+         &quot;hour&quot;: 12,
+       },
+       Object {
+         &quot;count&quot;: 0,
+         &quot;hour&quot;: 13,
+       },
+       Object {
+         &quot;count&quot;: 0,
+         &quot;hour&quot;: 14,
+       },
+       Object {
+         &quot;count&quot;: 0,
+         &quot;hour&quot;: 15,
+       },
+       Object {
+         &quot;count&quot;: 0,
+         &quot;hour&quot;: 16,
+       },
+       Object {
+         &quot;count&quot;: 0,
+         &quot;hour&quot;: 17,
+       },
+       Object {
+         &quot;count&quot;: 0,
+         &quot;hour&quot;: 18,
+       },
+       Object {
+         &quot;count&quot;: 0,
[...]
    at jestAdapter (E:\AlexVenturesStudio\Nexa_Manager_whit_Task_Master\node_modules\jest-circus\build\legacy-code-todo-rewrite\jestAdapter.js:79:19)
    at runTestInternal (E:\AlexVenturesStudio\Nexa_Manager_whit_Task_Master\node_modules\jest-runner\build\runTest.js:367:16)
    at runTest (E:\AlexVenturesStudio\Nexa_Manager_whit_Task_Master\node_modules\jest-runner\build\runTest.js:444:34)
    at Object.worker (E:\AlexVenturesStudio\Nexa_Manager_whit_Task_Master\node_modules\jest-runner\build\testWorker.js:106:12)</failure>
    </testcase>
    <testcase classname="Email Validation validateEmailData validates multiple recipients in to field" name="Email Validation validateEmailData validates multiple recipients in to field" time="0">
      <failure>Error: expect(received).toBe(expected) // Object.is equality

Expected: true
Received: false
    at Object.toBe (E:\AlexVenturesStudio\Nexa_Manager_whit_Task_Master\web-app\src\features\email\services\__tests__\emailValidation.test.js:147:53)
    at Promise.then.completed (E:\AlexVenturesStudio\Nexa_Manager_whit_Task_Master\node_modules\jest-circus\build\utils.js:298:28)
    at new Promise (&lt;anonymous&gt;)
    at callAsyncCircusFn (E:\AlexVenturesStudio\Nexa_Manager_whit_Task_Master\node_modules\jest-circus\build\utils.js:231:10)
    at _callCircusTest (E:\AlexVenturesStudio\Nexa_Manager_whit_Task_Master\node_modules\jest-circus\build\run.js:316:40)
    at processTicksAndRejections (node:internal/process/task_queues:95:5)
    at _runTest (E:\AlexVenturesStudio\Nexa_Manager_whit_Task_Master\node_modules\jest-circus\build\run.js:252:3)
    at _runTestsForDescribeBlock (E:\AlexVenturesStudio\Nexa_Manager_whit_Task_Master\node_modules\jest-circus\build\run.js:126:9)
    at _runTestsForDescribeBlock (E:\AlexVenturesStudio\Nexa_Manager_whit_Task_Master\node_modules\jest-circus\build\run.js:121:9)
    at _runTestsForDescribeBlock (E:\AlexVenturesStudio\Nexa_Manager_whit_Task_Master\node_modules\jest-circus\build\run.js:121:9)
    at run (E:\AlexVenturesStudio\Nexa_Manager_whit_Task_Master\node_modules\jest-circus\build\run.js:71:3)
    at runAndTransformResultsToJestFormat (E:\AlexVenturesStudio\Nexa_Manager_whit_Task_Master\node_modules\jest-circus\build\legacy-code-todo-rewrite\jestAdapterInit.js:122:21)
    at jestAdapter (E:\AlexVenturesStudio\Nexa_Manager_whit_Task_Master\node_modules\jest-circus\build\legacy-code-todo-rewrite\jestAdapter.js:79:19)
    at runTestInternal (E:\AlexVenturesStudio\Nexa_Manager_whit_Task_Master\node_modules\jest-runner\build\runTest.js:367:16)
    at runTest (E:\AlexVenturesStudio\Nexa_Manager_whit_Task_Master\node_modules\jest-runner\build\runTest.js:444:34)
    at Object.worker (E:\AlexVenturesStudio\Nexa_Manager_whit_Task_Master\node_modules\jest-runner\build\testWorker.js:106:12)</failure>
    </testcase>
    <testcase classname="Email Validation validateEmailData rejects email data with one invalid recipient among valid ones" name="Email Validation validateEmailData rejects email data with one invalid recipient among valid ones" time="0">
    </testcase>
    <testcase classname="Email Validation validateEmailData validates email data with empty body" name="Email Validation validateEmailData validates email data with empty body" time="0">
      <failure>Error: expect(received).toBe(expected) // Object.is equality

Expected: true
Received: false
    at Object.toBe (E:\AlexVenturesStudio\Nexa_Manager_whit_Task_Master\web-app\src\features\email\services\__tests__\emailValidation.test.js:170:49)
    at Promise.then.completed (E:\AlexVenturesStudio\Nexa_Manager_whit_Task_Master\node_modules\jest-circus\build\utils.js:298:28)
    at new Promise (&lt;anonymous&gt;)
    at callAsyncCircusFn (E:\AlexVenturesStudio\Nexa_Manager_whit_Task_Master\node_modules\jest-circus\build\utils.js:231:10)
    at _callCircusTest (E:\AlexVenturesStudio\Nexa_Manager_whit_Task_Master\node_modules\jest-circus\build\run.js:316:40)
    at processTicksAndRejections (node:internal/process/task_queues:95:5)
    at _runTest (E:\AlexVenturesStudio\Nexa_Manager_whit_Task_Master\node_modules\jest-circus\build\run.js:252:3)
    at _runTestsForDescribeBlock (E:\AlexVenturesStudio\Nexa_Manager_whit_Task_Master\node_modules\jest-circus\build\run.js:126:9)
    at _runTestsForDescribeBlock (E:\AlexVenturesStudio\Nexa_Manager_whit_Task_Master\node_modules\jest-circus\build\run.js:121:9)
    at _runTestsForDescribeBlock (E:\AlexVenturesStudio\Nexa_Manager_whit_Task_Master\node_modules\jest-circus\build\run.js:121:9)
    at run (E:\AlexVenturesStudio\Nexa_Manager_whit_Task_Master\node_modules\jest-circus\build\run.js:71:3)
    at runAndTransformResultsToJestFormat (E:\AlexVenturesStudio\Nexa_Manager_whit_Task_Master\node_modules\jest-circus\build\legacy-code-todo-rewrite\jestAdapterInit.js:122:21)
    at jestAdapter (E:\AlexVenturesStudio\Nexa_Manager_whit_Task_Master\node_modules\jest-circus\build\legacy-code-todo-rewrite\jestAdapter.js:79:19)
    at runTestInternal (E:\AlexVenturesStudio\Nexa_Manager_whit_Task_Master\node_modules\jest-runner\build\runTest.js:367:16)
    at runTest (E:\AlexVenturesStudio\Nexa_Manager_whit_Task_Master\node_modules\jest-runner\build\runTest.js:444:34)
    at Object.worker (E:\AlexVenturesStudio\Nexa_Manager_whit_Task_Master\node_modules\jest-runner\build\testWorker.js:106:12)</failure>
    </testcase>
    <testcase classname="Email Validation validateEmailData validates email data with HTML content in body" name="Email Validation validateEmailData validates email data with HTML content in body" time="0.001">
      <failure>Error: expect(received).toBe(expected) // Object.is equality

Expected: true
Received: false
    at Object.toBe (E:\AlexVenturesStudio\Nexa_Manager_whit_Task_Master\web-app\src\features\email\services\__tests__\emailValidation.test.js:181:48)
    at Promise.then.completed (E:\AlexVenturesStudio\Nexa_Manager_whit_Task_Master\node_modules\jest-circus\build\utils.js:298:28)
    at new Promise (&lt;anonymous&gt;)
    at callAsyncCircusFn (E:\AlexVenturesStudio\Nexa_Manager_whit_Task_Master\node_modules\jest-circus\build\utils.js:231:10)
    at _callCircusTest (E:\AlexVenturesStudio\Nexa_Manager_whit_Task_Master\node_modules\jest-circus\build\run.js:316:40)
    at processTicksAndRejections (node:internal/process/task_queues:95:5)
    at _runTest (E:\AlexVenturesStudio\Nexa_Manager_whit_Task_Master\node_modules\jest-circus\build\run.js:252:3)
    at _runTestsForDescribeBlock (E:\AlexVenturesStudio\Nexa_Manager_whit_Task_Master\node_modules\jest-circus\build\run.js:126:9)
    at _runTestsForDescribeBlock (E:\AlexVenturesStudio\Nexa_Manager_whit_Task_Master\node_modules\jest-circus\build\run.js:121:9)
    at _runTestsForDescribeBlock (E:\AlexVenturesStudio\Nexa_Manager_whit_Task_Master\node_modules\jest-circus\build\run.js:121:9)
    at run (E:\AlexVenturesStudio\Nexa_Manager_whit_Task_Master\node_modules\jest-circus\build\run.js:71:3)
    at runAndTransformResultsToJestFormat (E:\AlexVenturesStudio\Nexa_Manager_whit_Task_Master\node_modules\jest-circus\build\legacy-code-todo-rewrite\jestAdapterInit.js:122:21)
    at jestAdapter (E:\AlexVenturesStudio\Nexa_Manager_whit_Task_Master\node_modules\jest-circus\build\legacy-code-todo-rewrite\jestAdapter.js:79:19)
    at runTestInternal (E:\AlexVenturesStudio\Nexa_Manager_whit_Task_Master\node_modules\jest-runner\build\runTest.js:367:16)
    at runTest (E:\AlexVenturesStudio\Nexa_Manager_whit_Task_Master\node_modules\jest-runner\build\runTest.js:444:34)
    at Object.worker (E:\AlexVenturesStudio\Nexa_Manager_whit_Task_Master\node_modules\jest-runner\build\testWorker.js:106:12)</failure>
    </testcase>
  </testsuite>
  <testsuite name="EmailManagementService" errors="0" failures="9" skipped="0" timestamp="2025-08-16T05:13:47" time="2.426" tests="13">
    <testcase classname="EmailManagementService fetchEmails should fetch emails successfully" name="EmailManagementService fetchEmails should fetch emails successfully" time="0.005">
      <failure>Error: expect(received).toEqual(expected) // deep equality

Expected: [{&quot;id&quot;: &quot;email-1&quot;, &quot;isRead&quot;: false, &quot;sender&quot;: {&quot;email&quot;: &quot;john@example.com&quot;, &quot;name&quot;: &quot;John Doe&quot;}, &quot;subject&quot;: &quot;Test Email 1&quot;}, {&quot;id&quot;: &quot;email-2&quot;, &quot;isRead&quot;: true, &quot;sender&quot;: {&quot;email&quot;: &quot;jane@example.com&quot;, &quot;name&quot;: &quot;Jane Smith&quot;}, &quot;subject&quot;: &quot;Test Email 2&quot;}]
Received: {&quot;data&quot;: [{&quot;id&quot;: &quot;email-1&quot;, &quot;isRead&quot;: false, &quot;sender&quot;: {&quot;email&quot;: &quot;john@example.com&quot;, &quot;name&quot;: &quot;John Doe&quot;}, &quot;subject&quot;: &quot;Test Email 1&quot;}, {&quot;id&quot;: &quot;email-2&quot;, &quot;isRead&quot;: true, &quot;sender&quot;: {&quot;email&quot;: &quot;jane@example.com&quot;, &quot;name&quot;: &quot;Jane Smith&quot;}, &quot;subject&quot;: &quot;Test Email 2&quot;}], &quot;hasMore&quot;: false, &quot;success&quot;: true, &quot;total&quot;: 2}
    at Object.toEqual (E:\AlexVenturesStudio\Nexa_Manager_whit_Task_Master\web-app\src\lib\__tests__\emailManagementService.test.js:49:27)
    at processTicksAndRejections (node:internal/process/task_queues:95:5)</failure>
    </testcase>
    <testcase classname="EmailManagementService fetchEmails should handle fetch emails error" name="EmailManagementService fetchEmails should handle fetch emails error" time="0.001">
      <failure>Error: expect(received).toBe(expected) // Object.is equality

Expected: false
Received: true
    at Object.toBe (E:\AlexVenturesStudio\Nexa_Manager_whit_Task_Master\web-app\src\lib\__tests__\emailManagementService.test.js:68:30)
    at processTicksAndRejections (node:internal/process/task_queues:95:5)</failure>
    </testcase>
    <testcase classname="EmailManagementService sendEmail should send email successfully" name="EmailManagementService sendEmail should send email successfully" time="0">
      <failure>TypeError: Cannot read properties of undefined (reading &apos;mockResolvedValue&apos;)
    at Object.mockResolvedValue (E:\AlexVenturesStudio\Nexa_Manager_whit_Task_Master\web-app\src\lib\__tests__\emailManagementService.test.js:83:38)
    at Promise.then.completed (E:\AlexVenturesStudio\Nexa_Manager_whit_Task_Master\node_modules\jest-circus\build\utils.js:298:28)
    at new Promise (&lt;anonymous&gt;)
    at callAsyncCircusFn (E:\AlexVenturesStudio\Nexa_Manager_whit_Task_Master\node_modules\jest-circus\build\utils.js:231:10)
    at _callCircusTest (E:\AlexVenturesStudio\Nexa_Manager_whit_Task_Master\node_modules\jest-circus\build\run.js:316:40)
    at processTicksAndRejections (node:internal/process/task_queues:95:5)
    at _runTest (E:\AlexVenturesStudio\Nexa_Manager_whit_Task_Master\node_modules\jest-circus\build\run.js:252:3)
    at _runTestsForDescribeBlock (E:\AlexVenturesStudio\Nexa_Manager_whit_Task_Master\node_modules\jest-circus\build\run.js:126:9)
    at _runTestsForDescribeBlock (E:\AlexVenturesStudio\Nexa_Manager_whit_Task_Master\node_modules\jest-circus\build\run.js:121:9)
    at _runTestsForDescribeBlock (E:\AlexVenturesStudio\Nexa_Manager_whit_Task_Master\node_modules\jest-circus\build\run.js:121:9)
    at run (E:\AlexVenturesStudio\Nexa_Manager_whit_Task_Master\node_modules\jest-circus\build\run.js:71:3)
    at runAndTransformResultsToJestFormat (E:\AlexVenturesStudio\Nexa_Manager_whit_Task_Master\node_modules\jest-circus\build\legacy-code-todo-rewrite\jestAdapterInit.js:122:21)
    at jestAdapter (E:\AlexVenturesStudio\Nexa_Manager_whit_Task_Master\node_modules\jest-circus\build\legacy-code-todo-rewrite\jestAdapter.js:79:19)
    at runTestInternal (E:\AlexVenturesStudio\Nexa_Manager_whit_Task_Master\node_modules\jest-runner\build\runTest.js:367:16)
    at runTest (E:\AlexVenturesStudio\Nexa_Manager_whit_Task_Master\node_modules\jest-runner\build\runTest.js:444:34)
    at Object.worker (E:\AlexVenturesStudio\Nexa_Manager_whit_Task_Master\node_modules\jest-runner\build\testWorker.js:106:12)</failure>
    </testcase>
    <testcase classname="EmailManagementService sendEmail should validate email data before sending" name="EmailManagementService sendEmail should validate email data before sending" time="0.025">
      <failure>Error: expect(received).toBe(expected) // Object.is equality

Expected: &quot;Invalid email data&quot;
Received: {&quot;context&quot;: {&quot;attempt&quot;: 1, &quot;emailId&quot;: undefined, &quot;operation&quot;: &quot;send_email&quot;, &quot;provider&quot;: undefined, &quot;timestamp&quot;: &quot;2025-08-16T05:13:50.180Z&quot;, &quot;userId&quot;: &quot;test-user-123&quot;}, &quot;id&quot;: &quot;email_error_1755321230172_3glqwj0o0&quot;, &quot;message&quot;: &quot;_email.emailOfflineService.queueOfflineOperation is not a function&quot;, &quot;severity&quot;: &quot;low&quot;, &quot;stack&quot;: &quot;TypeError: _email.emailOfflineService.queueOfflineOperation is not a function
    at queueOfflineOperation (E:\\AlexVenturesStudio\\Nexa_Manager_whit_Task_Master\\web-app\\src\\features\\email\\services\\emailManagementService.js:153:44)
    at EmailErrorHandler.operation [as withErrorHandling] (E:\\AlexVenturesStudio\\Nexa_Manager_whit_Task_Master\\web-app\\src\\features\\email\\services\\emailErrorHandler.js:400:30)
    at EmailManagementService.withErrorHandling [as sendEmail] (E:\\AlexVenturesStudio\\Nexa_Manager_whit_Task_Master\\web-app\\src\\features\\email\\services\\emailManagementService.js:149:36)
    at Object.sendEmail (E:\\AlexVenturesStudio\\Nexa_Manager_whit_Task_Master\\web-app\\src\\lib\\__tests__\\emailManagementService.test.js:112:51)
    at Promise.then.completed (E:\\AlexVenturesStudio\\Nexa_Manager_whit_Task_Master\\node_modules\\jest-circus\\build\\utils.js:298:28)
    at new Promise (&lt;anonymous&gt;)
    at callAsyncCircusFn (E:\\AlexVenturesStudio\\Nexa_Manager_whit_Task_Master\\node_modules\\jest-circus\\build\\utils.js:231:10)
    at _callCircusTest (E:\\AlexVenturesStudio\\Nexa_Manager_whit_Task_Master\\node_modules\\jest-circus\\build\\run.js:316:40)
    at processTicksAndRejections (node:internal/process/task_queues:95:5)
    at _runTest (E:\\AlexVenturesStudio\\Nexa_Manager_whit_Task_Master\\node_modules\\jest-circus\\build\\run.js:252:3)
    at _runTestsForDescribeBlock (E:\\AlexVenturesStudio\\Nexa_Manager_whit_Task_Master\\node_modules\\jest-circus\\build\\run.js:126:9)
    at _runTestsForDescribeBlock (E:\\AlexVenturesStudio\\Nexa_Manager_whit_Task_Master\\node_modules\\jest-circus\\build\\run.js:121:9)
    at _runTestsForDescribeBlock (E:\\AlexVenturesStudio\\Nexa_Manager_whit_Task_Master\\node_modules\\jest-circus\\build\\run.js:121:9)
    at run (E:\\AlexVenturesStudio\\Nexa_Manager_whit_Task_Master\\node_modules\\jest-circus\\build\\run.js:71:3)
    at runAndTransformResultsToJestFormat (E:\\AlexVenturesStudio\\Nexa_Manager_whit_Task_Master\\node_modules\\jest-circus\\build\\legacy-code-todo-rewrite\\jestAdapterInit.js:122:21)
    at jestAdapter (E:\\AlexVenturesStudio\\Nexa_Manager_whit_Task_Master\\node_modules\\jest-circus\\build\\legacy-code-todo-rewrite\\jestAdapter.js:79:19)
    at runTestInternal (E:\\AlexVenturesStudio\\Nexa_Manager_whit_Task_Master\\node_modules\\jest-runner\\build\\runTest.js:367:16)
    at runTest (E:\\AlexVenturesStudio\\Nexa_Manager_whit_Task_Master\\node_modules\\jest-runner\\build\\runTest.js:444:34)
    at Object.worker (E:\\AlexVenturesStudio\\Nexa_Manager_whit_Task_Master\\node_modules\\jest-runner\\build\\testWorker.js:106:12)&quot;, &quot;type&quot;: &quot;UNKNOWN_ERROR&quot;}
    at Object.toBe (E:\AlexVenturesStudio\Nexa_Manager_whit_Task_Master\web-app\src\lib\__tests__\emailManagementService.test.js:115:28)
    at processTicksAndRejections (node:internal/process/task_queues:95:5)</failure>
    </testcase>
    <testcase classname="EmailManagementService markAsRead should mark email as read successfully" name="EmailManagementService markAsRead should mark email as read successfully" time="0.002">
      <failure>Error: expect(received).toBe(expected) // Object.is equality

Expected: true
Received: false
    at Object.toBe (E:\AlexVenturesStudio\Nexa_Manager_whit_Task_Master\web-app\src\lib\__tests__\emailManagementService.test.js:136:30)
    at processTicksAndRejections (node:internal/process/task_queues:95:5)</failure>
    </testcase>
    <testcase classname="EmailManagementService starEmail should star email successfully" name="EmailManagementService starEmail should star email successfully" time="0.001">
      <failure>Error: expect(received).toBe(expected) // Object.is equality

Expected: true
Received: false
    at Object.toBe (E:\AlexVenturesStudio\Nexa_Manager_whit_Task_Master\web-app\src\lib\__tests__\emailManagementService.test.js:159:30)
    at processTicksAndRejections (node:internal/process/task_queues:95:5)</failure>
    </testcase>
    <testcase classname="EmailManagementService searchEmails should search emails successfully" name="EmailManagementService searchEmails should search emails successfully" time="0">
      <failure>Error: expect(received).toEqual(expected) // deep equality

Expected: [{&quot;id&quot;: &quot;email-1&quot;, &quot;sender&quot;: {&quot;email&quot;: &quot;boss@company.com&quot;, &quot;name&quot;: &quot;Boss&quot;}, &quot;subject&quot;: &quot;Important Meeting&quot;}]
Received: {&quot;data&quot;: [{&quot;id&quot;: &quot;email-1&quot;, &quot;sender&quot;: {&quot;email&quot;: &quot;boss@company.com&quot;, &quot;name&quot;: &quot;Boss&quot;}, &quot;subject&quot;: &quot;Important Meeting&quot;}], &quot;hasMore&quot;: false, &quot;success&quot;: true, &quot;total&quot;: 1}
    at Object.toEqual (E:\AlexVenturesStudio\Nexa_Manager_whit_Task_Master\web-app\src\lib\__tests__\emailManagementService.test.js:189:27)
    at processTicksAndRejections (node:internal/process/task_queues:95:5)</failure>
    </testcase>
    <testcase classname="EmailManagementService createFolder should create folder successfully" name="EmailManagementService createFolder should create folder successfully" time="0.001">
    </testcase>
    <testcase classname="EmailManagementService applyLabel should apply label to email successfully" name="EmailManagementService applyLabel should apply label to email successfully" time="0.001">
      <failure>Error: expect(received).toBe(expected) // Object.is equality

Expected: true
Received: false
    at Object.toBe (E:\AlexVenturesStudio\Nexa_Manager_whit_Task_Master\web-app\src\lib\__tests__\emailManagementService.test.js:249:30)
    at processTicksAndRejections (node:internal/process/task_queues:95:5)</failure>
    </testcase>
    <testcase classname="EmailManagementService applyLabel should not duplicate existing labels" name="EmailManagementService applyLabel should not duplicate existing labels" time="0.001">
      <failure>Error: expect(received).toBe(expected) // Object.is equality

Expected: true
Received: false
    at Object.toBe (E:\AlexVenturesStudio\Nexa_Manager_whit_Task_Master\web-app\src\lib\__tests__\emailManagementService.test.js:269:30)
    at processTicksAndRejections (node:internal/process/task_queues:95:5)</failure>
    </testcase>
    <testcase classname="EmailManagementService validateEmailData should validate valid email data" name="EmailManagementService validateEmailData should validate valid email data" time="0.001">
    </testcase>
    <testcase classname="EmailManagementService validateEmailData should detect missing required fields" name="EmailManagementService validateEmailData should detect missing required fields" time="0">
    </testcase>
    <testcase classname="EmailManagementService validateEmailData should detect invalid email format" name="EmailManagementService validateEmailData should detect invalid email format" time="0">
    </testcase>
  </testsuite>
</testsuites>